[11192:2616:0407/194156.999:INFO:chrome_browser_cloud_management_controller.cc(196)] No machine level policy manager exists.
[11192:2616:0407/194157.055:WARNING:chrome_browser_main_win.cc(745)] Command line too long for RegisterApplicationRestart:  --aggressive-cache-discard --allow-pre-commit-input --disable-application-cache --disable-background-networking --disable-backgrounding-occluded-windows --disable-blink-features=AutomationControlled --disable-cache --disable-client-side-phishing-detection --disable-default-apps --disable-dev-shm-usage --disable-extensions --disable-gpu --disable-hang-monitor --disable-infobars --disable-notifications --disable-offline-load-stale-cache --disable-popup-blocking --disable-prompt-on-repost --disable-sync --disk-cache-size=0 --enable-automation --enable-logging --headless=chrome --js-flags=--expose-gc --log-level=0 --no-first-run --no-sandbox --no-service-autorun --noerrdialogs --password-store=basic --remote-debugging-port=0 --start-maximized --test-type=webdriver --use-fake-device-for-media-stream --use-fake-ui-for-media-stream --use-mock-keychain --user-agent="Mozilla/5.0 (Windows NT 10.0; Win64; x64) AppleWebKit/537.36 (KHTML, like Gecko) Chrome/120.0.0.0 Safari/537.36" --user-data-dir="C:\Users\diksh\Desktop\WB-D\AI Meet Project\backend\chrome-user-data\nisop299@gmail.com" --restore-last-session --restart
[20372:4676:0407/194157.266:WARNING:viz_main_impl.cc(85)] VizNullHypothesis is disabled (not a warning)
[11192:2616:0407/194200.541:INFO:CONSOLE(40)] "[Report Only] This document requires 'TrustedHTML' assignment.", source: https://www.gstatic.com/external_hosted/lottie_player/lottie_player_binary-bundle.js (40)
[11192:2616:0407/194201.431:INFO:CONSOLE(5)] "[Report Only] This document requires 'TrustedScriptURL' assignment.", source: https://www.google.com/account/about/?hl=en-US (5)
[11192:2616:0407/194201.988:WARNING:page_discarding_helper.cc(163)] Discarding multiple pages with target (kb): 0, discard_protected_tabs: 0
[11192:2616:0407/194207.002:WARNING:page_discarding_helper.cc(163)] Discarding multiple pages with target (kb): 0, discard_protected_tabs: 0
[11192:2616:0407/194210.853:WARNING:controller_impl.cc(1187)] Background download complete, client: 6, completion type: 0, file size:5156
[11192:2616:0407/194211.683:WARNING:controller_impl.cc(1187)] Background download complete, client: 6, completion type: 0, file size:265059
[11192:2616:0407/194212.002:WARNING:page_discarding_helper.cc(163)] Discarding multiple pages with target (kb): 0, discard_protected_tabs: 0
[11192:2616:0407/194213.123:WARNING:download_manager_impl.cc(701)] A download with the same GUID already exists, the new request is ignored.
[11192:2616:0407/194213.794:INFO:CONSOLE(0)] "[DOM] Input elements should have autocomplete attributes (suggested: "current-password"): (More info: https://goo.gl/9p2vKq) %o", source: https://accounts.google.com/v3/signin/identifier?ifkv=AXH0vVvrTTjqMPpfq2srMKuo2NY4Lgnkjt-FmA4iXeuH6Y0gLbvsCE0efT9Uc8rHkztCXo47g_8Lqg&flowName=GlifWebSignIn&flowEntry=ServiceLogin&dsh=S1176879537%3A1744035135300813 (0)
[11192:2616:0407/194213.808:INFO:CONSOLE(426)] "%c%s color: red; background: yellow; font-size: 24px; WARNING!", source: https://www.gstatic.com/_/mss/boq-identity/_/js/k=boq-identity.AccountsSignInUi.en_US.Cjk3WYmewT8.es5.O/am=iQEMSyZrAAVxFjOQzgJGAkIGAAAAAAAAAABsAACAOQY/d=1/excm=_b,_tp,identifierview/ed=1/dg=0/wt=2/ujg=1/rs=AOaEmlExReWv4eZ0Q570NB9dH5b0829_Ew/m=_b,_tp (426)
[11192:2616:0407/194213.808:INFO:CONSOLE(426)] "%c%s font-size: 18px; Using this console may allow attackers to impersonate you and steal your information using an attack called Self-XSS.
Do not enter or paste code that you do not understand.", source: https://www.gstatic.com/_/mss/boq-identity/_/js/k=boq-identity.AccountsSignInUi.en_US.Cjk3WYmewT8.es5.O/am=iQEMSyZrAAVxFjOQzgJGAkIGAAAAAAAAAABsAACAOQY/d=1/excm=_b,_tp,identifierview/ed=1/dg=0/wt=2/ujg=1/rs=AOaEmlExReWv4eZ0Q570NB9dH5b0829_Ew/m=_b,_tp (426)
[11192:2616:0407/194217.012:WARNING:page_discarding_helper.cc(163)] Discarding multiple pages with target (kb): 0, discard_protected_tabs: 0
[11192:2616:0407/194218.077:WARNING:controller_impl.cc(1187)] Background download complete, client: 6, completion type: 0, file size:883094
[11192:2616:0407/194218.665:WARNING:controller_impl.cc(1187)] Background download complete, client: 6, completion type: 0, file size:45169
[11192:2616:0407/194221.258:WARNING:capture_device_ranking.h(255)] Can't initialize the value of media.audio_input.user_preference_ranking because media.default_audio_capture_device isn't registered or is empty
[11192:2616:0407/194221.258:WARNING:capture_device_ranking.h(255)] Can't initialize the value of media.video_input.user_preference_ranking because media.default_video_capture_Device isn't registered or is empty
[11192:2616:0407/194221.268:WARNING:capture_device_ranking.h(255)] Can't initialize the value of media.audio_input.user_preference_ranking because media.default_audio_capture_device isn't registered or is empty
[11192:2616:0407/194221.268:WARNING:capture_device_ranking.h(255)] Can't initialize the value of media.video_input.user_preference_ranking because media.default_video_capture_Device isn't registered or is empty
[11192:2616:0407/194223.833:WARNING:controller_impl.cc(1187)] Background download complete, client: 6, completion type: 0, file size:2200227
[20372:4676:0407/194227.120:ERROR:gles2_cmd_decoder_passthrough.cc(1094)] [GroupMarkerNotSet(crbug.com/242999)!:A0C027007C720000]Automatic fallback to software WebGL has been deprecated. Please use the --enable-unsafe-swiftshader flag to opt in to lower security guarantees for trusted content.
[11192:2616:0407/194227.213:INFO:CONSOLE(0)] "[GroupMarkerNotSet(crbug.com/242999)!:A0C027007C720000]Automatic fallback to software WebGL has been deprecated. Please use the --enable-unsafe-swiftshader flag to opt in to lower security guarantees for trusted content.", source: https://accounts.google.com/v3/signin/identifier?ifkv=AXH0vVvrTTjqMPpfq2srMKuo2NY4Lgnkjt-FmA4iXeuH6Y0gLbvsCE0efT9Uc8rHkztCXo47g_8Lqg&flowName=GlifWebSignIn&flowEntry=ServiceLogin&dsh=S1176879537%3A1744035135300813 (0)
[11192:2616:0407/194232.039:WARNING:page_discarding_helper.cc(163)] Discarding multiple pages with target (kb): 0, discard_protected_tabs: 0
[11192:2616:0407/194235.052:WARNING:controller_impl.cc(1187)] Background download complete, client: 6, completion type: 0, file size:2992963
[11192:2616:0407/194235.545:WARNING:controller_impl.cc(1187)] Background download complete, client: 6, completion type: 0, file size:4680
[11192:2616:0407/194236.572:WARNING:controller_impl.cc(1187)] Background download complete, client: 6, completion type: 0, file size:118577
[11192:2616:0407/194237.047:WARNING:page_discarding_helper.cc(163)] Discarding multiple pages with target (kb): 0, discard_protected_tabs: 0
[11192:2616:0407/194237.276:WARNING:controller_impl.cc(1187)] Background download complete, client: 6, completion type: 0, file size:2747170
[11192:2616:0407/194242.062:WARNING:page_discarding_helper.cc(163)] Discarding multiple pages with target (kb): 0, discard_protected_tabs: 0
