[6644:15460:0407/195545.660:INFO:chrome_browser_cloud_management_controller.cc(196)] No machine level policy manager exists.
[6644:15460:0407/195545.713:WARNING:chrome_browser_main_win.cc(745)] Command line too long for RegisterApplicationRestart:  --aggressive-cache-discard --allow-pre-commit-input --disable-application-cache --disable-background-networking --disable-backgrounding-occluded-windows --disable-blink-features=AutomationControlled --disable-cache --disable-client-side-phishing-detection --disable-default-apps --disable-dev-shm-usage --disable-extensions --disable-gpu --disable-hang-monitor --disable-infobars --disable-notifications --disable-offline-load-stale-cache --disable-popup-blocking --disable-prompt-on-repost --disable-sync --disk-cache-size=0 --enable-automation --enable-logging --headless=chrome --js-flags=--expose-gc --log-level=0 --no-first-run --no-sandbox --no-service-autorun --noerrdialogs --password-store=basic --remote-debugging-port=0 --start-maximized --test-type=webdriver --use-fake-device-for-media-stream --use-fake-ui-for-media-stream --use-mock-keychain --user-agent="Mozilla/5.0 (Windows NT 10.0; Win64; x64) AppleWebKit/537.36 (KHTML, like Gecko) Chrome/120.0.0.0 Safari/537.36" --user-data-dir="C:\Users\diksh\Desktop\WB-D\AI Meet Project\backend\chrome-user-data\hellobot2012@gmail.com" --restore-last-session --restart
[7760:17488:0407/195546.215:WARNING:viz_main_impl.cc(85)] VizNullHypothesis is disabled (not a warning)
[6644:15460:0407/195548.766:INFO:CONSOLE(40)] "[Report Only] This document requires 'TrustedHTML' assignment.", source: https://www.gstatic.com/external_hosted/lottie_player/lottie_player_binary-bundle.js (40)
[6644:15460:0407/195548.903:INFO:CONSOLE(5)] "[Report Only] This document requires 'TrustedScriptURL' assignment.", source: https://www.google.com/account/about/?hl=en-US (5)
[6644:15460:0407/195550.656:WARNING:page_discarding_helper.cc(163)] Discarding multiple pages with target (kb): 0, discard_protected_tabs: 0
[6644:15460:0407/195555.665:WARNING:page_discarding_helper.cc(163)] Discarding multiple pages with target (kb): 0, discard_protected_tabs: 0
[6644:15460:0407/195556.392:WARNING:controller_impl.cc(1187)] Background download complete, client: 6, completion type: 0, file size:5156
[6644:15460:0407/195557.109:WARNING:controller_impl.cc(1187)] Background download complete, client: 6, completion type: 0, file size:883094
[6644:15460:0407/195558.653:WARNING:controller_impl.cc(1187)] Background download complete, client: 6, completion type: 0, file size:2200227
[6644:15460:0407/195558.959:WARNING:controller_impl.cc(1187)] Background download complete, client: 6, completion type: 0, file size:265059
[6644:15460:0407/195559.865:INFO:CONSOLE(0)] "[DOM] Input elements should have autocomplete attributes (suggested: "current-password"): (More info: https://goo.gl/9p2vKq) %o", source: https://accounts.google.com/v3/signin/identifier?ifkv=AXH0vVsl46TRdj2HVhYvKP0kskfmAfmx1rgg-I1TQJEOyKjrPNfdD9-SOmjU_HFKQnr5uP2zcgHmgQ&flowName=GlifWebSignIn&flowEntry=ServiceLogin&dsh=S302026581%3A1744035962573037 (0)
[6644:15460:0407/195559.876:INFO:CONSOLE(426)] "%c%s color: red; background: yellow; font-size: 24px; WARNING!", source: https://www.gstatic.com/_/mss/boq-identity/_/js/k=boq-identity.AccountsSignInUi.en_US.Cjk3WYmewT8.es5.O/am=yQEMSyZvAAVxFjOQzgJGAkIGAAAAAAAAAABsAACAOQY/d=1/excm=_b,_tp,identifierview/ed=1/dg=0/wt=2/ujg=1/rs=AOaEmlHxGnSL_SkYw1qYdIKwYe72QzI9Tw/m=_b,_tp (426)
[6644:15460:0407/195559.877:INFO:CONSOLE(426)] "%c%s font-size: 18px; Using this console may allow attackers to impersonate you and steal your information using an attack called Self-XSS.
Do not enter or paste code that you do not understand.", source: https://www.gstatic.com/_/mss/boq-identity/_/js/k=boq-identity.AccountsSignInUi.en_US.Cjk3WYmewT8.es5.O/am=yQEMSyZvAAVxFjOQzgJGAkIGAAAAAAAAAABsAACAOQY/d=1/excm=_b,_tp,identifierview/ed=1/dg=0/wt=2/ujg=1/rs=AOaEmlHxGnSL_SkYw1qYdIKwYe72QzI9Tw/m=_b,_tp (426)
[6644:15460:0407/195600.306:WARNING:controller_impl.cc(1187)] Background download complete, client: 6, completion type: 0, file size:2992963
[6644:15460:0407/195600.423:WARNING:capture_device_ranking.h(255)] Can't initialize the value of media.audio_input.user_preference_ranking because media.default_audio_capture_device isn't registered or is empty
[6644:15460:0407/195600.423:WARNING:capture_device_ranking.h(255)] Can't initialize the value of media.video_input.user_preference_ranking because media.default_video_capture_Device isn't registered or is empty
[6644:15460:0407/195600.423:WARNING:capture_device_ranking.h(255)] Can't initialize the value of media.audio_input.user_preference_ranking because media.default_audio_capture_device isn't registered or is empty
[6644:15460:0407/195600.423:WARNING:capture_device_ranking.h(255)] Can't initialize the value of media.video_input.user_preference_ranking because media.default_video_capture_Device isn't registered or is empty
[6644:15460:0407/195600.471:WARNING:controller_impl.cc(1187)] Background download complete, client: 6, completion type: 0, file size:45169
[6644:15460:0407/195600.675:WARNING:page_discarding_helper.cc(163)] Discarding multiple pages with target (kb): 0, discard_protected_tabs: 0
[6644:15460:0407/195601.294:WARNING:controller_impl.cc(1187)] Background download complete, client: 6, completion type: 0, file size:4680
[6644:15460:0407/195601.484:WARNING:controller_impl.cc(1187)] Background download complete, client: 6, completion type: 0, file size:2747170
[6644:15460:0407/195604.031:WARNING:controller_impl.cc(1187)] Background download complete, client: 6, completion type: 0, file size:118577
[7760:17488:0407/195605.231:ERROR:gles2_cmd_decoder_passthrough.cc(1094)] [GroupMarkerNotSet(crbug.com/242999)!:A0E027008C400000]Automatic fallback to software WebGL has been deprecated. Please use the --enable-unsafe-swiftshader flag to opt in to lower security guarantees for trusted content.
[6644:15460:0407/195605.328:INFO:CONSOLE(0)] "[GroupMarkerNotSet(crbug.com/242999)!:A0E027008C400000]Automatic fallback to software WebGL has been deprecated. Please use the --enable-unsafe-swiftshader flag to opt in to lower security guarantees for trusted content.", source: https://accounts.google.com/v3/signin/identifier?ifkv=AXH0vVsl46TRdj2HVhYvKP0kskfmAfmx1rgg-I1TQJEOyKjrPNfdD9-SOmjU_HFKQnr5uP2zcgHmgQ&flowName=GlifWebSignIn&flowEntry=ServiceLogin&dsh=S302026581%3A1744035962573037 (0)
[6644:15460:0407/195605.679:WARNING:page_discarding_helper.cc(163)] Discarding multiple pages with target (kb): 0, discard_protected_tabs: 0
[6644:15460:0407/195607.215:WARNING:capture_device_ranking.h(255)] Can't initialize the value of media.audio_input.user_preference_ranking because media.default_audio_capture_device isn't registered or is empty
[6644:15460:0407/195607.215:WARNING:capture_device_ranking.h(255)] Can't initialize the value of media.video_input.user_preference_ranking because media.default_video_capture_Device isn't registered or is empty
[7760:17488:0407/195610.153:ERROR:gles2_cmd_decoder_passthrough.cc(1094)] [GroupMarkerNotSet(crbug.com/242999)!:A0E027008C400000]Automatic fallback to software WebGL has been deprecated. Please use the --enable-unsafe-swiftshader flag to opt in to lower security guarantees for trusted content.
[6644:15460:0407/195610.171:INFO:CONSOLE(0)] "[GroupMarkerNotSet(crbug.com/242999)!:A0E027008C400000]Automatic fallback to software WebGL has been deprecated. Please use the --enable-unsafe-swiftshader flag to opt in to lower security guarantees for trusted content.", source: https://accounts.google.com/v3/signin/challenge/pwd?TL=ADBLaQCmkZMZzWtFCGAEOv-FELS_zXphhrFZC2KFnBypDEpsa12arb0ZlxfWc_If&checkConnection=youtube%3A389&checkedDomains=youtube&cid=1&dsh=S302026581%3A1744035962573037&flowEntry=ServiceLogin&flowName=GlifWebSignIn&ifkv=AXH0vVsl46TRdj2HVhYvKP0kskfmAfmx1rgg-I1TQJEOyKjrPNfdD9-SOmjU_HFKQnr5uP2zcgHmgQ&pstMsg=1 (0)
[6644:15460:0407/195610.687:WARNING:page_discarding_helper.cc(163)] Discarding multiple pages with target (kb): 0, discard_protected_tabs: 0
[6644:15460:0407/195611.100:INFO:CONSOLE(689)] "%c%s color:teal;font-size:24px Developing an extension for Meet? An add-on would work better.", source: https://meet.google.com/_/scs/mss-static/_/js/k=boq-rtc.MeetingsUi.en_US.7dj6QHdBDws.2020.O/am=xmoqgIBANEAAGA8GSAABIAQAygCASAEEDgwgAOTBARDAAAAAIABLUogxAAAENwAQBDr9ANxhQoAAGA/d=1/excm=_b,_tp,calldesktoppageview/ed=1/dg=0/br=0/wt=2/ujg=1/rs=AL5CKSF4vGla8WhO5NZz9W1qLOuJY-CEqQ/m=_b,_tp?wli=MeetingsUi.N8FEULEQS-w.loadAudioAnalyzer.O%3A%3BMeetingsUi.cNsHZ9j-Kes.loadNetEqLyraWrapper.O%3A%3BMeetingsUi.ChfV7rYTfFM.loadNetEqWrapper.O%3A%3B (689)
[6644:15460:0407/195611.100:INFO:CONSOLE(689)] "%c%s color:teal;font-size:16px Extensions frequently cause user issues by altering the page.", source: https://meet.google.com/_/scs/mss-static/_/js/k=boq-rtc.MeetingsUi.en_US.7dj6QHdBDws.2020.O/am=xmoqgIBANEAAGA8GSAABIAQAygCASAEEDgwgAOTBARDAAAAAIABLUogxAAAENwAQBDr9ANxhQoAAGA/d=1/excm=_b,_tp,calldesktoppageview/ed=1/dg=0/br=0/wt=2/ujg=1/rs=AL5CKSF4vGla8WhO5NZz9W1qLOuJY-CEqQ/m=_b,_tp?wli=MeetingsUi.N8FEULEQS-w.loadAudioAnalyzer.O%3A%3BMeetingsUi.cNsHZ9j-Kes.loadNetEqLyraWrapper.O%3A%3BMeetingsUi.ChfV7rYTfFM.loadNetEqWrapper.O%3A%3B (689)
[6644:15460:0407/195611.100:INFO:CONSOLE(690)] "%c%s font-size:16px https://developers.google.com/meet/add-ons", source: https://meet.google.com/_/scs/mss-static/_/js/k=boq-rtc.MeetingsUi.en_US.7dj6QHdBDws.2020.O/am=xmoqgIBANEAAGA8GSAABIAQAygCASAEEDgwgAOTBARDAAAAAIABLUogxAAAENwAQBDr9ANxhQoAAGA/d=1/excm=_b,_tp,calldesktoppageview/ed=1/dg=0/br=0/wt=2/ujg=1/rs=AL5CKSF4vGla8WhO5NZz9W1qLOuJY-CEqQ/m=_b,_tp?wli=MeetingsUi.N8FEULEQS-w.loadAudioAnalyzer.O%3A%3BMeetingsUi.cNsHZ9j-Kes.loadNetEqLyraWrapper.O%3A%3BMeetingsUi.ChfV7rYTfFM.loadNetEqWrapper.O%3A%3B (690)
[6644:15460:0407/195611.117:INFO:CONSOLE(620)] "%c%s color: red; background: yellow; font-size: 24px; WARNING!", source: https://meet.google.com/_/scs/mss-static/_/js/k=boq-rtc.MeetingsUi.en_US.7dj6QHdBDws.2020.O/am=xmoqgIBANEAAGA8GSAABIAQAygCASAEEDgwgAOTBARDAAAAAIABLUogxAAAENwAQBDr9ANxhQoAAGA/d=1/excm=_b,_tp,calldesktoppageview/ed=1/dg=0/br=0/wt=2/ujg=1/rs=AL5CKSF4vGla8WhO5NZz9W1qLOuJY-CEqQ/m=_b,_tp?wli=MeetingsUi.N8FEULEQS-w.loadAudioAnalyzer.O%3A%3BMeetingsUi.cNsHZ9j-Kes.loadNetEqLyraWrapper.O%3A%3BMeetingsUi.ChfV7rYTfFM.loadNetEqWrapper.O%3A%3B (620)
[6644:15460:0407/195611.117:INFO:CONSOLE(620)] "%c%s font-size: 18px; Using this console may allow attackers to impersonate you and steal your information using an attack called Self-XSS.
Do not enter or paste code that you do not understand.", source: https://meet.google.com/_/scs/mss-static/_/js/k=boq-rtc.MeetingsUi.en_US.7dj6QHdBDws.2020.O/am=xmoqgIBANEAAGA8GSAABIAQAygCASAEEDgwgAOTBARDAAAAAIABLUogxAAAENwAQBDr9ANxhQoAAGA/d=1/excm=_b,_tp,calldesktoppageview/ed=1/dg=0/br=0/wt=2/ujg=1/rs=AL5CKSF4vGla8WhO5NZz9W1qLOuJY-CEqQ/m=_b,_tp?wli=MeetingsUi.N8FEULEQS-w.loadAudioAnalyzer.O%3A%3BMeetingsUi.cNsHZ9j-Kes.loadNetEqLyraWrapper.O%3A%3BMeetingsUi.ChfV7rYTfFM.loadNetEqWrapper.O%3A%3B (620)
[6644:15460:0407/195611.736:WARNING:capture_device_ranking.h(255)] Can't initialize the value of media.audio_input.user_preference_ranking because media.default_audio_capture_device isn't registered or is empty
[6644:15460:0407/195611.736:WARNING:capture_device_ranking.h(255)] Can't initialize the value of media.video_input.user_preference_ranking because media.default_video_capture_Device isn't registered or is empty
[6644:15460:0407/195611.736:WARNING:capture_device_ranking.h(255)] Can't initialize the value of media.audio_input.user_preference_ranking because media.default_audio_capture_device isn't registered or is empty
[6644:15460:0407/195611.736:WARNING:capture_device_ranking.h(255)] Can't initialize the value of media.video_input.user_preference_ranking because media.default_video_capture_Device isn't registered or is empty
[7760:17488:0407/195611.761:ERROR:gles2_cmd_decoder_passthrough.cc(1094)] [GroupMarkerNotSet(crbug.com/242999)!:A0E027008C400000]Automatic fallback to software WebGL has been deprecated. Please use the --enable-unsafe-swiftshader flag to opt in to lower security guarantees for trusted content.
[6644:15460:0407/195611.849:WARNING:capture_device_ranking.h(255)] Can't initialize the value of media.audio_input.user_preference_ranking because media.default_audio_capture_device isn't registered or is empty
[6644:15460:0407/195611.849:WARNING:capture_device_ranking.h(255)] Can't initialize the value of media.video_input.user_preference_ranking because media.default_video_capture_Device isn't registered or is empty
[19184:2336:0407/195611.941:INFO:peer_connection_dependency_factory.cc(802)] Running WebRTC with a combined Network and Worker thread.
[6644:15460:0407/195612.022:INFO:CONSOLE(0)] "[GroupMarkerNotSet(crbug.com/242999)!:A0E027008C400000]Automatic fallback to software WebGL has been deprecated. Please use the --enable-unsafe-swiftshader flag to opt in to lower security guarantees for trusted content.", source: https://meet.google.com/vts-yukf-cah (0)
[7760:17488:0407/195612.226:ERROR:gles2_cmd_decoder_passthrough.cc(958)] ContextResult::kFatalFailure: fail_if_major_perf_caveat + swiftshader
[7760:17488:0407/195612.236:ERROR:gles2_cmd_decoder_passthrough.cc(1094)] [GroupMarkerNotSet(crbug.com/242999)!:A0B027008C400000]Automatic fallback to software WebGL has been deprecated. Please use the --enable-unsafe-swiftshader flag to opt in to lower security guarantees for trusted content.
[6644:15460:0407/195612.594:WARNING:capture_device_ranking.h(255)] Can't initialize the value of media.audio_input.user_preference_ranking because media.default_audio_capture_device isn't registered or is empty
[6644:15460:0407/195612.594:WARNING:capture_device_ranking.h(255)] Can't initialize the value of media.video_input.user_preference_ranking because media.default_video_capture_Device isn't registered or is empty
[6644:15460:0407/195612.673:WARNING:capture_device_ranking.h(255)] Can't initialize the value of media.audio_input.user_preference_ranking because media.default_audio_capture_device isn't registered or is empty
[6644:15460:0407/195612.673:WARNING:capture_device_ranking.h(255)] Can't initialize the value of media.video_input.user_preference_ranking because media.default_video_capture_Device isn't registered or is empty
[6644:15460:0407/195612.679:INFO:CONSOLE(0)] "Access to fetch at 'https://accounts.google.com/ServiceLogin?passive=1209600&osid=1&continue=https://meet.google.com/_/MeetingsUi/offline/&followup=https://meet.google.com/_/MeetingsUi/offline/&authuser=0' (redirected from 'https://meet.google.com/_/MeetingsUi/offline/') from origin 'https://meet.google.com' has been blocked by CORS policy: No 'Access-Control-Allow-Origin' header is present on the requested resource. If an opaque response serves your needs, set the request's mode to 'no-cors' to fetch the resource with CORS disabled.", source:  (0)
[6644:15460:0407/195612.684:INFO:CONSOLE(397)] "Uncaught (in promise) TypeError: Failed to fetch", source: https://meet.google.com/_/scs/mss-static/_/js/k=boq-rtc.MeetingsServiceWorker.en_US.-ULwZnrd7xI.2020.O/am=AIwh/d=1/rs=AL5CKSFS8Uu4BbFMMMdKgbLC2fmMZgoT6w/m=base (397)
[6644:15460:0407/195612.754:WARNING:capture_device_ranking.h(255)] Can't initialize the value of media.audio_input.user_preference_ranking because media.default_audio_capture_device isn't registered or is empty
[6644:15460:0407/195612.754:WARNING:capture_device_ranking.h(255)] Can't initialize the value of media.video_input.user_preference_ranking because media.default_video_capture_Device isn't registered or is empty
[6644:15460:0407/195612.771:INFO:CONSOLE(0)] "Access to fetch at 'https://accounts.google.com/ServiceLogin?passive=1209600&osid=1&continue=https://meet.google.com/_/MeetingsUi/offline/&followup=https://meet.google.com/_/MeetingsUi/offline/&authuser=0' (redirected from 'https://meet.google.com/_/MeetingsUi/offline/') from origin 'https://meet.google.com' has been blocked by CORS policy: No 'Access-Control-Allow-Origin' header is present on the requested resource. If an opaque response serves your needs, set the request's mode to 'no-cors' to fetch the resource with CORS disabled.", source:  (0)
[6644:15460:0407/195612.771:INFO:CONSOLE(397)] "Uncaught (in promise) TypeError: Failed to fetch", source: https://meet.google.com/_/scs/mss-static/_/js/k=boq-rtc.MeetingsServiceWorker.en_US.-ULwZnrd7xI.2020.O/am=AIwh/d=1/rs=AL5CKSFS8Uu4BbFMMMdKgbLC2fmMZgoT6w/m=base (397)
[6644:15460:0407/195612.839:INFO:CONSOLE(1584)] "The AudioContext was not allowed to start. It must be resumed (or created) after a user gesture on the page. https://goo.gl/7K7WLu", source: https://meet.google.com/_/scs/mss-static/_/js/k=boq-rtc.MeetingsUi.en_US.7dj6QHdBDws.2020.O/ck=boq-rtc.MeetingsUi.O5irbHNrpes.L.B1.O/am=xmoqgIBANEAAGA8GSAABIAQAygCASAEEDgwgAOTBARDAAAAAIABLUogxAAAENwAQBDr9ANxhQoAAGA/d=1/exm=LEikZe,_b,_tp,byfTOb,lsjVmc/excm=_b,_tp,calldesktoppageview/ed=1/br=0/wt=2/ujg=1/rs=AL5CKSFtal2qCNxbpFtkJk86vmL1YxhlXQ/ee=AM9HZd:vCak4b;BjCzpe:Yvr34d;Bnf5Lc:iPDrZd;CDC4qf:q6fE0e;CMRktf:sGrqec;DGWCxb:CgYiQ;E1tgbf:hMxPK;EAoUvb:aKikzb;EVNhjf:pw70Gc;EfKZq:QO2YB;EmZ2Bf:zr1jrb;GKUnZb:WNRENb;GmdGTd:Ct4wsb;IXc14:VZgraf;J9XQCb:ojlpPe;JLGZx:oSnDHf;JsINff:yeaFZ;JsbNhc:Xd8iUd;K5nYTd:ZDZcre;KKym4b:dTTbnb;KNpT6b:iSCite;KgXQpf:pQJdrb;LBgRLc:SdcwHb;LQJKcd:WuS5Ye;MJ6mxb:ubdYZ;Me32dd:MEeYgc;N8ehxe:AKukpf;NAHCGe:mxiOOb;NPKaK:SdcwHb;NSEoX:lazG7b;OOoYAb:Oj9pPe;PRDQhf:ux3mLc;PgXDBd:dm1dhc;Pjplud:EEDORb;QGR0gd:Mlhmy;QhhnXd:UqJYYe;RRwdt:gGRuRe;RYWUUc:anescc;Rh5nIc:JScXmc;SIjcAd:jrKD8b;SL22ab:CBRamd;SNUn3:ZwDk9d;SVOR2e:RqS4qe;SVvzme:BPB8ib;ScI3Yc:e7Hzgb;Szy1cf:nBpGQ;TB8xhd:AGa58c;ULs67c:bdUBJc;Up9aO:kY43Sc;Uvc8o:VDovNc;V7j7Sb:stsTjb;VJwZIe:q5U1uf;X6zUkd:u0z0vd;XSYl9e:GNVVIb;YBlgBf:LMo5Id;YIZmRd:A1yn5d;Ycdno:rkQZze;YfZO5c:CVuqWd;ZE1Tgd:kZF9ne;ZGeKvd:rb5w8b;ZT1aHd:g7FNPe;ZaFVgc:wOWhl;ZjyI3e:W2v6fc;a56pNe:JEfCwb;aPdIxb:F52gIc;bS8oAe:Kimhwf;brg6Gd:TlvL3b;cEt90b:ws9Tlc;cFl0Ie:PWJipc;cJj1Kd:A5k23d;cYTQve:GhXhl;cgbTHc:G8ycZ;dDPGef:IiQq4e;dIoSBb:SpsfSb;dYFttf:ZRxAzc;dowIGb:ebZ3mb;eBAeSb:zbML3c;esl3oe:Qz2vJf;fh9ycc:gHNvKb;g2wfV:DcDVld;gAClPb:ghdkwd;hgud7d:GNh0Qc;hoquJe:EjBUIf;iFQyKf:QIhFr;iKsOgb:cWjcJb;jRrT5d:EHUI2d;jg0vue:iItGlf;jtBjNe:dWHZee;kNqx7b:gzp7wb;kqpyR:qIJF2;l4RAwd:h5Fnie;l6twR:Fvyyad;lJ7cgb:Erp0q;lOO0Vd:OTA3Ae;lx9iFf:nVFiIc;m4bwx:htQxyf;nAFL3:s39S4;oFd48c:l7VM1e;oGtAuc:sOXFj;p0iB4:VQhtq;pXdRYb:MdUzUe;qSBODf:H8X5pc;qafBPd:yDVVkb;qddgKe:xQtZb;qgOdad:vko54d;rWx8Cc:DxgUF;rarsed:Mb2qyd;rpiri:tZyrxe;sgnAWd:HkSoT;ssiZFc:BhQ85d;vKM7Jb:cWjcJb;w1T0Td:xpWMVc;wR5FRb:O1Gjze;x2i2de:zeWni;x4CZme:lCtfC;xbOSgd:e5G55;xqZiqf:wmnU7d;ye9FMd:KC9GA;yxTchf:KUM7Z;zBvUNc:fT8Mbb;zJxI2:kxz7Nb;zxnPse:GkRiKb/m=ws9Tlc,n73qwf,GkRiKb,e5qFLc,IZT63,UUJqVe,O1Gjze,xUdipf,ZDZcre,OTA3Ae,ZwDk9d,RyvaUb,mI3LFb,XU5LFb,m9oV,hl,P6sQOc,QcfBve,mzzZzc,rCcCxc,mSX26d,WO9ee,JGjVRe,en2VH,ALJJub,ncpZGe,kRDR8c,H9H6ie,sszRX,FU117c,QQnX0,uHu91b,kgMFLe,hKCjub,CJeEuc,O6y8ed,PrPYRd,MpJwZc,NwH0H,V3dDOb,lazG7b,Ivl8bd,g9HNd,XVMNvd,L1AAkb,KUM7Z,Fl2dbf,s39S4,lwddkf,gychg,w9hDv,RMhBfe,SdcwHb,aW3pY,texUgd,pw70Gc,EFQ78c,Ulmmrd,A7fCU,mdR7q,wmnU7d,xQtZb,FSOnAf,gJzDyc,JNoxi,MI6k7c,kjKdXe,BVgquf,QIhFr,lfpdyf,hKSk3e,hc6Ubd,SpsfSb,Z5uLle,MdUzUe,zbML3c,zr1jrb,Uas9Hd,pjICDe?wli=MeetingsUi.N8FEULEQS-w.loadAudioAnalyzer.O%3A%3BMeetingsUi.cNsHZ9j-Kes.loadNetEqLyraWrapper.O%3A%3BMeetingsUi.ChfV7rYTfFM.loadNetEqWrapper.O%3A%3B (1584)
[6644:15460:0407/195612.889:WARNING:capture_device_ranking.h(255)] Can't initialize the value of media.audio_input.user_preference_ranking because media.default_audio_capture_device isn't registered or is empty
[6644:15460:0407/195612.889:WARNING:capture_device_ranking.h(255)] Can't initialize the value of media.video_input.user_preference_ranking because media.default_video_capture_Device isn't registered or is empty
[6644:15460:0407/195612.949:INFO:CONSOLE(0)] "[Report Only] Refused to load the script 'https://www.gstatic.com/hangouts_echo_detector/release/726916173/audio_analyzer_processor_bundle.js' because it violates the following Content Security Policy directive: "script-src 'unsafe-inline' 'unsafe-eval' blob: data: https://meet.google.com/_/scs/mss-static/_/js/ https://www.gstatic.com/video_effects/effects/ https://www-onepick-opensocial.googleusercontent.com/gadgets/js/rpc.js https://www.gstatic.com/_/mss/boq-one-google/_/ https://www.gstatic.com/og/_/js/ https://apis.google.com/js/api.js https://apis.google.com/js/client.js https://www.google.com/tools/feedback/load.js https://www.google.com/tools/feedback/open.js https://www.google.com/tools/feedback/open_to_help_guide_lazy.js https://www.google.com/tools/feedback/help_api.js https://www.gstatic.com/inproduct_help/service/lazy.min.js https://www.gstatic.com/inproduct_help/api/main.min.js https://www.gstatic.com/inproduct_help/chatsupport/chatsupport_button_v2.js https://www.gstatic.com/feedback/js/help/prod/service/lazy.min.js https://www.gstatic.com/uservoice/feedback/client/web/live/ https://www.google.com/tools/feedback/chat_load.js https://www.gstatic.com/uservoice/surveys/resources/prod/js/survey/ https://www.gstatic.com/feedback/js/ghelp/ https://meet.google.com/meetsw.js https://meet.google.com/devicesw.js https://meet.google.com/notrodsw.js https://www.googletagmanager.com/gtag/js https://www.google-analytics.com/analytics.js https://www.googletagmanager.com/gtag/destination https://maps.googleapis.com/maps/api/js https://meet.google.com/_/scs/mss-static/_/js/k=boq-rtc.MeetingsUi.en_US.7dj6QHdBDws.2020.O/ https://apis.google.com/_/scs/abc-static/_/js/ https://maps.googleapis.com/maps-api-v3/api/js/ https://maps.googleapis.com/maps/vt https://maps.googleapis.com/maps/api/js/ https://maps.googleapis.com/maps/api/place/js/". Note that 'script-src-elem' was not explicitly set, so 'script-src' is used as a fallback.
", source: https://meet.google.com/vts-yukf-cah (0)
[6644:15460:0407/195612.965:WARNING:capture_device_ranking.h(255)] Can't initialize the value of media.audio_input.user_preference_ranking because media.default_audio_capture_device isn't registered or is empty
[6644:15460:0407/195612.965:WARNING:capture_device_ranking.h(255)] Can't initialize the value of media.video_input.user_preference_ranking because media.default_video_capture_Device isn't registered or is empty
[6644:15460:0407/195612.980:WARNING:capture_device_ranking.h(255)] Can't initialize the value of media.audio_input.user_preference_ranking because media.default_audio_capture_device isn't registered or is empty
[6644:15460:0407/195613.054:WARNING:capture_device_ranking.h(255)] Can't initialize the value of media.video_input.user_preference_ranking because media.default_video_capture_Device isn't registered or is empty
[6644:15460:0407/195613.059:WARNING:capture_device_ranking.h(255)] Can't initialize the value of media.audio_input.user_preference_ranking because media.default_audio_capture_device isn't registered or is empty
[6644:15460:0407/195613.059:WARNING:capture_device_ranking.h(255)] Can't initialize the value of media.video_input.user_preference_ranking because media.default_video_capture_Device isn't registered or is empty
[6644:15460:0407/195613.069:WARNING:capture_device_ranking.h(255)] Can't initialize the value of media.audio_input.user_preference_ranking because media.default_audio_capture_device isn't registered or is empty
[6644:15460:0407/195613.087:WARNING:capture_device_ranking.h(255)] Can't initialize the value of media.audio_input.user_preference_ranking because media.default_audio_capture_device isn't registered or is empty
[6644:15460:0407/195613.087:WARNING:capture_device_ranking.h(255)] Can't initialize the value of media.video_input.user_preference_ranking because media.default_video_capture_Device isn't registered or is empty
[19184:2336:0407/195613.654:WARNING:sdp_munging_detector.cc(313)] SDP munging: RTP header extension added.
[19184:19288:0407/195613.670:WARNING:transport_description.cc(32)] '-', '=', '#' and '-' are not valid ice-char and thus not permitted in ufrag or pwd. This is a protocol violation that is permitted to allow upgrading but will be rejected in the future. See https://crbug.com/1053756
[19184:19288:0407/195613.670:WARNING:openssl_stream_adapter.cc(155)] WebRTC-ForceDtls13: 
[19184:19288:0407/195613.675:INFO:ipc_socket_factory.cc(577)] Setting new p2p socket buffer limit to 262144
[19184:19288:0407/195613.675:INFO:ipc_socket_factory.cc(577)] Setting new p2p socket buffer limit to 262144
[19184:19288:0407/195613.676:INFO:ipc_socket_factory.cc(577)] Setting new p2p socket buffer limit to 262144
[11200:24348:0407/195613.680:INFO:socket_udp.cc(477)] sendto() has failed twice returning a  transient error net::ERR_ADDRESS_UNREACHABLE. Dropping the packet.
[19184:19288:0407/195613.681:INFO:ipc_socket_factory.cc(577)] Setting new p2p socket buffer limit to 262144
[19184:19288:0407/195613.681:INFO:ipc_socket_factory.cc(577)] Setting new p2p socket buffer limit to 262144
[19184:2336:0407/195613.687:WARNING:sdp_munging_detector.cc(167)] SDP munging: video codecs added.
[19184:19288:0407/195613.691:WARNING:transport_description.cc(32)] '-', '=', '#' and '-' are not valid ice-char and thus not permitted in ufrag or pwd. This is a protocol violation that is permitted to allow upgrading but will be rejected in the future. See https://crbug.com/1053756
[11200:24348:0407/195613.729:WARNING:net_errors_win.cc(119)] Unknown error 1168 mapped to net::ERR_FAILED
[11200:24348:0407/195613.729:INFO:socket_udp.cc(477)] sendto() has failed twice returning a  transient error net::ERR_ADDRESS_UNREACHABLE. Dropping the packet.
[19184:19288:0407/195613.787:WARNING:tcp_port.cc(482)] Dropping connection as TCP socket bound to IP 192.168.29.x, rather than an address associated with network:Net[{33F2CC8E-0AD2-4A22-B28F-4AF102F5BD63}:192.168.56.x/24:Ethernet:id=1]
[19184:19288:0407/195613.792:WARNING:tcp_port.cc(482)] Dropping connection as TCP socket bound to IP 192.168.29.x, rather than an address associated with network:Net[{4766BE55-B660-4781-A5A1-CC1D8B77C976}:192.168.234.x/24:Ethernet:id=5]
[11200:24348:0407/195613.792:WARNING:net_errors_win.cc(119)] Unknown error 1168 mapped to net::ERR_FAILED
[11200:24348:0407/195613.792:INFO:socket_udp.cc(477)] sendto() has failed twice returning a  transient error net::ERR_ADDRESS_UNREACHABLE. Dropping the packet.
[19184:19288:0407/195613.792:WARNING:tcp_port.cc(482)] Dropping connection as TCP socket bound to IP 2405:201:402b:x:x:x:x:x, rather than an address associated with network:Net[{3508985F-B00E-4209-86A8-61AB47C9083F}:2405:201:402b:x:x:x:x:x/64:Wifi:id=4]
[19184:19288:0407/195613.801:WARNING:tcp_port.cc(482)] Dropping connection as TCP socket bound to IP 2405:201:402b:x:x:x:x:x, rather than an address associated with network:Net[{3508985F-B00E-4209-86A8-61AB47C9083F}:2405:201:402b:x:x:x:x:x/64:Wifi:id=4]
[19184:19288:0407/195613.801:WARNING:tcp_port.cc(482)] Dropping connection as TCP socket bound to IP 192.168.29.x, rather than an address associated with network:Net[{33F2CC8E-0AD2-4A22-B28F-4AF102F5BD63}:192.168.56.x/24:Ethernet:id=1]
[19184:19288:0407/195613.801:WARNING:tcp_port.cc(482)] Dropping connection as TCP socket bound to IP 192.168.29.x, rather than an address associated with network:Net[{4766BE55-B660-4781-A5A1-CC1D8B77C976}:192.168.234.x/24:Ethernet:id=5]
[11200:24348:0407/195613.854:WARNING:net_errors_win.cc(119)] Unknown error 1168 mapped to net::ERR_FAILED
[11200:24348:0407/195613.854:INFO:socket_udp.cc(477)] sendto() has failed twice returning a  transient error net::ERR_ADDRESS_UNREACHABLE. Dropping the packet.
[11200:24348:0407/195614.385:WARNING:net_errors_win.cc(119)] Unknown error 1168 mapped to net::ERR_FAILED
[11200:24348:0407/195614.385:INFO:socket_udp.cc(477)] sendto() has failed twice returning a  transient error net::ERR_ADDRESS_UNREACHABLE. Dropping the packet.
[11200:24348:0407/195614.449:INFO:socket_udp.cc(477)] sendto() has failed twice returning a  transient error net::ERR_ADDRESS_UNREACHABLE. Dropping the packet.
[11200:24348:0407/195614.525:INFO:socket_udp.cc(477)] sendto() has failed twice returning a  transient error net::ERR_ADDRESS_UNREACHABLE. Dropping the packet.
[11200:24348:0407/195614.603:INFO:socket_udp.cc(477)] sendto() has failed twice returning a  transient error net::ERR_ADDRESS_UNREACHABLE. Dropping the packet.
[6644:15460:0407/195615.601:WARNING:capture_device_ranking.h(255)] Can't initialize the value of media.audio_input.user_preference_ranking because media.default_audio_capture_device isn't registered or is empty
[6644:15460:0407/195615.601:WARNING:capture_device_ranking.h(255)] Can't initialize the value of media.video_input.user_preference_ranking because media.default_video_capture_Device isn't registered or is empty
[7760:17488:0407/195615.605:ERROR:gles2_cmd_decoder_passthrough.cc(1094)] [GroupMarkerNotSet(crbug.com/242999)!:A01028008C400000]Automatic fallback to software WebGL has been deprecated. Please use the --enable-unsafe-swiftshader flag to opt in to lower security guarantees for trusted content.
[6644:15460:0407/195615.614:INFO:CONSOLE(0)] "[GroupMarkerNotSet(crbug.com/242999)!:A01028008C400000]Automatic fallback to software WebGL has been deprecated. Please use the --enable-unsafe-swiftshader flag to opt in to lower security guarantees for trusted content.", source: https://accounts.google.com/AccountChooser/signinchooser?hl=en_US&continue=https%3A%2F%2Fmeet.google.com%2Fvts-yukf-cah&ddm=1&flowName=GlifWebSignIn&flowEntry=AccountChooser (0)
[6644:15460:0407/195615.687:WARNING:page_discarding_helper.cc(163)] Discarding multiple pages with target (kb): 0, discard_protected_tabs: 0
[6644:15460:0407/195619.133:INFO:CONSOLE(689)] "%c%s color:teal;font-size:24px Developing an extension for Meet? An add-on would work better.", source: https://meet.google.com/_/scs/mss-static/_/js/k=boq-rtc.MeetingsUi.en.cZeYqncDA9s.2020.O/am=1mgKgIBANEAAGAMGUAABIAQAygCASAEEDgwwAOTBARDAAAAAIABLUogxAAAENwAQBDr9ANxhQoAAGA/d=1/excm=_b,_tp,calldesktoppageview/ed=1/dg=0/br=0/wt=2/ujg=1/rs=AL5CKSGlLYTSXH0kvn3iAg423SsMm165BA/m=_b,_tp?wli=MeetingsUi.N8FEULEQS-w.loadAudioAnalyzer.O%3A%3BMeetingsUi.cNsHZ9j-Kes.loadNetEqLyraWrapper.O%3A%3BMeetingsUi.ChfV7rYTfFM.loadNetEqWrapper.O%3A%3B (689)
[6644:15460:0407/195619.134:INFO:CONSOLE(689)] "%c%s color:teal;font-size:16px Extensions frequently cause user issues by altering the page.", source: https://meet.google.com/_/scs/mss-static/_/js/k=boq-rtc.MeetingsUi.en.cZeYqncDA9s.2020.O/am=1mgKgIBANEAAGAMGUAABIAQAygCASAEEDgwwAOTBARDAAAAAIABLUogxAAAENwAQBDr9ANxhQoAAGA/d=1/excm=_b,_tp,calldesktoppageview/ed=1/dg=0/br=0/wt=2/ujg=1/rs=AL5CKSGlLYTSXH0kvn3iAg423SsMm165BA/m=_b,_tp?wli=MeetingsUi.N8FEULEQS-w.loadAudioAnalyzer.O%3A%3BMeetingsUi.cNsHZ9j-Kes.loadNetEqLyraWrapper.O%3A%3BMeetingsUi.ChfV7rYTfFM.loadNetEqWrapper.O%3A%3B (689)
[6644:15460:0407/195619.134:INFO:CONSOLE(690)] "%c%s font-size:16px https://developers.google.com/meet/add-ons", source: https://meet.google.com/_/scs/mss-static/_/js/k=boq-rtc.MeetingsUi.en.cZeYqncDA9s.2020.O/am=1mgKgIBANEAAGAMGUAABIAQAygCASAEEDgwwAOTBARDAAAAAIABLUogxAAAENwAQBDr9ANxhQoAAGA/d=1/excm=_b,_tp,calldesktoppageview/ed=1/dg=0/br=0/wt=2/ujg=1/rs=AL5CKSGlLYTSXH0kvn3iAg423SsMm165BA/m=_b,_tp?wli=MeetingsUi.N8FEULEQS-w.loadAudioAnalyzer.O%3A%3BMeetingsUi.cNsHZ9j-Kes.loadNetEqLyraWrapper.O%3A%3BMeetingsUi.ChfV7rYTfFM.loadNetEqWrapper.O%3A%3B (690)
[6644:15460:0407/195619.152:INFO:CONSOLE(620)] "%c%s color: red; background: yellow; font-size: 24px; WARNING!", source: https://meet.google.com/_/scs/mss-static/_/js/k=boq-rtc.MeetingsUi.en.cZeYqncDA9s.2020.O/am=1mgKgIBANEAAGAMGUAABIAQAygCASAEEDgwwAOTBARDAAAAAIABLUogxAAAENwAQBDr9ANxhQoAAGA/d=1/excm=_b,_tp,calldesktoppageview/ed=1/dg=0/br=0/wt=2/ujg=1/rs=AL5CKSGlLYTSXH0kvn3iAg423SsMm165BA/m=_b,_tp?wli=MeetingsUi.N8FEULEQS-w.loadAudioAnalyzer.O%3A%3BMeetingsUi.cNsHZ9j-Kes.loadNetEqLyraWrapper.O%3A%3BMeetingsUi.ChfV7rYTfFM.loadNetEqWrapper.O%3A%3B (620)
[6644:15460:0407/195619.152:INFO:CONSOLE(620)] "%c%s font-size: 18px; Using this console may allow attackers to impersonate you and steal your information using an attack called Self-XSS.
Do not enter or paste code that you do not understand.", source: https://meet.google.com/_/scs/mss-static/_/js/k=boq-rtc.MeetingsUi.en.cZeYqncDA9s.2020.O/am=1mgKgIBANEAAGAMGUAABIAQAygCASAEEDgwwAOTBARDAAAAAIABLUogxAAAENwAQBDr9ANxhQoAAGA/d=1/excm=_b,_tp,calldesktoppageview/ed=1/dg=0/br=0/wt=2/ujg=1/rs=AL5CKSGlLYTSXH0kvn3iAg423SsMm165BA/m=_b,_tp?wli=MeetingsUi.N8FEULEQS-w.loadAudioAnalyzer.O%3A%3BMeetingsUi.cNsHZ9j-Kes.loadNetEqLyraWrapper.O%3A%3BMeetingsUi.ChfV7rYTfFM.loadNetEqWrapper.O%3A%3B (620)
[6644:15460:0407/195619.702:WARNING:capture_device_ranking.h(255)] Can't initialize the value of media.audio_input.user_preference_ranking because media.default_audio_capture_device isn't registered or is empty
[6644:15460:0407/195619.702:WARNING:capture_device_ranking.h(255)] Can't initialize the value of media.video_input.user_preference_ranking because media.default_video_capture_Device isn't registered or is empty
[6644:15460:0407/195619.702:WARNING:capture_device_ranking.h(255)] Can't initialize the value of media.audio_input.user_preference_ranking because media.default_audio_capture_device isn't registered or is empty
[6644:15460:0407/195619.702:WARNING:capture_device_ranking.h(255)] Can't initialize the value of media.video_input.user_preference_ranking because media.default_video_capture_Device isn't registered or is empty
[7760:17488:0407/195619.729:ERROR:gles2_cmd_decoder_passthrough.cc(1094)] [GroupMarkerNotSet(crbug.com/242999)!:A01028008C400000]Automatic fallback to software WebGL has been deprecated. Please use the --enable-unsafe-swiftshader flag to opt in to lower security guarantees for trusted content.
[16256:19224:0407/195619.761:INFO:peer_connection_dependency_factory.cc(802)] Running WebRTC with a combined Network and Worker thread.
[6644:15460:0407/195619.835:INFO:CONSOLE(0)] "[GroupMarkerNotSet(crbug.com/242999)!:A01028008C400000]Automatic fallback to software WebGL has been deprecated. Please use the --enable-unsafe-swiftshader flag to opt in to lower security guarantees for trusted content.", source: https://meet.google.com/vts-yukf-cah?pli=1 (0)
[7760:17488:0407/195619.898:ERROR:gles2_cmd_decoder_passthrough.cc(958)] ContextResult::kFatalFailure: fail_if_major_perf_caveat + swiftshader
[7760:17488:0407/195619.901:ERROR:gles2_cmd_decoder_passthrough.cc(1094)] [GroupMarkerNotSet(crbug.com/242999)!:A0E027008C400000]Automatic fallback to software WebGL has been deprecated. Please use the --enable-unsafe-swiftshader flag to opt in to lower security guarantees for trusted content.
[6644:15460:0407/195620.202:WARNING:capture_device_ranking.h(255)] Can't initialize the value of media.audio_input.user_preference_ranking because media.default_audio_capture_device isn't registered or is empty
[6644:15460:0407/195620.202:WARNING:capture_device_ranking.h(255)] Can't initialize the value of media.video_input.user_preference_ranking because media.default_video_capture_Device isn't registered or is empty
[6644:15460:0407/195620.321:WARNING:capture_device_ranking.h(255)] Can't initialize the value of media.audio_input.user_preference_ranking because media.default_audio_capture_device isn't registered or is empty
[6644:15460:0407/195620.321:WARNING:capture_device_ranking.h(255)] Can't initialize the value of media.video_input.user_preference_ranking because media.default_video_capture_Device isn't registered or is empty
[6644:15460:0407/195620.337:INFO:CONSOLE(0)] "[Report Only] Refused to load the script 'https://www.gstatic.com/hangouts_echo_detector/release/726916173/audio_analyzer_processor_bundle.js' because it violates the following Content Security Policy directive: "script-src 'unsafe-inline' 'unsafe-eval' blob: data: https://meet.google.com/_/scs/mss-static/_/js/ https://www.gstatic.com/video_effects/effects/ https://www-onepick-opensocial.googleusercontent.com/gadgets/js/rpc.js https://www.gstatic.com/_/mss/boq-one-google/_/ https://www.gstatic.com/og/_/js/ https://apis.google.com/js/api.js https://apis.google.com/js/client.js https://www.google.com/tools/feedback/load.js https://www.google.com/tools/feedback/open.js https://www.google.com/tools/feedback/open_to_help_guide_lazy.js https://www.google.com/tools/feedback/help_api.js https://www.gstatic.com/inproduct_help/service/lazy.min.js https://www.gstatic.com/inproduct_help/api/main.min.js https://www.gstatic.com/inproduct_help/chatsupport/chatsupport_button_v2.js https://www.gstatic.com/feedback/js/help/prod/service/lazy.min.js https://www.gstatic.com/uservoice/feedback/client/web/live/ https://www.google.com/tools/feedback/chat_load.js https://www.gstatic.com/uservoice/surveys/resources/prod/js/survey/ https://www.gstatic.com/feedback/js/ghelp/ https://meet.google.com/meetsw.js https://meet.google.com/devicesw.js https://meet.google.com/notrodsw.js https://www.googletagmanager.com/gtag/js https://www.google-analytics.com/analytics.js https://www.googletagmanager.com/gtag/destination https://maps.googleapis.com/maps/api/js https://meet.google.com/_/scs/mss-static/_/js/k=boq-rtc.MeetingsUi.en.cZeYqncDA9s.2020.O/ https://apis.google.com/_/scs/abc-static/_/js/ https://maps.googleapis.com/maps-api-v3/api/js/ https://maps.googleapis.com/maps/vt https://maps.googleapis.com/maps/api/js/ https://maps.googleapis.com/maps/api/place/js/". Note that 'script-src-elem' was not explicitly set, so 'script-src' is used as a fallback.
", source: https://meet.google.com/vts-yukf-cah?pli=1 (0)
[6644:15460:0407/195620.347:WARNING:capture_device_ranking.h(255)] Can't initialize the value of media.audio_input.user_preference_ranking because media.default_audio_capture_device isn't registered or is empty
[6644:15460:0407/195620.347:WARNING:capture_device_ranking.h(255)] Can't initialize the value of media.video_input.user_preference_ranking because media.default_video_capture_Device isn't registered or is empty
[6644:15460:0407/195620.377:WARNING:capture_device_ranking.h(255)] Can't initialize the value of media.audio_input.user_preference_ranking because media.default_audio_capture_device isn't registered or is empty
[6644:15460:0407/195620.378:WARNING:capture_device_ranking.h(255)] Can't initialize the value of media.video_input.user_preference_ranking because media.default_video_capture_Device isn't registered or is empty
[6644:15460:0407/195620.393:WARNING:capture_device_ranking.h(255)] Can't initialize the value of media.audio_input.user_preference_ranking because media.default_audio_capture_device isn't registered or is empty
[6644:15460:0407/195620.521:WARNING:capture_device_ranking.h(255)] Can't initialize the value of media.video_input.user_preference_ranking because media.default_video_capture_Device isn't registered or is empty
[6644:15460:0407/195620.526:WARNING:capture_device_ranking.h(255)] Can't initialize the value of media.audio_input.user_preference_ranking because media.default_audio_capture_device isn't registered or is empty
[6644:15460:0407/195620.526:WARNING:capture_device_ranking.h(255)] Can't initialize the value of media.video_input.user_preference_ranking because media.default_video_capture_Device isn't registered or is empty
[6644:15460:0407/195620.531:WARNING:capture_device_ranking.h(255)] Can't initialize the value of media.audio_input.user_preference_ranking because media.default_audio_capture_device isn't registered or is empty
[6644:15460:0407/195620.536:WARNING:capture_device_ranking.h(255)] Can't initialize the value of media.audio_input.user_preference_ranking because media.default_audio_capture_device isn't registered or is empty
[6644:15460:0407/195620.536:WARNING:capture_device_ranking.h(255)] Can't initialize the value of media.video_input.user_preference_ranking because media.default_video_capture_Device isn't registered or is empty
[16256:19224:0407/195620.569:WARNING:sdp_munging_detector.cc(313)] SDP munging: RTP header extension added.
[16256:1940:0407/195620.591:WARNING:transport_description.cc(32)] '-', '=', '#' and '-' are not valid ice-char and thus not permitted in ufrag or pwd. This is a protocol violation that is permitted to allow upgrading but will be rejected in the future. See https://crbug.com/1053756
[16256:1940:0407/195620.591:WARNING:openssl_stream_adapter.cc(155)] WebRTC-ForceDtls13: 
[16256:1940:0407/195620.596:INFO:ipc_socket_factory.cc(577)] Setting new p2p socket buffer limit to 262144
[16256:1940:0407/195620.596:INFO:ipc_socket_factory.cc(577)] Setting new p2p socket buffer limit to 262144
[16256:1940:0407/195620.596:INFO:ipc_socket_factory.cc(577)] Setting new p2p socket buffer limit to 262144
[16256:1940:0407/195620.596:INFO:ipc_socket_factory.cc(577)] Setting new p2p socket buffer limit to 262144
[16256:1940:0407/195620.597:INFO:ipc_socket_factory.cc(577)] Setting new p2p socket buffer limit to 262144
[11200:24348:0407/195620.598:WARNING:net_errors_win.cc(119)] Unknown error 1168 mapped to net::ERR_FAILED
[11200:24348:0407/195620.599:INFO:socket_udp.cc(477)] sendto() has failed twice returning a  transient error net::ERR_ADDRESS_UNREACHABLE. Dropping the packet.
[16256:19224:0407/195620.611:WARNING:sdp_munging_detector.cc(167)] SDP munging: video codecs added.
[16256:1940:0407/195620.621:WARNING:transport_description.cc(32)] '-', '=', '#' and '-' are not valid ice-char and thus not permitted in ufrag or pwd. This is a protocol violation that is permitted to allow upgrading but will be rejected in the future. See https://crbug.com/1053756
[11200:24348:0407/195620.651:WARNING:net_errors_win.cc(119)] Unknown error 1168 mapped to net::ERR_FAILED
[11200:24348:0407/195620.651:INFO:socket_udp.cc(477)] sendto() has failed twice returning a  transient error net::ERR_ADDRESS_UNREACHABLE. Dropping the packet.
[6644:15460:0407/195620.692:WARNING:page_discarding_helper.cc(163)] Discarding multiple pages with target (kb): 0, discard_protected_tabs: 0
[11200:24348:0407/195620.714:WARNING:net_errors_win.cc(119)] Unknown error 1168 mapped to net::ERR_FAILED
[11200:24348:0407/195620.714:INFO:socket_udp.cc(477)] sendto() has failed twice returning a  transient error net::ERR_ADDRESS_UNREACHABLE. Dropping the packet.
[16256:1940:0407/195620.723:WARNING:tcp_port.cc(482)] Dropping connection as TCP socket bound to IP 192.168.29.x, rather than an address associated with network:Net[{4766BE55-B660-4781-A5A1-CC1D8B77C976}:192.168.234.x/24:Ethernet:id=5]
[16256:1940:0407/195620.723:WARNING:tcp_port.cc(482)] Dropping connection as TCP socket bound to IP 192.168.29.x, rather than an address associated with network:Net[{33F2CC8E-0AD2-4A22-B28F-4AF102F5BD63}:192.168.56.x/24:Ethernet:id=1]
[16256:1940:0407/195620.725:WARNING:tcp_port.cc(482)] Dropping connection as TCP socket bound to IP 2405:201:402b:x:x:x:x:x, rather than an address associated with network:Net[{3508985F-B00E-4209-86A8-61AB47C9083F}:2405:201:402b:x:x:x:x:x/64:Wifi:id=4]
[11200:24348:0407/195620.776:WARNING:net_errors_win.cc(119)] Unknown error 1168 mapped to net::ERR_FAILED
[11200:24348:0407/195620.776:INFO:socket_udp.cc(477)] sendto() has failed twice returning a  transient error net::ERR_ADDRESS_UNREACHABLE. Dropping the packet.
[6644:15460:0407/195621.182:WARNING:capture_device_ranking.h(255)] Can't initialize the value of media.audio_input.user_preference_ranking because media.default_audio_capture_device isn't registered or is empty
[6644:15460:0407/195621.183:WARNING:capture_device_ranking.h(255)] Can't initialize the value of media.video_input.user_preference_ranking because media.default_video_capture_Device isn't registered or is empty
[11200:24348:0407/195621.245:INFO:socket_udp.cc(477)] sendto() has failed twice returning a  transient error net::ERR_ADDRESS_UNREACHABLE. Dropping the packet.
[11200:24348:0407/195621.308:INFO:socket_udp.cc(477)] sendto() has failed twice returning a  transient error net::ERR_ADDRESS_UNREACHABLE. Dropping the packet.
[11200:24348:0407/195621.371:INFO:socket_udp.cc(477)] sendto() has failed twice returning a  transient error net::ERR_ADDRESS_UNREACHABLE. Dropping the packet.
[11200:24348:0407/195621.432:INFO:socket_udp.cc(477)] sendto() has failed twice returning a  transient error net::ERR_ADDRESS_UNREACHABLE. Dropping the packet.
[11200:24348:0407/195621.620:INFO:socket_udp.cc(477)] sendto() has failed twice returning a  transient error net::ERR_ADDRESS_UNREACHABLE. Dropping the packet.
[11200:24348:0407/195621.682:INFO:socket_udp.cc(477)] sendto() has failed twice returning a  transient error net::ERR_ADDRESS_UNREACHABLE. Dropping the packet.
[11200:24348:0407/195621.745:INFO:socket_udp.cc(477)] sendto() has failed twice returning a  transient error net::ERR_ADDRESS_UNREACHABLE. Dropping the packet.
[11200:24348:0407/195621.807:INFO:socket_udp.cc(477)] sendto() has failed twice returning a  transient error net::ERR_ADDRESS_UNREACHABLE. Dropping the packet.
[16256:19224:0407/195622.997:WARNING:sdp_munging_detector.cc(167)] SDP munging: video codecs added.
[16256:1940:0407/195623.000:WARNING:transport_description.cc(32)] '-', '=', '#' and '-' are not valid ice-char and thus not permitted in ufrag or pwd. This is a protocol violation that is permitted to allow upgrading but will be rejected in the future. See https://crbug.com/1053756
[11200:24348:0407/195623.057:INFO:socket_udp.cc(477)] sendto() has failed twice returning a  transient error net::ERR_ADDRESS_UNREACHABLE. Dropping the packet.
[11200:24348:0407/195624.167:INFO:socket_udp.cc(477)] sendto() has failed twice returning a  transient error net::ERR_ADDRESS_UNREACHABLE. Dropping the packet.
[11200:24348:0407/195624.713:INFO:socket_udp.cc(477)] sendto() has failed twice returning a  transient error net::ERR_ADDRESS_UNREACHABLE. Dropping the packet.
[11200:24348:0407/195625.246:INFO:socket_udp.cc(477)] sendto() has failed twice returning a  transient error net::ERR_ADDRESS_UNREACHABLE. Dropping the packet.
[6644:15460:0407/195625.703:WARNING:page_discarding_helper.cc(163)] Discarding multiple pages with target (kb): 0, discard_protected_tabs: 0
[11200:24348:0407/195627.431:INFO:socket_udp.cc(477)] sendto() has failed twice returning a  transient error net::ERR_ADDRESS_UNREACHABLE. Dropping the packet.
[11200:24348:0407/195628.008:INFO:socket_udp.cc(477)] sendto() has failed twice returning a  transient error net::ERR_ADDRESS_UNREACHABLE. Dropping the packet.
[11200:24348:0407/195628.556:INFO:socket_udp.cc(477)] sendto() has failed twice returning a  transient error net::ERR_ADDRESS_UNREACHABLE. Dropping the packet.
[11200:24348:0407/195629.647:INFO:socket_udp.cc(477)] sendto() has failed twice returning a  transient error net::ERR_ADDRESS_UNREACHABLE. Dropping the packet.
[6644:15460:0407/195630.703:WARNING:page_discarding_helper.cc(163)] Discarding multiple pages with target (kb): 0, discard_protected_tabs: 0
[11200:24348:0407/195631.281:INFO:socket_udp.cc(477)] sendto() has failed twice returning a  transient error net::ERR_ADDRESS_UNREACHABLE. Dropping the packet.
[11200:24348:0407/195632.377:INFO:socket_udp.cc(477)] sendto() has failed twice returning a  transient error net::ERR_ADDRESS_UNREACHABLE. Dropping the packet.
[6644:15460:0407/195632.594:INFO:CONSOLE(4286)] "Uncaught (in promise) DisconnectedError: DisconnectedError, EndCause = 72", source: https://meet.google.com/_/scs/mss-static/_/js/k=boq-rtc.MeetingsUi.en.cZeYqncDA9s.2020.O/ck=boq-rtc.MeetingsUi.O5irbHNrpes.L.B1.O/am=1mgKgIBANEAAGAMGUAABIAQAygCASAEEDgwwAOTBARDAAAAAIABLUogxAAAENwAQBDr9ANxhQoAAGA/d=1/exm=LEikZe,_b,_tp,byfTOb,lsjVmc/excm=_b,_tp,calldesktoppageview/ed=1/br=0/wt=2/ujg=1/rs=AL5CKSHDEG8qDgHVeE0pPQF-uoekEx6NuA/ee=AM9HZd:vCak4b;BjCzpe:Yvr34d;Bnf5Lc:iPDrZd;CDC4qf:q6fE0e;CMRktf:sGrqec;DGWCxb:CgYiQ;E1tgbf:hMxPK;EAoUvb:aKikzb;EVNhjf:pw70Gc;EfKZq:QO2YB;EmZ2Bf:zr1jrb;GKUnZb:WNRENb;GmdGTd:Ct4wsb;IXc14:VZgraf;J9XQCb:ojlpPe;JLGZx:oSnDHf;JsINff:yeaFZ;JsbNhc:Xd8iUd;K5nYTd:ZDZcre;KKym4b:dTTbnb;KNpT6b:iSCite;KgXQpf:pQJdrb;LBgRLc:SdcwHb;LQJKcd:WuS5Ye;MJ6mxb:ubdYZ;Me32dd:MEeYgc;N8ehxe:AKukpf;NAHCGe:mxiOOb;NPKaK:SdcwHb;NSEoX:lazG7b;OOoYAb:Oj9pPe;PRDQhf:ux3mLc;PgXDBd:dm1dhc;Pjplud:EEDORb;QGR0gd:Mlhmy;QhhnXd:UqJYYe;RRwdt:gGRuRe;RYWUUc:anescc;Rh5nIc:JScXmc;SIjcAd:jrKD8b;SL22ab:CBRamd;SNUn3:ZwDk9d;SVOR2e:RqS4qe;SVvzme:BPB8ib;ScI3Yc:e7Hzgb;Szy1cf:nBpGQ;TB8xhd:AGa58c;ULs67c:bdUBJc;Up9aO:kY43Sc;Uvc8o:VDovNc;V7j7Sb:stsTjb;VJwZIe:q5U1uf;X6zUkd:u0z0vd;XSYl9e:GNVVIb;YBlgBf:LMo5Id;YIZmRd:A1yn5d;Ycdno:rkQZze;YfZO5c:CVuqWd;ZE1Tgd:kZF9ne;ZGeKvd:rb5w8b;ZT1aHd:g7FNPe;ZaFVgc:wOWhl;ZjyI3e:W2v6fc;a56pNe:JEfCwb;aPdIxb:F52gIc;bS8oAe:Kimhwf;brg6Gd:TlvL3b;cEt90b:ws9Tlc;cFl0Ie:PWJipc;cJj1Kd:A5k23d;cYTQve:GhXhl;cgbTHc:G8ycZ;dDPGef:IiQq4e;dIoSBb:SpsfSb;dYFttf:ZRxAzc;dowIGb:ebZ3mb;eBAeSb:zbML3c;esl3oe:Qz2vJf;fh9ycc:UUtz9d;g2wfV:DcDVld;gAClPb:ghdkwd;hgud7d:GNh0Qc;hoquJe:EjBUIf;iFQyKf:QIhFr;iKsOgb:cWjcJb;jRrT5d:EHUI2d;jg0vue:iItGlf;jtBjNe:dWHZee;kNqx7b:gzp7wb;kqpyR:oFF0ab;l4RAwd:h5Fnie;l6twR:Fvyyad;lJ7cgb:Erp0q;lOO0Vd:OTA3Ae;lx9iFf:nVFiIc;m4bwx:htQxyf;nAFL3:s39S4;oFd48c:l7VM1e;oGtAuc:sOXFj;p0iB4:VQhtq;pXdRYb:MdUzUe;qSBODf:H8X5pc;qafBPd:yDVVkb;qddgKe:xQtZb;qgOdad:vko54d;rWx8Cc:DxgUF;rarsed:Mb2qyd;rpiri:tZyrxe;sgnAWd:HkSoT;ssiZFc:BhQ85d;vKM7Jb:cWjcJb;w1T0Td:xpWMVc;wR5FRb:O1Gjze;x2i2de:zeWni;x4CZme:lCtfC;xbOSgd:e5G55;xqZiqf:wmnU7d;ye9FMd:KC9GA;yxTchf:KUM7Z;zBvUNc:fT8Mbb;zJxI2:kxz7Nb;zxnPse:GkRiKb/m=ws9Tlc,n73qwf,GkRiKb,e5qFLc,IZT63,UUJqVe,O1Gjze,xUdipf,ZDZcre,OTA3Ae,ZwDk9d,RyvaUb,mI3LFb,XU5LFb,m9oV,hl,P6sQOc,QcfBve,mzzZzc,rCcCxc,mSX26d,WO9ee,JGjVRe,en2VH,ALJJub,ncpZGe,kRDR8c,H9H6ie,sszRX,QQnX0,uHu91b,kgMFLe,hKCjub,CJeEuc,O6y8ed,PrPYRd,MpJwZc,NwH0H,V3dDOb,lazG7b,Ivl8bd,g9HNd,XVMNvd,L1AAkb,KUM7Z,Fl2dbf,s39S4,lwddkf,gychg,w9hDv,RMhBfe,SdcwHb,aW3pY,texUgd,pw70Gc,EFQ78c,Ulmmrd,A7fCU,mdR7q,wmnU7d,xQtZb,FSOnAf,gJzDyc,JNoxi,MI6k7c,kjKdXe,BVgquf,QIhFr,lfpdyf,hKSk3e,hc6Ubd,SpsfSb,Z5uLle,MdUzUe,zbML3c,zr1jrb,Uas9Hd,pjICDe?wli=MeetingsUi.N8FEULEQS-w.loadAudioAnalyzer.O%3A%3BMeetingsUi.cNsHZ9j-Kes.loadNetEqLyraWrapper.O%3A%3BMeetingsUi.ChfV7rYTfFM.loadNetEqWrapper.O%3A%3B (4286)
[6644:15460:0407/195632.596:INFO:CONSOLE(4286)] "Uncaught (in promise) DisconnectedError: DisconnectedError, EndCause = 72", source: https://meet.google.com/_/scs/mss-static/_/js/k=boq-rtc.MeetingsUi.en.cZeYqncDA9s.2020.O/ck=boq-rtc.MeetingsUi.O5irbHNrpes.L.B1.O/am=1mgKgIBANEAAGAMGUAABIAQAygCASAEEDgwwAOTBARDAAAAAIABLUogxAAAENwAQBDr9ANxhQoAAGA/d=1/exm=LEikZe,_b,_tp,byfTOb,lsjVmc/excm=_b,_tp,calldesktoppageview/ed=1/br=0/wt=2/ujg=1/rs=AL5CKSHDEG8qDgHVeE0pPQF-uoekEx6NuA/ee=AM9HZd:vCak4b;BjCzpe:Yvr34d;Bnf5Lc:iPDrZd;CDC4qf:q6fE0e;CMRktf:sGrqec;DGWCxb:CgYiQ;E1tgbf:hMxPK;EAoUvb:aKikzb;EVNhjf:pw70Gc;EfKZq:QO2YB;EmZ2Bf:zr1jrb;GKUnZb:WNRENb;GmdGTd:Ct4wsb;IXc14:VZgraf;J9XQCb:ojlpPe;JLGZx:oSnDHf;JsINff:yeaFZ;JsbNhc:Xd8iUd;K5nYTd:ZDZcre;KKym4b:dTTbnb;KNpT6b:iSCite;KgXQpf:pQJdrb;LBgRLc:SdcwHb;LQJKcd:WuS5Ye;MJ6mxb:ubdYZ;Me32dd:MEeYgc;N8ehxe:AKukpf;NAHCGe:mxiOOb;NPKaK:SdcwHb;NSEoX:lazG7b;OOoYAb:Oj9pPe;PRDQhf:ux3mLc;PgXDBd:dm1dhc;Pjplud:EEDORb;QGR0gd:Mlhmy;QhhnXd:UqJYYe;RRwdt:gGRuRe;RYWUUc:anescc;Rh5nIc:JScXmc;SIjcAd:jrKD8b;SL22ab:CBRamd;SNUn3:ZwDk9d;SVOR2e:RqS4qe;SVvzme:BPB8ib;ScI3Yc:e7Hzgb;Szy1cf:nBpGQ;TB8xhd:AGa58c;ULs67c:bdUBJc;Up9aO:kY43Sc;Uvc8o:VDovNc;V7j7Sb:stsTjb;VJwZIe:q5U1uf;X6zUkd:u0z0vd;XSYl9e:GNVVIb;YBlgBf:LMo5Id;YIZmRd:A1yn5d;Ycdno:rkQZze;YfZO5c:CVuqWd;ZE1Tgd:kZF9ne;ZGeKvd:rb5w8b;ZT1aHd:g7FNPe;ZaFVgc:wOWhl;ZjyI3e:W2v6fc;a56pNe:JEfCwb;aPdIxb:F52gIc;bS8oAe:Kimhwf;brg6Gd:TlvL3b;cEt90b:ws9Tlc;cFl0Ie:PWJipc;cJj1Kd:A5k23d;cYTQve:GhXhl;cgbTHc:G8ycZ;dDPGef:IiQq4e;dIoSBb:SpsfSb;dYFttf:ZRxAzc;dowIGb:ebZ3mb;eBAeSb:zbML3c;esl3oe:Qz2vJf;fh9ycc:UUtz9d;g2wfV:DcDVld;gAClPb:ghdkwd;hgud7d:GNh0Qc;hoquJe:EjBUIf;iFQyKf:QIhFr;iKsOgb:cWjcJb;jRrT5d:EHUI2d;jg0vue:iItGlf;jtBjNe:dWHZee;kNqx7b:gzp7wb;kqpyR:oFF0ab;l4RAwd:h5Fnie;l6twR:Fvyyad;lJ7cgb:Erp0q;lOO0Vd:OTA3Ae;lx9iFf:nVFiIc;m4bwx:htQxyf;nAFL3:s39S4;oFd48c:l7VM1e;oGtAuc:sOXFj;p0iB4:VQhtq;pXdRYb:MdUzUe;qSBODf:H8X5pc;qafBPd:yDVVkb;qddgKe:xQtZb;qgOdad:vko54d;rWx8Cc:DxgUF;rarsed:Mb2qyd;rpiri:tZyrxe;sgnAWd:HkSoT;ssiZFc:BhQ85d;vKM7Jb:cWjcJb;w1T0Td:xpWMVc;wR5FRb:O1Gjze;x2i2de:zeWni;x4CZme:lCtfC;xbOSgd:e5G55;xqZiqf:wmnU7d;ye9FMd:KC9GA;yxTchf:KUM7Z;zBvUNc:fT8Mbb;zJxI2:kxz7Nb;zxnPse:GkRiKb/m=ws9Tlc,n73qwf,GkRiKb,e5qFLc,IZT63,UUJqVe,O1Gjze,xUdipf,ZDZcre,OTA3Ae,ZwDk9d,RyvaUb,mI3LFb,XU5LFb,m9oV,hl,P6sQOc,QcfBve,mzzZzc,rCcCxc,mSX26d,WO9ee,JGjVRe,en2VH,ALJJub,ncpZGe,kRDR8c,H9H6ie,sszRX,QQnX0,uHu91b,kgMFLe,hKCjub,CJeEuc,O6y8ed,PrPYRd,MpJwZc,NwH0H,V3dDOb,lazG7b,Ivl8bd,g9HNd,XVMNvd,L1AAkb,KUM7Z,Fl2dbf,s39S4,lwddkf,gychg,w9hDv,RMhBfe,SdcwHb,aW3pY,texUgd,pw70Gc,EFQ78c,Ulmmrd,A7fCU,mdR7q,wmnU7d,xQtZb,FSOnAf,gJzDyc,JNoxi,MI6k7c,kjKdXe,BVgquf,QIhFr,lfpdyf,hKSk3e,hc6Ubd,SpsfSb,Z5uLle,MdUzUe,zbML3c,zr1jrb,Uas9Hd,pjICDe?wli=MeetingsUi.N8FEULEQS-w.loadAudioAnalyzer.O%3A%3BMeetingsUi.cNsHZ9j-Kes.loadNetEqLyraWrapper.O%3A%3BMeetingsUi.ChfV7rYTfFM.loadNetEqWrapper.O%3A%3B (4286)
[6644:15460:0407/195632.597:INFO:CONSOLE(4286)] "Uncaught (in promise) DisconnectedError: DisconnectedError, EndCause = 72", source: https://meet.google.com/_/scs/mss-static/_/js/k=boq-rtc.MeetingsUi.en.cZeYqncDA9s.2020.O/ck=boq-rtc.MeetingsUi.O5irbHNrpes.L.B1.O/am=1mgKgIBANEAAGAMGUAABIAQAygCASAEEDgwwAOTBARDAAAAAIABLUogxAAAENwAQBDr9ANxhQoAAGA/d=1/exm=LEikZe,_b,_tp,byfTOb,lsjVmc/excm=_b,_tp,calldesktoppageview/ed=1/br=0/wt=2/ujg=1/rs=AL5CKSHDEG8qDgHVeE0pPQF-uoekEx6NuA/ee=AM9HZd:vCak4b;BjCzpe:Yvr34d;Bnf5Lc:iPDrZd;CDC4qf:q6fE0e;CMRktf:sGrqec;DGWCxb:CgYiQ;E1tgbf:hMxPK;EAoUvb:aKikzb;EVNhjf:pw70Gc;EfKZq:QO2YB;EmZ2Bf:zr1jrb;GKUnZb:WNRENb;GmdGTd:Ct4wsb;IXc14:VZgraf;J9XQCb:ojlpPe;JLGZx:oSnDHf;JsINff:yeaFZ;JsbNhc:Xd8iUd;K5nYTd:ZDZcre;KKym4b:dTTbnb;KNpT6b:iSCite;KgXQpf:pQJdrb;LBgRLc:SdcwHb;LQJKcd:WuS5Ye;MJ6mxb:ubdYZ;Me32dd:MEeYgc;N8ehxe:AKukpf;NAHCGe:mxiOOb;NPKaK:SdcwHb;NSEoX:lazG7b;OOoYAb:Oj9pPe;PRDQhf:ux3mLc;PgXDBd:dm1dhc;Pjplud:EEDORb;QGR0gd:Mlhmy;QhhnXd:UqJYYe;RRwdt:gGRuRe;RYWUUc:anescc;Rh5nIc:JScXmc;SIjcAd:jrKD8b;SL22ab:CBRamd;SNUn3:ZwDk9d;SVOR2e:RqS4qe;SVvzme:BPB8ib;ScI3Yc:e7Hzgb;Szy1cf:nBpGQ;TB8xhd:AGa58c;ULs67c:bdUBJc;Up9aO:kY43Sc;Uvc8o:VDovNc;V7j7Sb:stsTjb;VJwZIe:q5U1uf;X6zUkd:u0z0vd;XSYl9e:GNVVIb;YBlgBf:LMo5Id;YIZmRd:A1yn5d;Ycdno:rkQZze;YfZO5c:CVuqWd;ZE1Tgd:kZF9ne;ZGeKvd:rb5w8b;ZT1aHd:g7FNPe;ZaFVgc:wOWhl;ZjyI3e:W2v6fc;a56pNe:JEfCwb;aPdIxb:F52gIc;bS8oAe:Kimhwf;brg6Gd:TlvL3b;cEt90b:ws9Tlc;cFl0Ie:PWJipc;cJj1Kd:A5k23d;cYTQve:GhXhl;cgbTHc:G8ycZ;dDPGef:IiQq4e;dIoSBb:SpsfSb;dYFttf:ZRxAzc;dowIGb:ebZ3mb;eBAeSb:zbML3c;esl3oe:Qz2vJf;fh9ycc:UUtz9d;g2wfV:DcDVld;gAClPb:ghdkwd;hgud7d:GNh0Qc;hoquJe:EjBUIf;iFQyKf:QIhFr;iKsOgb:cWjcJb;jRrT5d:EHUI2d;jg0vue:iItGlf;jtBjNe:dWHZee;kNqx7b:gzp7wb;kqpyR:oFF0ab;l4RAwd:h5Fnie;l6twR:Fvyyad;lJ7cgb:Erp0q;lOO0Vd:OTA3Ae;lx9iFf:nVFiIc;m4bwx:htQxyf;nAFL3:s39S4;oFd48c:l7VM1e;oGtAuc:sOXFj;p0iB4:VQhtq;pXdRYb:MdUzUe;qSBODf:H8X5pc;qafBPd:yDVVkb;qddgKe:xQtZb;qgOdad:vko54d;rWx8Cc:DxgUF;rarsed:Mb2qyd;rpiri:tZyrxe;sgnAWd:HkSoT;ssiZFc:BhQ85d;vKM7Jb:cWjcJb;w1T0Td:xpWMVc;wR5FRb:O1Gjze;x2i2de:zeWni;x4CZme:lCtfC;xbOSgd:e5G55;xqZiqf:wmnU7d;ye9FMd:KC9GA;yxTchf:KUM7Z;zBvUNc:fT8Mbb;zJxI2:kxz7Nb;zxnPse:GkRiKb/m=ws9Tlc,n73qwf,GkRiKb,e5qFLc,IZT63,UUJqVe,O1Gjze,xUdipf,ZDZcre,OTA3Ae,ZwDk9d,RyvaUb,mI3LFb,XU5LFb,m9oV,hl,P6sQOc,QcfBve,mzzZzc,rCcCxc,mSX26d,WO9ee,JGjVRe,en2VH,ALJJub,ncpZGe,kRDR8c,H9H6ie,sszRX,QQnX0,uHu91b,kgMFLe,hKCjub,CJeEuc,O6y8ed,PrPYRd,MpJwZc,NwH0H,V3dDOb,lazG7b,Ivl8bd,g9HNd,XVMNvd,L1AAkb,KUM7Z,Fl2dbf,s39S4,lwddkf,gychg,w9hDv,RMhBfe,SdcwHb,aW3pY,texUgd,pw70Gc,EFQ78c,Ulmmrd,A7fCU,mdR7q,wmnU7d,xQtZb,FSOnAf,gJzDyc,JNoxi,MI6k7c,kjKdXe,BVgquf,QIhFr,lfpdyf,hKSk3e,hc6Ubd,SpsfSb,Z5uLle,MdUzUe,zbML3c,zr1jrb,Uas9Hd,pjICDe?wli=MeetingsUi.N8FEULEQS-w.loadAudioAnalyzer.O%3A%3BMeetingsUi.cNsHZ9j-Kes.loadNetEqLyraWrapper.O%3A%3BMeetingsUi.ChfV7rYTfFM.loadNetEqWrapper.O%3A%3B (4286)
[6644:15460:0407/195632.597:INFO:CONSOLE(4286)] "Uncaught (in promise) DisconnectedError: DisconnectedError, EndCause = 72", source: https://meet.google.com/_/scs/mss-static/_/js/k=boq-rtc.MeetingsUi.en.cZeYqncDA9s.2020.O/ck=boq-rtc.MeetingsUi.O5irbHNrpes.L.B1.O/am=1mgKgIBANEAAGAMGUAABIAQAygCASAEEDgwwAOTBARDAAAAAIABLUogxAAAENwAQBDr9ANxhQoAAGA/d=1/exm=LEikZe,_b,_tp,byfTOb,lsjVmc/excm=_b,_tp,calldesktoppageview/ed=1/br=0/wt=2/ujg=1/rs=AL5CKSHDEG8qDgHVeE0pPQF-uoekEx6NuA/ee=AM9HZd:vCak4b;BjCzpe:Yvr34d;Bnf5Lc:iPDrZd;CDC4qf:q6fE0e;CMRktf:sGrqec;DGWCxb:CgYiQ;E1tgbf:hMxPK;EAoUvb:aKikzb;EVNhjf:pw70Gc;EfKZq:QO2YB;EmZ2Bf:zr1jrb;GKUnZb:WNRENb;GmdGTd:Ct4wsb;IXc14:VZgraf;J9XQCb:ojlpPe;JLGZx:oSnDHf;JsINff:yeaFZ;JsbNhc:Xd8iUd;K5nYTd:ZDZcre;KKym4b:dTTbnb;KNpT6b:iSCite;KgXQpf:pQJdrb;LBgRLc:SdcwHb;LQJKcd:WuS5Ye;MJ6mxb:ubdYZ;Me32dd:MEeYgc;N8ehxe:AKukpf;NAHCGe:mxiOOb;NPKaK:SdcwHb;NSEoX:lazG7b;OOoYAb:Oj9pPe;PRDQhf:ux3mLc;PgXDBd:dm1dhc;Pjplud:EEDORb;QGR0gd:Mlhmy;QhhnXd:UqJYYe;RRwdt:gGRuRe;RYWUUc:anescc;Rh5nIc:JScXmc;SIjcAd:jrKD8b;SL22ab:CBRamd;SNUn3:ZwDk9d;SVOR2e:RqS4qe;SVvzme:BPB8ib;ScI3Yc:e7Hzgb;Szy1cf:nBpGQ;TB8xhd:AGa58c;ULs67c:bdUBJc;Up9aO:kY43Sc;Uvc8o:VDovNc;V7j7Sb:stsTjb;VJwZIe:q5U1uf;X6zUkd:u0z0vd;XSYl9e:GNVVIb;YBlgBf:LMo5Id;YIZmRd:A1yn5d;Ycdno:rkQZze;YfZO5c:CVuqWd;ZE1Tgd:kZF9ne;ZGeKvd:rb5w8b;ZT1aHd:g7FNPe;ZaFVgc:wOWhl;ZjyI3e:W2v6fc;a56pNe:JEfCwb;aPdIxb:F52gIc;bS8oAe:Kimhwf;brg6Gd:TlvL3b;cEt90b:ws9Tlc;cFl0Ie:PWJipc;cJj1Kd:A5k23d;cYTQve:GhXhl;cgbTHc:G8ycZ;dDPGef:IiQq4e;dIoSBb:SpsfSb;dYFttf:ZRxAzc;dowIGb:ebZ3mb;eBAeSb:zbML3c;esl3oe:Qz2vJf;fh9ycc:UUtz9d;g2wfV:DcDVld;gAClPb:ghdkwd;hgud7d:GNh0Qc;hoquJe:EjBUIf;iFQyKf:QIhFr;iKsOgb:cWjcJb;jRrT5d:EHUI2d;jg0vue:iItGlf;jtBjNe:dWHZee;kNqx7b:gzp7wb;kqpyR:oFF0ab;l4RAwd:h5Fnie;l6twR:Fvyyad;lJ7cgb:Erp0q;lOO0Vd:OTA3Ae;lx9iFf:nVFiIc;m4bwx:htQxyf;nAFL3:s39S4;oFd48c:l7VM1e;oGtAuc:sOXFj;p0iB4:VQhtq;pXdRYb:MdUzUe;qSBODf:H8X5pc;qafBPd:yDVVkb;qddgKe:xQtZb;qgOdad:vko54d;rWx8Cc:DxgUF;rarsed:Mb2qyd;rpiri:tZyrxe;sgnAWd:HkSoT;ssiZFc:BhQ85d;vKM7Jb:cWjcJb;w1T0Td:xpWMVc;wR5FRb:O1Gjze;x2i2de:zeWni;x4CZme:lCtfC;xbOSgd:e5G55;xqZiqf:wmnU7d;ye9FMd:KC9GA;yxTchf:KUM7Z;zBvUNc:fT8Mbb;zJxI2:kxz7Nb;zxnPse:GkRiKb/m=ws9Tlc,n73qwf,GkRiKb,e5qFLc,IZT63,UUJqVe,O1Gjze,xUdipf,ZDZcre,OTA3Ae,ZwDk9d,RyvaUb,mI3LFb,XU5LFb,m9oV,hl,P6sQOc,QcfBve,mzzZzc,rCcCxc,mSX26d,WO9ee,JGjVRe,en2VH,ALJJub,ncpZGe,kRDR8c,H9H6ie,sszRX,QQnX0,uHu91b,kgMFLe,hKCjub,CJeEuc,O6y8ed,PrPYRd,MpJwZc,NwH0H,V3dDOb,lazG7b,Ivl8bd,g9HNd,XVMNvd,L1AAkb,KUM7Z,Fl2dbf,s39S4,lwddkf,gychg,w9hDv,RMhBfe,SdcwHb,aW3pY,texUgd,pw70Gc,EFQ78c,Ulmmrd,A7fCU,mdR7q,wmnU7d,xQtZb,FSOnAf,gJzDyc,JNoxi,MI6k7c,kjKdXe,BVgquf,QIhFr,lfpdyf,hKSk3e,hc6Ubd,SpsfSb,Z5uLle,MdUzUe,zbML3c,zr1jrb,Uas9Hd,pjICDe?wli=MeetingsUi.N8FEULEQS-w.loadAudioAnalyzer.O%3A%3BMeetingsUi.cNsHZ9j-Kes.loadNetEqLyraWrapper.O%3A%3BMeetingsUi.ChfV7rYTfFM.loadNetEqWrapper.O%3A%3B (4286)
[6644:15460:0407/195632.598:INFO:CONSOLE(4286)] "Uncaught (in promise) DisconnectedError: DisconnectedError, EndCause = 72", source: https://meet.google.com/_/scs/mss-static/_/js/k=boq-rtc.MeetingsUi.en.cZeYqncDA9s.2020.O/ck=boq-rtc.MeetingsUi.O5irbHNrpes.L.B1.O/am=1mgKgIBANEAAGAMGUAABIAQAygCASAEEDgwwAOTBARDAAAAAIABLUogxAAAENwAQBDr9ANxhQoAAGA/d=1/exm=LEikZe,_b,_tp,byfTOb,lsjVmc/excm=_b,_tp,calldesktoppageview/ed=1/br=0/wt=2/ujg=1/rs=AL5CKSHDEG8qDgHVeE0pPQF-uoekEx6NuA/ee=AM9HZd:vCak4b;BjCzpe:Yvr34d;Bnf5Lc:iPDrZd;CDC4qf:q6fE0e;CMRktf:sGrqec;DGWCxb:CgYiQ;E1tgbf:hMxPK;EAoUvb:aKikzb;EVNhjf:pw70Gc;EfKZq:QO2YB;EmZ2Bf:zr1jrb;GKUnZb:WNRENb;GmdGTd:Ct4wsb;IXc14:VZgraf;J9XQCb:ojlpPe;JLGZx:oSnDHf;JsINff:yeaFZ;JsbNhc:Xd8iUd;K5nYTd:ZDZcre;KKym4b:dTTbnb;KNpT6b:iSCite;KgXQpf:pQJdrb;LBgRLc:SdcwHb;LQJKcd:WuS5Ye;MJ6mxb:ubdYZ;Me32dd:MEeYgc;N8ehxe:AKukpf;NAHCGe:mxiOOb;NPKaK:SdcwHb;NSEoX:lazG7b;OOoYAb:Oj9pPe;PRDQhf:ux3mLc;PgXDBd:dm1dhc;Pjplud:EEDORb;QGR0gd:Mlhmy;QhhnXd:UqJYYe;RRwdt:gGRuRe;RYWUUc:anescc;Rh5nIc:JScXmc;SIjcAd:jrKD8b;SL22ab:CBRamd;SNUn3:ZwDk9d;SVOR2e:RqS4qe;SVvzme:BPB8ib;ScI3Yc:e7Hzgb;Szy1cf:nBpGQ;TB8xhd:AGa58c;ULs67c:bdUBJc;Up9aO:kY43Sc;Uvc8o:VDovNc;V7j7Sb:stsTjb;VJwZIe:q5U1uf;X6zUkd:u0z0vd;XSYl9e:GNVVIb;YBlgBf:LMo5Id;YIZmRd:A1yn5d;Ycdno:rkQZze;YfZO5c:CVuqWd;ZE1Tgd:kZF9ne;ZGeKvd:rb5w8b;ZT1aHd:g7FNPe;ZaFVgc:wOWhl;ZjyI3e:W2v6fc;a56pNe:JEfCwb;aPdIxb:F52gIc;bS8oAe:Kimhwf;brg6Gd:TlvL3b;cEt90b:ws9Tlc;cFl0Ie:PWJipc;cJj1Kd:A5k23d;cYTQve:GhXhl;cgbTHc:G8ycZ;dDPGef:IiQq4e;dIoSBb:SpsfSb;dYFttf:ZRxAzc;dowIGb:ebZ3mb;eBAeSb:zbML3c;esl3oe:Qz2vJf;fh9ycc:UUtz9d;g2wfV:DcDVld;gAClPb:ghdkwd;hgud7d:GNh0Qc;hoquJe:EjBUIf;iFQyKf:QIhFr;iKsOgb:cWjcJb;jRrT5d:EHUI2d;jg0vue:iItGlf;jtBjNe:dWHZee;kNqx7b:gzp7wb;kqpyR:oFF0ab;l4RAwd:h5Fnie;l6twR:Fvyyad;lJ7cgb:Erp0q;lOO0Vd:OTA3Ae;lx9iFf:nVFiIc;m4bwx:htQxyf;nAFL3:s39S4;oFd48c:l7VM1e;oGtAuc:sOXFj;p0iB4:VQhtq;pXdRYb:MdUzUe;qSBODf:H8X5pc;qafBPd:yDVVkb;qddgKe:xQtZb;qgOdad:vko54d;rWx8Cc:DxgUF;rarsed:Mb2qyd;rpiri:tZyrxe;sgnAWd:HkSoT;ssiZFc:BhQ85d;vKM7Jb:cWjcJb;w1T0Td:xpWMVc;wR5FRb:O1Gjze;x2i2de:zeWni;x4CZme:lCtfC;xbOSgd:e5G55;xqZiqf:wmnU7d;ye9FMd:KC9GA;yxTchf:KUM7Z;zBvUNc:fT8Mbb;zJxI2:kxz7Nb;zxnPse:GkRiKb/m=ws9Tlc,n73qwf,GkRiKb,e5qFLc,IZT63,UUJqVe,O1Gjze,xUdipf,ZDZcre,OTA3Ae,ZwDk9d,RyvaUb,mI3LFb,XU5LFb,m9oV,hl,P6sQOc,QcfBve,mzzZzc,rCcCxc,mSX26d,WO9ee,JGjVRe,en2VH,ALJJub,ncpZGe,kRDR8c,H9H6ie,sszRX,QQnX0,uHu91b,kgMFLe,hKCjub,CJeEuc,O6y8ed,PrPYRd,MpJwZc,NwH0H,V3dDOb,lazG7b,Ivl8bd,g9HNd,XVMNvd,L1AAkb,KUM7Z,Fl2dbf,s39S4,lwddkf,gychg,w9hDv,RMhBfe,SdcwHb,aW3pY,texUgd,pw70Gc,EFQ78c,Ulmmrd,A7fCU,mdR7q,wmnU7d,xQtZb,FSOnAf,gJzDyc,JNoxi,MI6k7c,kjKdXe,BVgquf,QIhFr,lfpdyf,hKSk3e,hc6Ubd,SpsfSb,Z5uLle,MdUzUe,zbML3c,zr1jrb,Uas9Hd,pjICDe?wli=MeetingsUi.N8FEULEQS-w.loadAudioAnalyzer.O%3A%3BMeetingsUi.cNsHZ9j-Kes.loadNetEqLyraWrapper.O%3A%3BMeetingsUi.ChfV7rYTfFM.loadNetEqWrapper.O%3A%3B (4286)
[6644:15460:0407/195632.598:INFO:CONSOLE(4286)] "Uncaught (in promise) DisconnectedError: DisconnectedError, EndCause = 72", source: https://meet.google.com/_/scs/mss-static/_/js/k=boq-rtc.MeetingsUi.en.cZeYqncDA9s.2020.O/ck=boq-rtc.MeetingsUi.O5irbHNrpes.L.B1.O/am=1mgKgIBANEAAGAMGUAABIAQAygCASAEEDgwwAOTBARDAAAAAIABLUogxAAAENwAQBDr9ANxhQoAAGA/d=1/exm=LEikZe,_b,_tp,byfTOb,lsjVmc/excm=_b,_tp,calldesktoppageview/ed=1/br=0/wt=2/ujg=1/rs=AL5CKSHDEG8qDgHVeE0pPQF-uoekEx6NuA/ee=AM9HZd:vCak4b;BjCzpe:Yvr34d;Bnf5Lc:iPDrZd;CDC4qf:q6fE0e;CMRktf:sGrqec;DGWCxb:CgYiQ;E1tgbf:hMxPK;EAoUvb:aKikzb;EVNhjf:pw70Gc;EfKZq:QO2YB;EmZ2Bf:zr1jrb;GKUnZb:WNRENb;GmdGTd:Ct4wsb;IXc14:VZgraf;J9XQCb:ojlpPe;JLGZx:oSnDHf;JsINff:yeaFZ;JsbNhc:Xd8iUd;K5nYTd:ZDZcre;KKym4b:dTTbnb;KNpT6b:iSCite;KgXQpf:pQJdrb;LBgRLc:SdcwHb;LQJKcd:WuS5Ye;MJ6mxb:ubdYZ;Me32dd:MEeYgc;N8ehxe:AKukpf;NAHCGe:mxiOOb;NPKaK:SdcwHb;NSEoX:lazG7b;OOoYAb:Oj9pPe;PRDQhf:ux3mLc;PgXDBd:dm1dhc;Pjplud:EEDORb;QGR0gd:Mlhmy;QhhnXd:UqJYYe;RRwdt:gGRuRe;RYWUUc:anescc;Rh5nIc:JScXmc;SIjcAd:jrKD8b;SL22ab:CBRamd;SNUn3:ZwDk9d;SVOR2e:RqS4qe;SVvzme:BPB8ib;ScI3Yc:e7Hzgb;Szy1cf:nBpGQ;TB8xhd:AGa58c;ULs67c:bdUBJc;Up9aO:kY43Sc;Uvc8o:VDovNc;V7j7Sb:stsTjb;VJwZIe:q5U1uf;X6zUkd:u0z0vd;XSYl9e:GNVVIb;YBlgBf:LMo5Id;YIZmRd:A1yn5d;Ycdno:rkQZze;YfZO5c:CVuqWd;ZE1Tgd:kZF9ne;ZGeKvd:rb5w8b;ZT1aHd:g7FNPe;ZaFVgc:wOWhl;ZjyI3e:W2v6fc;a56pNe:JEfCwb;aPdIxb:F52gIc;bS8oAe:Kimhwf;brg6Gd:TlvL3b;cEt90b:ws9Tlc;cFl0Ie:PWJipc;cJj1Kd:A5k23d;cYTQve:GhXhl;cgbTHc:G8ycZ;dDPGef:IiQq4e;dIoSBb:SpsfSb;dYFttf:ZRxAzc;dowIGb:ebZ3mb;eBAeSb:zbML3c;esl3oe:Qz2vJf;fh9ycc:UUtz9d;g2wfV:DcDVld;gAClPb:ghdkwd;hgud7d:GNh0Qc;hoquJe:EjBUIf;iFQyKf:QIhFr;iKsOgb:cWjcJb;jRrT5d:EHUI2d;jg0vue:iItGlf;jtBjNe:dWHZee;kNqx7b:gzp7wb;kqpyR:oFF0ab;l4RAwd:h5Fnie;l6twR:Fvyyad;lJ7cgb:Erp0q;lOO0Vd:OTA3Ae;lx9iFf:nVFiIc;m4bwx:htQxyf;nAFL3:s39S4;oFd48c:l7VM1e;oGtAuc:sOXFj;p0iB4:VQhtq;pXdRYb:MdUzUe;qSBODf:H8X5pc;qafBPd:yDVVkb;qddgKe:xQtZb;qgOdad:vko54d;rWx8Cc:DxgUF;rarsed:Mb2qyd;rpiri:tZyrxe;sgnAWd:HkSoT;ssiZFc:BhQ85d;vKM7Jb:cWjcJb;w1T0Td:xpWMVc;wR5FRb:O1Gjze;x2i2de:zeWni;x4CZme:lCtfC;xbOSgd:e5G55;xqZiqf:wmnU7d;ye9FMd:KC9GA;yxTchf:KUM7Z;zBvUNc:fT8Mbb;zJxI2:kxz7Nb;zxnPse:GkRiKb/m=ws9Tlc,n73qwf,GkRiKb,e5qFLc,IZT63,UUJqVe,O1Gjze,xUdipf,ZDZcre,OTA3Ae,ZwDk9d,RyvaUb,mI3LFb,XU5LFb,m9oV,hl,P6sQOc,QcfBve,mzzZzc,rCcCxc,mSX26d,WO9ee,JGjVRe,en2VH,ALJJub,ncpZGe,kRDR8c,H9H6ie,sszRX,QQnX0,uHu91b,kgMFLe,hKCjub,CJeEuc,O6y8ed,PrPYRd,MpJwZc,NwH0H,V3dDOb,lazG7b,Ivl8bd,g9HNd,XVMNvd,L1AAkb,KUM7Z,Fl2dbf,s39S4,lwddkf,gychg,w9hDv,RMhBfe,SdcwHb,aW3pY,texUgd,pw70Gc,EFQ78c,Ulmmrd,A7fCU,mdR7q,wmnU7d,xQtZb,FSOnAf,gJzDyc,JNoxi,MI6k7c,kjKdXe,BVgquf,QIhFr,lfpdyf,hKSk3e,hc6Ubd,SpsfSb,Z5uLle,MdUzUe,zbML3c,zr1jrb,Uas9Hd,pjICDe?wli=MeetingsUi.N8FEULEQS-w.loadAudioAnalyzer.O%3A%3BMeetingsUi.cNsHZ9j-Kes.loadNetEqLyraWrapper.O%3A%3BMeetingsUi.ChfV7rYTfFM.loadNetEqWrapper.O%3A%3B (4286)
[6644:15460:0407/195632.598:INFO:CONSOLE(293)] "Uncaught (in promise) cancel: Signal asynchronously disposed", source: https://meet.google.com/_/scs/mss-static/_/js/k=boq-rtc.MeetingsUi.en.cZeYqncDA9s.2020.O/am=1mgKgIBANEAAGAMGUAABIAQAygCASAEEDgwwAOTBARDAAAAAIABLUogxAAAENwAQBDr9ANxhQoAAGA/d=1/excm=_b,_tp,calldesktoppageview/ed=1/dg=0/br=0/wt=2/ujg=1/rs=AL5CKSGlLYTSXH0kvn3iAg423SsMm165BA/m=_b,_tp?wli=MeetingsUi.N8FEULEQS-w.loadAudioAnalyzer.O%3A%3BMeetingsUi.cNsHZ9j-Kes.loadNetEqLyraWrapper.O%3A%3BMeetingsUi.ChfV7rYTfFM.loadNetEqWrapper.O%3A%3B (293)
[6644:15460:0407/195632.598:INFO:CONSOLE(293)] "Uncaught (in promise) cancel: Signal asynchronously disposed", source: https://meet.google.com/_/scs/mss-static/_/js/k=boq-rtc.MeetingsUi.en.cZeYqncDA9s.2020.O/am=1mgKgIBANEAAGAMGUAABIAQAygCASAEEDgwwAOTBARDAAAAAIABLUogxAAAENwAQBDr9ANxhQoAAGA/d=1/excm=_b,_tp,calldesktoppageview/ed=1/dg=0/br=0/wt=2/ujg=1/rs=AL5CKSGlLYTSXH0kvn3iAg423SsMm165BA/m=_b,_tp?wli=MeetingsUi.N8FEULEQS-w.loadAudioAnalyzer.O%3A%3BMeetingsUi.cNsHZ9j-Kes.loadNetEqLyraWrapper.O%3A%3BMeetingsUi.ChfV7rYTfFM.loadNetEqWrapper.O%3A%3B (293)
[6644:15460:0407/195632.599:INFO:CONSOLE(4286)] "Uncaught (in promise) DisconnectedError: DisconnectedError, EndCause = 72", source: https://meet.google.com/_/scs/mss-static/_/js/k=boq-rtc.MeetingsUi.en.cZeYqncDA9s.2020.O/ck=boq-rtc.MeetingsUi.O5irbHNrpes.L.B1.O/am=1mgKgIBANEAAGAMGUAABIAQAygCASAEEDgwwAOTBARDAAAAAIABLUogxAAAENwAQBDr9ANxhQoAAGA/d=1/exm=LEikZe,_b,_tp,byfTOb,lsjVmc/excm=_b,_tp,calldesktoppageview/ed=1/br=0/wt=2/ujg=1/rs=AL5CKSHDEG8qDgHVeE0pPQF-uoekEx6NuA/ee=AM9HZd:vCak4b;BjCzpe:Yvr34d;Bnf5Lc:iPDrZd;CDC4qf:q6fE0e;CMRktf:sGrqec;DGWCxb:CgYiQ;E1tgbf:hMxPK;EAoUvb:aKikzb;EVNhjf:pw70Gc;EfKZq:QO2YB;EmZ2Bf:zr1jrb;GKUnZb:WNRENb;GmdGTd:Ct4wsb;IXc14:VZgraf;J9XQCb:ojlpPe;JLGZx:oSnDHf;JsINff:yeaFZ;JsbNhc:Xd8iUd;K5nYTd:ZDZcre;KKym4b:dTTbnb;KNpT6b:iSCite;KgXQpf:pQJdrb;LBgRLc:SdcwHb;LQJKcd:WuS5Ye;MJ6mxb:ubdYZ;Me32dd:MEeYgc;N8ehxe:AKukpf;NAHCGe:mxiOOb;NPKaK:SdcwHb;NSEoX:lazG7b;OOoYAb:Oj9pPe;PRDQhf:ux3mLc;PgXDBd:dm1dhc;Pjplud:EEDORb;QGR0gd:Mlhmy;QhhnXd:UqJYYe;RRwdt:gGRuRe;RYWUUc:anescc;Rh5nIc:JScXmc;SIjcAd:jrKD8b;SL22ab:CBRamd;SNUn3:ZwDk9d;SVOR2e:RqS4qe;SVvzme:BPB8ib;ScI3Yc:e7Hzgb;Szy1cf:nBpGQ;TB8xhd:AGa58c;ULs67c:bdUBJc;Up9aO:kY43Sc;Uvc8o:VDovNc;V7j7Sb:stsTjb;VJwZIe:q5U1uf;X6zUkd:u0z0vd;XSYl9e:GNVVIb;YBlgBf:LMo5Id;YIZmRd:A1yn5d;Ycdno:rkQZze;YfZO5c:CVuqWd;ZE1Tgd:kZF9ne;ZGeKvd:rb5w8b;ZT1aHd:g7FNPe;ZaFVgc:wOWhl;ZjyI3e:W2v6fc;a56pNe:JEfCwb;aPdIxb:F52gIc;bS8oAe:Kimhwf;brg6Gd:TlvL3b;cEt90b:ws9Tlc;cFl0Ie:PWJipc;cJj1Kd:A5k23d;cYTQve:GhXhl;cgbTHc:G8ycZ;dDPGef:IiQq4e;dIoSBb:SpsfSb;dYFttf:ZRxAzc;dowIGb:ebZ3mb;eBAeSb:zbML3c;esl3oe:Qz2vJf;fh9ycc:UUtz9d;g2wfV:DcDVld;gAClPb:ghdkwd;hgud7d:GNh0Qc;hoquJe:EjBUIf;iFQyKf:QIhFr;iKsOgb:cWjcJb;jRrT5d:EHUI2d;jg0vue:iItGlf;jtBjNe:dWHZee;kNqx7b:gzp7wb;kqpyR:oFF0ab;l4RAwd:h5Fnie;l6twR:Fvyyad;lJ7cgb:Erp0q;lOO0Vd:OTA3Ae;lx9iFf:nVFiIc;m4bwx:htQxyf;nAFL3:s39S4;oFd48c:l7VM1e;oGtAuc:sOXFj;p0iB4:VQhtq;pXdRYb:MdUzUe;qSBODf:H8X5pc;qafBPd:yDVVkb;qddgKe:xQtZb;qgOdad:vko54d;rWx8Cc:DxgUF;rarsed:Mb2qyd;rpiri:tZyrxe;sgnAWd:HkSoT;ssiZFc:BhQ85d;vKM7Jb:cWjcJb;w1T0Td:xpWMVc;wR5FRb:O1Gjze;x2i2de:zeWni;x4CZme:lCtfC;xbOSgd:e5G55;xqZiqf:wmnU7d;ye9FMd:KC9GA;yxTchf:KUM7Z;zBvUNc:fT8Mbb;zJxI2:kxz7Nb;zxnPse:GkRiKb/m=ws9Tlc,n73qwf,GkRiKb,e5qFLc,IZT63,UUJqVe,O1Gjze,xUdipf,ZDZcre,OTA3Ae,ZwDk9d,RyvaUb,mI3LFb,XU5LFb,m9oV,hl,P6sQOc,QcfBve,mzzZzc,rCcCxc,mSX26d,WO9ee,JGjVRe,en2VH,ALJJub,ncpZGe,kRDR8c,H9H6ie,sszRX,QQnX0,uHu91b,kgMFLe,hKCjub,CJeEuc,O6y8ed,PrPYRd,MpJwZc,NwH0H,V3dDOb,lazG7b,Ivl8bd,g9HNd,XVMNvd,L1AAkb,KUM7Z,Fl2dbf,s39S4,lwddkf,gychg,w9hDv,RMhBfe,SdcwHb,aW3pY,texUgd,pw70Gc,EFQ78c,Ulmmrd,A7fCU,mdR7q,wmnU7d,xQtZb,FSOnAf,gJzDyc,JNoxi,MI6k7c,kjKdXe,BVgquf,QIhFr,lfpdyf,hKSk3e,hc6Ubd,SpsfSb,Z5uLle,MdUzUe,zbML3c,zr1jrb,Uas9Hd,pjICDe?wli=MeetingsUi.N8FEULEQS-w.loadAudioAnalyzer.O%3A%3BMeetingsUi.cNsHZ9j-Kes.loadNetEqLyraWrapper.O%3A%3BMeetingsUi.ChfV7rYTfFM.loadNetEqWrapper.O%3A%3B (4286)
[6644:15460:0407/195632.599:INFO:CONSOLE(4286)] "Uncaught (in promise) DisconnectedError: DisconnectedError, EndCause = 72", source: https://meet.google.com/_/scs/mss-static/_/js/k=boq-rtc.MeetingsUi.en.cZeYqncDA9s.2020.O/ck=boq-rtc.MeetingsUi.O5irbHNrpes.L.B1.O/am=1mgKgIBANEAAGAMGUAABIAQAygCASAEEDgwwAOTBARDAAAAAIABLUogxAAAENwAQBDr9ANxhQoAAGA/d=1/exm=LEikZe,_b,_tp,byfTOb,lsjVmc/excm=_b,_tp,calldesktoppageview/ed=1/br=0/wt=2/ujg=1/rs=AL5CKSHDEG8qDgHVeE0pPQF-uoekEx6NuA/ee=AM9HZd:vCak4b;BjCzpe:Yvr34d;Bnf5Lc:iPDrZd;CDC4qf:q6fE0e;CMRktf:sGrqec;DGWCxb:CgYiQ;E1tgbf:hMxPK;EAoUvb:aKikzb;EVNhjf:pw70Gc;EfKZq:QO2YB;EmZ2Bf:zr1jrb;GKUnZb:WNRENb;GmdGTd:Ct4wsb;IXc14:VZgraf;J9XQCb:ojlpPe;JLGZx:oSnDHf;JsINff:yeaFZ;JsbNhc:Xd8iUd;K5nYTd:ZDZcre;KKym4b:dTTbnb;KNpT6b:iSCite;KgXQpf:pQJdrb;LBgRLc:SdcwHb;LQJKcd:WuS5Ye;MJ6mxb:ubdYZ;Me32dd:MEeYgc;N8ehxe:AKukpf;NAHCGe:mxiOOb;NPKaK:SdcwHb;NSEoX:lazG7b;OOoYAb:Oj9pPe;PRDQhf:ux3mLc;PgXDBd:dm1dhc;Pjplud:EEDORb;QGR0gd:Mlhmy;QhhnXd:UqJYYe;RRwdt:gGRuRe;RYWUUc:anescc;Rh5nIc:JScXmc;SIjcAd:jrKD8b;SL22ab:CBRamd;SNUn3:ZwDk9d;SVOR2e:RqS4qe;SVvzme:BPB8ib;ScI3Yc:e7Hzgb;Szy1cf:nBpGQ;TB8xhd:AGa58c;ULs67c:bdUBJc;Up9aO:kY43Sc;Uvc8o:VDovNc;V7j7Sb:stsTjb;VJwZIe:q5U1uf;X6zUkd:u0z0vd;XSYl9e:GNVVIb;YBlgBf:LMo5Id;YIZmRd:A1yn5d;Ycdno:rkQZze;YfZO5c:CVuqWd;ZE1Tgd:kZF9ne;ZGeKvd:rb5w8b;ZT1aHd:g7FNPe;ZaFVgc:wOWhl;ZjyI3e:W2v6fc;a56pNe:JEfCwb;aPdIxb:F52gIc;bS8oAe:Kimhwf;brg6Gd:TlvL3b;cEt90b:ws9Tlc;cFl0Ie:PWJipc;cJj1Kd:A5k23d;cYTQve:GhXhl;cgbTHc:G8ycZ;dDPGef:IiQq4e;dIoSBb:SpsfSb;dYFttf:ZRxAzc;dowIGb:ebZ3mb;eBAeSb:zbML3c;esl3oe:Qz2vJf;fh9ycc:UUtz9d;g2wfV:DcDVld;gAClPb:ghdkwd;hgud7d:GNh0Qc;hoquJe:EjBUIf;iFQyKf:QIhFr;iKsOgb:cWjcJb;jRrT5d:EHUI2d;jg0vue:iItGlf;jtBjNe:dWHZee;kNqx7b:gzp7wb;kqpyR:oFF0ab;l4RAwd:h5Fnie;l6twR:Fvyyad;lJ7cgb:Erp0q;lOO0Vd:OTA3Ae;lx9iFf:nVFiIc;m4bwx:htQxyf;nAFL3:s39S4;oFd48c:l7VM1e;oGtAuc:sOXFj;p0iB4:VQhtq;pXdRYb:MdUzUe;qSBODf:H8X5pc;qafBPd:yDVVkb;qddgKe:xQtZb;qgOdad:vko54d;rWx8Cc:DxgUF;rarsed:Mb2qyd;rpiri:tZyrxe;sgnAWd:HkSoT;ssiZFc:BhQ85d;vKM7Jb:cWjcJb;w1T0Td:xpWMVc;wR5FRb:O1Gjze;x2i2de:zeWni;x4CZme:lCtfC;xbOSgd:e5G55;xqZiqf:wmnU7d;ye9FMd:KC9GA;yxTchf:KUM7Z;zBvUNc:fT8Mbb;zJxI2:kxz7Nb;zxnPse:GkRiKb/m=ws9Tlc,n73qwf,GkRiKb,e5qFLc,IZT63,UUJqVe,O1Gjze,xUdipf,ZDZcre,OTA3Ae,ZwDk9d,RyvaUb,mI3LFb,XU5LFb,m9oV,hl,P6sQOc,QcfBve,mzzZzc,rCcCxc,mSX26d,WO9ee,JGjVRe,en2VH,ALJJub,ncpZGe,kRDR8c,H9H6ie,sszRX,QQnX0,uHu91b,kgMFLe,hKCjub,CJeEuc,O6y8ed,PrPYRd,MpJwZc,NwH0H,V3dDOb,lazG7b,Ivl8bd,g9HNd,XVMNvd,L1AAkb,KUM7Z,Fl2dbf,s39S4,lwddkf,gychg,w9hDv,RMhBfe,SdcwHb,aW3pY,texUgd,pw70Gc,EFQ78c,Ulmmrd,A7fCU,mdR7q,wmnU7d,xQtZb,FSOnAf,gJzDyc,JNoxi,MI6k7c,kjKdXe,BVgquf,QIhFr,lfpdyf,hKSk3e,hc6Ubd,SpsfSb,Z5uLle,MdUzUe,zbML3c,zr1jrb,Uas9Hd,pjICDe?wli=MeetingsUi.N8FEULEQS-w.loadAudioAnalyzer.O%3A%3BMeetingsUi.cNsHZ9j-Kes.loadNetEqLyraWrapper.O%3A%3BMeetingsUi.ChfV7rYTfFM.loadNetEqWrapper.O%3A%3B (4286)
[6644:15460:0407/195632.599:INFO:CONSOLE(4286)] "Uncaught (in promise) DisconnectedError: DisconnectedError, EndCause = 72", source: https://meet.google.com/_/scs/mss-static/_/js/k=boq-rtc.MeetingsUi.en.cZeYqncDA9s.2020.O/ck=boq-rtc.MeetingsUi.O5irbHNrpes.L.B1.O/am=1mgKgIBANEAAGAMGUAABIAQAygCASAEEDgwwAOTBARDAAAAAIABLUogxAAAENwAQBDr9ANxhQoAAGA/d=1/exm=LEikZe,_b,_tp,byfTOb,lsjVmc/excm=_b,_tp,calldesktoppageview/ed=1/br=0/wt=2/ujg=1/rs=AL5CKSHDEG8qDgHVeE0pPQF-uoekEx6NuA/ee=AM9HZd:vCak4b;BjCzpe:Yvr34d;Bnf5Lc:iPDrZd;CDC4qf:q6fE0e;CMRktf:sGrqec;DGWCxb:CgYiQ;E1tgbf:hMxPK;EAoUvb:aKikzb;EVNhjf:pw70Gc;EfKZq:QO2YB;EmZ2Bf:zr1jrb;GKUnZb:WNRENb;GmdGTd:Ct4wsb;IXc14:VZgraf;J9XQCb:ojlpPe;JLGZx:oSnDHf;JsINff:yeaFZ;JsbNhc:Xd8iUd;K5nYTd:ZDZcre;KKym4b:dTTbnb;KNpT6b:iSCite;KgXQpf:pQJdrb;LBgRLc:SdcwHb;LQJKcd:WuS5Ye;MJ6mxb:ubdYZ;Me32dd:MEeYgc;N8ehxe:AKukpf;NAHCGe:mxiOOb;NPKaK:SdcwHb;NSEoX:lazG7b;OOoYAb:Oj9pPe;PRDQhf:ux3mLc;PgXDBd:dm1dhc;Pjplud:EEDORb;QGR0gd:Mlhmy;QhhnXd:UqJYYe;RRwdt:gGRuRe;RYWUUc:anescc;Rh5nIc:JScXmc;SIjcAd:jrKD8b;SL22ab:CBRamd;SNUn3:ZwDk9d;SVOR2e:RqS4qe;SVvzme:BPB8ib;ScI3Yc:e7Hzgb;Szy1cf:nBpGQ;TB8xhd:AGa58c;ULs67c:bdUBJc;Up9aO:kY43Sc;Uvc8o:VDovNc;V7j7Sb:stsTjb;VJwZIe:q5U1uf;X6zUkd:u0z0vd;XSYl9e:GNVVIb;YBlgBf:LMo5Id;YIZmRd:A1yn5d;Ycdno:rkQZze;YfZO5c:CVuqWd;ZE1Tgd:kZF9ne;ZGeKvd:rb5w8b;ZT1aHd:g7FNPe;ZaFVgc:wOWhl;ZjyI3e:W2v6fc;a56pNe:JEfCwb;aPdIxb:F52gIc;bS8oAe:Kimhwf;brg6Gd:TlvL3b;cEt90b:ws9Tlc;cFl0Ie:PWJipc;cJj1Kd:A5k23d;cYTQve:GhXhl;cgbTHc:G8ycZ;dDPGef:IiQq4e;dIoSBb:SpsfSb;dYFttf:ZRxAzc;dowIGb:ebZ3mb;eBAeSb:zbML3c;esl3oe:Qz2vJf;fh9ycc:UUtz9d;g2wfV:DcDVld;gAClPb:ghdkwd;hgud7d:GNh0Qc;hoquJe:EjBUIf;iFQyKf:QIhFr;iKsOgb:cWjcJb;jRrT5d:EHUI2d;jg0vue:iItGlf;jtBjNe:dWHZee;kNqx7b:gzp7wb;kqpyR:oFF0ab;l4RAwd:h5Fnie;l6twR:Fvyyad;lJ7cgb:Erp0q;lOO0Vd:OTA3Ae;lx9iFf:nVFiIc;m4bwx:htQxyf;nAFL3:s39S4;oFd48c:l7VM1e;oGtAuc:sOXFj;p0iB4:VQhtq;pXdRYb:MdUzUe;qSBODf:H8X5pc;qafBPd:yDVVkb;qddgKe:xQtZb;qgOdad:vko54d;rWx8Cc:DxgUF;rarsed:Mb2qyd;rpiri:tZyrxe;sgnAWd:HkSoT;ssiZFc:BhQ85d;vKM7Jb:cWjcJb;w1T0Td:xpWMVc;wR5FRb:O1Gjze;x2i2de:zeWni;x4CZme:lCtfC;xbOSgd:e5G55;xqZiqf:wmnU7d;ye9FMd:KC9GA;yxTchf:KUM7Z;zBvUNc:fT8Mbb;zJxI2:kxz7Nb;zxnPse:GkRiKb/m=ws9Tlc,n73qwf,GkRiKb,e5qFLc,IZT63,UUJqVe,O1Gjze,xUdipf,ZDZcre,OTA3Ae,ZwDk9d,RyvaUb,mI3LFb,XU5LFb,m9oV,hl,P6sQOc,QcfBve,mzzZzc,rCcCxc,mSX26d,WO9ee,JGjVRe,en2VH,ALJJub,ncpZGe,kRDR8c,H9H6ie,sszRX,QQnX0,uHu91b,kgMFLe,hKCjub,CJeEuc,O6y8ed,PrPYRd,MpJwZc,NwH0H,V3dDOb,lazG7b,Ivl8bd,g9HNd,XVMNvd,L1AAkb,KUM7Z,Fl2dbf,s39S4,lwddkf,gychg,w9hDv,RMhBfe,SdcwHb,aW3pY,texUgd,pw70Gc,EFQ78c,Ulmmrd,A7fCU,mdR7q,wmnU7d,xQtZb,FSOnAf,gJzDyc,JNoxi,MI6k7c,kjKdXe,BVgquf,QIhFr,lfpdyf,hKSk3e,hc6Ubd,SpsfSb,Z5uLle,MdUzUe,zbML3c,zr1jrb,Uas9Hd,pjICDe?wli=MeetingsUi.N8FEULEQS-w.loadAudioAnalyzer.O%3A%3BMeetingsUi.cNsHZ9j-Kes.loadNetEqLyraWrapper.O%3A%3BMeetingsUi.ChfV7rYTfFM.loadNetEqWrapper.O%3A%3B (4286)
[6644:15460:0407/195632.599:INFO:CONSOLE(4286)] "Uncaught (in promise) DisconnectedError: DisconnectedError, EndCause = 72", source: https://meet.google.com/_/scs/mss-static/_/js/k=boq-rtc.MeetingsUi.en.cZeYqncDA9s.2020.O/ck=boq-rtc.MeetingsUi.O5irbHNrpes.L.B1.O/am=1mgKgIBANEAAGAMGUAABIAQAygCASAEEDgwwAOTBARDAAAAAIABLUogxAAAENwAQBDr9ANxhQoAAGA/d=1/exm=LEikZe,_b,_tp,byfTOb,lsjVmc/excm=_b,_tp,calldesktoppageview/ed=1/br=0/wt=2/ujg=1/rs=AL5CKSHDEG8qDgHVeE0pPQF-uoekEx6NuA/ee=AM9HZd:vCak4b;BjCzpe:Yvr34d;Bnf5Lc:iPDrZd;CDC4qf:q6fE0e;CMRktf:sGrqec;DGWCxb:CgYiQ;E1tgbf:hMxPK;EAoUvb:aKikzb;EVNhjf:pw70Gc;EfKZq:QO2YB;EmZ2Bf:zr1jrb;GKUnZb:WNRENb;GmdGTd:Ct4wsb;IXc14:VZgraf;J9XQCb:ojlpPe;JLGZx:oSnDHf;JsINff:yeaFZ;JsbNhc:Xd8iUd;K5nYTd:ZDZcre;KKym4b:dTTbnb;KNpT6b:iSCite;KgXQpf:pQJdrb;LBgRLc:SdcwHb;LQJKcd:WuS5Ye;MJ6mxb:ubdYZ;Me32dd:MEeYgc;N8ehxe:AKukpf;NAHCGe:mxiOOb;NPKaK:SdcwHb;NSEoX:lazG7b;OOoYAb:Oj9pPe;PRDQhf:ux3mLc;PgXDBd:dm1dhc;Pjplud:EEDORb;QGR0gd:Mlhmy;QhhnXd:UqJYYe;RRwdt:gGRuRe;RYWUUc:anescc;Rh5nIc:JScXmc;SIjcAd:jrKD8b;SL22ab:CBRamd;SNUn3:ZwDk9d;SVOR2e:RqS4qe;SVvzme:BPB8ib;ScI3Yc:e7Hzgb;Szy1cf:nBpGQ;TB8xhd:AGa58c;ULs67c:bdUBJc;Up9aO:kY43Sc;Uvc8o:VDovNc;V7j7Sb:stsTjb;VJwZIe:q5U1uf;X6zUkd:u0z0vd;XSYl9e:GNVVIb;YBlgBf:LMo5Id;YIZmRd:A1yn5d;Ycdno:rkQZze;YfZO5c:CVuqWd;ZE1Tgd:kZF9ne;ZGeKvd:rb5w8b;ZT1aHd:g7FNPe;ZaFVgc:wOWhl;ZjyI3e:W2v6fc;a56pNe:JEfCwb;aPdIxb:F52gIc;bS8oAe:Kimhwf;brg6Gd:TlvL3b;cEt90b:ws9Tlc;cFl0Ie:PWJipc;cJj1Kd:A5k23d;cYTQve:GhXhl;cgbTHc:G8ycZ;dDPGef:IiQq4e;dIoSBb:SpsfSb;dYFttf:ZRxAzc;dowIGb:ebZ3mb;eBAeSb:zbML3c;esl3oe:Qz2vJf;fh9ycc:UUtz9d;g2wfV:DcDVld;gAClPb:ghdkwd;hgud7d:GNh0Qc;hoquJe:EjBUIf;iFQyKf:QIhFr;iKsOgb:cWjcJb;jRrT5d:EHUI2d;jg0vue:iItGlf;jtBjNe:dWHZee;kNqx7b:gzp7wb;kqpyR:oFF0ab;l4RAwd:h5Fnie;l6twR:Fvyyad;lJ7cgb:Erp0q;lOO0Vd:OTA3Ae;lx9iFf:nVFiIc;m4bwx:htQxyf;nAFL3:s39S4;oFd48c:l7VM1e;oGtAuc:sOXFj;p0iB4:VQhtq;pXdRYb:MdUzUe;qSBODf:H8X5pc;qafBPd:yDVVkb;qddgKe:xQtZb;qgOdad:vko54d;rWx8Cc:DxgUF;rarsed:Mb2qyd;rpiri:tZyrxe;sgnAWd:HkSoT;ssiZFc:BhQ85d;vKM7Jb:cWjcJb;w1T0Td:xpWMVc;wR5FRb:O1Gjze;x2i2de:zeWni;x4CZme:lCtfC;xbOSgd:e5G55;xqZiqf:wmnU7d;ye9FMd:KC9GA;yxTchf:KUM7Z;zBvUNc:fT8Mbb;zJxI2:kxz7Nb;zxnPse:GkRiKb/m=ws9Tlc,n73qwf,GkRiKb,e5qFLc,IZT63,UUJqVe,O1Gjze,xUdipf,ZDZcre,OTA3Ae,ZwDk9d,RyvaUb,mI3LFb,XU5LFb,m9oV,hl,P6sQOc,QcfBve,mzzZzc,rCcCxc,mSX26d,WO9ee,JGjVRe,en2VH,ALJJub,ncpZGe,kRDR8c,H9H6ie,sszRX,QQnX0,uHu91b,kgMFLe,hKCjub,CJeEuc,O6y8ed,PrPYRd,MpJwZc,NwH0H,V3dDOb,lazG7b,Ivl8bd,g9HNd,XVMNvd,L1AAkb,KUM7Z,Fl2dbf,s39S4,lwddkf,gychg,w9hDv,RMhBfe,SdcwHb,aW3pY,texUgd,pw70Gc,EFQ78c,Ulmmrd,A7fCU,mdR7q,wmnU7d,xQtZb,FSOnAf,gJzDyc,JNoxi,MI6k7c,kjKdXe,BVgquf,QIhFr,lfpdyf,hKSk3e,hc6Ubd,SpsfSb,Z5uLle,MdUzUe,zbML3c,zr1jrb,Uas9Hd,pjICDe?wli=MeetingsUi.N8FEULEQS-w.loadAudioAnalyzer.O%3A%3BMeetingsUi.cNsHZ9j-Kes.loadNetEqLyraWrapper.O%3A%3BMeetingsUi.ChfV7rYTfFM.loadNetEqWrapper.O%3A%3B (4286)
[6644:15460:0407/195632.709:INFO:CONSOLE(293)] "Uncaught (in promise) cancel: Signal asynchronously disposed", source: https://meet.google.com/_/scs/mss-static/_/js/k=boq-rtc.MeetingsUi.en.cZeYqncDA9s.2020.O/am=1mgKgIBANEAAGAMGUAABIAQAygCASAEEDgwwAOTBARDAAAAAIABLUogxAAAENwAQBDr9ANxhQoAAGA/d=1/excm=_b,_tp,calldesktoppageview/ed=1/dg=0/br=0/wt=2/ujg=1/rs=AL5CKSGlLYTSXH0kvn3iAg423SsMm165BA/m=_b,_tp?wli=MeetingsUi.N8FEULEQS-w.loadAudioAnalyzer.O%3A%3BMeetingsUi.cNsHZ9j-Kes.loadNetEqLyraWrapper.O%3A%3BMeetingsUi.ChfV7rYTfFM.loadNetEqWrapper.O%3A%3B (293)
[6644:15460:0407/195635.716:WARNING:page_discarding_helper.cc(163)] Discarding multiple pages with target (kb): 0, discard_protected_tabs: 0
[6644:15460:0407/195640.731:WARNING:page_discarding_helper.cc(163)] Discarding multiple pages with target (kb): 0, discard_protected_tabs: 0
[6644:15460:0407/195645.738:WARNING:page_discarding_helper.cc(163)] Discarding multiple pages with target (kb): 0, discard_protected_tabs: 0
[6644:15460:0407/195650.744:WARNING:page_discarding_helper.cc(163)] Discarding multiple pages with target (kb): 0, discard_protected_tabs: 0
[6644:15460:0407/195655.754:WARNING:page_discarding_helper.cc(163)] Discarding multiple pages with target (kb): 0, discard_protected_tabs: 0
[6644:15460:0407/195700.758:WARNING:page_discarding_helper.cc(163)] Discarding multiple pages with target (kb): 0, discard_protected_tabs: 0
[6644:15460:0407/195725.822:WARNING:page_discarding_helper.cc(163)] Discarding multiple pages with target (kb): 0, discard_protected_tabs: 0
