[27596:10100:0407/004240.977:INFO:chrome_browser_cloud_management_controller.cc(196)] No machine level policy manager exists.
[27596:10100:0407/004241.016:WARNING:chrome_browser_main_win.cc(745)] Command line too long for RegisterApplicationRestart:  --aggressive-cache-discard --allow-pre-commit-input --disable-application-cache --disable-background-networking --disable-backgrounding-occluded-windows --disable-blink-features=AutomationControlled --disable-cache --disable-client-side-phishing-detection --disable-default-apps --disable-dev-shm-usage --disable-extensions --disable-gpu --disable-hang-monitor --disable-infobars --disable-notifications --disable-offline-load-stale-cache --disable-popup-blocking --disable-prompt-on-repost --disable-sync --disk-cache-size=0 --enable-automation --enable-logging --js-flags=--expose-gc --log-level=0 --no-first-run --no-sandbox --no-service-autorun --password-store=basic --remote-debugging-port=0 --start-maximized --test-type=webdriver --use-fake-device-for-media-stream --use-fake-ui-for-media-stream --use-mock-keychain --user-agent="Mozilla/5.0 (Windows NT 10.0; Win64; x64) AppleWebKit/537.36 (KHTML, like Gecko) Chrome/120.0.0.0 Safari/537.36" --user-data-dir="C:\Users\diksh\Desktop\WB-D\AI Meet Project\backend\chrome-user-data\sometapatapisneeded5@gmail.com-1743966759996-e49d7162" --restore-last-session --restart
[1588:22112:0407/004241.219:WARNING:viz_main_impl.cc(85)] VizNullHypothesis is disabled (not a warning)
[27596:10100:0407/004242.597:INFO:CONSOLE(40)] "[Report Only] This document requires 'TrustedHTML' assignment.", source: https://www.gstatic.com/external_hosted/lottie_player/lottie_player_binary-bundle.js (40)
[27596:10100:0407/004242.814:INFO:CONSOLE(5)] "[Report Only] This document requires 'TrustedScriptURL' assignment.", source: https://www.google.com/account/about/?hl=en-US (5)
[27596:10100:0407/004245.979:WARNING:page_discarding_helper.cc(163)] Discarding multiple pages with target (kb): 0, discard_protected_tabs: 0
[27596:10100:0407/004250.990:WARNING:page_discarding_helper.cc(163)] Discarding multiple pages with target (kb): 0, discard_protected_tabs: 0
[27596:10100:0407/004251.790:WARNING:controller_impl.cc(1187)] Background download complete, client: 6, completion type: 0, file size:5156
[27596:10100:0407/004251.908:WARNING:controller_impl.cc(1187)] Background download complete, client: 6, completion type: 0, file size:265059
[27596:10100:0407/004253.063:WARNING:controller_impl.cc(1187)] Background download complete, client: 6, completion type: 0, file size:2200227
[27596:10100:0407/004253.397:WARNING:controller_impl.cc(1187)] Background download complete, client: 6, completion type: 0, file size:45169
[27596:10100:0407/004253.818:INFO:CONSOLE(0)] "[DOM] Input elements should have autocomplete attributes (suggested: "current-password"): (More info: https://goo.gl/9p2vKq) %o", source: https://accounts.google.com/v3/signin/identifier?ifkv=AXH0vVv25dQLS5C7i784oMO2-YTpIN1hk4zjgsXYDsTXp8qn_aHx42TDo2kgdPSBqXUWdiY_dBc8&flowName=GlifWebSignIn&flowEntry=ServiceLogin&dsh=S1765090268%3A1743966776046952 (0)
[27596:10100:0407/004253.831:INFO:CONSOLE(426)] "%c%s color: red; background: yellow; font-size: 24px; WARNING!", source: https://www.gstatic.com/_/mss/boq-identity/_/js/k=boq-identity.AccountsSignInUi.en_US.Cjk3WYmewT8.es5.O/am=yQEMSyZvAAVxFjOQzgJGAkIGAAAAAAAAAABsAACAOQY/d=1/excm=_b,_tp,identifierview/ed=1/dg=0/wt=2/ujg=1/rs=AOaEmlHxGnSL_SkYw1qYdIKwYe72QzI9Tw/m=_b,_tp (426)
[27596:10100:0407/004253.831:INFO:CONSOLE(426)] "%c%s font-size: 18px; Using this console may allow attackers to impersonate you and steal your information using an attack called Self-XSS.
Do not enter or paste code that you do not understand.", source: https://www.gstatic.com/_/mss/boq-identity/_/js/k=boq-identity.AccountsSignInUi.en_US.Cjk3WYmewT8.es5.O/am=yQEMSyZvAAVxFjOQzgJGAkIGAAAAAAAAAABsAACAOQY/d=1/excm=_b,_tp,identifierview/ed=1/dg=0/wt=2/ujg=1/rs=AOaEmlHxGnSL_SkYw1qYdIKwYe72QzI9Tw/m=_b,_tp (426)
[27596:10100:0407/004254.097:WARNING:download_manager_impl.cc(701)] A download with the same GUID already exists, the new request is ignored.
[27596:10100:0407/004255.993:WARNING:page_discarding_helper.cc(163)] Discarding multiple pages with target (kb): 0, discard_protected_tabs: 0
[27596:10100:0407/004257.369:WARNING:controller_impl.cc(1187)] Background download complete, client: 6, completion type: 0, file size:883094
[27596:10100:0407/004257.382:WARNING:capture_device_ranking.h(255)] Can't initialize the value of media.audio_input.user_preference_ranking because media.default_audio_capture_device isn't registered or is empty
[27596:10100:0407/004257.382:WARNING:capture_device_ranking.h(255)] Can't initialize the value of media.video_input.user_preference_ranking because media.default_video_capture_Device isn't registered or is empty
[27596:10100:0407/004257.382:WARNING:capture_device_ranking.h(255)] Can't initialize the value of media.audio_input.user_preference_ranking because media.default_audio_capture_device isn't registered or is empty
[27596:10100:0407/004257.382:WARNING:capture_device_ranking.h(255)] Can't initialize the value of media.video_input.user_preference_ranking because media.default_video_capture_Device isn't registered or is empty
[27596:10100:0407/004257.467:WARNING:controller_impl.cc(1187)] Background download complete, client: 6, completion type: 0, file size:2992963
[27596:10100:0407/004257.694:WARNING:controller_impl.cc(1187)] Background download complete, client: 6, completion type: 0, file size:4680
[27596:10100:0407/004258.337:WARNING:controller_impl.cc(1187)] Background download complete, client: 6, completion type: 0, file size:118577
[27596:10100:0407/004258.911:WARNING:controller_impl.cc(1187)] Background download complete, client: 6, completion type: 0, file size:2747170
[1588:22112:0407/004301.991:ERROR:gles2_cmd_decoder_passthrough.cc(1094)] [GroupMarkerNotSet(crbug.com/242999)!:A030230034760000]Automatic fallback to software WebGL has been deprecated. Please use the --enable-unsafe-swiftshader flag to opt in to lower security guarantees for trusted content.
[27596:10100:0407/004302.065:INFO:CONSOLE(0)] "[GroupMarkerNotSet(crbug.com/242999)!:A030230034760000]Automatic fallback to software WebGL has been deprecated. Please use the --enable-unsafe-swiftshader flag to opt in to lower security guarantees for trusted content.", source: https://accounts.google.com/v3/signin/identifier?ifkv=AXH0vVv25dQLS5C7i784oMO2-YTpIN1hk4zjgsXYDsTXp8qn_aHx42TDo2kgdPSBqXUWdiY_dBc8&flowName=GlifWebSignIn&flowEntry=ServiceLogin&dsh=S1765090268%3A1743966776046952 (0)
[27596:10100:0407/004303.940:WARNING:capture_device_ranking.h(255)] Can't initialize the value of media.audio_input.user_preference_ranking because media.default_audio_capture_device isn't registered or is empty
[27596:10100:0407/004303.940:WARNING:capture_device_ranking.h(255)] Can't initialize the value of media.video_input.user_preference_ranking because media.default_video_capture_Device isn't registered or is empty
[1588:22112:0407/004306.984:ERROR:gles2_cmd_decoder_passthrough.cc(1094)] [GroupMarkerNotSet(crbug.com/242999)!:A060230034760000]Automatic fallback to software WebGL has been deprecated. Please use the --enable-unsafe-swiftshader flag to opt in to lower security guarantees for trusted content.
[27596:10100:0407/004307.002:INFO:CONSOLE(0)] "[GroupMarkerNotSet(crbug.com/242999)!:A060230034760000]Automatic fallback to software WebGL has been deprecated. Please use the --enable-unsafe-swiftshader flag to opt in to lower security guarantees for trusted content.", source: https://accounts.google.com/v3/signin/challenge/pwd?TL=ADBLaQD82U_lCNFJ2f7txfWi-jKgKgMih-2roA4WhKpc0CGnii9u6tw71wY6-fli&checkConnection=youtube%3A521&checkedDomains=youtube&cid=1&dsh=S1765090268%3A1743966776046952&flowEntry=ServiceLogin&flowName=GlifWebSignIn&ifkv=AXH0vVv25dQLS5C7i784oMO2-YTpIN1hk4zjgsXYDsTXp8qn_aHx42TDo2kgdPSBqXUWdiY_dBc8&pstMsg=1 (0)
[27596:10100:0407/004308.247:INFO:CONSOLE(689)] "%c%s color:teal;font-size:24px Developing an extension for Meet? An add-on would work better.", source: https://meet.google.com/_/scs/mss-static/_/js/k=boq-rtc.MeetingsUi.en_US.7dj6QHdBDws.2020.O/am=xmgKgIBANEAAGAcGWAABIAQAygCASAEEDgwwAOTBARDAAAAAIABLVogQAAAENwAQBDr9ANxlQogCGA/d=1/excm=_b,_tp,calldesktoppageview/ed=1/dg=0/br=1/wt=2/ujg=1/rs=AL5CKSE-qnijcDPbuIdaQ0A5HtVVWlgfVg/m=_b,_tp?wli=MeetingsUi.N8FEULEQS-w.loadAudioAnalyzer.O%3A%3BMeetingsUi.cNsHZ9j-Kes.loadNetEqLyraWrapper.O%3A%3BMeetingsUi.ChfV7rYTfFM.loadNetEqWrapper.O%3A%3B (689)
[27596:10100:0407/004308.247:INFO:CONSOLE(689)] "%c%s color:teal;font-size:16px Extensions frequently cause user issues by altering the page.", source: https://meet.google.com/_/scs/mss-static/_/js/k=boq-rtc.MeetingsUi.en_US.7dj6QHdBDws.2020.O/am=xmgKgIBANEAAGAcGWAABIAQAygCASAEEDgwwAOTBARDAAAAAIABLVogQAAAENwAQBDr9ANxlQogCGA/d=1/excm=_b,_tp,calldesktoppageview/ed=1/dg=0/br=1/wt=2/ujg=1/rs=AL5CKSE-qnijcDPbuIdaQ0A5HtVVWlgfVg/m=_b,_tp?wli=MeetingsUi.N8FEULEQS-w.loadAudioAnalyzer.O%3A%3BMeetingsUi.cNsHZ9j-Kes.loadNetEqLyraWrapper.O%3A%3BMeetingsUi.ChfV7rYTfFM.loadNetEqWrapper.O%3A%3B (689)
[27596:10100:0407/004308.248:INFO:CONSOLE(690)] "%c%s font-size:16px https://developers.google.com/meet/add-ons", source: https://meet.google.com/_/scs/mss-static/_/js/k=boq-rtc.MeetingsUi.en_US.7dj6QHdBDws.2020.O/am=xmgKgIBANEAAGAcGWAABIAQAygCASAEEDgwwAOTBARDAAAAAIABLVogQAAAENwAQBDr9ANxlQogCGA/d=1/excm=_b,_tp,calldesktoppageview/ed=1/dg=0/br=1/wt=2/ujg=1/rs=AL5CKSE-qnijcDPbuIdaQ0A5HtVVWlgfVg/m=_b,_tp?wli=MeetingsUi.N8FEULEQS-w.loadAudioAnalyzer.O%3A%3BMeetingsUi.cNsHZ9j-Kes.loadNetEqLyraWrapper.O%3A%3BMeetingsUi.ChfV7rYTfFM.loadNetEqWrapper.O%3A%3B (690)
[27596:10100:0407/004308.279:INFO:CONSOLE(620)] "%c%s color: red; background: yellow; font-size: 24px; WARNING!", source: https://meet.google.com/_/scs/mss-static/_/js/k=boq-rtc.MeetingsUi.en_US.7dj6QHdBDws.2020.O/am=xmgKgIBANEAAGAcGWAABIAQAygCASAEEDgwwAOTBARDAAAAAIABLVogQAAAENwAQBDr9ANxlQogCGA/d=1/excm=_b,_tp,calldesktoppageview/ed=1/dg=0/br=1/wt=2/ujg=1/rs=AL5CKSE-qnijcDPbuIdaQ0A5HtVVWlgfVg/m=_b,_tp?wli=MeetingsUi.N8FEULEQS-w.loadAudioAnalyzer.O%3A%3BMeetingsUi.cNsHZ9j-Kes.loadNetEqLyraWrapper.O%3A%3BMeetingsUi.ChfV7rYTfFM.loadNetEqWrapper.O%3A%3B (620)
[27596:10100:0407/004308.279:INFO:CONSOLE(620)] "%c%s font-size: 18px; Using this console may allow attackers to impersonate you and steal your information using an attack called Self-XSS.
Do not enter or paste code that you do not understand.", source: https://meet.google.com/_/scs/mss-static/_/js/k=boq-rtc.MeetingsUi.en_US.7dj6QHdBDws.2020.O/am=xmgKgIBANEAAGAcGWAABIAQAygCASAEEDgwwAOTBARDAAAAAIABLVogQAAAENwAQBDr9ANxlQogCGA/d=1/excm=_b,_tp,calldesktoppageview/ed=1/dg=0/br=1/wt=2/ujg=1/rs=AL5CKSE-qnijcDPbuIdaQ0A5HtVVWlgfVg/m=_b,_tp?wli=MeetingsUi.N8FEULEQS-w.loadAudioAnalyzer.O%3A%3BMeetingsUi.cNsHZ9j-Kes.loadNetEqLyraWrapper.O%3A%3BMeetingsUi.ChfV7rYTfFM.loadNetEqWrapper.O%3A%3B (620)
[27596:10100:0407/004309.455:WARNING:capture_device_ranking.h(255)] Can't initialize the value of media.audio_input.user_preference_ranking because media.default_audio_capture_device isn't registered or is empty
[27596:10100:0407/004309.455:WARNING:capture_device_ranking.h(255)] Can't initialize the value of media.video_input.user_preference_ranking because media.default_video_capture_Device isn't registered or is empty
[27596:10100:0407/004309.455:WARNING:capture_device_ranking.h(255)] Can't initialize the value of media.audio_input.user_preference_ranking because media.default_audio_capture_device isn't registered or is empty
[27596:10100:0407/004309.455:WARNING:capture_device_ranking.h(255)] Can't initialize the value of media.video_input.user_preference_ranking because media.default_video_capture_Device isn't registered or is empty
[1588:22112:0407/004309.493:ERROR:gles2_cmd_decoder_passthrough.cc(1094)] [GroupMarkerNotSet(crbug.com/242999)!:A060230034760000]Automatic fallback to software WebGL has been deprecated. Please use the --enable-unsafe-swiftshader flag to opt in to lower security guarantees for trusted content.
[27596:10100:0407/004309.588:WARNING:capture_device_ranking.h(255)] Can't initialize the value of media.audio_input.user_preference_ranking because media.default_audio_capture_device isn't registered or is empty
[27596:10100:0407/004309.588:WARNING:capture_device_ranking.h(255)] Can't initialize the value of media.video_input.user_preference_ranking because media.default_video_capture_Device isn't registered or is empty
[27148:15092:0407/004309.654:INFO:peer_connection_dependency_factory.cc(802)] Running WebRTC with a combined Network and Worker thread.
[27596:10100:0407/004309.706:INFO:CONSOLE(0)] "[GroupMarkerNotSet(crbug.com/242999)!:A060230034760000]Automatic fallback to software WebGL has been deprecated. Please use the --enable-unsafe-swiftshader flag to opt in to lower security guarantees for trusted content.", source: https://meet.google.com/vts-yukf-cah (0)
[1588:22112:0407/004309.799:ERROR:gles2_cmd_decoder_passthrough.cc(958)] ContextResult::kFatalFailure: fail_if_major_perf_caveat + swiftshader
[1588:22112:0407/004309.806:ERROR:gles2_cmd_decoder_passthrough.cc(1094)] [GroupMarkerNotSet(crbug.com/242999)!:A090230034760000]Automatic fallback to software WebGL has been deprecated. Please use the --enable-unsafe-swiftshader flag to opt in to lower security guarantees for trusted content.
[27596:10100:0407/004309.865:WARNING:capture_device_ranking.h(255)] Can't initialize the value of media.audio_input.user_preference_ranking because media.default_audio_capture_device isn't registered or is empty
[27596:10100:0407/004309.865:WARNING:capture_device_ranking.h(255)] Can't initialize the value of media.video_input.user_preference_ranking because media.default_video_capture_Device isn't registered or is empty
[27596:10100:0407/004310.084:WARNING:capture_device_ranking.h(255)] Can't initialize the value of media.audio_input.user_preference_ranking because media.default_audio_capture_device isn't registered or is empty
[27596:10100:0407/004310.084:WARNING:capture_device_ranking.h(255)] Can't initialize the value of media.video_input.user_preference_ranking because media.default_video_capture_Device isn't registered or is empty
[27596:10100:0407/004310.124:WARNING:capture_device_ranking.h(255)] Can't initialize the value of media.audio_input.user_preference_ranking because media.default_audio_capture_device isn't registered or is empty
[27596:10100:0407/004310.124:WARNING:capture_device_ranking.h(255)] Can't initialize the value of media.video_input.user_preference_ranking because media.default_video_capture_Device isn't registered or is empty
[27596:10100:0407/004310.130:WARNING:capture_device_ranking.h(255)] Can't initialize the value of media.audio_input.user_preference_ranking because media.default_audio_capture_device isn't registered or is empty
[27596:10100:0407/004310.130:WARNING:capture_device_ranking.h(255)] Can't initialize the value of media.video_input.user_preference_ranking because media.default_video_capture_Device isn't registered or is empty
[27596:10100:0407/004310.140:WARNING:capture_device_ranking.h(255)] Can't initialize the value of media.audio_input.user_preference_ranking because media.default_audio_capture_device isn't registered or is empty
[27596:10100:0407/004310.140:WARNING:capture_device_ranking.h(255)] Can't initialize the value of media.video_input.user_preference_ranking because media.default_video_capture_Device isn't registered or is empty
[27596:10100:0407/004310.150:WARNING:capture_device_ranking.h(255)] Can't initialize the value of media.audio_input.user_preference_ranking because media.default_audio_capture_device isn't registered or is empty
[27596:10100:0407/004310.216:INFO:CONSOLE(0)] "Access to fetch at 'https://accounts.google.com/ServiceLogin?passive=1209600&osid=1&continue=https://meet.google.com/_/MeetingsUi/offline/&followup=https://meet.google.com/_/MeetingsUi/offline/&authuser=0' (redirected from 'https://meet.google.com/_/MeetingsUi/offline/') from origin 'https://meet.google.com' has been blocked by CORS policy: No 'Access-Control-Allow-Origin' header is present on the requested resource. If an opaque response serves your needs, set the request's mode to 'no-cors' to fetch the resource with CORS disabled.", source:  (0)
[27596:10100:0407/004310.217:INFO:CONSOLE(397)] "Uncaught (in promise) TypeError: Failed to fetch", source: https://meet.google.com/_/scs/mss-static/_/js/k=boq-rtc.MeetingsServiceWorker.en_GB.4I6gwbtj148.2020.O/am=AIwh/d=1/rs=AL5CKSGpfMzeCPayDthbLhaaPVqZvIScsg/m=base (397)
[27596:10100:0407/004310.260:WARNING:capture_device_ranking.h(255)] Can't initialize the value of media.audio_input.user_preference_ranking because media.default_audio_capture_device isn't registered or is empty
[27596:10100:0407/004310.260:WARNING:capture_device_ranking.h(255)] Can't initialize the value of media.video_input.user_preference_ranking because media.default_video_capture_Device isn't registered or is empty
[27596:10100:0407/004310.323:INFO:CONSOLE(1584)] "The AudioContext was not allowed to start. It must be resumed (or created) after a user gesture on the page. https://goo.gl/7K7WLu", source: https://meet.google.com/_/scs/mss-static/_/js/k=boq-rtc.MeetingsUi.en_US.7dj6QHdBDws.2020.O/ck=boq-rtc.MeetingsUi.O5irbHNrpes.L.B1.O/am=xmgKgIBANEAAGAcGWAABIAQAygCASAEEDgwwAOTBARDAAAAAIABLVogQAAAENwAQBDr9ANxlQogCGA/d=1/exm=LEikZe,_b,_tp,byfTOb,lsjVmc/excm=_b,_tp,calldesktoppageview/ed=1/br=1/wt=2/ujg=1/rs=AL5CKSEwf_Tcit17Xs6Nwp-jwhFtK5WZvg/ee=AM9HZd:vCak4b;BjCzpe:Yvr34d;Bnf5Lc:iPDrZd;CDC4qf:q6fE0e;CMRktf:sGrqec;DGWCxb:CgYiQ;E1tgbf:hMxPK;EAoUvb:aKikzb;EVNhjf:pw70Gc;EfKZq:QO2YB;EmZ2Bf:zr1jrb;GKUnZb:WNRENb;GmdGTd:Ct4wsb;IXc14:VZgraf;J9XQCb:ojlpPe;JLGZx:oSnDHf;JsINff:yeaFZ;JsbNhc:Xd8iUd;K5nYTd:ZDZcre;KKym4b:dTTbnb;KNpT6b:iSCite;KgXQpf:pQJdrb;LBgRLc:SdcwHb;LQJKcd:WuS5Ye;MJ6mxb:ubdYZ;Me32dd:MEeYgc;N8ehxe:AKukpf;NAHCGe:mxiOOb;NPKaK:SdcwHb;NSEoX:lazG7b;OOoYAb:Oj9pPe;PRDQhf:ux3mLc;PgXDBd:dm1dhc;Pjplud:EEDORb;QGR0gd:Mlhmy;QhhnXd:UqJYYe;RRwdt:gGRuRe;RYWUUc:anescc;Rh5nIc:JScXmc;SIjcAd:jrKD8b;SL22ab:CBRamd;SNUn3:ZwDk9d;SVOR2e:RqS4qe;SVvzme:BPB8ib;ScI3Yc:e7Hzgb;Szy1cf:nBpGQ;TB8xhd:AGa58c;ULs67c:bdUBJc;Up9aO:kY43Sc;Uvc8o:VDovNc;V7j7Sb:stsTjb;VJwZIe:q5U1uf;X6zUkd:u0z0vd;XSYl9e:GNVVIb;YBlgBf:LMo5Id;YIZmRd:A1yn5d;Ycdno:rkQZze;YfZO5c:CVuqWd;ZE1Tgd:kZF9ne;ZGeKvd:rb5w8b;ZT1aHd:g7FNPe;ZaFVgc:wOWhl;ZjyI3e:W2v6fc;a56pNe:JEfCwb;aPdIxb:F52gIc;bS8oAe:Kimhwf;brg6Gd:TlvL3b;cEt90b:ws9Tlc;cFl0Ie:PWJipc;cJj1Kd:A5k23d;cYTQve:GhXhl;cgbTHc:G8ycZ;dDPGef:IiQq4e;dIoSBb:SpsfSb;dYFttf:ZRxAzc;dowIGb:ebZ3mb;eBAeSb:zbML3c;esl3oe:Qz2vJf;fh9ycc:gHNvKb;g2wfV:DcDVld;gAClPb:ghdkwd;hgud7d:GNh0Qc;hoquJe:EjBUIf;iFQyKf:QIhFr;iKsOgb:cWjcJb;jRrT5d:EHUI2d;jg0vue:iItGlf;jtBjNe:dWHZee;kNqx7b:gzp7wb;kqpyR:qIJF2;l4RAwd:h5Fnie;l6twR:Fvyyad;lJ7cgb:Erp0q;lOO0Vd:OTA3Ae;lx9iFf:nVFiIc;m4bwx:htQxyf;nAFL3:s39S4;oFd48c:l7VM1e;oGtAuc:sOXFj;p0iB4:VQhtq;pXdRYb:MdUzUe;qSBODf:H8X5pc;qafBPd:yDVVkb;qddgKe:xQtZb;qgOdad:vko54d;rWx8Cc:DxgUF;rarsed:Mb2qyd;rpiri:tZyrxe;sgnAWd:HkSoT;ssiZFc:BhQ85d;vKM7Jb:cWjcJb;w1T0Td:xpWMVc;wR5FRb:O1Gjze;x2i2de:zeWni;x4CZme:lCtfC;xbOSgd:e5G55;xqZiqf:wmnU7d;ye9FMd:KC9GA;yxTchf:KUM7Z;zBvUNc:fT8Mbb;zJxI2:kxz7Nb;zxnPse:GkRiKb/m=ws9Tlc,n73qwf,GkRiKb,e5qFLc,IZT63,UUJqVe,O1Gjze,xUdipf,ZDZcre,OTA3Ae,ZwDk9d,RyvaUb,mI3LFb,XU5LFb,m9oV,hl,P6sQOc,QcfBve,mzzZzc,rCcCxc,mSX26d,WO9ee,JGjVRe,en2VH,ALJJub,ncpZGe,kRDR8c,H9H6ie,sszRX,FU117c,QQnX0,uHu91b,kgMFLe,hKCjub,CJeEuc,O6y8ed,PrPYRd,MpJwZc,NwH0H,V3dDOb,lazG7b,Ivl8bd,g9HNd,XVMNvd,L1AAkb,KUM7Z,Fl2dbf,s39S4,lwddkf,gychg,w9hDv,RMhBfe,SdcwHb,aW3pY,texUgd,pw70Gc,EFQ78c,Ulmmrd,A7fCU,mdR7q,wmnU7d,xQtZb,FSOnAf,gJzDyc,JNoxi,MI6k7c,kjKdXe,BVgquf,QIhFr,lfpdyf,hKSk3e,hc6Ubd,SpsfSb,Z5uLle,MdUzUe,zbML3c,zr1jrb,Uas9Hd,pjICDe?wli=MeetingsUi.N8FEULEQS-w.loadAudioAnalyzer.O%3A%3BMeetingsUi.cNsHZ9j-Kes.loadNetEqLyraWrapper.O%3A%3BMeetingsUi.ChfV7rYTfFM.loadNetEqWrapper.O%3A%3B (1584)
[27596:10100:0407/004310.345:INFO:CONSOLE(0)] "Access to fetch at 'https://accounts.google.com/ServiceLogin?passive=1209600&osid=1&continue=https://meet.google.com/_/MeetingsUi/offline/&followup=https://meet.google.com/_/MeetingsUi/offline/&authuser=0' (redirected from 'https://meet.google.com/_/MeetingsUi/offline/') from origin 'https://meet.google.com' has been blocked by CORS policy: No 'Access-Control-Allow-Origin' header is present on the requested resource. If an opaque response serves your needs, set the request's mode to 'no-cors' to fetch the resource with CORS disabled.", source:  (0)
[27596:10100:0407/004310.345:INFO:CONSOLE(397)] "Uncaught (in promise) TypeError: Failed to fetch", source: https://meet.google.com/_/scs/mss-static/_/js/k=boq-rtc.MeetingsServiceWorker.en_GB.4I6gwbtj148.2020.O/am=AIwh/d=1/rs=AL5CKSGpfMzeCPayDthbLhaaPVqZvIScsg/m=base (397)
[27596:10100:0407/004310.424:INFO:CONSOLE(0)] "[Report Only] Refused to load the script 'https://www.gstatic.com/hangouts_echo_detector/release/726916173/audio_analyzer_processor_bundle.js' because it violates the following Content Security Policy directive: "script-src 'unsafe-inline' 'unsafe-eval' blob: data: https://meet.google.com/_/scs/mss-static/_/js/ https://www.gstatic.com/video_effects/effects/ https://www-onepick-opensocial.googleusercontent.com/gadgets/js/rpc.js https://www.gstatic.com/_/mss/boq-one-google/_/ https://www.gstatic.com/og/_/js/ https://apis.google.com/js/api.js https://apis.google.com/js/client.js https://www.google.com/tools/feedback/load.js https://www.google.com/tools/feedback/open.js https://www.google.com/tools/feedback/open_to_help_guide_lazy.js https://www.google.com/tools/feedback/help_api.js https://www.gstatic.com/inproduct_help/service/lazy.min.js https://www.gstatic.com/inproduct_help/api/main.min.js https://www.gstatic.com/inproduct_help/chatsupport/chatsupport_button_v2.js https://www.gstatic.com/feedback/js/help/prod/service/lazy.min.js https://www.gstatic.com/uservoice/feedback/client/web/live/ https://www.google.com/tools/feedback/chat_load.js https://www.gstatic.com/uservoice/surveys/resources/prod/js/survey/ https://www.gstatic.com/feedback/js/ghelp/ https://meet.google.com/meetsw.js https://meet.google.com/devicesw.js https://meet.google.com/notrodsw.js https://www.googletagmanager.com/gtag/js https://www.google-analytics.com/analytics.js https://www.googletagmanager.com/gtag/destination https://maps.googleapis.com/maps/api/js https://meet.google.com/_/scs/mss-static/_/js/k=boq-rtc.MeetingsUi.en_US.7dj6QHdBDws.2020.O/ https://apis.google.com/_/scs/abc-static/_/js/ https://maps.googleapis.com/maps-api-v3/api/js/ https://maps.googleapis.com/maps/vt https://maps.googleapis.com/maps/api/js/ https://maps.googleapis.com/maps/api/place/js/". Note that 'script-src-elem' was not explicitly set, so 'script-src' is used as a fallback.
", source: https://meet.google.com/vts-yukf-cah (0)
[27596:10100:0407/004310.485:WARNING:capture_device_ranking.h(255)] Can't initialize the value of media.video_input.user_preference_ranking because media.default_video_capture_Device isn't registered or is empty
[27596:10100:0407/004310.490:WARNING:capture_device_ranking.h(255)] Can't initialize the value of media.audio_input.user_preference_ranking because media.default_audio_capture_device isn't registered or is empty
[27596:10100:0407/004310.490:WARNING:capture_device_ranking.h(255)] Can't initialize the value of media.video_input.user_preference_ranking because media.default_video_capture_Device isn't registered or is empty
[27596:10100:0407/004310.513:WARNING:capture_device_ranking.h(255)] Can't initialize the value of media.audio_input.user_preference_ranking because media.default_audio_capture_device isn't registered or is empty
[27596:10100:0407/004310.513:WARNING:capture_device_ranking.h(255)] Can't initialize the value of media.video_input.user_preference_ranking because media.default_video_capture_Device isn't registered or is empty
[27148:15092:0407/004311.105:WARNING:sdp_munging_detector.cc(313)] SDP munging: RTP header extension added.
[27596:10100:0407/004311.114:WARNING:capture_device_ranking.h(255)] Can't initialize the value of media.audio_input.user_preference_ranking because media.default_audio_capture_device isn't registered or is empty
[27148:18080:0407/004311.128:WARNING:transport_description.cc(32)] '-', '=', '#' and '-' are not valid ice-char and thus not permitted in ufrag or pwd. This is a protocol violation that is permitted to allow upgrading but will be rejected in the future. See https://crbug.com/1053756
[27148:18080:0407/004311.128:WARNING:transport_description.cc(32)] '-', '=', '#' and '-' are not valid ice-char and thus not permitted in ufrag or pwd. This is a protocol violation that is permitted to allow upgrading but will be rejected in the future. See https://crbug.com/1053756
[27148:18080:0407/004311.128:WARNING:openssl_stream_adapter.cc(155)] WebRTC-ForceDtls13: 
[27148:18080:0407/004311.131:INFO:ipc_socket_factory.cc(577)] Setting new p2p socket buffer limit to 262144
[27148:18080:0407/004311.131:INFO:ipc_socket_factory.cc(577)] Setting new p2p socket buffer limit to 262144
[27148:18080:0407/004311.132:INFO:ipc_socket_factory.cc(577)] Setting new p2p socket buffer limit to 262144
[27148:18080:0407/004311.135:INFO:ipc_socket_factory.cc(577)] Setting new p2p socket buffer limit to 262144
[3408:28376:0407/004311.135:INFO:socket_udp.cc(477)] sendto() has failed twice returning a  transient error net::ERR_ADDRESS_UNREACHABLE. Dropping the packet.
[27148:18080:0407/004311.135:INFO:ipc_socket_factory.cc(577)] Setting new p2p socket buffer limit to 262144
[27148:18080:0407/004311.135:INFO:ipc_socket_factory.cc(577)] Setting new p2p socket buffer limit to 262144
[27148:15092:0407/004311.149:WARNING:sdp_munging_detector.cc(167)] SDP munging: video codecs added.
[27148:18080:0407/004311.153:WARNING:transport_description.cc(32)] '-', '=', '#' and '-' are not valid ice-char and thus not permitted in ufrag or pwd. This is a protocol violation that is permitted to allow upgrading but will be rejected in the future. See https://crbug.com/1053756
[27148:18080:0407/004311.153:WARNING:transport_description.cc(32)] '-', '=', '#' and '-' are not valid ice-char and thus not permitted in ufrag or pwd. This is a protocol violation that is permitted to allow upgrading but will be rejected in the future. See https://crbug.com/1053756
[3408:28376:0407/004311.194:WARNING:net_errors_win.cc(119)] Unknown error 1168 mapped to net::ERR_FAILED
[3408:28376:0407/004311.194:INFO:socket_udp.cc(477)] sendto() has failed twice returning a  transient error net::ERR_ADDRESS_UNREACHABLE. Dropping the packet.
[27148:18080:0407/004311.241:WARNING:tcp_port.cc(482)] Dropping connection as TCP socket bound to IP 192.168.29.x, rather than an address associated with network:Net[{33F2CC8E-0AD2-4A22-B28F-4AF102F5BD63}:192.168.56.x/24:Ethernet:id=1]
[27148:18080:0407/004311.248:WARNING:tcp_port.cc(482)] Dropping connection as TCP socket bound to IP 2405:201:402b:x:x:x:x:x, rather than an address associated with network:Net[{3508985F-B00E-4209-86A8-61AB47C9083F}:2405:201:402b:x:x:x:x:x/64:Wifi:id=3]
[27148:18080:0407/004311.248:WARNING:tcp_port.cc(482)] Dropping connection as TCP socket bound to IP 192.168.29.x, rather than an address associated with network:Net[{EA1CA3BF-F6BE-451F-B0F9-F818341EEF42}:172.24.160.x/20:Ethernet:id=6]
[27148:18080:0407/004311.248:WARNING:tcp_port.cc(482)] Dropping connection as TCP socket bound to IP 192.168.29.x, rather than an address associated with network:Net[{4766BE55-B660-4781-A5A1-CC1D8B77C976}:192.168.234.x/24:Ethernet:id=5]
[3408:28376:0407/004311.256:WARNING:net_errors_win.cc(119)] Unknown error 1168 mapped to net::ERR_FAILED
[3408:28376:0407/004311.256:INFO:socket_udp.cc(477)] sendto() has failed twice returning a  transient error net::ERR_ADDRESS_UNREACHABLE. Dropping the packet.
[3408:28376:0407/004311.317:WARNING:net_errors_win.cc(119)] Unknown error 1168 mapped to net::ERR_FAILED
[3408:28376:0407/004311.318:INFO:socket_udp.cc(477)] sendto() has failed twice returning a  transient error net::ERR_ADDRESS_UNREACHABLE. Dropping the packet.
[3408:28376:0407/004311.388:WARNING:net_errors_win.cc(119)] Unknown error 1168 mapped to net::ERR_FAILED
[3408:28376:0407/004311.388:INFO:socket_udp.cc(477)] sendto() has failed twice returning a  transient error net::ERR_ADDRESS_UNREACHABLE. Dropping the packet.
[3408:28376:0407/004311.444:WARNING:net_errors_win.cc(119)] Unknown error 1168 mapped to net::ERR_FAILED
[3408:28376:0407/004311.444:INFO:socket_udp.cc(477)] sendto() has failed twice returning a  transient error net::ERR_ADDRESS_UNREACHABLE. Dropping the packet.
[3408:28376:0407/004311.990:WARNING:net_errors_win.cc(119)] Unknown error 1168 mapped to net::ERR_FAILED
[3408:28376:0407/004311.990:INFO:socket_udp.cc(477)] sendto() has failed twice returning a  transient error net::ERR_ADDRESS_UNREACHABLE. Dropping the packet.
[3408:28376:0407/004312.055:INFO:socket_udp.cc(477)] sendto() has failed twice returning a  transient error net::ERR_ADDRESS_UNREACHABLE. Dropping the packet.
[3408:28376:0407/004312.118:INFO:socket_udp.cc(477)] sendto() has failed twice returning a  transient error net::ERR_ADDRESS_UNREACHABLE. Dropping the packet.
[3408:28376:0407/004312.177:INFO:socket_udp.cc(477)] sendto() has failed twice returning a  transient error net::ERR_ADDRESS_UNREACHABLE. Dropping the packet.
[3408:28376:0407/004312.242:INFO:socket_udp.cc(477)] sendto() has failed twice returning a  transient error net::ERR_ADDRESS_UNREACHABLE. Dropping the packet.
[3408:28376:0407/004312.304:INFO:socket_udp.cc(477)] sendto() has failed twice returning a  transient error net::ERR_ADDRESS_UNREACHABLE. Dropping the packet.
[27596:10100:0407/004313.251:WARNING:capture_device_ranking.h(255)] Can't initialize the value of media.audio_input.user_preference_ranking because media.default_audio_capture_device isn't registered or is empty
[27596:10100:0407/004313.251:WARNING:capture_device_ranking.h(255)] Can't initialize the value of media.video_input.user_preference_ranking because media.default_video_capture_Device isn't registered or is empty
[1588:22112:0407/004313.254:ERROR:gles2_cmd_decoder_passthrough.cc(1094)] [GroupMarkerNotSet(crbug.com/242999)!:A030230034760000]Automatic fallback to software WebGL has been deprecated. Please use the --enable-unsafe-swiftshader flag to opt in to lower security guarantees for trusted content.
[27596:10100:0407/004313.263:INFO:CONSOLE(0)] "[GroupMarkerNotSet(crbug.com/242999)!:A030230034760000]Automatic fallback to software WebGL has been deprecated. Please use the --enable-unsafe-swiftshader flag to opt in to lower security guarantees for trusted content.", source: https://accounts.google.com/AccountChooser/signinchooser?hl=en_US&continue=https%3A%2F%2Fmeet.google.com%2Fvts-yukf-cah&ddm=1&flowName=GlifWebSignIn&flowEntry=AccountChooser (0)
[27596:10100:0407/004315.989:INFO:CONSOLE(689)] "%c%s color:teal;font-size:24px Developing an extension for Meet? An add-on would work better.", source: https://meet.google.com/_/scs/mss-static/_/js/k=boq-rtc.MeetingsUi.en_GB.7yAV83krI24.2020.O/am=xmgKgABAEEAAGAMGUAAAIAQAygCASAEEDgwgAOTBARDAAAAAAABLUogQAAAENQAAAAD9ANxhQoAAGA/d=1/excm=_b,_tp,calldesktoppageview/ed=1/dg=0/br=0/wt=2/ujg=1/rs=AL5CKSHqn_LQj0RKNSaf6mpbicD-9ZIDHw/m=_b,_tp?wli=MeetingsUi.N8FEULEQS-w.loadAudioAnalyzer.O%3A%3BMeetingsUi.cNsHZ9j-Kes.loadNetEqLyraWrapper.O%3A%3BMeetingsUi.ChfV7rYTfFM.loadNetEqWrapper.O%3A%3B (689)
[27596:10100:0407/004315.989:INFO:CONSOLE(689)] "%c%s color:teal;font-size:16px Extensions frequently cause user issues by altering the page.", source: https://meet.google.com/_/scs/mss-static/_/js/k=boq-rtc.MeetingsUi.en_GB.7yAV83krI24.2020.O/am=xmgKgABAEEAAGAMGUAAAIAQAygCASAEEDgwgAOTBARDAAAAAAABLUogQAAAENQAAAAD9ANxhQoAAGA/d=1/excm=_b,_tp,calldesktoppageview/ed=1/dg=0/br=0/wt=2/ujg=1/rs=AL5CKSHqn_LQj0RKNSaf6mpbicD-9ZIDHw/m=_b,_tp?wli=MeetingsUi.N8FEULEQS-w.loadAudioAnalyzer.O%3A%3BMeetingsUi.cNsHZ9j-Kes.loadNetEqLyraWrapper.O%3A%3BMeetingsUi.ChfV7rYTfFM.loadNetEqWrapper.O%3A%3B (689)
[27596:10100:0407/004315.989:INFO:CONSOLE(690)] "%c%s font-size:16px https://developers.google.com/meet/add-ons", source: https://meet.google.com/_/scs/mss-static/_/js/k=boq-rtc.MeetingsUi.en_GB.7yAV83krI24.2020.O/am=xmgKgABAEEAAGAMGUAAAIAQAygCASAEEDgwgAOTBARDAAAAAAABLUogQAAAENQAAAAD9ANxhQoAAGA/d=1/excm=_b,_tp,calldesktoppageview/ed=1/dg=0/br=0/wt=2/ujg=1/rs=AL5CKSHqn_LQj0RKNSaf6mpbicD-9ZIDHw/m=_b,_tp?wli=MeetingsUi.N8FEULEQS-w.loadAudioAnalyzer.O%3A%3BMeetingsUi.cNsHZ9j-Kes.loadNetEqLyraWrapper.O%3A%3BMeetingsUi.ChfV7rYTfFM.loadNetEqWrapper.O%3A%3B (690)
[27596:10100:0407/004316.039:INFO:CONSOLE(620)] "%c%s color: red; background: yellow; font-size: 24px; WARNING!", source: https://meet.google.com/_/scs/mss-static/_/js/k=boq-rtc.MeetingsUi.en_GB.7yAV83krI24.2020.O/am=xmgKgABAEEAAGAMGUAAAIAQAygCASAEEDgwgAOTBARDAAAAAAABLUogQAAAENQAAAAD9ANxhQoAAGA/d=1/excm=_b,_tp,calldesktoppageview/ed=1/dg=0/br=0/wt=2/ujg=1/rs=AL5CKSHqn_LQj0RKNSaf6mpbicD-9ZIDHw/m=_b,_tp?wli=MeetingsUi.N8FEULEQS-w.loadAudioAnalyzer.O%3A%3BMeetingsUi.cNsHZ9j-Kes.loadNetEqLyraWrapper.O%3A%3BMeetingsUi.ChfV7rYTfFM.loadNetEqWrapper.O%3A%3B (620)
[27596:10100:0407/004316.040:INFO:CONSOLE(620)] "%c%s font-size: 18px; Using this console may allow attackers to impersonate you and steal your information using an attack called Self-XSS.
Do not enter or paste code that you don't understand.", source: https://meet.google.com/_/scs/mss-static/_/js/k=boq-rtc.MeetingsUi.en_GB.7yAV83krI24.2020.O/am=xmgKgABAEEAAGAMGUAAAIAQAygCASAEEDgwgAOTBARDAAAAAAABLUogQAAAENQAAAAD9ANxhQoAAGA/d=1/excm=_b,_tp,calldesktoppageview/ed=1/dg=0/br=0/wt=2/ujg=1/rs=AL5CKSHqn_LQj0RKNSaf6mpbicD-9ZIDHw/m=_b,_tp?wli=MeetingsUi.N8FEULEQS-w.loadAudioAnalyzer.O%3A%3BMeetingsUi.cNsHZ9j-Kes.loadNetEqLyraWrapper.O%3A%3BMeetingsUi.ChfV7rYTfFM.loadNetEqWrapper.O%3A%3B (620)
[27596:10100:0407/004316.423:WARNING:capture_device_ranking.h(255)] Can't initialize the value of media.audio_input.user_preference_ranking because media.default_audio_capture_device isn't registered or is empty
[27596:10100:0407/004316.423:WARNING:capture_device_ranking.h(255)] Can't initialize the value of media.video_input.user_preference_ranking because media.default_video_capture_Device isn't registered or is empty
[27596:10100:0407/004316.423:WARNING:capture_device_ranking.h(255)] Can't initialize the value of media.audio_input.user_preference_ranking because media.default_audio_capture_device isn't registered or is empty
[27596:10100:0407/004316.424:WARNING:capture_device_ranking.h(255)] Can't initialize the value of media.video_input.user_preference_ranking because media.default_video_capture_Device isn't registered or is empty
[1588:22112:0407/004316.453:ERROR:gles2_cmd_decoder_passthrough.cc(1094)] [GroupMarkerNotSet(crbug.com/242999)!:A030230034760000]Automatic fallback to software WebGL has been deprecated. Please use the --enable-unsafe-swiftshader flag to opt in to lower security guarantees for trusted content.
[25724:28592:0407/004316.489:INFO:peer_connection_dependency_factory.cc(802)] Running WebRTC with a combined Network and Worker thread.
[27596:10100:0407/004316.598:INFO:CONSOLE(0)] "[GroupMarkerNotSet(crbug.com/242999)!:A030230034760000]Automatic fallback to software WebGL has been deprecated. Please use the --enable-unsafe-swiftshader flag to opt in to lower security guarantees for trusted content.", source: https://meet.google.com/vts-yukf-cah?pli=1 (0)
[1588:22112:0407/004316.670:ERROR:gles2_cmd_decoder_passthrough.cc(958)] ContextResult::kFatalFailure: fail_if_major_perf_caveat + swiftshader
[1588:22112:0407/004316.673:ERROR:gles2_cmd_decoder_passthrough.cc(1094)] [GroupMarkerNotSet(crbug.com/242999)!:A090230034760000]Automatic fallback to software WebGL has been deprecated. Please use the --enable-unsafe-swiftshader flag to opt in to lower security guarantees for trusted content.
[27596:10100:0407/004316.704:INFO:CONSOLE(0)] "[Report Only] Refused to load the script 'https://www.gstatic.com/hangouts_echo_detector/release/726916173/audio_analyzer_processor_bundle.js' because it violates the following Content Security Policy directive: "script-src 'unsafe-inline' 'unsafe-eval' blob: data: https://meet.google.com/_/scs/mss-static/_/js/ https://www.gstatic.com/video_effects/effects/ https://www-onepick-opensocial.googleusercontent.com/gadgets/js/rpc.js https://www.gstatic.com/_/mss/boq-one-google/_/ https://www.gstatic.com/og/_/js/ https://apis.google.com/js/api.js https://apis.google.com/js/client.js https://www.google.com/tools/feedback/load.js https://www.google.com/tools/feedback/open.js https://www.google.com/tools/feedback/open_to_help_guide_lazy.js https://www.google.com/tools/feedback/help_api.js https://www.gstatic.com/inproduct_help/service/lazy.min.js https://www.gstatic.com/inproduct_help/api/main.min.js https://www.gstatic.com/inproduct_help/chatsupport/chatsupport_button_v2.js https://www.gstatic.com/feedback/js/help/prod/service/lazy.min.js https://www.gstatic.com/uservoice/feedback/client/web/live/ https://www.google.com/tools/feedback/chat_load.js https://www.gstatic.com/uservoice/surveys/resources/prod/js/survey/ https://www.gstatic.com/feedback/js/ghelp/ https://meet.google.com/meetsw.js https://meet.google.com/devicesw.js https://meet.google.com/notrodsw.js https://www.googletagmanager.com/gtag/js https://www.google-analytics.com/analytics.js https://www.googletagmanager.com/gtag/destination https://maps.googleapis.com/maps/api/js https://meet.google.com/_/scs/mss-static/_/js/k=boq-rtc.MeetingsUi.en_GB.7yAV83krI24.2020.O/ https://apis.google.com/_/scs/abc-static/_/js/ https://maps.googleapis.com/maps-api-v3/api/js/ https://maps.googleapis.com/maps/vt https://maps.googleapis.com/maps/api/js/ https://maps.googleapis.com/maps/api/place/js/". Note that 'script-src-elem' was not explicitly set, so 'script-src' is used as a fallback.
", source: https://meet.google.com/vts-yukf-cah?pli=1 (0)
[27596:10100:0407/004316.750:WARNING:capture_device_ranking.h(255)] Can't initialize the value of media.audio_input.user_preference_ranking because media.default_audio_capture_device isn't registered or is empty
[27596:10100:0407/004316.750:WARNING:capture_device_ranking.h(255)] Can't initialize the value of media.video_input.user_preference_ranking because media.default_video_capture_Device isn't registered or is empty
[27596:10100:0407/004316.852:WARNING:capture_device_ranking.h(255)] Can't initialize the value of media.audio_input.user_preference_ranking because media.default_audio_capture_device isn't registered or is empty
[27596:10100:0407/004316.852:WARNING:capture_device_ranking.h(255)] Can't initialize the value of media.video_input.user_preference_ranking because media.default_video_capture_Device isn't registered or is empty
[27596:10100:0407/004316.888:WARNING:capture_device_ranking.h(255)] Can't initialize the value of media.audio_input.user_preference_ranking because media.default_audio_capture_device isn't registered or is empty
[27596:10100:0407/004316.888:WARNING:capture_device_ranking.h(255)] Can't initialize the value of media.video_input.user_preference_ranking because media.default_video_capture_Device isn't registered or is empty
[27596:10100:0407/004316.901:WARNING:capture_device_ranking.h(255)] Can't initialize the value of media.audio_input.user_preference_ranking because media.default_audio_capture_device isn't registered or is empty
[27596:10100:0407/004316.901:WARNING:capture_device_ranking.h(255)] Can't initialize the value of media.video_input.user_preference_ranking because media.default_video_capture_Device isn't registered or is empty
[27596:10100:0407/004316.933:WARNING:capture_device_ranking.h(255)] Can't initialize the value of media.audio_input.user_preference_ranking because media.default_audio_capture_device isn't registered or is empty
[27596:10100:0407/004316.933:WARNING:capture_device_ranking.h(255)] Can't initialize the value of media.video_input.user_preference_ranking because media.default_video_capture_Device isn't registered or is empty
[27596:10100:0407/004316.949:WARNING:capture_device_ranking.h(255)] Can't initialize the value of media.audio_input.user_preference_ranking because media.default_audio_capture_device isn't registered or is empty
[27596:10100:0407/004317.033:WARNING:capture_device_ranking.h(255)] Can't initialize the value of media.video_input.user_preference_ranking because media.default_video_capture_Device isn't registered or is empty
[27596:10100:0407/004317.036:WARNING:capture_device_ranking.h(255)] Can't initialize the value of media.audio_input.user_preference_ranking because media.default_audio_capture_device isn't registered or is empty
[27596:10100:0407/004317.036:WARNING:capture_device_ranking.h(255)] Can't initialize the value of media.video_input.user_preference_ranking because media.default_video_capture_Device isn't registered or is empty
[27596:10100:0407/004317.040:WARNING:capture_device_ranking.h(255)] Can't initialize the value of media.audio_input.user_preference_ranking because media.default_audio_capture_device isn't registered or is empty
[27596:10100:0407/004317.048:WARNING:capture_device_ranking.h(255)] Can't initialize the value of media.audio_input.user_preference_ranking because media.default_audio_capture_device isn't registered or is empty
[27596:10100:0407/004317.048:WARNING:capture_device_ranking.h(255)] Can't initialize the value of media.video_input.user_preference_ranking because media.default_video_capture_Device isn't registered or is empty
[25724:28592:0407/004317.433:WARNING:sdp_munging_detector.cc(313)] SDP munging: RTP header extension added.
[25724:27668:0407/004317.451:WARNING:transport_description.cc(32)] '-', '=', '#' and '-' are not valid ice-char and thus not permitted in ufrag or pwd. This is a protocol violation that is permitted to allow upgrading but will be rejected in the future. See https://crbug.com/1053756
[25724:27668:0407/004317.451:WARNING:transport_description.cc(32)] '-', '=', '#' and '-' are not valid ice-char and thus not permitted in ufrag or pwd. This is a protocol violation that is permitted to allow upgrading but will be rejected in the future. See https://crbug.com/1053756
[25724:27668:0407/004317.451:WARNING:transport_description.cc(32)] '-', '=', '#' and '-' are not valid ice-char and thus not permitted in ufrag or pwd. This is a protocol violation that is permitted to allow upgrading but will be rejected in the future. See https://crbug.com/1053756
[25724:27668:0407/004317.451:WARNING:openssl_stream_adapter.cc(155)] WebRTC-ForceDtls13: 
[25724:27668:0407/004317.456:INFO:ipc_socket_factory.cc(577)] Setting new p2p socket buffer limit to 262144
[25724:27668:0407/004317.456:INFO:ipc_socket_factory.cc(577)] Setting new p2p socket buffer limit to 262144
[25724:27668:0407/004317.457:INFO:ipc_socket_factory.cc(577)] Setting new p2p socket buffer limit to 262144
[25724:27668:0407/004317.457:INFO:ipc_socket_factory.cc(577)] Setting new p2p socket buffer limit to 262144
[25724:27668:0407/004317.457:INFO:ipc_socket_factory.cc(577)] Setting new p2p socket buffer limit to 262144
[25724:27668:0407/004317.457:INFO:ipc_socket_factory.cc(577)] Setting new p2p socket buffer limit to 262144
[3408:28376:0407/004317.460:WARNING:net_errors_win.cc(119)] Unknown error 1168 mapped to net::ERR_FAILED
[3408:28376:0407/004317.461:INFO:socket_udp.cc(477)] sendto() has failed twice returning a  transient error net::ERR_ADDRESS_UNREACHABLE. Dropping the packet.
[25724:28592:0407/004317.487:WARNING:sdp_munging_detector.cc(167)] SDP munging: video codecs added.
[25724:27668:0407/004317.499:WARNING:transport_description.cc(32)] '-', '=', '#' and '-' are not valid ice-char and thus not permitted in ufrag or pwd. This is a protocol violation that is permitted to allow upgrading but will be rejected in the future. See https://crbug.com/1053756
[25724:27668:0407/004317.499:WARNING:transport_description.cc(32)] '-', '=', '#' and '-' are not valid ice-char and thus not permitted in ufrag or pwd. This is a protocol violation that is permitted to allow upgrading but will be rejected in the future. See https://crbug.com/1053756
[25724:27668:0407/004317.499:WARNING:transport_description.cc(32)] '-', '=', '#' and '-' are not valid ice-char and thus not permitted in ufrag or pwd. This is a protocol violation that is permitted to allow upgrading but will be rejected in the future. See https://crbug.com/1053756
[3408:28376:0407/004317.522:WARNING:net_errors_win.cc(119)] Unknown error 1168 mapped to net::ERR_FAILED
[3408:28376:0407/004317.522:INFO:socket_udp.cc(477)] sendto() has failed twice returning a  transient error net::ERR_ADDRESS_UNREACHABLE. Dropping the packet.
[25724:27668:0407/004317.576:WARNING:tcp_port.cc(482)] Dropping connection as TCP socket bound to IP 192.168.29.x, rather than an address associated with network:Net[{33F2CC8E-0AD2-4A22-B28F-4AF102F5BD63}:192.168.56.x/24:Ethernet:id=1]
[25724:27668:0407/004317.579:WARNING:tcp_port.cc(482)] Dropping connection as TCP socket bound to IP 192.168.29.x, rather than an address associated with network:Net[{EA1CA3BF-F6BE-451F-B0F9-F818341EEF42}:172.24.160.x/20:Ethernet:id=6]
[25724:27668:0407/004317.580:WARNING:tcp_port.cc(482)] Dropping connection as TCP socket bound to IP 2405:201:402b:x:x:x:x:x, rather than an address associated with network:Net[{3508985F-B00E-4209-86A8-61AB47C9083F}:2405:201:402b:x:x:x:x:x/64:Wifi:id=3]
[25724:27668:0407/004317.580:WARNING:tcp_port.cc(482)] Dropping connection as TCP socket bound to IP 192.168.29.x, rather than an address associated with network:Net[{4766BE55-B660-4781-A5A1-CC1D8B77C976}:192.168.234.x/24:Ethernet:id=5]
[3408:28376:0407/004317.584:WARNING:net_errors_win.cc(119)] Unknown error 1168 mapped to net::ERR_FAILED
[3408:28376:0407/004317.584:INFO:socket_udp.cc(477)] sendto() has failed twice returning a  transient error net::ERR_ADDRESS_UNREACHABLE. Dropping the packet.
[3408:28376:0407/004317.646:WARNING:net_errors_win.cc(119)] Unknown error 1168 mapped to net::ERR_FAILED
[3408:28376:0407/004317.646:INFO:socket_udp.cc(477)] sendto() has failed twice returning a  transient error net::ERR_ADDRESS_UNREACHABLE. Dropping the packet.
[3408:28376:0407/004317.708:WARNING:net_errors_win.cc(119)] Unknown error 1168 mapped to net::ERR_FAILED
[3408:28376:0407/004317.708:INFO:socket_udp.cc(477)] sendto() has failed twice returning a  transient error net::ERR_ADDRESS_UNREACHABLE. Dropping the packet.
[3408:28376:0407/004317.771:WARNING:net_errors_win.cc(119)] Unknown error 1168 mapped to net::ERR_FAILED
[3408:28376:0407/004317.771:INFO:socket_udp.cc(477)] sendto() has failed twice returning a  transient error net::ERR_ADDRESS_UNREACHABLE. Dropping the packet.
[1588:21984:0407/004318.130:ERROR:shared_image_manager.cc(509)] SharedImageManager::ProduceMemory: Trying to Produce a Memory representation from a non-existent mailbox.
[1588:21984:0407/004318.147:ERROR:shared_image_manager.cc(509)] SharedImageManager::ProduceMemory: Trying to Produce a Memory representation from a non-existent mailbox.
[3408:28376:0407/004318.288:INFO:socket_udp.cc(477)] sendto() has failed twice returning a  transient error net::ERR_ADDRESS_UNREACHABLE. Dropping the packet.
[3408:28376:0407/004318.365:INFO:socket_udp.cc(477)] sendto() has failed twice returning a  transient error net::ERR_ADDRESS_UNREACHABLE. Dropping the packet.
[3408:28376:0407/004318.427:INFO:socket_udp.cc(477)] sendto() has failed twice returning a  transient error net::ERR_ADDRESS_UNREACHABLE. Dropping the packet.
[3408:28376:0407/004318.490:INFO:socket_udp.cc(477)] sendto() has failed twice returning a  transient error net::ERR_ADDRESS_UNREACHABLE. Dropping the packet.
[3408:28376:0407/004318.568:INFO:socket_udp.cc(477)] sendto() has failed twice returning a  transient error net::ERR_ADDRESS_UNREACHABLE. Dropping the packet.
[3408:28376:0407/004318.647:INFO:socket_udp.cc(477)] sendto() has failed twice returning a  transient error net::ERR_ADDRESS_UNREACHABLE. Dropping the packet.
[3408:28376:0407/004318.834:INFO:socket_udp.cc(477)] sendto() has failed twice returning a  transient error net::ERR_ADDRESS_UNREACHABLE. Dropping the packet.
[3408:28376:0407/004318.897:INFO:socket_udp.cc(477)] sendto() has failed twice returning a  transient error net::ERR_ADDRESS_UNREACHABLE. Dropping the packet.
[3408:28376:0407/004318.959:INFO:socket_udp.cc(477)] sendto() has failed twice returning a  transient error net::ERR_ADDRESS_UNREACHABLE. Dropping the packet.
[3408:28376:0407/004319.083:INFO:socket_udp.cc(477)] sendto() has failed twice returning a  transient error net::ERR_ADDRESS_UNREACHABLE. Dropping the packet.
[3408:28376:0407/004319.146:INFO:socket_udp.cc(477)] sendto() has failed twice returning a  transient error net::ERR_ADDRESS_UNREACHABLE. Dropping the packet.
[3408:28376:0407/004319.214:INFO:socket_udp.cc(477)] sendto() has failed twice returning a  transient error net::ERR_ADDRESS_UNREACHABLE. Dropping the packet.
[25724:28592:0407/004319.989:WARNING:sdp_munging_detector.cc(167)] SDP munging: video codecs added.
[25724:27668:0407/004319.992:WARNING:transport_description.cc(32)] '-', '=', '#' and '-' are not valid ice-char and thus not permitted in ufrag or pwd. This is a protocol violation that is permitted to allow upgrading but will be rejected in the future. See https://crbug.com/1053756
[25724:27668:0407/004319.992:WARNING:transport_description.cc(32)] '-', '=', '#' and '-' are not valid ice-char and thus not permitted in ufrag or pwd. This is a protocol violation that is permitted to allow upgrading but will be rejected in the future. See https://crbug.com/1053756
[25724:27668:0407/004319.992:WARNING:transport_description.cc(32)] '-', '=', '#' and '-' are not valid ice-char and thus not permitted in ufrag or pwd. This is a protocol violation that is permitted to allow upgrading but will be rejected in the future. See https://crbug.com/1053756
[3408:28376:0407/004320.459:INFO:socket_udp.cc(477)] sendto() has failed twice returning a  transient error net::ERR_ADDRESS_UNREACHABLE. Dropping the packet.
[3408:28376:0407/004321.022:INFO:socket_udp.cc(477)] sendto() has failed twice returning a  transient error net::ERR_ADDRESS_UNREACHABLE. Dropping the packet.
[27596:10100:0407/004321.036:WARNING:page_discarding_helper.cc(163)] Discarding multiple pages with target (kb): 0, discard_protected_tabs: 0
[3408:28376:0407/004321.569:INFO:socket_udp.cc(477)] sendto() has failed twice returning a  transient error net::ERR_ADDRESS_UNREACHABLE. Dropping the packet.
[3408:28376:0407/004322.116:INFO:socket_udp.cc(477)] sendto() has failed twice returning a  transient error net::ERR_ADDRESS_UNREACHABLE. Dropping the packet.
[27596:10100:0407/004322.319:INFO:CONSOLE(4288)] "Uncaught (in promise) DisconnectedError: DisconnectedError, EndCause = 63", source: https://meet.google.com/_/scs/mss-static/_/js/k=boq-rtc.MeetingsUi.en_GB.7yAV83krI24.2020.O/ck=boq-rtc.MeetingsUi.O5irbHNrpes.L.B1.O/am=xmgKgABAEEAAGAMGUAAAIAQAygCASAEEDgwgAOTBARDAAAAAAABLUogQAAAENQAAAAD9ANxhQoAAGA/d=1/exm=LEikZe,_b,_tp,byfTOb,lsjVmc/excm=_b,_tp,calldesktoppageview/ed=1/br=0/wt=2/ujg=1/rs=AL5CKSFfL0Css2PoHXvcOCp0WFNYbD2IHA/ee=AM9HZd:vCak4b;BjCzpe:Yvr34d;Bnf5Lc:iPDrZd;CDC4qf:q6fE0e;CMRktf:sGrqec;DGWCxb:CgYiQ;E1tgbf:hMxPK;EAoUvb:aKikzb;EVNhjf:pw70Gc;EfKZq:QO2YB;EmZ2Bf:zr1jrb;GKUnZb:WNRENb;GmdGTd:Ct4wsb;IXc14:VZgraf;J9XQCb:ojlpPe;JLGZx:oSnDHf;JsINff:yeaFZ;JsbNhc:Xd8iUd;K5nYTd:ZDZcre;KKym4b:dTTbnb;KNpT6b:iSCite;KgXQpf:pQJdrb;LBgRLc:SdcwHb;LQJKcd:WuS5Ye;MJ6mxb:ubdYZ;Me32dd:MEeYgc;N8ehxe:AKukpf;NAHCGe:mxiOOb;NPKaK:SdcwHb;NSEoX:lazG7b;OOoYAb:Oj9pPe;PRDQhf:ux3mLc;PgXDBd:dm1dhc;Pjplud:EEDORb;QGR0gd:Mlhmy;QhhnXd:UqJYYe;RRwdt:gGRuRe;RYWUUc:anescc;Rh5nIc:JScXmc;SIjcAd:jrKD8b;SL22ab:CBRamd;SNUn3:ZwDk9d;SVOR2e:RqS4qe;SVvzme:BPB8ib;ScI3Yc:e7Hzgb;Szy1cf:nBpGQ;TB8xhd:AGa58c;ULs67c:bdUBJc;Up9aO:kY43Sc;Uvc8o:VDovNc;V7j7Sb:stsTjb;VJwZIe:q5U1uf;X6zUkd:u0z0vd;XSYl9e:GNVVIb;YBlgBf:LMo5Id;YIZmRd:A1yn5d;Ycdno:rkQZze;YfZO5c:CVuqWd;ZE1Tgd:kZF9ne;ZGeKvd:rb5w8b;ZT1aHd:g7FNPe;ZaFVgc:wOWhl;ZjyI3e:W2v6fc;a56pNe:JEfCwb;aPdIxb:F52gIc;bS8oAe:Kimhwf;brg6Gd:TlvL3b;cEt90b:ws9Tlc;cFl0Ie:PWJipc;cJj1Kd:A5k23d;cYTQve:GhXhl;cgbTHc:G8ycZ;dDPGef:IiQq4e;dIoSBb:SpsfSb;dYFttf:ZRxAzc;dowIGb:ebZ3mb;eBAeSb:zbML3c;esl3oe:Qz2vJf;fh9ycc:UUtz9d;g2wfV:DcDVld;gAClPb:ghdkwd;hgud7d:GNh0Qc;hoquJe:EjBUIf;iFQyKf:QIhFr;iKsOgb:cWjcJb;jRrT5d:EHUI2d;jg0vue:iItGlf;jtBjNe:dWHZee;kNqx7b:gzp7wb;kqpyR:oFF0ab;l4RAwd:h5Fnie;l6twR:Fvyyad;lJ7cgb:Erp0q;lOO0Vd:OTA3Ae;lx9iFf:nVFiIc;m4bwx:htQxyf;nAFL3:s39S4;oFd48c:l7VM1e;oGtAuc:sOXFj;p0iB4:VQhtq;pXdRYb:MdUzUe;qSBODf:H8X5pc;qafBPd:yDVVkb;qddgKe:xQtZb;qgOdad:vko54d;rWx8Cc:DxgUF;rarsed:Mb2qyd;rpiri:tZyrxe;sgnAWd:HkSoT;ssiZFc:BhQ85d;vKM7Jb:cWjcJb;w1T0Td:xpWMVc;wR5FRb:O1Gjze;x2i2de:zeWni;x4CZme:lCtfC;xbOSgd:e5G55;xqZiqf:wmnU7d;ye9FMd:KC9GA;yxTchf:KUM7Z;zBvUNc:fT8Mbb;zJxI2:kxz7Nb;zxnPse:GkRiKb/m=ws9Tlc,n73qwf,GkRiKb,e5qFLc,IZT63,UUJqVe,O1Gjze,xUdipf,ZDZcre,OTA3Ae,ZwDk9d,RyvaUb,mI3LFb,XU5LFb,m9oV,hl,P6sQOc,QcfBve,mzzZzc,rCcCxc,mSX26d,WO9ee,JGjVRe,en2VH,ALJJub,ncpZGe,kRDR8c,H9H6ie,sszRX,QQnX0,uHu91b,kgMFLe,hKCjub,CJeEuc,O6y8ed,PrPYRd,MpJwZc,NwH0H,V3dDOb,lazG7b,Ivl8bd,g9HNd,XVMNvd,L1AAkb,KUM7Z,Fl2dbf,s39S4,lwddkf,gychg,w9hDv,RMhBfe,SdcwHb,aW3pY,texUgd,pw70Gc,EFQ78c,Ulmmrd,A7fCU,mdR7q,wmnU7d,xQtZb,FSOnAf,gJzDyc,JNoxi,MI6k7c,kjKdXe,BVgquf,QIhFr,lfpdyf,hKSk3e,hc6Ubd,SpsfSb,Z5uLle,MdUzUe,zbML3c,zr1jrb,Uas9Hd,pjICDe?wli=MeetingsUi.N8FEULEQS-w.loadAudioAnalyzer.O%3A%3BMeetingsUi.cNsHZ9j-Kes.loadNetEqLyraWrapper.O%3A%3BMeetingsUi.ChfV7rYTfFM.loadNetEqWrapper.O%3A%3B (4288)
[27596:10100:0407/004322.319:INFO:CONSOLE(4288)] "Uncaught (in promise) DisconnectedError: DisconnectedError, EndCause = 63", source: https://meet.google.com/_/scs/mss-static/_/js/k=boq-rtc.MeetingsUi.en_GB.7yAV83krI24.2020.O/ck=boq-rtc.MeetingsUi.O5irbHNrpes.L.B1.O/am=xmgKgABAEEAAGAMGUAAAIAQAygCASAEEDgwgAOTBARDAAAAAAABLUogQAAAENQAAAAD9ANxhQoAAGA/d=1/exm=LEikZe,_b,_tp,byfTOb,lsjVmc/excm=_b,_tp,calldesktoppageview/ed=1/br=0/wt=2/ujg=1/rs=AL5CKSFfL0Css2PoHXvcOCp0WFNYbD2IHA/ee=AM9HZd:vCak4b;BjCzpe:Yvr34d;Bnf5Lc:iPDrZd;CDC4qf:q6fE0e;CMRktf:sGrqec;DGWCxb:CgYiQ;E1tgbf:hMxPK;EAoUvb:aKikzb;EVNhjf:pw70Gc;EfKZq:QO2YB;EmZ2Bf:zr1jrb;GKUnZb:WNRENb;GmdGTd:Ct4wsb;IXc14:VZgraf;J9XQCb:ojlpPe;JLGZx:oSnDHf;JsINff:yeaFZ;JsbNhc:Xd8iUd;K5nYTd:ZDZcre;KKym4b:dTTbnb;KNpT6b:iSCite;KgXQpf:pQJdrb;LBgRLc:SdcwHb;LQJKcd:WuS5Ye;MJ6mxb:ubdYZ;Me32dd:MEeYgc;N8ehxe:AKukpf;NAHCGe:mxiOOb;NPKaK:SdcwHb;NSEoX:lazG7b;OOoYAb:Oj9pPe;PRDQhf:ux3mLc;PgXDBd:dm1dhc;Pjplud:EEDORb;QGR0gd:Mlhmy;QhhnXd:UqJYYe;RRwdt:gGRuRe;RYWUUc:anescc;Rh5nIc:JScXmc;SIjcAd:jrKD8b;SL22ab:CBRamd;SNUn3:ZwDk9d;SVOR2e:RqS4qe;SVvzme:BPB8ib;ScI3Yc:e7Hzgb;Szy1cf:nBpGQ;TB8xhd:AGa58c;ULs67c:bdUBJc;Up9aO:kY43Sc;Uvc8o:VDovNc;V7j7Sb:stsTjb;VJwZIe:q5U1uf;X6zUkd:u0z0vd;XSYl9e:GNVVIb;YBlgBf:LMo5Id;YIZmRd:A1yn5d;Ycdno:rkQZze;YfZO5c:CVuqWd;ZE1Tgd:kZF9ne;ZGeKvd:rb5w8b;ZT1aHd:g7FNPe;ZaFVgc:wOWhl;ZjyI3e:W2v6fc;a56pNe:JEfCwb;aPdIxb:F52gIc;bS8oAe:Kimhwf;brg6Gd:TlvL3b;cEt90b:ws9Tlc;cFl0Ie:PWJipc;cJj1Kd:A5k23d;cYTQve:GhXhl;cgbTHc:G8ycZ;dDPGef:IiQq4e;dIoSBb:SpsfSb;dYFttf:ZRxAzc;dowIGb:ebZ3mb;eBAeSb:zbML3c;esl3oe:Qz2vJf;fh9ycc:UUtz9d;g2wfV:DcDVld;gAClPb:ghdkwd;hgud7d:GNh0Qc;hoquJe:EjBUIf;iFQyKf:QIhFr;iKsOgb:cWjcJb;jRrT5d:EHUI2d;jg0vue:iItGlf;jtBjNe:dWHZee;kNqx7b:gzp7wb;kqpyR:oFF0ab;l4RAwd:h5Fnie;l6twR:Fvyyad;lJ7cgb:Erp0q;lOO0Vd:OTA3Ae;lx9iFf:nVFiIc;m4bwx:htQxyf;nAFL3:s39S4;oFd48c:l7VM1e;oGtAuc:sOXFj;p0iB4:VQhtq;pXdRYb:MdUzUe;qSBODf:H8X5pc;qafBPd:yDVVkb;qddgKe:xQtZb;qgOdad:vko54d;rWx8Cc:DxgUF;rarsed:Mb2qyd;rpiri:tZyrxe;sgnAWd:HkSoT;ssiZFc:BhQ85d;vKM7Jb:cWjcJb;w1T0Td:xpWMVc;wR5FRb:O1Gjze;x2i2de:zeWni;x4CZme:lCtfC;xbOSgd:e5G55;xqZiqf:wmnU7d;ye9FMd:KC9GA;yxTchf:KUM7Z;zBvUNc:fT8Mbb;zJxI2:kxz7Nb;zxnPse:GkRiKb/m=ws9Tlc,n73qwf,GkRiKb,e5qFLc,IZT63,UUJqVe,O1Gjze,xUdipf,ZDZcre,OTA3Ae,ZwDk9d,RyvaUb,mI3LFb,XU5LFb,m9oV,hl,P6sQOc,QcfBve,mzzZzc,rCcCxc,mSX26d,WO9ee,JGjVRe,en2VH,ALJJub,ncpZGe,kRDR8c,H9H6ie,sszRX,QQnX0,uHu91b,kgMFLe,hKCjub,CJeEuc,O6y8ed,PrPYRd,MpJwZc,NwH0H,V3dDOb,lazG7b,Ivl8bd,g9HNd,XVMNvd,L1AAkb,KUM7Z,Fl2dbf,s39S4,lwddkf,gychg,w9hDv,RMhBfe,SdcwHb,aW3pY,texUgd,pw70Gc,EFQ78c,Ulmmrd,A7fCU,mdR7q,wmnU7d,xQtZb,FSOnAf,gJzDyc,JNoxi,MI6k7c,kjKdXe,BVgquf,QIhFr,lfpdyf,hKSk3e,hc6Ubd,SpsfSb,Z5uLle,MdUzUe,zbML3c,zr1jrb,Uas9Hd,pjICDe?wli=MeetingsUi.N8FEULEQS-w.loadAudioAnalyzer.O%3A%3BMeetingsUi.cNsHZ9j-Kes.loadNetEqLyraWrapper.O%3A%3BMeetingsUi.ChfV7rYTfFM.loadNetEqWrapper.O%3A%3B (4288)
[27596:10100:0407/004322.319:INFO:CONSOLE(4288)] "Uncaught (in promise) DisconnectedError: DisconnectedError, EndCause = 63", source: https://meet.google.com/_/scs/mss-static/_/js/k=boq-rtc.MeetingsUi.en_GB.7yAV83krI24.2020.O/ck=boq-rtc.MeetingsUi.O5irbHNrpes.L.B1.O/am=xmgKgABAEEAAGAMGUAAAIAQAygCASAEEDgwgAOTBARDAAAAAAABLUogQAAAENQAAAAD9ANxhQoAAGA/d=1/exm=LEikZe,_b,_tp,byfTOb,lsjVmc/excm=_b,_tp,calldesktoppageview/ed=1/br=0/wt=2/ujg=1/rs=AL5CKSFfL0Css2PoHXvcOCp0WFNYbD2IHA/ee=AM9HZd:vCak4b;BjCzpe:Yvr34d;Bnf5Lc:iPDrZd;CDC4qf:q6fE0e;CMRktf:sGrqec;DGWCxb:CgYiQ;E1tgbf:hMxPK;EAoUvb:aKikzb;EVNhjf:pw70Gc;EfKZq:QO2YB;EmZ2Bf:zr1jrb;GKUnZb:WNRENb;GmdGTd:Ct4wsb;IXc14:VZgraf;J9XQCb:ojlpPe;JLGZx:oSnDHf;JsINff:yeaFZ;JsbNhc:Xd8iUd;K5nYTd:ZDZcre;KKym4b:dTTbnb;KNpT6b:iSCite;KgXQpf:pQJdrb;LBgRLc:SdcwHb;LQJKcd:WuS5Ye;MJ6mxb:ubdYZ;Me32dd:MEeYgc;N8ehxe:AKukpf;NAHCGe:mxiOOb;NPKaK:SdcwHb;NSEoX:lazG7b;OOoYAb:Oj9pPe;PRDQhf:ux3mLc;PgXDBd:dm1dhc;Pjplud:EEDORb;QGR0gd:Mlhmy;QhhnXd:UqJYYe;RRwdt:gGRuRe;RYWUUc:anescc;Rh5nIc:JScXmc;SIjcAd:jrKD8b;SL22ab:CBRamd;SNUn3:ZwDk9d;SVOR2e:RqS4qe;SVvzme:BPB8ib;ScI3Yc:e7Hzgb;Szy1cf:nBpGQ;TB8xhd:AGa58c;ULs67c:bdUBJc;Up9aO:kY43Sc;Uvc8o:VDovNc;V7j7Sb:stsTjb;VJwZIe:q5U1uf;X6zUkd:u0z0vd;XSYl9e:GNVVIb;YBlgBf:LMo5Id;YIZmRd:A1yn5d;Ycdno:rkQZze;YfZO5c:CVuqWd;ZE1Tgd:kZF9ne;ZGeKvd:rb5w8b;ZT1aHd:g7FNPe;ZaFVgc:wOWhl;ZjyI3e:W2v6fc;a56pNe:JEfCwb;aPdIxb:F52gIc;bS8oAe:Kimhwf;brg6Gd:TlvL3b;cEt90b:ws9Tlc;cFl0Ie:PWJipc;cJj1Kd:A5k23d;cYTQve:GhXhl;cgbTHc:G8ycZ;dDPGef:IiQq4e;dIoSBb:SpsfSb;dYFttf:ZRxAzc;dowIGb:ebZ3mb;eBAeSb:zbML3c;esl3oe:Qz2vJf;fh9ycc:UUtz9d;g2wfV:DcDVld;gAClPb:ghdkwd;hgud7d:GNh0Qc;hoquJe:EjBUIf;iFQyKf:QIhFr;iKsOgb:cWjcJb;jRrT5d:EHUI2d;jg0vue:iItGlf;jtBjNe:dWHZee;kNqx7b:gzp7wb;kqpyR:oFF0ab;l4RAwd:h5Fnie;l6twR:Fvyyad;lJ7cgb:Erp0q;lOO0Vd:OTA3Ae;lx9iFf:nVFiIc;m4bwx:htQxyf;nAFL3:s39S4;oFd48c:l7VM1e;oGtAuc:sOXFj;p0iB4:VQhtq;pXdRYb:MdUzUe;qSBODf:H8X5pc;qafBPd:yDVVkb;qddgKe:xQtZb;qgOdad:vko54d;rWx8Cc:DxgUF;rarsed:Mb2qyd;rpiri:tZyrxe;sgnAWd:HkSoT;ssiZFc:BhQ85d;vKM7Jb:cWjcJb;w1T0Td:xpWMVc;wR5FRb:O1Gjze;x2i2de:zeWni;x4CZme:lCtfC;xbOSgd:e5G55;xqZiqf:wmnU7d;ye9FMd:KC9GA;yxTchf:KUM7Z;zBvUNc:fT8Mbb;zJxI2:kxz7Nb;zxnPse:GkRiKb/m=ws9Tlc,n73qwf,GkRiKb,e5qFLc,IZT63,UUJqVe,O1Gjze,xUdipf,ZDZcre,OTA3Ae,ZwDk9d,RyvaUb,mI3LFb,XU5LFb,m9oV,hl,P6sQOc,QcfBve,mzzZzc,rCcCxc,mSX26d,WO9ee,JGjVRe,en2VH,ALJJub,ncpZGe,kRDR8c,H9H6ie,sszRX,QQnX0,uHu91b,kgMFLe,hKCjub,CJeEuc,O6y8ed,PrPYRd,MpJwZc,NwH0H,V3dDOb,lazG7b,Ivl8bd,g9HNd,XVMNvd,L1AAkb,KUM7Z,Fl2dbf,s39S4,lwddkf,gychg,w9hDv,RMhBfe,SdcwHb,aW3pY,texUgd,pw70Gc,EFQ78c,Ulmmrd,A7fCU,mdR7q,wmnU7d,xQtZb,FSOnAf,gJzDyc,JNoxi,MI6k7c,kjKdXe,BVgquf,QIhFr,lfpdyf,hKSk3e,hc6Ubd,SpsfSb,Z5uLle,MdUzUe,zbML3c,zr1jrb,Uas9Hd,pjICDe?wli=MeetingsUi.N8FEULEQS-w.loadAudioAnalyzer.O%3A%3BMeetingsUi.cNsHZ9j-Kes.loadNetEqLyraWrapper.O%3A%3BMeetingsUi.ChfV7rYTfFM.loadNetEqWrapper.O%3A%3B (4288)
[27596:10100:0407/004322.320:INFO:CONSOLE(4288)] "Uncaught (in promise) DisconnectedError: DisconnectedError, EndCause = 63", source: https://meet.google.com/_/scs/mss-static/_/js/k=boq-rtc.MeetingsUi.en_GB.7yAV83krI24.2020.O/ck=boq-rtc.MeetingsUi.O5irbHNrpes.L.B1.O/am=xmgKgABAEEAAGAMGUAAAIAQAygCASAEEDgwgAOTBARDAAAAAAABLUogQAAAENQAAAAD9ANxhQoAAGA/d=1/exm=LEikZe,_b,_tp,byfTOb,lsjVmc/excm=_b,_tp,calldesktoppageview/ed=1/br=0/wt=2/ujg=1/rs=AL5CKSFfL0Css2PoHXvcOCp0WFNYbD2IHA/ee=AM9HZd:vCak4b;BjCzpe:Yvr34d;Bnf5Lc:iPDrZd;CDC4qf:q6fE0e;CMRktf:sGrqec;DGWCxb:CgYiQ;E1tgbf:hMxPK;EAoUvb:aKikzb;EVNhjf:pw70Gc;EfKZq:QO2YB;EmZ2Bf:zr1jrb;GKUnZb:WNRENb;GmdGTd:Ct4wsb;IXc14:VZgraf;J9XQCb:ojlpPe;JLGZx:oSnDHf;JsINff:yeaFZ;JsbNhc:Xd8iUd;K5nYTd:ZDZcre;KKym4b:dTTbnb;KNpT6b:iSCite;KgXQpf:pQJdrb;LBgRLc:SdcwHb;LQJKcd:WuS5Ye;MJ6mxb:ubdYZ;Me32dd:MEeYgc;N8ehxe:AKukpf;NAHCGe:mxiOOb;NPKaK:SdcwHb;NSEoX:lazG7b;OOoYAb:Oj9pPe;PRDQhf:ux3mLc;PgXDBd:dm1dhc;Pjplud:EEDORb;QGR0gd:Mlhmy;QhhnXd:UqJYYe;RRwdt:gGRuRe;RYWUUc:anescc;Rh5nIc:JScXmc;SIjcAd:jrKD8b;SL22ab:CBRamd;SNUn3:ZwDk9d;SVOR2e:RqS4qe;SVvzme:BPB8ib;ScI3Yc:e7Hzgb;Szy1cf:nBpGQ;TB8xhd:AGa58c;ULs67c:bdUBJc;Up9aO:kY43Sc;Uvc8o:VDovNc;V7j7Sb:stsTjb;VJwZIe:q5U1uf;X6zUkd:u0z0vd;XSYl9e:GNVVIb;YBlgBf:LMo5Id;YIZmRd:A1yn5d;Ycdno:rkQZze;YfZO5c:CVuqWd;ZE1Tgd:kZF9ne;ZGeKvd:rb5w8b;ZT1aHd:g7FNPe;ZaFVgc:wOWhl;ZjyI3e:W2v6fc;a56pNe:JEfCwb;aPdIxb:F52gIc;bS8oAe:Kimhwf;brg6Gd:TlvL3b;cEt90b:ws9Tlc;cFl0Ie:PWJipc;cJj1Kd:A5k23d;cYTQve:GhXhl;cgbTHc:G8ycZ;dDPGef:IiQq4e;dIoSBb:SpsfSb;dYFttf:ZRxAzc;dowIGb:ebZ3mb;eBAeSb:zbML3c;esl3oe:Qz2vJf;fh9ycc:UUtz9d;g2wfV:DcDVld;gAClPb:ghdkwd;hgud7d:GNh0Qc;hoquJe:EjBUIf;iFQyKf:QIhFr;iKsOgb:cWjcJb;jRrT5d:EHUI2d;jg0vue:iItGlf;jtBjNe:dWHZee;kNqx7b:gzp7wb;kqpyR:oFF0ab;l4RAwd:h5Fnie;l6twR:Fvyyad;lJ7cgb:Erp0q;lOO0Vd:OTA3Ae;lx9iFf:nVFiIc;m4bwx:htQxyf;nAFL3:s39S4;oFd48c:l7VM1e;oGtAuc:sOXFj;p0iB4:VQhtq;pXdRYb:MdUzUe;qSBODf:H8X5pc;qafBPd:yDVVkb;qddgKe:xQtZb;qgOdad:vko54d;rWx8Cc:DxgUF;rarsed:Mb2qyd;rpiri:tZyrxe;sgnAWd:HkSoT;ssiZFc:BhQ85d;vKM7Jb:cWjcJb;w1T0Td:xpWMVc;wR5FRb:O1Gjze;x2i2de:zeWni;x4CZme:lCtfC;xbOSgd:e5G55;xqZiqf:wmnU7d;ye9FMd:KC9GA;yxTchf:KUM7Z;zBvUNc:fT8Mbb;zJxI2:kxz7Nb;zxnPse:GkRiKb/m=ws9Tlc,n73qwf,GkRiKb,e5qFLc,IZT63,UUJqVe,O1Gjze,xUdipf,ZDZcre,OTA3Ae,ZwDk9d,RyvaUb,mI3LFb,XU5LFb,m9oV,hl,P6sQOc,QcfBve,mzzZzc,rCcCxc,mSX26d,WO9ee,JGjVRe,en2VH,ALJJub,ncpZGe,kRDR8c,H9H6ie,sszRX,QQnX0,uHu91b,kgMFLe,hKCjub,CJeEuc,O6y8ed,PrPYRd,MpJwZc,NwH0H,V3dDOb,lazG7b,Ivl8bd,g9HNd,XVMNvd,L1AAkb,KUM7Z,Fl2dbf,s39S4,lwddkf,gychg,w9hDv,RMhBfe,SdcwHb,aW3pY,texUgd,pw70Gc,EFQ78c,Ulmmrd,A7fCU,mdR7q,wmnU7d,xQtZb,FSOnAf,gJzDyc,JNoxi,MI6k7c,kjKdXe,BVgquf,QIhFr,lfpdyf,hKSk3e,hc6Ubd,SpsfSb,Z5uLle,MdUzUe,zbML3c,zr1jrb,Uas9Hd,pjICDe?wli=MeetingsUi.N8FEULEQS-w.loadAudioAnalyzer.O%3A%3BMeetingsUi.cNsHZ9j-Kes.loadNetEqLyraWrapper.O%3A%3BMeetingsUi.ChfV7rYTfFM.loadNetEqWrapper.O%3A%3B (4288)
[27596:10100:0407/004322.320:INFO:CONSOLE(4288)] "Uncaught (in promise) DisconnectedError: DisconnectedError, EndCause = 63", source: https://meet.google.com/_/scs/mss-static/_/js/k=boq-rtc.MeetingsUi.en_GB.7yAV83krI24.2020.O/ck=boq-rtc.MeetingsUi.O5irbHNrpes.L.B1.O/am=xmgKgABAEEAAGAMGUAAAIAQAygCASAEEDgwgAOTBARDAAAAAAABLUogQAAAENQAAAAD9ANxhQoAAGA/d=1/exm=LEikZe,_b,_tp,byfTOb,lsjVmc/excm=_b,_tp,calldesktoppageview/ed=1/br=0/wt=2/ujg=1/rs=AL5CKSFfL0Css2PoHXvcOCp0WFNYbD2IHA/ee=AM9HZd:vCak4b;BjCzpe:Yvr34d;Bnf5Lc:iPDrZd;CDC4qf:q6fE0e;CMRktf:sGrqec;DGWCxb:CgYiQ;E1tgbf:hMxPK;EAoUvb:aKikzb;EVNhjf:pw70Gc;EfKZq:QO2YB;EmZ2Bf:zr1jrb;GKUnZb:WNRENb;GmdGTd:Ct4wsb;IXc14:VZgraf;J9XQCb:ojlpPe;JLGZx:oSnDHf;JsINff:yeaFZ;JsbNhc:Xd8iUd;K5nYTd:ZDZcre;KKym4b:dTTbnb;KNpT6b:iSCite;KgXQpf:pQJdrb;LBgRLc:SdcwHb;LQJKcd:WuS5Ye;MJ6mxb:ubdYZ;Me32dd:MEeYgc;N8ehxe:AKukpf;NAHCGe:mxiOOb;NPKaK:SdcwHb;NSEoX:lazG7b;OOoYAb:Oj9pPe;PRDQhf:ux3mLc;PgXDBd:dm1dhc;Pjplud:EEDORb;QGR0gd:Mlhmy;QhhnXd:UqJYYe;RRwdt:gGRuRe;RYWUUc:anescc;Rh5nIc:JScXmc;SIjcAd:jrKD8b;SL22ab:CBRamd;SNUn3:ZwDk9d;SVOR2e:RqS4qe;SVvzme:BPB8ib;ScI3Yc:e7Hzgb;Szy1cf:nBpGQ;TB8xhd:AGa58c;ULs67c:bdUBJc;Up9aO:kY43Sc;Uvc8o:VDovNc;V7j7Sb:stsTjb;VJwZIe:q5U1uf;X6zUkd:u0z0vd;XSYl9e:GNVVIb;YBlgBf:LMo5Id;YIZmRd:A1yn5d;Ycdno:rkQZze;YfZO5c:CVuqWd;ZE1Tgd:kZF9ne;ZGeKvd:rb5w8b;ZT1aHd:g7FNPe;ZaFVgc:wOWhl;ZjyI3e:W2v6fc;a56pNe:JEfCwb;aPdIxb:F52gIc;bS8oAe:Kimhwf;brg6Gd:TlvL3b;cEt90b:ws9Tlc;cFl0Ie:PWJipc;cJj1Kd:A5k23d;cYTQve:GhXhl;cgbTHc:G8ycZ;dDPGef:IiQq4e;dIoSBb:SpsfSb;dYFttf:ZRxAzc;dowIGb:ebZ3mb;eBAeSb:zbML3c;esl3oe:Qz2vJf;fh9ycc:UUtz9d;g2wfV:DcDVld;gAClPb:ghdkwd;hgud7d:GNh0Qc;hoquJe:EjBUIf;iFQyKf:QIhFr;iKsOgb:cWjcJb;jRrT5d:EHUI2d;jg0vue:iItGlf;jtBjNe:dWHZee;kNqx7b:gzp7wb;kqpyR:oFF0ab;l4RAwd:h5Fnie;l6twR:Fvyyad;lJ7cgb:Erp0q;lOO0Vd:OTA3Ae;lx9iFf:nVFiIc;m4bwx:htQxyf;nAFL3:s39S4;oFd48c:l7VM1e;oGtAuc:sOXFj;p0iB4:VQhtq;pXdRYb:MdUzUe;qSBODf:H8X5pc;qafBPd:yDVVkb;qddgKe:xQtZb;qgOdad:vko54d;rWx8Cc:DxgUF;rarsed:Mb2qyd;rpiri:tZyrxe;sgnAWd:HkSoT;ssiZFc:BhQ85d;vKM7Jb:cWjcJb;w1T0Td:xpWMVc;wR5FRb:O1Gjze;x2i2de:zeWni;x4CZme:lCtfC;xbOSgd:e5G55;xqZiqf:wmnU7d;ye9FMd:KC9GA;yxTchf:KUM7Z;zBvUNc:fT8Mbb;zJxI2:kxz7Nb;zxnPse:GkRiKb/m=ws9Tlc,n73qwf,GkRiKb,e5qFLc,IZT63,UUJqVe,O1Gjze,xUdipf,ZDZcre,OTA3Ae,ZwDk9d,RyvaUb,mI3LFb,XU5LFb,m9oV,hl,P6sQOc,QcfBve,mzzZzc,rCcCxc,mSX26d,WO9ee,JGjVRe,en2VH,ALJJub,ncpZGe,kRDR8c,H9H6ie,sszRX,QQnX0,uHu91b,kgMFLe,hKCjub,CJeEuc,O6y8ed,PrPYRd,MpJwZc,NwH0H,V3dDOb,lazG7b,Ivl8bd,g9HNd,XVMNvd,L1AAkb,KUM7Z,Fl2dbf,s39S4,lwddkf,gychg,w9hDv,RMhBfe,SdcwHb,aW3pY,texUgd,pw70Gc,EFQ78c,Ulmmrd,A7fCU,mdR7q,wmnU7d,xQtZb,FSOnAf,gJzDyc,JNoxi,MI6k7c,kjKdXe,BVgquf,QIhFr,lfpdyf,hKSk3e,hc6Ubd,SpsfSb,Z5uLle,MdUzUe,zbML3c,zr1jrb,Uas9Hd,pjICDe?wli=MeetingsUi.N8FEULEQS-w.loadAudioAnalyzer.O%3A%3BMeetingsUi.cNsHZ9j-Kes.loadNetEqLyraWrapper.O%3A%3BMeetingsUi.ChfV7rYTfFM.loadNetEqWrapper.O%3A%3B (4288)
[27596:10100:0407/004322.320:INFO:CONSOLE(4288)] "Uncaught (in promise) DisconnectedError: DisconnectedError, EndCause = 63", source: https://meet.google.com/_/scs/mss-static/_/js/k=boq-rtc.MeetingsUi.en_GB.7yAV83krI24.2020.O/ck=boq-rtc.MeetingsUi.O5irbHNrpes.L.B1.O/am=xmgKgABAEEAAGAMGUAAAIAQAygCASAEEDgwgAOTBARDAAAAAAABLUogQAAAENQAAAAD9ANxhQoAAGA/d=1/exm=LEikZe,_b,_tp,byfTOb,lsjVmc/excm=_b,_tp,calldesktoppageview/ed=1/br=0/wt=2/ujg=1/rs=AL5CKSFfL0Css2PoHXvcOCp0WFNYbD2IHA/ee=AM9HZd:vCak4b;BjCzpe:Yvr34d;Bnf5Lc:iPDrZd;CDC4qf:q6fE0e;CMRktf:sGrqec;DGWCxb:CgYiQ;E1tgbf:hMxPK;EAoUvb:aKikzb;EVNhjf:pw70Gc;EfKZq:QO2YB;EmZ2Bf:zr1jrb;GKUnZb:WNRENb;GmdGTd:Ct4wsb;IXc14:VZgraf;J9XQCb:ojlpPe;JLGZx:oSnDHf;JsINff:yeaFZ;JsbNhc:Xd8iUd;K5nYTd:ZDZcre;KKym4b:dTTbnb;KNpT6b:iSCite;KgXQpf:pQJdrb;LBgRLc:SdcwHb;LQJKcd:WuS5Ye;MJ6mxb:ubdYZ;Me32dd:MEeYgc;N8ehxe:AKukpf;NAHCGe:mxiOOb;NPKaK:SdcwHb;NSEoX:lazG7b;OOoYAb:Oj9pPe;PRDQhf:ux3mLc;PgXDBd:dm1dhc;Pjplud:EEDORb;QGR0gd:Mlhmy;QhhnXd:UqJYYe;RRwdt:gGRuRe;RYWUUc:anescc;Rh5nIc:JScXmc;SIjcAd:jrKD8b;SL22ab:CBRamd;SNUn3:ZwDk9d;SVOR2e:RqS4qe;SVvzme:BPB8ib;ScI3Yc:e7Hzgb;Szy1cf:nBpGQ;TB8xhd:AGa58c;ULs67c:bdUBJc;Up9aO:kY43Sc;Uvc8o:VDovNc;V7j7Sb:stsTjb;VJwZIe:q5U1uf;X6zUkd:u0z0vd;XSYl9e:GNVVIb;YBlgBf:LMo5Id;YIZmRd:A1yn5d;Ycdno:rkQZze;YfZO5c:CVuqWd;ZE1Tgd:kZF9ne;ZGeKvd:rb5w8b;ZT1aHd:g7FNPe;ZaFVgc:wOWhl;ZjyI3e:W2v6fc;a56pNe:JEfCwb;aPdIxb:F52gIc;bS8oAe:Kimhwf;brg6Gd:TlvL3b;cEt90b:ws9Tlc;cFl0Ie:PWJipc;cJj1Kd:A5k23d;cYTQve:GhXhl;cgbTHc:G8ycZ;dDPGef:IiQq4e;dIoSBb:SpsfSb;dYFttf:ZRxAzc;dowIGb:ebZ3mb;eBAeSb:zbML3c;esl3oe:Qz2vJf;fh9ycc:UUtz9d;g2wfV:DcDVld;gAClPb:ghdkwd;hgud7d:GNh0Qc;hoquJe:EjBUIf;iFQyKf:QIhFr;iKsOgb:cWjcJb;jRrT5d:EHUI2d;jg0vue:iItGlf;jtBjNe:dWHZee;kNqx7b:gzp7wb;kqpyR:oFF0ab;l4RAwd:h5Fnie;l6twR:Fvyyad;lJ7cgb:Erp0q;lOO0Vd:OTA3Ae;lx9iFf:nVFiIc;m4bwx:htQxyf;nAFL3:s39S4;oFd48c:l7VM1e;oGtAuc:sOXFj;p0iB4:VQhtq;pXdRYb:MdUzUe;qSBODf:H8X5pc;qafBPd:yDVVkb;qddgKe:xQtZb;qgOdad:vko54d;rWx8Cc:DxgUF;rarsed:Mb2qyd;rpiri:tZyrxe;sgnAWd:HkSoT;ssiZFc:BhQ85d;vKM7Jb:cWjcJb;w1T0Td:xpWMVc;wR5FRb:O1Gjze;x2i2de:zeWni;x4CZme:lCtfC;xbOSgd:e5G55;xqZiqf:wmnU7d;ye9FMd:KC9GA;yxTchf:KUM7Z;zBvUNc:fT8Mbb;zJxI2:kxz7Nb;zxnPse:GkRiKb/m=ws9Tlc,n73qwf,GkRiKb,e5qFLc,IZT63,UUJqVe,O1Gjze,xUdipf,ZDZcre,OTA3Ae,ZwDk9d,RyvaUb,mI3LFb,XU5LFb,m9oV,hl,P6sQOc,QcfBve,mzzZzc,rCcCxc,mSX26d,WO9ee,JGjVRe,en2VH,ALJJub,ncpZGe,kRDR8c,H9H6ie,sszRX,QQnX0,uHu91b,kgMFLe,hKCjub,CJeEuc,O6y8ed,PrPYRd,MpJwZc,NwH0H,V3dDOb,lazG7b,Ivl8bd,g9HNd,XVMNvd,L1AAkb,KUM7Z,Fl2dbf,s39S4,lwddkf,gychg,w9hDv,RMhBfe,SdcwHb,aW3pY,texUgd,pw70Gc,EFQ78c,Ulmmrd,A7fCU,mdR7q,wmnU7d,xQtZb,FSOnAf,gJzDyc,JNoxi,MI6k7c,kjKdXe,BVgquf,QIhFr,lfpdyf,hKSk3e,hc6Ubd,SpsfSb,Z5uLle,MdUzUe,zbML3c,zr1jrb,Uas9Hd,pjICDe?wli=MeetingsUi.N8FEULEQS-w.loadAudioAnalyzer.O%3A%3BMeetingsUi.cNsHZ9j-Kes.loadNetEqLyraWrapper.O%3A%3BMeetingsUi.ChfV7rYTfFM.loadNetEqWrapper.O%3A%3B (4288)
[27596:10100:0407/004322.320:INFO:CONSOLE(293)] "Uncaught (in promise) cancel: Signal asynchronously disposed", source: https://meet.google.com/_/scs/mss-static/_/js/k=boq-rtc.MeetingsUi.en_GB.7yAV83krI24.2020.O/am=xmgKgABAEEAAGAMGUAAAIAQAygCASAEEDgwgAOTBARDAAAAAAABLUogQAAAENQAAAAD9ANxhQoAAGA/d=1/excm=_b,_tp,calldesktoppageview/ed=1/dg=0/br=0/wt=2/ujg=1/rs=AL5CKSHqn_LQj0RKNSaf6mpbicD-9ZIDHw/m=_b,_tp?wli=MeetingsUi.N8FEULEQS-w.loadAudioAnalyzer.O%3A%3BMeetingsUi.cNsHZ9j-Kes.loadNetEqLyraWrapper.O%3A%3BMeetingsUi.ChfV7rYTfFM.loadNetEqWrapper.O%3A%3B (293)
[27596:10100:0407/004322.320:INFO:CONSOLE(293)] "Uncaught (in promise) cancel: Signal asynchronously disposed", source: https://meet.google.com/_/scs/mss-static/_/js/k=boq-rtc.MeetingsUi.en_GB.7yAV83krI24.2020.O/am=xmgKgABAEEAAGAMGUAAAIAQAygCASAEEDgwgAOTBARDAAAAAAABLUogQAAAENQAAAAD9ANxhQoAAGA/d=1/excm=_b,_tp,calldesktoppageview/ed=1/dg=0/br=0/wt=2/ujg=1/rs=AL5CKSHqn_LQj0RKNSaf6mpbicD-9ZIDHw/m=_b,_tp?wli=MeetingsUi.N8FEULEQS-w.loadAudioAnalyzer.O%3A%3BMeetingsUi.cNsHZ9j-Kes.loadNetEqLyraWrapper.O%3A%3BMeetingsUi.ChfV7rYTfFM.loadNetEqWrapper.O%3A%3B (293)
[27596:10100:0407/004322.321:INFO:CONSOLE(4288)] "Uncaught (in promise) DisconnectedError: DisconnectedError, EndCause = 63", source: https://meet.google.com/_/scs/mss-static/_/js/k=boq-rtc.MeetingsUi.en_GB.7yAV83krI24.2020.O/ck=boq-rtc.MeetingsUi.O5irbHNrpes.L.B1.O/am=xmgKgABAEEAAGAMGUAAAIAQAygCASAEEDgwgAOTBARDAAAAAAABLUogQAAAENQAAAAD9ANxhQoAAGA/d=1/exm=LEikZe,_b,_tp,byfTOb,lsjVmc/excm=_b,_tp,calldesktoppageview/ed=1/br=0/wt=2/ujg=1/rs=AL5CKSFfL0Css2PoHXvcOCp0WFNYbD2IHA/ee=AM9HZd:vCak4b;BjCzpe:Yvr34d;Bnf5Lc:iPDrZd;CDC4qf:q6fE0e;CMRktf:sGrqec;DGWCxb:CgYiQ;E1tgbf:hMxPK;EAoUvb:aKikzb;EVNhjf:pw70Gc;EfKZq:QO2YB;EmZ2Bf:zr1jrb;GKUnZb:WNRENb;GmdGTd:Ct4wsb;IXc14:VZgraf;J9XQCb:ojlpPe;JLGZx:oSnDHf;JsINff:yeaFZ;JsbNhc:Xd8iUd;K5nYTd:ZDZcre;KKym4b:dTTbnb;KNpT6b:iSCite;KgXQpf:pQJdrb;LBgRLc:SdcwHb;LQJKcd:WuS5Ye;MJ6mxb:ubdYZ;Me32dd:MEeYgc;N8ehxe:AKukpf;NAHCGe:mxiOOb;NPKaK:SdcwHb;NSEoX:lazG7b;OOoYAb:Oj9pPe;PRDQhf:ux3mLc;PgXDBd:dm1dhc;Pjplud:EEDORb;QGR0gd:Mlhmy;QhhnXd:UqJYYe;RRwdt:gGRuRe;RYWUUc:anescc;Rh5nIc:JScXmc;SIjcAd:jrKD8b;SL22ab:CBRamd;SNUn3:ZwDk9d;SVOR2e:RqS4qe;SVvzme:BPB8ib;ScI3Yc:e7Hzgb;Szy1cf:nBpGQ;TB8xhd:AGa58c;ULs67c:bdUBJc;Up9aO:kY43Sc;Uvc8o:VDovNc;V7j7Sb:stsTjb;VJwZIe:q5U1uf;X6zUkd:u0z0vd;XSYl9e:GNVVIb;YBlgBf:LMo5Id;YIZmRd:A1yn5d;Ycdno:rkQZze;YfZO5c:CVuqWd;ZE1Tgd:kZF9ne;ZGeKvd:rb5w8b;ZT1aHd:g7FNPe;ZaFVgc:wOWhl;ZjyI3e:W2v6fc;a56pNe:JEfCwb;aPdIxb:F52gIc;bS8oAe:Kimhwf;brg6Gd:TlvL3b;cEt90b:ws9Tlc;cFl0Ie:PWJipc;cJj1Kd:A5k23d;cYTQve:GhXhl;cgbTHc:G8ycZ;dDPGef:IiQq4e;dIoSBb:SpsfSb;dYFttf:ZRxAzc;dowIGb:ebZ3mb;eBAeSb:zbML3c;esl3oe:Qz2vJf;fh9ycc:UUtz9d;g2wfV:DcDVld;gAClPb:ghdkwd;hgud7d:GNh0Qc;hoquJe:EjBUIf;iFQyKf:QIhFr;iKsOgb:cWjcJb;jRrT5d:EHUI2d;jg0vue:iItGlf;jtBjNe:dWHZee;kNqx7b:gzp7wb;kqpyR:oFF0ab;l4RAwd:h5Fnie;l6twR:Fvyyad;lJ7cgb:Erp0q;lOO0Vd:OTA3Ae;lx9iFf:nVFiIc;m4bwx:htQxyf;nAFL3:s39S4;oFd48c:l7VM1e;oGtAuc:sOXFj;p0iB4:VQhtq;pXdRYb:MdUzUe;qSBODf:H8X5pc;qafBPd:yDVVkb;qddgKe:xQtZb;qgOdad:vko54d;rWx8Cc:DxgUF;rarsed:Mb2qyd;rpiri:tZyrxe;sgnAWd:HkSoT;ssiZFc:BhQ85d;vKM7Jb:cWjcJb;w1T0Td:xpWMVc;wR5FRb:O1Gjze;x2i2de:zeWni;x4CZme:lCtfC;xbOSgd:e5G55;xqZiqf:wmnU7d;ye9FMd:KC9GA;yxTchf:KUM7Z;zBvUNc:fT8Mbb;zJxI2:kxz7Nb;zxnPse:GkRiKb/m=ws9Tlc,n73qwf,GkRiKb,e5qFLc,IZT63,UUJqVe,O1Gjze,xUdipf,ZDZcre,OTA3Ae,ZwDk9d,RyvaUb,mI3LFb,XU5LFb,m9oV,hl,P6sQOc,QcfBve,mzzZzc,rCcCxc,mSX26d,WO9ee,JGjVRe,en2VH,ALJJub,ncpZGe,kRDR8c,H9H6ie,sszRX,QQnX0,uHu91b,kgMFLe,hKCjub,CJeEuc,O6y8ed,PrPYRd,MpJwZc,NwH0H,V3dDOb,lazG7b,Ivl8bd,g9HNd,XVMNvd,L1AAkb,KUM7Z,Fl2dbf,s39S4,lwddkf,gychg,w9hDv,RMhBfe,SdcwHb,aW3pY,texUgd,pw70Gc,EFQ78c,Ulmmrd,A7fCU,mdR7q,wmnU7d,xQtZb,FSOnAf,gJzDyc,JNoxi,MI6k7c,kjKdXe,BVgquf,QIhFr,lfpdyf,hKSk3e,hc6Ubd,SpsfSb,Z5uLle,MdUzUe,zbML3c,zr1jrb,Uas9Hd,pjICDe?wli=MeetingsUi.N8FEULEQS-w.loadAudioAnalyzer.O%3A%3BMeetingsUi.cNsHZ9j-Kes.loadNetEqLyraWrapper.O%3A%3BMeetingsUi.ChfV7rYTfFM.loadNetEqWrapper.O%3A%3B (4288)
[27596:10100:0407/004322.321:INFO:CONSOLE(4288)] "Uncaught (in promise) DisconnectedError: DisconnectedError, EndCause = 63", source: https://meet.google.com/_/scs/mss-static/_/js/k=boq-rtc.MeetingsUi.en_GB.7yAV83krI24.2020.O/ck=boq-rtc.MeetingsUi.O5irbHNrpes.L.B1.O/am=xmgKgABAEEAAGAMGUAAAIAQAygCASAEEDgwgAOTBARDAAAAAAABLUogQAAAENQAAAAD9ANxhQoAAGA/d=1/exm=LEikZe,_b,_tp,byfTOb,lsjVmc/excm=_b,_tp,calldesktoppageview/ed=1/br=0/wt=2/ujg=1/rs=AL5CKSFfL0Css2PoHXvcOCp0WFNYbD2IHA/ee=AM9HZd:vCak4b;BjCzpe:Yvr34d;Bnf5Lc:iPDrZd;CDC4qf:q6fE0e;CMRktf:sGrqec;DGWCxb:CgYiQ;E1tgbf:hMxPK;EAoUvb:aKikzb;EVNhjf:pw70Gc;EfKZq:QO2YB;EmZ2Bf:zr1jrb;GKUnZb:WNRENb;GmdGTd:Ct4wsb;IXc14:VZgraf;J9XQCb:ojlpPe;JLGZx:oSnDHf;JsINff:yeaFZ;JsbNhc:Xd8iUd;K5nYTd:ZDZcre;KKym4b:dTTbnb;KNpT6b:iSCite;KgXQpf:pQJdrb;LBgRLc:SdcwHb;LQJKcd:WuS5Ye;MJ6mxb:ubdYZ;Me32dd:MEeYgc;N8ehxe:AKukpf;NAHCGe:mxiOOb;NPKaK:SdcwHb;NSEoX:lazG7b;OOoYAb:Oj9pPe;PRDQhf:ux3mLc;PgXDBd:dm1dhc;Pjplud:EEDORb;QGR0gd:Mlhmy;QhhnXd:UqJYYe;RRwdt:gGRuRe;RYWUUc:anescc;Rh5nIc:JScXmc;SIjcAd:jrKD8b;SL22ab:CBRamd;SNUn3:ZwDk9d;SVOR2e:RqS4qe;SVvzme:BPB8ib;ScI3Yc:e7Hzgb;Szy1cf:nBpGQ;TB8xhd:AGa58c;ULs67c:bdUBJc;Up9aO:kY43Sc;Uvc8o:VDovNc;V7j7Sb:stsTjb;VJwZIe:q5U1uf;X6zUkd:u0z0vd;XSYl9e:GNVVIb;YBlgBf:LMo5Id;YIZmRd:A1yn5d;Ycdno:rkQZze;YfZO5c:CVuqWd;ZE1Tgd:kZF9ne;ZGeKvd:rb5w8b;ZT1aHd:g7FNPe;ZaFVgc:wOWhl;ZjyI3e:W2v6fc;a56pNe:JEfCwb;aPdIxb:F52gIc;bS8oAe:Kimhwf;brg6Gd:TlvL3b;cEt90b:ws9Tlc;cFl0Ie:PWJipc;cJj1Kd:A5k23d;cYTQve:GhXhl;cgbTHc:G8ycZ;dDPGef:IiQq4e;dIoSBb:SpsfSb;dYFttf:ZRxAzc;dowIGb:ebZ3mb;eBAeSb:zbML3c;esl3oe:Qz2vJf;fh9ycc:UUtz9d;g2wfV:DcDVld;gAClPb:ghdkwd;hgud7d:GNh0Qc;hoquJe:EjBUIf;iFQyKf:QIhFr;iKsOgb:cWjcJb;jRrT5d:EHUI2d;jg0vue:iItGlf;jtBjNe:dWHZee;kNqx7b:gzp7wb;kqpyR:oFF0ab;l4RAwd:h5Fnie;l6twR:Fvyyad;lJ7cgb:Erp0q;lOO0Vd:OTA3Ae;lx9iFf:nVFiIc;m4bwx:htQxyf;nAFL3:s39S4;oFd48c:l7VM1e;oGtAuc:sOXFj;p0iB4:VQhtq;pXdRYb:MdUzUe;qSBODf:H8X5pc;qafBPd:yDVVkb;qddgKe:xQtZb;qgOdad:vko54d;rWx8Cc:DxgUF;rarsed:Mb2qyd;rpiri:tZyrxe;sgnAWd:HkSoT;ssiZFc:BhQ85d;vKM7Jb:cWjcJb;w1T0Td:xpWMVc;wR5FRb:O1Gjze;x2i2de:zeWni;x4CZme:lCtfC;xbOSgd:e5G55;xqZiqf:wmnU7d;ye9FMd:KC9GA;yxTchf:KUM7Z;zBvUNc:fT8Mbb;zJxI2:kxz7Nb;zxnPse:GkRiKb/m=ws9Tlc,n73qwf,GkRiKb,e5qFLc,IZT63,UUJqVe,O1Gjze,xUdipf,ZDZcre,OTA3Ae,ZwDk9d,RyvaUb,mI3LFb,XU5LFb,m9oV,hl,P6sQOc,QcfBve,mzzZzc,rCcCxc,mSX26d,WO9ee,JGjVRe,en2VH,ALJJub,ncpZGe,kRDR8c,H9H6ie,sszRX,QQnX0,uHu91b,kgMFLe,hKCjub,CJeEuc,O6y8ed,PrPYRd,MpJwZc,NwH0H,V3dDOb,lazG7b,Ivl8bd,g9HNd,XVMNvd,L1AAkb,KUM7Z,Fl2dbf,s39S4,lwddkf,gychg,w9hDv,RMhBfe,SdcwHb,aW3pY,texUgd,pw70Gc,EFQ78c,Ulmmrd,A7fCU,mdR7q,wmnU7d,xQtZb,FSOnAf,gJzDyc,JNoxi,MI6k7c,kjKdXe,BVgquf,QIhFr,lfpdyf,hKSk3e,hc6Ubd,SpsfSb,Z5uLle,MdUzUe,zbML3c,zr1jrb,Uas9Hd,pjICDe?wli=MeetingsUi.N8FEULEQS-w.loadAudioAnalyzer.O%3A%3BMeetingsUi.cNsHZ9j-Kes.loadNetEqLyraWrapper.O%3A%3BMeetingsUi.ChfV7rYTfFM.loadNetEqWrapper.O%3A%3B (4288)
[27596:10100:0407/004322.321:INFO:CONSOLE(4288)] "Uncaught (in promise) DisconnectedError: DisconnectedError, EndCause = 63", source: https://meet.google.com/_/scs/mss-static/_/js/k=boq-rtc.MeetingsUi.en_GB.7yAV83krI24.2020.O/ck=boq-rtc.MeetingsUi.O5irbHNrpes.L.B1.O/am=xmgKgABAEEAAGAMGUAAAIAQAygCASAEEDgwgAOTBARDAAAAAAABLUogQAAAENQAAAAD9ANxhQoAAGA/d=1/exm=LEikZe,_b,_tp,byfTOb,lsjVmc/excm=_b,_tp,calldesktoppageview/ed=1/br=0/wt=2/ujg=1/rs=AL5CKSFfL0Css2PoHXvcOCp0WFNYbD2IHA/ee=AM9HZd:vCak4b;BjCzpe:Yvr34d;Bnf5Lc:iPDrZd;CDC4qf:q6fE0e;CMRktf:sGrqec;DGWCxb:CgYiQ;E1tgbf:hMxPK;EAoUvb:aKikzb;EVNhjf:pw70Gc;EfKZq:QO2YB;EmZ2Bf:zr1jrb;GKUnZb:WNRENb;GmdGTd:Ct4wsb;IXc14:VZgraf;J9XQCb:ojlpPe;JLGZx:oSnDHf;JsINff:yeaFZ;JsbNhc:Xd8iUd;K5nYTd:ZDZcre;KKym4b:dTTbnb;KNpT6b:iSCite;KgXQpf:pQJdrb;LBgRLc:SdcwHb;LQJKcd:WuS5Ye;MJ6mxb:ubdYZ;Me32dd:MEeYgc;N8ehxe:AKukpf;NAHCGe:mxiOOb;NPKaK:SdcwHb;NSEoX:lazG7b;OOoYAb:Oj9pPe;PRDQhf:ux3mLc;PgXDBd:dm1dhc;Pjplud:EEDORb;QGR0gd:Mlhmy;QhhnXd:UqJYYe;RRwdt:gGRuRe;RYWUUc:anescc;Rh5nIc:JScXmc;SIjcAd:jrKD8b;SL22ab:CBRamd;SNUn3:ZwDk9d;SVOR2e:RqS4qe;SVvzme:BPB8ib;ScI3Yc:e7Hzgb;Szy1cf:nBpGQ;TB8xhd:AGa58c;ULs67c:bdUBJc;Up9aO:kY43Sc;Uvc8o:VDovNc;V7j7Sb:stsTjb;VJwZIe:q5U1uf;X6zUkd:u0z0vd;XSYl9e:GNVVIb;YBlgBf:LMo5Id;YIZmRd:A1yn5d;Ycdno:rkQZze;YfZO5c:CVuqWd;ZE1Tgd:kZF9ne;ZGeKvd:rb5w8b;ZT1aHd:g7FNPe;ZaFVgc:wOWhl;ZjyI3e:W2v6fc;a56pNe:JEfCwb;aPdIxb:F52gIc;bS8oAe:Kimhwf;brg6Gd:TlvL3b;cEt90b:ws9Tlc;cFl0Ie:PWJipc;cJj1Kd:A5k23d;cYTQve:GhXhl;cgbTHc:G8ycZ;dDPGef:IiQq4e;dIoSBb:SpsfSb;dYFttf:ZRxAzc;dowIGb:ebZ3mb;eBAeSb:zbML3c;esl3oe:Qz2vJf;fh9ycc:UUtz9d;g2wfV:DcDVld;gAClPb:ghdkwd;hgud7d:GNh0Qc;hoquJe:EjBUIf;iFQyKf:QIhFr;iKsOgb:cWjcJb;jRrT5d:EHUI2d;jg0vue:iItGlf;jtBjNe:dWHZee;kNqx7b:gzp7wb;kqpyR:oFF0ab;l4RAwd:h5Fnie;l6twR:Fvyyad;lJ7cgb:Erp0q;lOO0Vd:OTA3Ae;lx9iFf:nVFiIc;m4bwx:htQxyf;nAFL3:s39S4;oFd48c:l7VM1e;oGtAuc:sOXFj;p0iB4:VQhtq;pXdRYb:MdUzUe;qSBODf:H8X5pc;qafBPd:yDVVkb;qddgKe:xQtZb;qgOdad:vko54d;rWx8Cc:DxgUF;rarsed:Mb2qyd;rpiri:tZyrxe;sgnAWd:HkSoT;ssiZFc:BhQ85d;vKM7Jb:cWjcJb;w1T0Td:xpWMVc;wR5FRb:O1Gjze;x2i2de:zeWni;x4CZme:lCtfC;xbOSgd:e5G55;xqZiqf:wmnU7d;ye9FMd:KC9GA;yxTchf:KUM7Z;zBvUNc:fT8Mbb;zJxI2:kxz7Nb;zxnPse:GkRiKb/m=ws9Tlc,n73qwf,GkRiKb,e5qFLc,IZT63,UUJqVe,O1Gjze,xUdipf,ZDZcre,OTA3Ae,ZwDk9d,RyvaUb,mI3LFb,XU5LFb,m9oV,hl,P6sQOc,QcfBve,mzzZzc,rCcCxc,mSX26d,WO9ee,JGjVRe,en2VH,ALJJub,ncpZGe,kRDR8c,H9H6ie,sszRX,QQnX0,uHu91b,kgMFLe,hKCjub,CJeEuc,O6y8ed,PrPYRd,MpJwZc,NwH0H,V3dDOb,lazG7b,Ivl8bd,g9HNd,XVMNvd,L1AAkb,KUM7Z,Fl2dbf,s39S4,lwddkf,gychg,w9hDv,RMhBfe,SdcwHb,aW3pY,texUgd,pw70Gc,EFQ78c,Ulmmrd,A7fCU,mdR7q,wmnU7d,xQtZb,FSOnAf,gJzDyc,JNoxi,MI6k7c,kjKdXe,BVgquf,QIhFr,lfpdyf,hKSk3e,hc6Ubd,SpsfSb,Z5uLle,MdUzUe,zbML3c,zr1jrb,Uas9Hd,pjICDe?wli=MeetingsUi.N8FEULEQS-w.loadAudioAnalyzer.O%3A%3BMeetingsUi.cNsHZ9j-Kes.loadNetEqLyraWrapper.O%3A%3BMeetingsUi.ChfV7rYTfFM.loadNetEqWrapper.O%3A%3B (4288)
[27596:10100:0407/004322.321:INFO:CONSOLE(4288)] "Uncaught (in promise) DisconnectedError: DisconnectedError, EndCause = 63", source: https://meet.google.com/_/scs/mss-static/_/js/k=boq-rtc.MeetingsUi.en_GB.7yAV83krI24.2020.O/ck=boq-rtc.MeetingsUi.O5irbHNrpes.L.B1.O/am=xmgKgABAEEAAGAMGUAAAIAQAygCASAEEDgwgAOTBARDAAAAAAABLUogQAAAENQAAAAD9ANxhQoAAGA/d=1/exm=LEikZe,_b,_tp,byfTOb,lsjVmc/excm=_b,_tp,calldesktoppageview/ed=1/br=0/wt=2/ujg=1/rs=AL5CKSFfL0Css2PoHXvcOCp0WFNYbD2IHA/ee=AM9HZd:vCak4b;BjCzpe:Yvr34d;Bnf5Lc:iPDrZd;CDC4qf:q6fE0e;CMRktf:sGrqec;DGWCxb:CgYiQ;E1tgbf:hMxPK;EAoUvb:aKikzb;EVNhjf:pw70Gc;EfKZq:QO2YB;EmZ2Bf:zr1jrb;GKUnZb:WNRENb;GmdGTd:Ct4wsb;IXc14:VZgraf;J9XQCb:ojlpPe;JLGZx:oSnDHf;JsINff:yeaFZ;JsbNhc:Xd8iUd;K5nYTd:ZDZcre;KKym4b:dTTbnb;KNpT6b:iSCite;KgXQpf:pQJdrb;LBgRLc:SdcwHb;LQJKcd:WuS5Ye;MJ6mxb:ubdYZ;Me32dd:MEeYgc;N8ehxe:AKukpf;NAHCGe:mxiOOb;NPKaK:SdcwHb;NSEoX:lazG7b;OOoYAb:Oj9pPe;PRDQhf:ux3mLc;PgXDBd:dm1dhc;Pjplud:EEDORb;QGR0gd:Mlhmy;QhhnXd:UqJYYe;RRwdt:gGRuRe;RYWUUc:anescc;Rh5nIc:JScXmc;SIjcAd:jrKD8b;SL22ab:CBRamd;SNUn3:ZwDk9d;SVOR2e:RqS4qe;SVvzme:BPB8ib;ScI3Yc:e7Hzgb;Szy1cf:nBpGQ;TB8xhd:AGa58c;ULs67c:bdUBJc;Up9aO:kY43Sc;Uvc8o:VDovNc;V7j7Sb:stsTjb;VJwZIe:q5U1uf;X6zUkd:u0z0vd;XSYl9e:GNVVIb;YBlgBf:LMo5Id;YIZmRd:A1yn5d;Ycdno:rkQZze;YfZO5c:CVuqWd;ZE1Tgd:kZF9ne;ZGeKvd:rb5w8b;ZT1aHd:g7FNPe;ZaFVgc:wOWhl;ZjyI3e:W2v6fc;a56pNe:JEfCwb;aPdIxb:F52gIc;bS8oAe:Kimhwf;brg6Gd:TlvL3b;cEt90b:ws9Tlc;cFl0Ie:PWJipc;cJj1Kd:A5k23d;cYTQve:GhXhl;cgbTHc:G8ycZ;dDPGef:IiQq4e;dIoSBb:SpsfSb;dYFttf:ZRxAzc;dowIGb:ebZ3mb;eBAeSb:zbML3c;esl3oe:Qz2vJf;fh9ycc:UUtz9d;g2wfV:DcDVld;gAClPb:ghdkwd;hgud7d:GNh0Qc;hoquJe:EjBUIf;iFQyKf:QIhFr;iKsOgb:cWjcJb;jRrT5d:EHUI2d;jg0vue:iItGlf;jtBjNe:dWHZee;kNqx7b:gzp7wb;kqpyR:oFF0ab;l4RAwd:h5Fnie;l6twR:Fvyyad;lJ7cgb:Erp0q;lOO0Vd:OTA3Ae;lx9iFf:nVFiIc;m4bwx:htQxyf;nAFL3:s39S4;oFd48c:l7VM1e;oGtAuc:sOXFj;p0iB4:VQhtq;pXdRYb:MdUzUe;qSBODf:H8X5pc;qafBPd:yDVVkb;qddgKe:xQtZb;qgOdad:vko54d;rWx8Cc:DxgUF;rarsed:Mb2qyd;rpiri:tZyrxe;sgnAWd:HkSoT;ssiZFc:BhQ85d;vKM7Jb:cWjcJb;w1T0Td:xpWMVc;wR5FRb:O1Gjze;x2i2de:zeWni;x4CZme:lCtfC;xbOSgd:e5G55;xqZiqf:wmnU7d;ye9FMd:KC9GA;yxTchf:KUM7Z;zBvUNc:fT8Mbb;zJxI2:kxz7Nb;zxnPse:GkRiKb/m=ws9Tlc,n73qwf,GkRiKb,e5qFLc,IZT63,UUJqVe,O1Gjze,xUdipf,ZDZcre,OTA3Ae,ZwDk9d,RyvaUb,mI3LFb,XU5LFb,m9oV,hl,P6sQOc,QcfBve,mzzZzc,rCcCxc,mSX26d,WO9ee,JGjVRe,en2VH,ALJJub,ncpZGe,kRDR8c,H9H6ie,sszRX,QQnX0,uHu91b,kgMFLe,hKCjub,CJeEuc,O6y8ed,PrPYRd,MpJwZc,NwH0H,V3dDOb,lazG7b,Ivl8bd,g9HNd,XVMNvd,L1AAkb,KUM7Z,Fl2dbf,s39S4,lwddkf,gychg,w9hDv,RMhBfe,SdcwHb,aW3pY,texUgd,pw70Gc,EFQ78c,Ulmmrd,A7fCU,mdR7q,wmnU7d,xQtZb,FSOnAf,gJzDyc,JNoxi,MI6k7c,kjKdXe,BVgquf,QIhFr,lfpdyf,hKSk3e,hc6Ubd,SpsfSb,Z5uLle,MdUzUe,zbML3c,zr1jrb,Uas9Hd,pjICDe?wli=MeetingsUi.N8FEULEQS-w.loadAudioAnalyzer.O%3A%3BMeetingsUi.cNsHZ9j-Kes.loadNetEqLyraWrapper.O%3A%3BMeetingsUi.ChfV7rYTfFM.loadNetEqWrapper.O%3A%3B (4288)
[3408:26300:0407/004322.461:WARNING:sqlite_persistent_store_backend_base.cc(198)] Failed to post task from FlushAndNotifyInBackground@net\extras\sqlite\sqlite_persistent_store_backend_base.cc:248 to client_task_runner_.
[3408:26300:0407/004322.461:WARNING:sqlite_persistent_store_backend_base.cc(198)] Failed to post task from FlushAndNotifyInBackground@net\extras\sqlite\sqlite_persistent_store_backend_base.cc:248 to client_task_runner_.
