[22888:23200:0407/003637.560:INFO:chrome_browser_cloud_management_controller.cc(196)] No machine level policy manager exists.
[22888:23200:0407/003637.605:WARNING:chrome_browser_main_win.cc(745)] Command line too long for RegisterApplicationRestart:  --aggressive-cache-discard --allow-pre-commit-input --disable-application-cache --disable-background-networking --disable-backgrounding-occluded-windows --disable-blink-features=AutomationControlled --disable-cache --disable-client-side-phishing-detection --disable-default-apps --disable-dev-shm-usage --disable-extensions --disable-gpu --disable-hang-monitor --disable-infobars --disable-notifications --disable-offline-load-stale-cache --disable-popup-blocking --disable-prompt-on-repost --disable-sync --disk-cache-size=0 --enable-automation --enable-logging --js-flags=--expose-gc --log-level=0 --no-first-run --no-sandbox --no-service-autorun --password-store=basic --remote-debugging-port=0 --start-maximized --test-type=webdriver --use-fake-device-for-media-stream --use-fake-ui-for-media-stream --use-mock-keychain --user-agent="Mozilla/5.0 (Windows NT 10.0; Win64; x64) AppleWebKit/537.36 (KHTML, like Gecko) Chrome/120.0.0.0 Safari/537.36" --user-data-dir="C:\Users\diksh\Desktop\WB-D\AI Meet Project\backend\chrome-user-data\sometapatapisneeded5@gmail.com" --restore-last-session --restart
[22428:21772:0407/003638.839:WARNING:viz_main_impl.cc(85)] VizNullHypothesis is disabled (not a warning)
[22888:23200:0407/003639.247:INFO:CONSOLE(373)] "%c%s color: red; background: yellow; font-size: 24px; WARNING!", source: https://www.gstatic.com/_/mss/boq-identity/_/js/k=boq-identity.AccountSettingsUi.en_GB.esd7aL43_BQ.2019.O/am=AwEYRAOuJSdM4WYDzywYWMb5z2phkwAQAIAEAIAAAAQ/d=1/excm=_b,_tp,googleaccounthomeview/ed=1/dg=0/wt=2/ujg=1/rs=AOaEmlF_qJwsLqM91l-FcV_2aNngOSl0Uw/m=_b,_tp (373)
[22888:23200:0407/003639.247:INFO:CONSOLE(373)] "%c%s font-size: 18px; Using this console may allow attackers to impersonate you and steal your information using an attack called Self-XSS.
Do not enter or paste code that you don't understand.", source: https://www.gstatic.com/_/mss/boq-identity/_/js/k=boq-identity.AccountSettingsUi.en_GB.esd7aL43_BQ.2019.O/am=AwEYRAOuJSdM4WYDzywYWMb5z2phkwAQAIAEAIAAAAQ/d=1/excm=_b,_tp,googleaccounthomeview/ed=1/dg=0/wt=2/ujg=1/rs=AOaEmlF_qJwsLqM91l-FcV_2aNngOSl0Uw/m=_b,_tp (373)
[22888:23200:0407/003640.245:INFO:CONSOLE(0)] "An iframe which has both allow-scripts and allow-same-origin for its sandbox attribute can escape its sandboxing.", source: https://myaccount.google.com/profile-picture?origin=https%3A%2F%2Fmyaccount.google.com&hostId=ma&theme=light (0)
[22888:23200:0407/003641.333:INFO:CONSOLE(689)] "%c%s color:teal;font-size:24px Developing an extension for Meet? An add-on would work better.", source: https://meet.google.com/_/scs/mss-static/_/js/k=boq-rtc.MeetingsUi.en_GB.7yAV83krI24.2020.O/am=xmgKgABAEEAAGAMGUAAAIAQAygCASAEEDgwgAOTBARDAAAAAAABLUogQAAAENQAAAAD9ANxhQoAAGA/d=1/excm=_b,_tp,calldesktoppageview/ed=1/dg=0/br=0/wt=2/ujg=1/rs=AL5CKSHqn_LQj0RKNSaf6mpbicD-9ZIDHw/m=_b,_tp?wli=MeetingsUi.N8FEULEQS-w.loadAudioAnalyzer.O%3A%3BMeetingsUi.cNsHZ9j-Kes.loadNetEqLyraWrapper.O%3A%3BMeetingsUi.ChfV7rYTfFM.loadNetEqWrapper.O%3A%3B (689)
[22888:23200:0407/003641.333:INFO:CONSOLE(689)] "%c%s color:teal;font-size:16px Extensions frequently cause user issues by altering the page.", source: https://meet.google.com/_/scs/mss-static/_/js/k=boq-rtc.MeetingsUi.en_GB.7yAV83krI24.2020.O/am=xmgKgABAEEAAGAMGUAAAIAQAygCASAEEDgwgAOTBARDAAAAAAABLUogQAAAENQAAAAD9ANxhQoAAGA/d=1/excm=_b,_tp,calldesktoppageview/ed=1/dg=0/br=0/wt=2/ujg=1/rs=AL5CKSHqn_LQj0RKNSaf6mpbicD-9ZIDHw/m=_b,_tp?wli=MeetingsUi.N8FEULEQS-w.loadAudioAnalyzer.O%3A%3BMeetingsUi.cNsHZ9j-Kes.loadNetEqLyraWrapper.O%3A%3BMeetingsUi.ChfV7rYTfFM.loadNetEqWrapper.O%3A%3B (689)
[22888:23200:0407/003641.333:INFO:CONSOLE(690)] "%c%s font-size:16px https://developers.google.com/meet/add-ons", source: https://meet.google.com/_/scs/mss-static/_/js/k=boq-rtc.MeetingsUi.en_GB.7yAV83krI24.2020.O/am=xmgKgABAEEAAGAMGUAAAIAQAygCASAEEDgwgAOTBARDAAAAAAABLUogQAAAENQAAAAD9ANxhQoAAGA/d=1/excm=_b,_tp,calldesktoppageview/ed=1/dg=0/br=0/wt=2/ujg=1/rs=AL5CKSHqn_LQj0RKNSaf6mpbicD-9ZIDHw/m=_b,_tp?wli=MeetingsUi.N8FEULEQS-w.loadAudioAnalyzer.O%3A%3BMeetingsUi.cNsHZ9j-Kes.loadNetEqLyraWrapper.O%3A%3BMeetingsUi.ChfV7rYTfFM.loadNetEqWrapper.O%3A%3B (690)
[22888:23200:0407/003641.345:INFO:CONSOLE(620)] "%c%s color: red; background: yellow; font-size: 24px; WARNING!", source: https://meet.google.com/_/scs/mss-static/_/js/k=boq-rtc.MeetingsUi.en_GB.7yAV83krI24.2020.O/am=xmgKgABAEEAAGAMGUAAAIAQAygCASAEEDgwgAOTBARDAAAAAAABLUogQAAAENQAAAAD9ANxhQoAAGA/d=1/excm=_b,_tp,calldesktoppageview/ed=1/dg=0/br=0/wt=2/ujg=1/rs=AL5CKSHqn_LQj0RKNSaf6mpbicD-9ZIDHw/m=_b,_tp?wli=MeetingsUi.N8FEULEQS-w.loadAudioAnalyzer.O%3A%3BMeetingsUi.cNsHZ9j-Kes.loadNetEqLyraWrapper.O%3A%3BMeetingsUi.ChfV7rYTfFM.loadNetEqWrapper.O%3A%3B (620)
[22888:23200:0407/003641.345:INFO:CONSOLE(620)] "%c%s font-size: 18px; Using this console may allow attackers to impersonate you and steal your information using an attack called Self-XSS.
Do not enter or paste code that you don't understand.", source: https://meet.google.com/_/scs/mss-static/_/js/k=boq-rtc.MeetingsUi.en_GB.7yAV83krI24.2020.O/am=xmgKgABAEEAAGAMGUAAAIAQAygCASAEEDgwgAOTBARDAAAAAAABLUogQAAAENQAAAAD9ANxhQoAAGA/d=1/excm=_b,_tp,calldesktoppageview/ed=1/dg=0/br=0/wt=2/ujg=1/rs=AL5CKSHqn_LQj0RKNSaf6mpbicD-9ZIDHw/m=_b,_tp?wli=MeetingsUi.N8FEULEQS-w.loadAudioAnalyzer.O%3A%3BMeetingsUi.cNsHZ9j-Kes.loadNetEqLyraWrapper.O%3A%3BMeetingsUi.ChfV7rYTfFM.loadNetEqWrapper.O%3A%3B (620)
[22428:21772:0407/003641.509:ERROR:gles2_cmd_decoder_passthrough.cc(1094)] [GroupMarkerNotSet(crbug.com/242999)!:A0202800247A0000]Automatic fallback to software WebGL has been deprecated. Please use the --enable-unsafe-swiftshader flag to opt in to lower security guarantees for trusted content.
[22888:23200:0407/003641.530:WARNING:capture_device_ranking.h(255)] Can't initialize the value of media.audio_input.user_preference_ranking because media.default_audio_capture_device isn't registered or is empty
[22888:23200:0407/003641.530:WARNING:capture_device_ranking.h(255)] Can't initialize the value of media.video_input.user_preference_ranking because media.default_video_capture_Device isn't registered or is empty
[22888:23200:0407/003641.530:WARNING:capture_device_ranking.h(255)] Can't initialize the value of media.audio_input.user_preference_ranking because media.default_audio_capture_device isn't registered or is empty
[22888:23200:0407/003641.530:WARNING:capture_device_ranking.h(255)] Can't initialize the value of media.video_input.user_preference_ranking because media.default_video_capture_Device isn't registered or is empty
[27508:26180:0407/003641.541:INFO:peer_connection_dependency_factory.cc(802)] Running WebRTC with a combined Network and Worker thread.
[22888:23200:0407/003641.578:INFO:CONSOLE(1584)] "The AudioContext was not allowed to start. It must be resumed (or created) after a user gesture on the page. https://goo.gl/7K7WLu", source: https://meet.google.com/_/scs/mss-static/_/js/k=boq-rtc.MeetingsUi.en_GB.7yAV83krI24.2020.O/ck=boq-rtc.MeetingsUi.O5irbHNrpes.L.B1.O/am=xmgKgABAEEAAGAMGUAAAIAQAygCASAEEDgwgAOTBARDAAAAAAABLUogQAAAENQAAAAD9ANxhQoAAGA/d=1/exm=LEikZe,_b,_tp,byfTOb,lsjVmc/excm=_b,_tp,calldesktoppageview/ed=1/br=0/wt=2/ujg=1/rs=AL5CKSFfL0Css2PoHXvcOCp0WFNYbD2IHA/ee=AM9HZd:vCak4b;BjCzpe:Yvr34d;Bnf5Lc:iPDrZd;CDC4qf:q6fE0e;CMRktf:sGrqec;DGWCxb:CgYiQ;E1tgbf:hMxPK;EAoUvb:aKikzb;EVNhjf:pw70Gc;EfKZq:QO2YB;EmZ2Bf:zr1jrb;GKUnZb:WNRENb;GmdGTd:Ct4wsb;IXc14:VZgraf;J9XQCb:ojlpPe;JLGZx:oSnDHf;JsINff:yeaFZ;JsbNhc:Xd8iUd;K5nYTd:ZDZcre;KKym4b:dTTbnb;KNpT6b:iSCite;KgXQpf:pQJdrb;LBgRLc:SdcwHb;LQJKcd:WuS5Ye;MJ6mxb:ubdYZ;Me32dd:MEeYgc;N8ehxe:AKukpf;NAHCGe:mxiOOb;NPKaK:SdcwHb;NSEoX:lazG7b;OOoYAb:Oj9pPe;PRDQhf:ux3mLc;PgXDBd:dm1dhc;Pjplud:EEDORb;QGR0gd:Mlhmy;QhhnXd:UqJYYe;RRwdt:gGRuRe;RYWUUc:anescc;Rh5nIc:JScXmc;SIjcAd:jrKD8b;SL22ab:CBRamd;SNUn3:ZwDk9d;SVOR2e:RqS4qe;SVvzme:BPB8ib;ScI3Yc:e7Hzgb;Szy1cf:nBpGQ;TB8xhd:AGa58c;ULs67c:bdUBJc;Up9aO:kY43Sc;Uvc8o:VDovNc;V7j7Sb:stsTjb;VJwZIe:q5U1uf;X6zUkd:u0z0vd;XSYl9e:GNVVIb;YBlgBf:LMo5Id;YIZmRd:A1yn5d;Ycdno:rkQZze;YfZO5c:CVuqWd;ZE1Tgd:kZF9ne;ZGeKvd:rb5w8b;ZT1aHd:g7FNPe;ZaFVgc:wOWhl;ZjyI3e:W2v6fc;a56pNe:JEfCwb;aPdIxb:F52gIc;bS8oAe:Kimhwf;brg6Gd:TlvL3b;cEt90b:ws9Tlc;cFl0Ie:PWJipc;cJj1Kd:A5k23d;cYTQve:GhXhl;cgbTHc:G8ycZ;dDPGef:IiQq4e;dIoSBb:SpsfSb;dYFttf:ZRxAzc;dowIGb:ebZ3mb;eBAeSb:zbML3c;esl3oe:Qz2vJf;fh9ycc:UUtz9d;g2wfV:DcDVld;gAClPb:ghdkwd;hgud7d:GNh0Qc;hoquJe:EjBUIf;iFQyKf:QIhFr;iKsOgb:cWjcJb;jRrT5d:EHUI2d;jg0vue:iItGlf;jtBjNe:dWHZee;kNqx7b:gzp7wb;kqpyR:oFF0ab;l4RAwd:h5Fnie;l6twR:Fvyyad;lJ7cgb:Erp0q;lOO0Vd:OTA3Ae;lx9iFf:nVFiIc;m4bwx:htQxyf;nAFL3:s39S4;oFd48c:l7VM1e;oGtAuc:sOXFj;p0iB4:VQhtq;pXdRYb:MdUzUe;qSBODf:H8X5pc;qafBPd:yDVVkb;qddgKe:xQtZb;qgOdad:vko54d;rWx8Cc:DxgUF;rarsed:Mb2qyd;rpiri:tZyrxe;sgnAWd:HkSoT;ssiZFc:BhQ85d;vKM7Jb:cWjcJb;w1T0Td:xpWMVc;wR5FRb:O1Gjze;x2i2de:zeWni;x4CZme:lCtfC;xbOSgd:e5G55;xqZiqf:wmnU7d;ye9FMd:KC9GA;yxTchf:KUM7Z;zBvUNc:fT8Mbb;zJxI2:kxz7Nb;zxnPse:GkRiKb/m=ws9Tlc,n73qwf,GkRiKb,e5qFLc,IZT63,UUJqVe,O1Gjze,xUdipf,ZDZcre,OTA3Ae,ZwDk9d,RyvaUb,mI3LFb,XU5LFb,m9oV,hl,P6sQOc,QcfBve,mzzZzc,rCcCxc,mSX26d,WO9ee,JGjVRe,en2VH,ALJJub,ncpZGe,kRDR8c,H9H6ie,sszRX,QQnX0,uHu91b,kgMFLe,hKCjub,CJeEuc,O6y8ed,PrPYRd,MpJwZc,NwH0H,V3dDOb,lazG7b,Ivl8bd,g9HNd,XVMNvd,L1AAkb,KUM7Z,Fl2dbf,s39S4,lwddkf,gychg,w9hDv,RMhBfe,SdcwHb,aW3pY,texUgd,pw70Gc,EFQ78c,Ulmmrd,A7fCU,mdR7q,wmnU7d,xQtZb,FSOnAf,gJzDyc,JNoxi,MI6k7c,kjKdXe,BVgquf,QIhFr,lfpdyf,hKSk3e,hc6Ubd,SpsfSb,Z5uLle,MdUzUe,zbML3c,zr1jrb,Uas9Hd,pjICDe?wli=MeetingsUi.N8FEULEQS-w.loadAudioAnalyzer.O%3A%3BMeetingsUi.cNsHZ9j-Kes.loadNetEqLyraWrapper.O%3A%3BMeetingsUi.ChfV7rYTfFM.loadNetEqWrapper.O%3A%3B (1584)
[22888:23200:0407/003641.614:INFO:CONSOLE(0)] "[GroupMarkerNotSet(crbug.com/242999)!:A0202800247A0000]Automatic fallback to software WebGL has been deprecated. Please use the --enable-unsafe-swiftshader flag to opt in to lower security guarantees for trusted content.", source: https://meet.google.com/vts-yukf-cah (0)
[22428:21772:0407/003641.649:ERROR:gles2_cmd_decoder_passthrough.cc(958)] ContextResult::kFatalFailure: fail_if_major_perf_caveat + swiftshader
[22428:21772:0407/003641.654:ERROR:gles2_cmd_decoder_passthrough.cc(1094)] [GroupMarkerNotSet(crbug.com/242999)!:A0803600247A0000]Automatic fallback to software WebGL has been deprecated. Please use the --enable-unsafe-swiftshader flag to opt in to lower security guarantees for trusted content.
[22888:23200:0407/003641.672:INFO:CONSOLE(0)] "[Report Only] Refused to load the script 'https://www.gstatic.com/hangouts_echo_detector/release/726916173/audio_analyzer_processor_bundle.js' because it violates the following Content Security Policy directive: "script-src 'unsafe-inline' 'unsafe-eval' blob: data: https://meet.google.com/_/scs/mss-static/_/js/ https://www.gstatic.com/video_effects/effects/ https://www-onepick-opensocial.googleusercontent.com/gadgets/js/rpc.js https://www.gstatic.com/_/mss/boq-one-google/_/ https://www.gstatic.com/og/_/js/ https://apis.google.com/js/api.js https://apis.google.com/js/client.js https://www.google.com/tools/feedback/load.js https://www.google.com/tools/feedback/open.js https://www.google.com/tools/feedback/open_to_help_guide_lazy.js https://www.google.com/tools/feedback/help_api.js https://www.gstatic.com/inproduct_help/service/lazy.min.js https://www.gstatic.com/inproduct_help/api/main.min.js https://www.gstatic.com/inproduct_help/chatsupport/chatsupport_button_v2.js https://www.gstatic.com/feedback/js/help/prod/service/lazy.min.js https://www.gstatic.com/uservoice/feedback/client/web/live/ https://www.google.com/tools/feedback/chat_load.js https://www.gstatic.com/uservoice/surveys/resources/prod/js/survey/ https://www.gstatic.com/feedback/js/ghelp/ https://meet.google.com/meetsw.js https://meet.google.com/devicesw.js https://meet.google.com/notrodsw.js https://www.googletagmanager.com/gtag/js https://www.google-analytics.com/analytics.js https://www.googletagmanager.com/gtag/destination https://maps.googleapis.com/maps/api/js https://meet.google.com/_/scs/mss-static/_/js/k=boq-rtc.MeetingsUi.en_GB.7yAV83krI24.2020.O/ https://apis.google.com/_/scs/abc-static/_/js/ https://maps.googleapis.com/maps-api-v3/api/js/ https://maps.googleapis.com/maps/vt https://maps.googleapis.com/maps/api/js/ https://maps.googleapis.com/maps/api/place/js/". Note that 'script-src-elem' was not explicitly set, so 'script-src' is used as a fallback.
", source: https://meet.google.com/vts-yukf-cah (0)
[22888:23200:0407/003641.698:WARNING:capture_device_ranking.h(255)] Can't initialize the value of media.audio_input.user_preference_ranking because media.default_audio_capture_device isn't registered or is empty
[22888:23200:0407/003641.698:WARNING:capture_device_ranking.h(255)] Can't initialize the value of media.video_input.user_preference_ranking because media.default_video_capture_Device isn't registered or is empty
[22888:23200:0407/003641.857:WARNING:capture_device_ranking.h(255)] Can't initialize the value of media.audio_input.user_preference_ranking because media.default_audio_capture_device isn't registered or is empty
[22888:23200:0407/003641.857:WARNING:capture_device_ranking.h(255)] Can't initialize the value of media.video_input.user_preference_ranking because media.default_video_capture_Device isn't registered or is empty
[22888:23200:0407/003641.877:WARNING:capture_device_ranking.h(255)] Can't initialize the value of media.audio_input.user_preference_ranking because media.default_audio_capture_device isn't registered or is empty
[22888:23200:0407/003641.877:WARNING:capture_device_ranking.h(255)] Can't initialize the value of media.video_input.user_preference_ranking because media.default_video_capture_Device isn't registered or is empty
[22888:23200:0407/003641.884:WARNING:capture_device_ranking.h(255)] Can't initialize the value of media.audio_input.user_preference_ranking because media.default_audio_capture_device isn't registered or is empty
[22888:23200:0407/003641.884:WARNING:capture_device_ranking.h(255)] Can't initialize the value of media.video_input.user_preference_ranking because media.default_video_capture_Device isn't registered or is empty
[22888:23200:0407/003641.891:WARNING:capture_device_ranking.h(255)] Can't initialize the value of media.audio_input.user_preference_ranking because media.default_audio_capture_device isn't registered or is empty
[22888:23200:0407/003641.891:WARNING:capture_device_ranking.h(255)] Can't initialize the value of media.video_input.user_preference_ranking because media.default_video_capture_Device isn't registered or is empty
[22888:23200:0407/003641.903:WARNING:capture_device_ranking.h(255)] Can't initialize the value of media.audio_input.user_preference_ranking because media.default_audio_capture_device isn't registered or is empty
[22888:23200:0407/003641.972:WARNING:capture_device_ranking.h(255)] Can't initialize the value of media.video_input.user_preference_ranking because media.default_video_capture_Device isn't registered or is empty
[22888:23200:0407/003641.974:WARNING:capture_device_ranking.h(255)] Can't initialize the value of media.audio_input.user_preference_ranking because media.default_audio_capture_device isn't registered or is empty
[22888:23200:0407/003641.974:WARNING:capture_device_ranking.h(255)] Can't initialize the value of media.video_input.user_preference_ranking because media.default_video_capture_Device isn't registered or is empty
[22888:23200:0407/003641.977:WARNING:capture_device_ranking.h(255)] Can't initialize the value of media.audio_input.user_preference_ranking because media.default_audio_capture_device isn't registered or is empty
[22888:23200:0407/003641.981:WARNING:capture_device_ranking.h(255)] Can't initialize the value of media.audio_input.user_preference_ranking because media.default_audio_capture_device isn't registered or is empty
[22888:23200:0407/003641.981:WARNING:capture_device_ranking.h(255)] Can't initialize the value of media.video_input.user_preference_ranking because media.default_video_capture_Device isn't registered or is empty
[27508:26180:0407/003642.338:WARNING:sdp_munging_detector.cc(313)] SDP munging: RTP header extension added.
[27508:27700:0407/003642.347:WARNING:transport_description.cc(32)] '-', '=', '#' and '-' are not valid ice-char and thus not permitted in ufrag or pwd. This is a protocol violation that is permitted to allow upgrading but will be rejected in the future. See https://crbug.com/1053756
[27508:27700:0407/003642.347:WARNING:openssl_stream_adapter.cc(155)] WebRTC-ForceDtls13: 
[27508:27700:0407/003642.349:INFO:ipc_socket_factory.cc(577)] Setting new p2p socket buffer limit to 262144
[27508:27700:0407/003642.350:INFO:ipc_socket_factory.cc(577)] Setting new p2p socket buffer limit to 262144
[27508:27700:0407/003642.350:INFO:ipc_socket_factory.cc(577)] Setting new p2p socket buffer limit to 262144
[27508:27700:0407/003642.356:INFO:ipc_socket_factory.cc(577)] Setting new p2p socket buffer limit to 262144
[17644:2216:0407/003642.356:INFO:socket_udp.cc(477)] sendto() has failed twice returning a  transient error net::ERR_ADDRESS_UNREACHABLE. Dropping the packet.
[27508:27700:0407/003642.356:INFO:ipc_socket_factory.cc(577)] Setting new p2p socket buffer limit to 262144
[27508:27700:0407/003642.357:INFO:ipc_socket_factory.cc(577)] Setting new p2p socket buffer limit to 262144
[27508:26180:0407/003642.362:WARNING:sdp_munging_detector.cc(167)] SDP munging: video codecs added.
[27508:27700:0407/003642.366:WARNING:transport_description.cc(32)] '-', '=', '#' and '-' are not valid ice-char and thus not permitted in ufrag or pwd. This is a protocol violation that is permitted to allow upgrading but will be rejected in the future. See https://crbug.com/1053756
[23420:27588:0407/003642.407:WARNING:sync_reader.cc(148)] ASR: No room in socket buffer.: The pipe is being closed. (0xE8)
[17644:2216:0407/003642.413:WARNING:net_errors_win.cc(119)] Unknown error 1168 mapped to net::ERR_FAILED
[17644:2216:0407/003642.413:INFO:socket_udp.cc(477)] sendto() has failed twice returning a  transient error net::ERR_ADDRESS_UNREACHABLE. Dropping the packet.
[17644:2216:0407/003642.473:WARNING:net_errors_win.cc(119)] Unknown error 1168 mapped to net::ERR_FAILED
[17644:2216:0407/003642.473:INFO:socket_udp.cc(477)] sendto() has failed twice returning a  transient error net::ERR_ADDRESS_UNREACHABLE. Dropping the packet.
[27508:27700:0407/003642.480:WARNING:tcp_port.cc(482)] Dropping connection as TCP socket bound to IP 192.168.29.x, rather than an address associated with network:Net[{33F2CC8E-0AD2-4A22-B28F-4AF102F5BD63}:192.168.56.x/24:Ethernet:id=1]
[27508:27700:0407/003642.483:WARNING:tcp_port.cc(482)] Dropping connection as TCP socket bound to IP 192.168.29.x, rather than an address associated with network:Net[{EA1CA3BF-F6BE-451F-B0F9-F818341EEF42}:172.24.160.x/20:Ethernet:id=6]
[27508:27700:0407/003642.483:WARNING:tcp_port.cc(482)] Dropping connection as TCP socket bound to IP 192.168.29.x, rather than an address associated with network:Net[{4766BE55-B660-4781-A5A1-CC1D8B77C976}:192.168.234.x/24:Ethernet:id=5]
[27508:27700:0407/003642.484:WARNING:tcp_port.cc(482)] Dropping connection as TCP socket bound to IP 2405:201:402b:x:x:x:x:x, rather than an address associated with network:Net[{3508985F-B00E-4209-86A8-61AB47C9083F}:2405:201:402b:x:x:x:x:x/64:Wifi:id=3]
[27508:27700:0407/003642.491:WARNING:tcp_port.cc(482)] Dropping connection as TCP socket bound to IP 192.168.29.x, rather than an address associated with network:Net[{4766BE55-B660-4781-A5A1-CC1D8B77C976}:192.168.234.x/24:Ethernet:id=5]
[27508:27700:0407/003642.496:WARNING:tcp_port.cc(482)] Dropping connection as TCP socket bound to IP 192.168.29.x, rather than an address associated with network:Net[{33F2CC8E-0AD2-4A22-B28F-4AF102F5BD63}:192.168.56.x/24:Ethernet:id=1]
[27508:27700:0407/003642.497:WARNING:tcp_port.cc(482)] Dropping connection as TCP socket bound to IP 192.168.29.x, rather than an address associated with network:Net[{EA1CA3BF-F6BE-451F-B0F9-F818341EEF42}:172.24.160.x/20:Ethernet:id=6]
[27508:27700:0407/003642.497:WARNING:tcp_port.cc(482)] Dropping connection as TCP socket bound to IP 2405:201:402b:x:x:x:x:x, rather than an address associated with network:Net[{3508985F-B00E-4209-86A8-61AB47C9083F}:2405:201:402b:x:x:x:x:x/64:Wifi:id=3]
[17644:2216:0407/003642.553:WARNING:net_errors_win.cc(119)] Unknown error 1168 mapped to net::ERR_FAILED
[17644:2216:0407/003642.553:INFO:socket_udp.cc(477)] sendto() has failed twice returning a  transient error net::ERR_ADDRESS_UNREACHABLE. Dropping the packet.
[17644:2216:0407/003642.629:WARNING:net_errors_win.cc(119)] Unknown error 1168 mapped to net::ERR_FAILED
[17644:2216:0407/003642.629:INFO:socket_udp.cc(477)] sendto() has failed twice returning a  transient error net::ERR_ADDRESS_UNREACHABLE. Dropping the packet.
[17644:2216:0407/003642.694:WARNING:net_errors_win.cc(119)] Unknown error 1168 mapped to net::ERR_FAILED
[17644:2216:0407/003642.694:INFO:socket_udp.cc(477)] sendto() has failed twice returning a  transient error net::ERR_ADDRESS_UNREACHABLE. Dropping the packet.
[17644:2216:0407/003643.225:WARNING:net_errors_win.cc(119)] Unknown error 1168 mapped to net::ERR_FAILED
[17644:2216:0407/003643.225:INFO:socket_udp.cc(477)] sendto() has failed twice returning a  transient error net::ERR_ADDRESS_UNREACHABLE. Dropping the packet.
[17644:2216:0407/003643.295:INFO:socket_udp.cc(477)] sendto() has failed twice returning a  transient error net::ERR_ADDRESS_UNREACHABLE. Dropping the packet.
[17644:2216:0407/003643.366:INFO:socket_udp.cc(477)] sendto() has failed twice returning a  transient error net::ERR_ADDRESS_UNREACHABLE. Dropping the packet.
[17644:2216:0407/003643.443:INFO:socket_udp.cc(477)] sendto() has failed twice returning a  transient error net::ERR_ADDRESS_UNREACHABLE. Dropping the packet.
[17644:2216:0407/003643.521:INFO:socket_udp.cc(477)] sendto() has failed twice returning a  transient error net::ERR_ADDRESS_UNREACHABLE. Dropping the packet.
[17644:2216:0407/003643.583:INFO:socket_udp.cc(477)] sendto() has failed twice returning a  transient error net::ERR_ADDRESS_UNREACHABLE. Dropping the packet.
[17644:2216:0407/003643.771:INFO:socket_udp.cc(477)] sendto() has failed twice returning a  transient error net::ERR_ADDRESS_UNREACHABLE. Dropping the packet.
[17644:2216:0407/003643.833:INFO:socket_udp.cc(477)] sendto() has failed twice returning a  transient error net::ERR_ADDRESS_UNREACHABLE. Dropping the packet.
[17644:2216:0407/003643.903:INFO:socket_udp.cc(477)] sendto() has failed twice returning a  transient error net::ERR_ADDRESS_UNREACHABLE. Dropping the packet.
[17644:2216:0407/003644.021:INFO:socket_udp.cc(477)] sendto() has failed twice returning a  transient error net::ERR_ADDRESS_UNREACHABLE. Dropping the packet.
[17644:2216:0407/003644.083:INFO:socket_udp.cc(477)] sendto() has failed twice returning a  transient error net::ERR_ADDRESS_UNREACHABLE. Dropping the packet.
[17644:2216:0407/003644.146:INFO:socket_udp.cc(477)] sendto() has failed twice returning a  transient error net::ERR_ADDRESS_UNREACHABLE. Dropping the packet.
[27508:26180:0407/003644.923:WARNING:sdp_munging_detector.cc(167)] SDP munging: video codecs added.
[27508:27700:0407/003644.926:WARNING:transport_description.cc(32)] '-', '=', '#' and '-' are not valid ice-char and thus not permitted in ufrag or pwd. This is a protocol violation that is permitted to allow upgrading but will be rejected in the future. See https://crbug.com/1053756
[17644:2216:0407/003645.444:INFO:socket_udp.cc(477)] sendto() has failed twice returning a  transient error net::ERR_ADDRESS_UNREACHABLE. Dropping the packet.
[17644:2216:0407/003645.991:INFO:socket_udp.cc(477)] sendto() has failed twice returning a  transient error net::ERR_ADDRESS_UNREACHABLE. Dropping the packet.
[17644:2216:0407/003646.537:INFO:socket_udp.cc(477)] sendto() has failed twice returning a  transient error net::ERR_ADDRESS_UNREACHABLE. Dropping the packet.
[17644:2216:0407/003647.084:INFO:socket_udp.cc(477)] sendto() has failed twice returning a  transient error net::ERR_ADDRESS_UNREACHABLE. Dropping the packet.
[17644:2216:0407/003648.194:INFO:socket_udp.cc(477)] sendto() has failed twice returning a  transient error net::ERR_ADDRESS_UNREACHABLE. Dropping the packet.
[17644:2216:0407/003648.739:INFO:socket_udp.cc(477)] sendto() has failed twice returning a  transient error net::ERR_ADDRESS_UNREACHABLE. Dropping the packet.
[17644:2216:0407/003650.944:INFO:socket_udp.cc(477)] sendto() has failed twice returning a  transient error net::ERR_ADDRESS_UNREACHABLE. Dropping the packet.
[17644:2216:0407/003651.489:INFO:socket_udp.cc(477)] sendto() has failed twice returning a  transient error net::ERR_ADDRESS_UNREACHABLE. Dropping the packet.
[17644:2216:0407/003652.037:INFO:socket_udp.cc(477)] sendto() has failed twice returning a  transient error net::ERR_ADDRESS_UNREACHABLE. Dropping the packet.
[17644:2216:0407/003652.583:INFO:socket_udp.cc(477)] sendto() has failed twice returning a  transient error net::ERR_ADDRESS_UNREACHABLE. Dropping the packet.
[17644:2216:0407/003653.678:INFO:socket_udp.cc(477)] sendto() has failed twice returning a  transient error net::ERR_ADDRESS_UNREACHABLE. Dropping the packet.
[17644:2216:0407/003654.209:INFO:socket_udp.cc(477)] sendto() has failed twice returning a  transient error net::ERR_ADDRESS_UNREACHABLE. Dropping the packet.
