[23024:6888:0407/004239.753:INFO:chrome_browser_cloud_management_controller.cc(196)] No machine level policy manager exists.
[23024:6888:0407/004239.874:WARNING:chrome_browser_main_win.cc(745)] Command line too long for RegisterApplicationRestart:  --aggressive-cache-discard --allow-pre-commit-input --disable-application-cache --disable-background-networking --disable-backgrounding-occluded-windows --disable-blink-features=AutomationControlled --disable-cache --disable-client-side-phishing-detection --disable-default-apps --disable-dev-shm-usage --disable-extensions --disable-gpu --disable-hang-monitor --disable-infobars --disable-notifications --disable-offline-load-stale-cache --disable-popup-blocking --disable-prompt-on-repost --disable-sync --disk-cache-size=0 --enable-automation --enable-logging --js-flags=--expose-gc --log-level=0 --no-first-run --no-sandbox --no-service-autorun --password-store=basic --remote-debugging-port=0 --start-maximized --test-type=webdriver --use-fake-device-for-media-stream --use-fake-ui-for-media-stream --use-mock-keychain --user-agent="Mozilla/5.0 (Windows NT 10.0; Win64; x64) AppleWebKit/537.36 (KHTML, like Gecko) Chrome/120.0.0.0 Safari/537.36" --user-data-dir="C:\Users\diksh\Desktop\WB-D\AI Meet Project\backend\chrome-user-data\nisop299@gmail.com-1743966758037-a3be623c" --restore-last-session --restart
[24080:22464:0407/004240.402:WARNING:viz_main_impl.cc(85)] VizNullHypothesis is disabled (not a warning)
[23024:6888:0407/004241.731:INFO:CONSOLE(40)] "[Report Only] This document requires 'TrustedHTML' assignment.", source: https://www.gstatic.com/external_hosted/lottie_player/lottie_player_binary-bundle.js (40)
[23024:6888:0407/004242.914:INFO:CONSOLE(5)] "[Report Only] This document requires 'TrustedScriptURL' assignment.", source: https://www.google.com/account/about/?hl=en-US (5)
[23024:6888:0407/004244.737:WARNING:page_discarding_helper.cc(163)] Discarding multiple pages with target (kb): 0, discard_protected_tabs: 0
[23024:6888:0407/004249.737:WARNING:page_discarding_helper.cc(163)] Discarding multiple pages with target (kb): 0, discard_protected_tabs: 0
[23024:6888:0407/004250.738:WARNING:controller_impl.cc(1187)] Background download complete, client: 6, completion type: 0, file size:5156
[23024:6888:0407/004250.738:WARNING:controller_impl.cc(1187)] Background download complete, client: 6, completion type: 0, file size:265059
[23024:6888:0407/004252.590:WARNING:controller_impl.cc(1187)] Background download complete, client: 6, completion type: 0, file size:2200227
[23024:6888:0407/004253.180:INFO:CONSOLE(0)] "[DOM] Input elements should have autocomplete attributes (suggested: "current-password"): (More info: https://goo.gl/9p2vKq) %o", source: https://accounts.google.com/v3/signin/identifier?ifkv=AXH0vVvW18JW57Nazqu1xdkKKhdq0iDZ3wNdzgE-YzI8gij7IDY0hOSmjcSfEal9EHdiF72T0urteQ&flowName=GlifWebSignIn&flowEntry=ServiceLogin&dsh=S-989593671%3A1743966775343262 (0)
[23024:6888:0407/004253.204:INFO:CONSOLE(426)] "%c%s color: red; background: yellow; font-size: 24px; WARNING!", source: https://www.gstatic.com/_/mss/boq-identity/_/js/k=boq-identity.AccountsSignInUi.en_US.Cjk3WYmewT8.es5.O/am=iQEMSyZrAAVxFjOQzgJGAkIGAAAAAAAAAABsAACAOQY/d=1/excm=_b,_tp,identifierview/ed=1/dg=0/wt=2/ujg=1/rs=AOaEmlExReWv4eZ0Q570NB9dH5b0829_Ew/m=_b,_tp (426)
[23024:6888:0407/004253.204:INFO:CONSOLE(426)] "%c%s font-size: 18px; Using this console may allow attackers to impersonate you and steal your information using an attack called Self-XSS.
Do not enter or paste code that you do not understand.", source: https://www.gstatic.com/_/mss/boq-identity/_/js/k=boq-identity.AccountsSignInUi.en_US.Cjk3WYmewT8.es5.O/am=iQEMSyZrAAVxFjOQzgJGAkIGAAAAAAAAAABsAACAOQY/d=1/excm=_b,_tp,identifierview/ed=1/dg=0/wt=2/ujg=1/rs=AOaEmlExReWv4eZ0Q570NB9dH5b0829_Ew/m=_b,_tp (426)
[23024:6888:0407/004253.282:WARNING:controller_impl.cc(1187)] Background download complete, client: 6, completion type: 0, file size:45169
[23024:6888:0407/004253.815:WARNING:capture_device_ranking.h(255)] Can't initialize the value of media.audio_input.user_preference_ranking because media.default_audio_capture_device isn't registered or is empty
[23024:6888:0407/004253.815:WARNING:capture_device_ranking.h(255)] Can't initialize the value of media.video_input.user_preference_ranking because media.default_video_capture_Device isn't registered or is empty
[23024:6888:0407/004253.815:WARNING:capture_device_ranking.h(255)] Can't initialize the value of media.audio_input.user_preference_ranking because media.default_audio_capture_device isn't registered or is empty
[23024:6888:0407/004253.815:WARNING:capture_device_ranking.h(255)] Can't initialize the value of media.video_input.user_preference_ranking because media.default_video_capture_Device isn't registered or is empty
[23024:6888:0407/004253.918:WARNING:download_manager_impl.cc(701)] A download with the same GUID already exists, the new request is ignored.
[23024:6888:0407/004254.744:WARNING:page_discarding_helper.cc(163)] Discarding multiple pages with target (kb): 0, discard_protected_tabs: 0
[23024:6888:0407/004257.339:WARNING:controller_impl.cc(1187)] Background download complete, client: 6, completion type: 0, file size:883094
[23024:6888:0407/004257.512:WARNING:controller_impl.cc(1187)] Background download complete, client: 6, completion type: 0, file size:2992963
[23024:6888:0407/004257.750:WARNING:controller_impl.cc(1187)] Background download complete, client: 6, completion type: 0, file size:4680
[23024:6888:0407/004258.745:WARNING:controller_impl.cc(1187)] Background download complete, client: 6, completion type: 0, file size:118577
[23024:6888:0407/004258.892:WARNING:controller_impl.cc(1187)] Background download complete, client: 6, completion type: 0, file size:2747170
[24080:22464:0407/004300.678:ERROR:gles2_cmd_decoder_passthrough.cc(1094)] [GroupMarkerNotSet(crbug.com/242999)!:A0402300AC570000]Automatic fallback to software WebGL has been deprecated. Please use the --enable-unsafe-swiftshader flag to opt in to lower security guarantees for trusted content.
[23024:6888:0407/004300.779:INFO:CONSOLE(0)] "[GroupMarkerNotSet(crbug.com/242999)!:A0402300AC570000]Automatic fallback to software WebGL has been deprecated. Please use the --enable-unsafe-swiftshader flag to opt in to lower security guarantees for trusted content.", source: https://accounts.google.com/v3/signin/identifier?ifkv=AXH0vVvW18JW57Nazqu1xdkKKhdq0iDZ3wNdzgE-YzI8gij7IDY0hOSmjcSfEal9EHdiF72T0urteQ&flowName=GlifWebSignIn&flowEntry=ServiceLogin&dsh=S-989593671%3A1743966775343262 (0)
[23024:6888:0407/004302.628:WARNING:capture_device_ranking.h(255)] Can't initialize the value of media.audio_input.user_preference_ranking because media.default_audio_capture_device isn't registered or is empty
[23024:6888:0407/004302.628:WARNING:capture_device_ranking.h(255)] Can't initialize the value of media.video_input.user_preference_ranking because media.default_video_capture_Device isn't registered or is empty
[24080:22464:0407/004305.700:ERROR:gles2_cmd_decoder_passthrough.cc(1094)] [GroupMarkerNotSet(crbug.com/242999)!:A0402300AC570000]Automatic fallback to software WebGL has been deprecated. Please use the --enable-unsafe-swiftshader flag to opt in to lower security guarantees for trusted content.
[23024:6888:0407/004305.719:INFO:CONSOLE(0)] "[GroupMarkerNotSet(crbug.com/242999)!:A0402300AC570000]Automatic fallback to software WebGL has been deprecated. Please use the --enable-unsafe-swiftshader flag to opt in to lower security guarantees for trusted content.", source: https://accounts.google.com/v3/signin/challenge/pwd?TL=ADBLaQDinMJw3SniNTmHyHFHC1bqKjQtc2Mhkt9cm3ApMTAaFDCclHR8IEZQqXqv&checkConnection=youtube%3A336&checkedDomains=youtube&cid=1&dsh=S-989593671%3A1743966775343262&flowEntry=ServiceLogin&flowName=GlifWebSignIn&ifkv=AXH0vVvW18JW57Nazqu1xdkKKhdq0iDZ3wNdzgE-YzI8gij7IDY0hOSmjcSfEal9EHdiF72T0urteQ&pstMsg=1 (0)
[23024:6888:0407/004306.899:INFO:CONSOLE(689)] "%c%s color:teal;font-size:24px Developing an extension for Meet? An add-on would work better.", source: https://meet.google.com/_/scs/mss-static/_/js/k=boq-rtc.MeetingsUi.en_US.7dj6QHdBDws.2020.O/am=xmgKgABoEEQAGAcGQAAAIAQAygCASB0MDgwwAOTBARDAAAAAAABLVogxAAAENQAAAAD9ANxhQoIBGA/d=1/excm=_b,_tp,calldesktoppageview/ed=1/dg=0/br=0/wt=2/ujg=1/rs=AL5CKSHlIVAL1KqH3I9G_KUKqpGVTgwSUA/m=_b,_tp?wli=MeetingsUi.N8FEULEQS-w.loadAudioAnalyzer.O%3A%3BMeetingsUi.cNsHZ9j-Kes.loadNetEqLyraWrapper.O%3A%3BMeetingsUi.ChfV7rYTfFM.loadNetEqWrapper.O%3A%3B (689)
[23024:6888:0407/004306.899:INFO:CONSOLE(689)] "%c%s color:teal;font-size:16px Extensions frequently cause user issues by altering the page.", source: https://meet.google.com/_/scs/mss-static/_/js/k=boq-rtc.MeetingsUi.en_US.7dj6QHdBDws.2020.O/am=xmgKgABoEEQAGAcGQAAAIAQAygCASB0MDgwwAOTBARDAAAAAAABLVogxAAAENQAAAAD9ANxhQoIBGA/d=1/excm=_b,_tp,calldesktoppageview/ed=1/dg=0/br=0/wt=2/ujg=1/rs=AL5CKSHlIVAL1KqH3I9G_KUKqpGVTgwSUA/m=_b,_tp?wli=MeetingsUi.N8FEULEQS-w.loadAudioAnalyzer.O%3A%3BMeetingsUi.cNsHZ9j-Kes.loadNetEqLyraWrapper.O%3A%3BMeetingsUi.ChfV7rYTfFM.loadNetEqWrapper.O%3A%3B (689)
[23024:6888:0407/004306.900:INFO:CONSOLE(690)] "%c%s font-size:16px https://developers.google.com/meet/add-ons", source: https://meet.google.com/_/scs/mss-static/_/js/k=boq-rtc.MeetingsUi.en_US.7dj6QHdBDws.2020.O/am=xmgKgABoEEQAGAcGQAAAIAQAygCASB0MDgwwAOTBARDAAAAAAABLVogxAAAENQAAAAD9ANxhQoIBGA/d=1/excm=_b,_tp,calldesktoppageview/ed=1/dg=0/br=0/wt=2/ujg=1/rs=AL5CKSHlIVAL1KqH3I9G_KUKqpGVTgwSUA/m=_b,_tp?wli=MeetingsUi.N8FEULEQS-w.loadAudioAnalyzer.O%3A%3BMeetingsUi.cNsHZ9j-Kes.loadNetEqLyraWrapper.O%3A%3BMeetingsUi.ChfV7rYTfFM.loadNetEqWrapper.O%3A%3B (690)
[23024:6888:0407/004306.916:INFO:CONSOLE(620)] "%c%s color: red; background: yellow; font-size: 24px; WARNING!", source: https://meet.google.com/_/scs/mss-static/_/js/k=boq-rtc.MeetingsUi.en_US.7dj6QHdBDws.2020.O/am=xmgKgABoEEQAGAcGQAAAIAQAygCASB0MDgwwAOTBARDAAAAAAABLVogxAAAENQAAAAD9ANxhQoIBGA/d=1/excm=_b,_tp,calldesktoppageview/ed=1/dg=0/br=0/wt=2/ujg=1/rs=AL5CKSHlIVAL1KqH3I9G_KUKqpGVTgwSUA/m=_b,_tp?wli=MeetingsUi.N8FEULEQS-w.loadAudioAnalyzer.O%3A%3BMeetingsUi.cNsHZ9j-Kes.loadNetEqLyraWrapper.O%3A%3BMeetingsUi.ChfV7rYTfFM.loadNetEqWrapper.O%3A%3B (620)
[23024:6888:0407/004306.916:INFO:CONSOLE(620)] "%c%s font-size: 18px; Using this console may allow attackers to impersonate you and steal your information using an attack called Self-XSS.
Do not enter or paste code that you do not understand.", source: https://meet.google.com/_/scs/mss-static/_/js/k=boq-rtc.MeetingsUi.en_US.7dj6QHdBDws.2020.O/am=xmgKgABoEEQAGAcGQAAAIAQAygCASB0MDgwwAOTBARDAAAAAAABLVogxAAAENQAAAAD9ANxhQoIBGA/d=1/excm=_b,_tp,calldesktoppageview/ed=1/dg=0/br=0/wt=2/ujg=1/rs=AL5CKSHlIVAL1KqH3I9G_KUKqpGVTgwSUA/m=_b,_tp?wli=MeetingsUi.N8FEULEQS-w.loadAudioAnalyzer.O%3A%3BMeetingsUi.cNsHZ9j-Kes.loadNetEqLyraWrapper.O%3A%3BMeetingsUi.ChfV7rYTfFM.loadNetEqWrapper.O%3A%3B (620)
[23024:6888:0407/004307.738:WARNING:capture_device_ranking.h(255)] Can't initialize the value of media.audio_input.user_preference_ranking because media.default_audio_capture_device isn't registered or is empty
[23024:6888:0407/004307.738:WARNING:capture_device_ranking.h(255)] Can't initialize the value of media.video_input.user_preference_ranking because media.default_video_capture_Device isn't registered or is empty
[23024:6888:0407/004307.738:WARNING:capture_device_ranking.h(255)] Can't initialize the value of media.audio_input.user_preference_ranking because media.default_audio_capture_device isn't registered or is empty
[23024:6888:0407/004307.738:WARNING:capture_device_ranking.h(255)] Can't initialize the value of media.video_input.user_preference_ranking because media.default_video_capture_Device isn't registered or is empty
[24080:22464:0407/004307.785:ERROR:gles2_cmd_decoder_passthrough.cc(1094)] [GroupMarkerNotSet(crbug.com/242999)!:A0402300AC570000]Automatic fallback to software WebGL has been deprecated. Please use the --enable-unsafe-swiftshader flag to opt in to lower security guarantees for trusted content.
[23024:6888:0407/004307.905:WARNING:capture_device_ranking.h(255)] Can't initialize the value of media.audio_input.user_preference_ranking because media.default_audio_capture_device isn't registered or is empty
[23024:6888:0407/004307.906:WARNING:capture_device_ranking.h(255)] Can't initialize the value of media.video_input.user_preference_ranking because media.default_video_capture_Device isn't registered or is empty
[14148:18908:0407/004307.998:INFO:peer_connection_dependency_factory.cc(802)] Running WebRTC with a combined Network and Worker thread.
[23024:6888:0407/004308.065:INFO:CONSOLE(0)] "[GroupMarkerNotSet(crbug.com/242999)!:A0402300AC570000]Automatic fallback to software WebGL has been deprecated. Please use the --enable-unsafe-swiftshader flag to opt in to lower security guarantees for trusted content.", source: https://meet.google.com/vts-yukf-cah (0)
[24080:22464:0407/004308.162:ERROR:gles2_cmd_decoder_passthrough.cc(958)] ContextResult::kFatalFailure: fail_if_major_perf_caveat + swiftshader
[24080:22464:0407/004308.169:ERROR:gles2_cmd_decoder_passthrough.cc(1094)] [GroupMarkerNotSet(crbug.com/242999)!:A0702300AC570000]Automatic fallback to software WebGL has been deprecated. Please use the --enable-unsafe-swiftshader flag to opt in to lower security guarantees for trusted content.
[23024:6888:0407/004308.517:WARNING:capture_device_ranking.h(255)] Can't initialize the value of media.audio_input.user_preference_ranking because media.default_audio_capture_device isn't registered or is empty
[23024:6888:0407/004308.517:WARNING:capture_device_ranking.h(255)] Can't initialize the value of media.video_input.user_preference_ranking because media.default_video_capture_Device isn't registered or is empty
[23024:6888:0407/004308.574:WARNING:capture_device_ranking.h(255)] Can't initialize the value of media.audio_input.user_preference_ranking because media.default_audio_capture_device isn't registered or is empty
[23024:6888:0407/004308.574:WARNING:capture_device_ranking.h(255)] Can't initialize the value of media.video_input.user_preference_ranking because media.default_video_capture_Device isn't registered or is empty
[23024:6888:0407/004308.591:WARNING:capture_device_ranking.h(255)] Can't initialize the value of media.audio_input.user_preference_ranking because media.default_audio_capture_device isn't registered or is empty
[23024:6888:0407/004308.591:WARNING:capture_device_ranking.h(255)] Can't initialize the value of media.video_input.user_preference_ranking because media.default_video_capture_Device isn't registered or is empty
[23024:6888:0407/004308.599:INFO:CONSOLE(0)] "Access to fetch at 'https://accounts.google.com/ServiceLogin?passive=1209600&osid=1&continue=https://meet.google.com/_/MeetingsUi/offline/&followup=https://meet.google.com/_/MeetingsUi/offline/&authuser=0' (redirected from 'https://meet.google.com/_/MeetingsUi/offline/') from origin 'https://meet.google.com' has been blocked by CORS policy: No 'Access-Control-Allow-Origin' header is present on the requested resource. If an opaque response serves your needs, set the request's mode to 'no-cors' to fetch the resource with CORS disabled.", source:  (0)
[23024:6888:0407/004308.640:INFO:CONSOLE(397)] "Uncaught (in promise) TypeError: Failed to fetch", source: https://meet.google.com/_/scs/mss-static/_/js/k=boq-rtc.MeetingsServiceWorker.en_US.-ULwZnrd7xI.2020.O/am=AIwh/d=1/rs=AL5CKSFS8Uu4BbFMMMdKgbLC2fmMZgoT6w/m=base (397)
[23024:6888:0407/004308.654:WARNING:capture_device_ranking.h(255)] Can't initialize the value of media.audio_input.user_preference_ranking because media.default_audio_capture_device isn't registered or is empty
[23024:6888:0407/004308.654:WARNING:capture_device_ranking.h(255)] Can't initialize the value of media.video_input.user_preference_ranking because media.default_video_capture_Device isn't registered or is empty
[23024:6888:0407/004308.678:WARNING:capture_device_ranking.h(255)] Can't initialize the value of media.audio_input.user_preference_ranking because media.default_audio_capture_device isn't registered or is empty
[23024:6888:0407/004308.690:INFO:CONSOLE(0)] "Access to fetch at 'https://accounts.google.com/ServiceLogin?passive=1209600&osid=1&continue=https://meet.google.com/_/MeetingsUi/offline/&followup=https://meet.google.com/_/MeetingsUi/offline/&authuser=0' (redirected from 'https://meet.google.com/_/MeetingsUi/offline/') from origin 'https://meet.google.com' has been blocked by CORS policy: No 'Access-Control-Allow-Origin' header is present on the requested resource. If an opaque response serves your needs, set the request's mode to 'no-cors' to fetch the resource with CORS disabled.", source:  (0)
[23024:6888:0407/004308.690:INFO:CONSOLE(397)] "Uncaught (in promise) TypeError: Failed to fetch", source: https://meet.google.com/_/scs/mss-static/_/js/k=boq-rtc.MeetingsServiceWorker.en_US.-ULwZnrd7xI.2020.O/am=AIwh/d=1/rs=AL5CKSFS8Uu4BbFMMMdKgbLC2fmMZgoT6w/m=base (397)
[23024:6888:0407/004309.072:WARNING:capture_device_ranking.h(255)] Can't initialize the value of media.audio_input.user_preference_ranking because media.default_audio_capture_device isn't registered or is empty
[23024:6888:0407/004309.072:WARNING:capture_device_ranking.h(255)] Can't initialize the value of media.video_input.user_preference_ranking because media.default_video_capture_Device isn't registered or is empty
[23024:6888:0407/004309.245:WARNING:capture_device_ranking.h(255)] Can't initialize the value of media.video_input.user_preference_ranking because media.default_video_capture_Device isn't registered or is empty
[23024:6888:0407/004309.271:WARNING:capture_device_ranking.h(255)] Can't initialize the value of media.audio_input.user_preference_ranking because media.default_audio_capture_device isn't registered or is empty
[23024:6888:0407/004309.271:WARNING:capture_device_ranking.h(255)] Can't initialize the value of media.video_input.user_preference_ranking because media.default_video_capture_Device isn't registered or is empty
[23024:6888:0407/004309.306:WARNING:capture_device_ranking.h(255)] Can't initialize the value of media.audio_input.user_preference_ranking because media.default_audio_capture_device isn't registered or is empty
[23024:6888:0407/004309.306:WARNING:capture_device_ranking.h(255)] Can't initialize the value of media.video_input.user_preference_ranking because media.default_video_capture_Device isn't registered or is empty
[23024:6888:0407/004309.433:INFO:CONSOLE(0)] "[Report Only] Refused to load the script 'https://www.gstatic.com/hangouts_echo_detector/release/726916173/audio_analyzer_processor_bundle.js' because it violates the following Content Security Policy directive: "script-src 'unsafe-inline' 'unsafe-eval' blob: data: https://meet.google.com/_/scs/mss-static/_/js/ https://www.gstatic.com/video_effects/effects/ https://www-onepick-opensocial.googleusercontent.com/gadgets/js/rpc.js https://www.gstatic.com/_/mss/boq-one-google/_/ https://www.gstatic.com/og/_/js/ https://apis.google.com/js/api.js https://apis.google.com/js/client.js https://www.google.com/tools/feedback/load.js https://www.google.com/tools/feedback/open.js https://www.google.com/tools/feedback/open_to_help_guide_lazy.js https://www.google.com/tools/feedback/help_api.js https://www.gstatic.com/inproduct_help/service/lazy.min.js https://www.gstatic.com/inproduct_help/api/main.min.js https://www.gstatic.com/inproduct_help/chatsupport/chatsupport_button_v2.js https://www.gstatic.com/feedback/js/help/prod/service/lazy.min.js https://www.gstatic.com/uservoice/feedback/client/web/live/ https://www.google.com/tools/feedback/chat_load.js https://www.gstatic.com/uservoice/surveys/resources/prod/js/survey/ https://www.gstatic.com/feedback/js/ghelp/ https://meet.google.com/meetsw.js https://meet.google.com/devicesw.js https://meet.google.com/notrodsw.js https://www.googletagmanager.com/gtag/js https://www.google-analytics.com/analytics.js https://www.googletagmanager.com/gtag/destination https://maps.googleapis.com/maps/api/js https://meet.google.com/_/scs/mss-static/_/js/k=boq-rtc.MeetingsUi.en_US.7dj6QHdBDws.2020.O/ https://apis.google.com/_/scs/abc-static/_/js/ https://maps.googleapis.com/maps-api-v3/api/js/ https://maps.googleapis.com/maps/vt https://maps.googleapis.com/maps/api/js/ https://maps.googleapis.com/maps/api/place/js/". Note that 'script-src-elem' was not explicitly set, so 'script-src' is used as a fallback.
", source: https://meet.google.com/vts-yukf-cah (0)
[23024:6888:0407/004309.758:WARNING:page_discarding_helper.cc(163)] Discarding multiple pages with target (kb): 0, discard_protected_tabs: 0
[14148:18908:0407/004309.937:WARNING:sdp_munging_detector.cc(313)] SDP munging: RTP header extension added.
[23024:6888:0407/004309.946:WARNING:capture_device_ranking.h(255)] Can't initialize the value of media.audio_input.user_preference_ranking because media.default_audio_capture_device isn't registered or is empty
[14148:25740:0407/004309.958:WARNING:transport_description.cc(32)] '-', '=', '#' and '-' are not valid ice-char and thus not permitted in ufrag or pwd. This is a protocol violation that is permitted to allow upgrading but will be rejected in the future. See https://crbug.com/1053756
[14148:25740:0407/004309.958:WARNING:transport_description.cc(32)] '-', '=', '#' and '-' are not valid ice-char and thus not permitted in ufrag or pwd. This is a protocol violation that is permitted to allow upgrading but will be rejected in the future. See https://crbug.com/1053756
[14148:25740:0407/004309.958:WARNING:openssl_stream_adapter.cc(155)] WebRTC-ForceDtls13: 
[14148:25740:0407/004309.964:INFO:ipc_socket_factory.cc(577)] Setting new p2p socket buffer limit to 262144
[14148:25740:0407/004309.964:INFO:ipc_socket_factory.cc(577)] Setting new p2p socket buffer limit to 262144
[14148:25740:0407/004309.965:INFO:ipc_socket_factory.cc(577)] Setting new p2p socket buffer limit to 262144
[14148:25740:0407/004309.971:INFO:ipc_socket_factory.cc(577)] Setting new p2p socket buffer limit to 262144
[18844:19884:0407/004309.971:INFO:socket_udp.cc(477)] sendto() has failed twice returning a  transient error net::ERR_ADDRESS_UNREACHABLE. Dropping the packet.
[14148:25740:0407/004309.971:INFO:ipc_socket_factory.cc(577)] Setting new p2p socket buffer limit to 262144
[14148:25740:0407/004309.971:INFO:ipc_socket_factory.cc(577)] Setting new p2p socket buffer limit to 262144
[14148:18908:0407/004309.978:WARNING:sdp_munging_detector.cc(167)] SDP munging: video codecs added.
[14148:25740:0407/004309.986:WARNING:transport_description.cc(32)] '-', '=', '#' and '-' are not valid ice-char and thus not permitted in ufrag or pwd. This is a protocol violation that is permitted to allow upgrading but will be rejected in the future. See https://crbug.com/1053756
[14148:25740:0407/004309.986:WARNING:transport_description.cc(32)] '-', '=', '#' and '-' are not valid ice-char and thus not permitted in ufrag or pwd. This is a protocol violation that is permitted to allow upgrading but will be rejected in the future. See https://crbug.com/1053756
[18844:19884:0407/004310.022:WARNING:net_errors_win.cc(119)] Unknown error 1168 mapped to net::ERR_FAILED
[18844:19884:0407/004310.022:INFO:socket_udp.cc(477)] sendto() has failed twice returning a  transient error net::ERR_ADDRESS_UNREACHABLE. Dropping the packet.
[14148:25740:0407/004310.077:WARNING:tcp_port.cc(482)] Dropping connection as TCP socket bound to IP 192.168.29.x, rather than an address associated with network:Net[{33F2CC8E-0AD2-4A22-B28F-4AF102F5BD63}:192.168.56.x/24:Ethernet:id=1]
[14148:25740:0407/004310.078:WARNING:tcp_port.cc(482)] Dropping connection as TCP socket bound to IP 192.168.29.x, rather than an address associated with network:Net[{EA1CA3BF-F6BE-451F-B0F9-F818341EEF42}:172.24.160.x/20:Ethernet:id=6]
[14148:25740:0407/004310.078:WARNING:tcp_port.cc(482)] Dropping connection as TCP socket bound to IP 192.168.29.x, rather than an address associated with network:Net[{4766BE55-B660-4781-A5A1-CC1D8B77C976}:192.168.234.x/24:Ethernet:id=5]
[14148:25740:0407/004310.080:WARNING:tcp_port.cc(482)] Dropping connection as TCP socket bound to IP 2405:201:402b:x:x:x:x:x, rather than an address associated with network:Net[{3508985F-B00E-4209-86A8-61AB47C9083F}:2405:201:402b:x:x:x:x:x/64:Wifi:id=3]
[18844:19884:0407/004310.085:WARNING:net_errors_win.cc(119)] Unknown error 1168 mapped to net::ERR_FAILED
[18844:19884:0407/004310.085:INFO:socket_udp.cc(477)] sendto() has failed twice returning a  transient error net::ERR_ADDRESS_UNREACHABLE. Dropping the packet.
[14148:25740:0407/004310.085:WARNING:tcp_port.cc(482)] Dropping connection as TCP socket bound to IP 192.168.29.x, rather than an address associated with network:Net[{4766BE55-B660-4781-A5A1-CC1D8B77C976}:192.168.234.x/24:Ethernet:id=5]
[14148:25740:0407/004310.089:WARNING:tcp_port.cc(482)] Dropping connection as TCP socket bound to IP 192.168.29.x, rather than an address associated with network:Net[{33F2CC8E-0AD2-4A22-B28F-4AF102F5BD63}:192.168.56.x/24:Ethernet:id=1]
[14148:25740:0407/004310.090:WARNING:tcp_port.cc(482)] Dropping connection as TCP socket bound to IP 192.168.29.x, rather than an address associated with network:Net[{EA1CA3BF-F6BE-451F-B0F9-F818341EEF42}:172.24.160.x/20:Ethernet:id=6]
[14148:25740:0407/004310.093:WARNING:tcp_port.cc(482)] Dropping connection as TCP socket bound to IP 2405:201:402b:x:x:x:x:x, rather than an address associated with network:Net[{3508985F-B00E-4209-86A8-61AB47C9083F}:2405:201:402b:x:x:x:x:x/64:Wifi:id=3]
[18844:19884:0407/004310.146:WARNING:net_errors_win.cc(119)] Unknown error 1168 mapped to net::ERR_FAILED
[18844:19884:0407/004310.146:INFO:socket_udp.cc(477)] sendto() has failed twice returning a  transient error net::ERR_ADDRESS_UNREACHABLE. Dropping the packet.
[18844:19884:0407/004310.210:WARNING:net_errors_win.cc(119)] Unknown error 1168 mapped to net::ERR_FAILED
[18844:19884:0407/004310.210:INFO:socket_udp.cc(477)] sendto() has failed twice returning a  transient error net::ERR_ADDRESS_UNREACHABLE. Dropping the packet.
[18844:19884:0407/004310.272:WARNING:net_errors_win.cc(119)] Unknown error 1168 mapped to net::ERR_FAILED
[18844:19884:0407/004310.272:INFO:socket_udp.cc(477)] sendto() has failed twice returning a  transient error net::ERR_ADDRESS_UNREACHABLE. Dropping the packet.
[18844:19884:0407/004310.787:WARNING:net_errors_win.cc(119)] Unknown error 1168 mapped to net::ERR_FAILED
[18844:19884:0407/004310.787:INFO:socket_udp.cc(477)] sendto() has failed twice returning a  transient error net::ERR_ADDRESS_UNREACHABLE. Dropping the packet.
[18844:19884:0407/004310.850:INFO:socket_udp.cc(477)] sendto() has failed twice returning a  transient error net::ERR_ADDRESS_UNREACHABLE. Dropping the packet.
[18844:19884:0407/004310.912:INFO:socket_udp.cc(477)] sendto() has failed twice returning a  transient error net::ERR_ADDRESS_UNREACHABLE. Dropping the packet.
[23024:6888:0407/004311.828:WARNING:capture_device_ranking.h(255)] Can't initialize the value of media.audio_input.user_preference_ranking because media.default_audio_capture_device isn't registered or is empty
[23024:6888:0407/004311.828:WARNING:capture_device_ranking.h(255)] Can't initialize the value of media.video_input.user_preference_ranking because media.default_video_capture_Device isn't registered or is empty
[24080:22464:0407/004311.833:ERROR:gles2_cmd_decoder_passthrough.cc(1094)] [GroupMarkerNotSet(crbug.com/242999)!:A0D02300AC570000]Automatic fallback to software WebGL has been deprecated. Please use the --enable-unsafe-swiftshader flag to opt in to lower security guarantees for trusted content.
[23024:6888:0407/004311.850:INFO:CONSOLE(0)] "[GroupMarkerNotSet(crbug.com/242999)!:A0D02300AC570000]Automatic fallback to software WebGL has been deprecated. Please use the --enable-unsafe-swiftshader flag to opt in to lower security guarantees for trusted content.", source: https://accounts.google.com/AccountChooser/signinchooser?hl=en_US&continue=https%3A%2F%2Fmeet.google.com%2Fvts-yukf-cah&ddm=1&flowName=GlifWebSignIn&flowEntry=AccountChooser (0)
[23024:6888:0407/004314.021:INFO:CONSOLE(689)] "%c%s color:teal;font-size:24px Developing an extension for Meet? An add-on would work better.", source: https://meet.google.com/_/scs/mss-static/_/js/k=boq-rtc.MeetingsUi.en_GB.7yAV83krI24.2020.O/am=xmoqgABoEEAAGAMGQAAAIAQAygCASAEEDgwgAOTBARDAAAAAAABLVogQAAAUNQAABAD9ANxhQoIBGA/d=1/excm=_b,_tp,calldesktoppageview/ed=1/dg=0/br=0/wt=2/ujg=1/rs=AL5CKSGNEz82KxkS4Uvv3VlIWWoIa5pF4w/m=_b,_tp?wli=MeetingsUi.N8FEULEQS-w.loadAudioAnalyzer.O%3A%3BMeetingsUi.cNsHZ9j-Kes.loadNetEqLyraWrapper.O%3A%3BMeetingsUi.ChfV7rYTfFM.loadNetEqWrapper.O%3A%3B (689)
[23024:6888:0407/004314.021:INFO:CONSOLE(689)] "%c%s color:teal;font-size:16px Extensions frequently cause user issues by altering the page.", source: https://meet.google.com/_/scs/mss-static/_/js/k=boq-rtc.MeetingsUi.en_GB.7yAV83krI24.2020.O/am=xmoqgABoEEAAGAMGQAAAIAQAygCASAEEDgwgAOTBARDAAAAAAABLVogQAAAUNQAABAD9ANxhQoIBGA/d=1/excm=_b,_tp,calldesktoppageview/ed=1/dg=0/br=0/wt=2/ujg=1/rs=AL5CKSGNEz82KxkS4Uvv3VlIWWoIa5pF4w/m=_b,_tp?wli=MeetingsUi.N8FEULEQS-w.loadAudioAnalyzer.O%3A%3BMeetingsUi.cNsHZ9j-Kes.loadNetEqLyraWrapper.O%3A%3BMeetingsUi.ChfV7rYTfFM.loadNetEqWrapper.O%3A%3B (689)
[23024:6888:0407/004314.021:INFO:CONSOLE(690)] "%c%s font-size:16px https://developers.google.com/meet/add-ons", source: https://meet.google.com/_/scs/mss-static/_/js/k=boq-rtc.MeetingsUi.en_GB.7yAV83krI24.2020.O/am=xmoqgABoEEAAGAMGQAAAIAQAygCASAEEDgwgAOTBARDAAAAAAABLVogQAAAUNQAABAD9ANxhQoIBGA/d=1/excm=_b,_tp,calldesktoppageview/ed=1/dg=0/br=0/wt=2/ujg=1/rs=AL5CKSGNEz82KxkS4Uvv3VlIWWoIa5pF4w/m=_b,_tp?wli=MeetingsUi.N8FEULEQS-w.loadAudioAnalyzer.O%3A%3BMeetingsUi.cNsHZ9j-Kes.loadNetEqLyraWrapper.O%3A%3BMeetingsUi.ChfV7rYTfFM.loadNetEqWrapper.O%3A%3B (690)
[23024:6888:0407/004314.037:INFO:CONSOLE(620)] "%c%s color: red; background: yellow; font-size: 24px; WARNING!", source: https://meet.google.com/_/scs/mss-static/_/js/k=boq-rtc.MeetingsUi.en_GB.7yAV83krI24.2020.O/am=xmoqgABoEEAAGAMGQAAAIAQAygCASAEEDgwgAOTBARDAAAAAAABLVogQAAAUNQAABAD9ANxhQoIBGA/d=1/excm=_b,_tp,calldesktoppageview/ed=1/dg=0/br=0/wt=2/ujg=1/rs=AL5CKSGNEz82KxkS4Uvv3VlIWWoIa5pF4w/m=_b,_tp?wli=MeetingsUi.N8FEULEQS-w.loadAudioAnalyzer.O%3A%3BMeetingsUi.cNsHZ9j-Kes.loadNetEqLyraWrapper.O%3A%3BMeetingsUi.ChfV7rYTfFM.loadNetEqWrapper.O%3A%3B (620)
[23024:6888:0407/004314.037:INFO:CONSOLE(620)] "%c%s font-size: 18px; Using this console may allow attackers to impersonate you and steal your information using an attack called Self-XSS.
Do not enter or paste code that you don't understand.", source: https://meet.google.com/_/scs/mss-static/_/js/k=boq-rtc.MeetingsUi.en_GB.7yAV83krI24.2020.O/am=xmoqgABoEEAAGAMGQAAAIAQAygCASAEEDgwgAOTBARDAAAAAAABLVogQAAAUNQAABAD9ANxhQoIBGA/d=1/excm=_b,_tp,calldesktoppageview/ed=1/dg=0/br=0/wt=2/ujg=1/rs=AL5CKSGNEz82KxkS4Uvv3VlIWWoIa5pF4w/m=_b,_tp?wli=MeetingsUi.N8FEULEQS-w.loadAudioAnalyzer.O%3A%3BMeetingsUi.cNsHZ9j-Kes.loadNetEqLyraWrapper.O%3A%3BMeetingsUi.ChfV7rYTfFM.loadNetEqWrapper.O%3A%3B (620)
[23024:6888:0407/004314.358:WARNING:capture_device_ranking.h(255)] Can't initialize the value of media.audio_input.user_preference_ranking because media.default_audio_capture_device isn't registered or is empty
[23024:6888:0407/004314.358:WARNING:capture_device_ranking.h(255)] Can't initialize the value of media.video_input.user_preference_ranking because media.default_video_capture_Device isn't registered or is empty
[23024:6888:0407/004314.358:WARNING:capture_device_ranking.h(255)] Can't initialize the value of media.audio_input.user_preference_ranking because media.default_audio_capture_device isn't registered or is empty
[23024:6888:0407/004314.358:WARNING:capture_device_ranking.h(255)] Can't initialize the value of media.video_input.user_preference_ranking because media.default_video_capture_Device isn't registered or is empty
[24080:22464:0407/004314.390:ERROR:gles2_cmd_decoder_passthrough.cc(1094)] [GroupMarkerNotSet(crbug.com/242999)!:A0D02300AC570000]Automatic fallback to software WebGL has been deprecated. Please use the --enable-unsafe-swiftshader flag to opt in to lower security guarantees for trusted content.
[26832:27628:0407/004314.424:INFO:peer_connection_dependency_factory.cc(802)] Running WebRTC with a combined Network and Worker thread.
[23024:6888:0407/004314.502:INFO:CONSOLE(0)] "[GroupMarkerNotSet(crbug.com/242999)!:A0D02300AC570000]Automatic fallback to software WebGL has been deprecated. Please use the --enable-unsafe-swiftshader flag to opt in to lower security guarantees for trusted content.", source: https://meet.google.com/vts-yukf-cah?pli=1 (0)
[24080:22464:0407/004314.560:ERROR:gles2_cmd_decoder_passthrough.cc(958)] ContextResult::kFatalFailure: fail_if_major_perf_caveat + swiftshader
[24080:22464:0407/004314.566:ERROR:gles2_cmd_decoder_passthrough.cc(1094)] [GroupMarkerNotSet(crbug.com/242999)!:A0702300AC570000]Automatic fallback to software WebGL has been deprecated. Please use the --enable-unsafe-swiftshader flag to opt in to lower security guarantees for trusted content.
[23024:6888:0407/004314.648:WARNING:capture_device_ranking.h(255)] Can't initialize the value of media.audio_input.user_preference_ranking because media.default_audio_capture_device isn't registered or is empty
[23024:6888:0407/004314.648:WARNING:capture_device_ranking.h(255)] Can't initialize the value of media.video_input.user_preference_ranking because media.default_video_capture_Device isn't registered or is empty
[23024:6888:0407/004314.733:WARNING:capture_device_ranking.h(255)] Can't initialize the value of media.audio_input.user_preference_ranking because media.default_audio_capture_device isn't registered or is empty
[23024:6888:0407/004314.733:WARNING:capture_device_ranking.h(255)] Can't initialize the value of media.video_input.user_preference_ranking because media.default_video_capture_Device isn't registered or is empty
[23024:6888:0407/004314.774:WARNING:capture_device_ranking.h(255)] Can't initialize the value of media.audio_input.user_preference_ranking because media.default_audio_capture_device isn't registered or is empty
[23024:6888:0407/004314.774:WARNING:capture_device_ranking.h(255)] Can't initialize the value of media.video_input.user_preference_ranking because media.default_video_capture_Device isn't registered or is empty
[23024:6888:0407/004314.775:INFO:CONSOLE(0)] "[Report Only] Refused to load the script 'https://www.gstatic.com/hangouts_echo_detector/release/726916173/audio_analyzer_processor_bundle.js' because it violates the following Content Security Policy directive: "script-src 'unsafe-inline' 'unsafe-eval' blob: data: https://meet.google.com/_/scs/mss-static/_/js/ https://www.gstatic.com/video_effects/effects/ https://www-onepick-opensocial.googleusercontent.com/gadgets/js/rpc.js https://www.gstatic.com/_/mss/boq-one-google/_/ https://www.gstatic.com/og/_/js/ https://apis.google.com/js/api.js https://apis.google.com/js/client.js https://www.google.com/tools/feedback/load.js https://www.google.com/tools/feedback/open.js https://www.google.com/tools/feedback/open_to_help_guide_lazy.js https://www.google.com/tools/feedback/help_api.js https://www.gstatic.com/inproduct_help/service/lazy.min.js https://www.gstatic.com/inproduct_help/api/main.min.js https://www.gstatic.com/inproduct_help/chatsupport/chatsupport_button_v2.js https://www.gstatic.com/feedback/js/help/prod/service/lazy.min.js https://www.gstatic.com/uservoice/feedback/client/web/live/ https://www.google.com/tools/feedback/chat_load.js https://www.gstatic.com/uservoice/surveys/resources/prod/js/survey/ https://www.gstatic.com/feedback/js/ghelp/ https://meet.google.com/meetsw.js https://meet.google.com/devicesw.js https://meet.google.com/notrodsw.js https://www.googletagmanager.com/gtag/js https://www.google-analytics.com/analytics.js https://www.googletagmanager.com/gtag/destination https://maps.googleapis.com/maps/api/js https://meet.google.com/_/scs/mss-static/_/js/k=boq-rtc.MeetingsUi.en_GB.7yAV83krI24.2020.O/ https://apis.google.com/_/scs/abc-static/_/js/ https://maps.googleapis.com/maps-api-v3/api/js/ https://maps.googleapis.com/maps/vt https://maps.googleapis.com/maps/api/js/ https://maps.googleapis.com/maps/api/place/js/". Note that 'script-src-elem' was not explicitly set, so 'script-src' is used as a fallback.
", source: https://meet.google.com/vts-yukf-cah?pli=1 (0)
[23024:6888:0407/004314.778:WARNING:capture_device_ranking.h(255)] Can't initialize the value of media.audio_input.user_preference_ranking because media.default_audio_capture_device isn't registered or is empty
[23024:6888:0407/004314.778:WARNING:capture_device_ranking.h(255)] Can't initialize the value of media.video_input.user_preference_ranking because media.default_video_capture_Device isn't registered or is empty
[23024:6888:0407/004314.794:WARNING:capture_device_ranking.h(255)] Can't initialize the value of media.audio_input.user_preference_ranking because media.default_audio_capture_device isn't registered or is empty
[23024:6888:0407/004314.794:WARNING:capture_device_ranking.h(255)] Can't initialize the value of media.video_input.user_preference_ranking because media.default_video_capture_Device isn't registered or is empty
[23024:6888:0407/004314.806:WARNING:capture_device_ranking.h(255)] Can't initialize the value of media.audio_input.user_preference_ranking because media.default_audio_capture_device isn't registered or is empty
[23024:6888:0407/004314.973:WARNING:capture_device_ranking.h(255)] Can't initialize the value of media.video_input.user_preference_ranking because media.default_video_capture_Device isn't registered or is empty
[23024:6888:0407/004314.977:WARNING:capture_device_ranking.h(255)] Can't initialize the value of media.audio_input.user_preference_ranking because media.default_audio_capture_device isn't registered or is empty
[23024:6888:0407/004314.977:WARNING:capture_device_ranking.h(255)] Can't initialize the value of media.video_input.user_preference_ranking because media.default_video_capture_Device isn't registered or is empty
[23024:6888:0407/004314.985:WARNING:capture_device_ranking.h(255)] Can't initialize the value of media.audio_input.user_preference_ranking because media.default_audio_capture_device isn't registered or is empty
[23024:6888:0407/004314.993:WARNING:capture_device_ranking.h(255)] Can't initialize the value of media.audio_input.user_preference_ranking because media.default_audio_capture_device isn't registered or is empty
[23024:6888:0407/004314.993:WARNING:capture_device_ranking.h(255)] Can't initialize the value of media.video_input.user_preference_ranking because media.default_video_capture_Device isn't registered or is empty
[26832:27628:0407/004315.327:WARNING:sdp_munging_detector.cc(313)] SDP munging: RTP header extension added.
[26832:7540:0407/004315.347:WARNING:transport_description.cc(32)] '-', '=', '#' and '-' are not valid ice-char and thus not permitted in ufrag or pwd. This is a protocol violation that is permitted to allow upgrading but will be rejected in the future. See https://crbug.com/1053756
[26832:7540:0407/004315.347:WARNING:openssl_stream_adapter.cc(155)] WebRTC-ForceDtls13: 
[26832:7540:0407/004315.352:INFO:ipc_socket_factory.cc(577)] Setting new p2p socket buffer limit to 262144
[26832:7540:0407/004315.353:INFO:ipc_socket_factory.cc(577)] Setting new p2p socket buffer limit to 262144
[26832:7540:0407/004315.353:INFO:ipc_socket_factory.cc(577)] Setting new p2p socket buffer limit to 262144
[26832:7540:0407/004315.354:INFO:ipc_socket_factory.cc(577)] Setting new p2p socket buffer limit to 262144
[26832:7540:0407/004315.354:INFO:ipc_socket_factory.cc(577)] Setting new p2p socket buffer limit to 262144
[26832:7540:0407/004315.354:INFO:ipc_socket_factory.cc(577)] Setting new p2p socket buffer limit to 262144
[18844:19884:0407/004315.355:WARNING:net_errors_win.cc(119)] Unknown error 1168 mapped to net::ERR_FAILED
[18844:19884:0407/004315.355:INFO:socket_udp.cc(477)] sendto() has failed twice returning a  transient error net::ERR_ADDRESS_UNREACHABLE. Dropping the packet.
[26832:27628:0407/004315.369:WARNING:sdp_munging_detector.cc(167)] SDP munging: video codecs added.
[26832:7540:0407/004315.374:WARNING:transport_description.cc(32)] '-', '=', '#' and '-' are not valid ice-char and thus not permitted in ufrag or pwd. This is a protocol violation that is permitted to allow upgrading but will be rejected in the future. See https://crbug.com/1053756
[18844:19884:0407/004315.412:WARNING:net_errors_win.cc(119)] Unknown error 1168 mapped to net::ERR_FAILED
[18844:19884:0407/004315.413:INFO:socket_udp.cc(477)] sendto() has failed twice returning a  transient error net::ERR_ADDRESS_UNREACHABLE. Dropping the packet.
[18844:19884:0407/004315.477:WARNING:net_errors_win.cc(119)] Unknown error 1168 mapped to net::ERR_FAILED
[18844:19884:0407/004315.477:INFO:socket_udp.cc(477)] sendto() has failed twice returning a  transient error net::ERR_ADDRESS_UNREACHABLE. Dropping the packet.
[26832:7540:0407/004315.477:WARNING:tcp_port.cc(482)] Dropping connection as TCP socket bound to IP 192.168.29.x, rather than an address associated with network:Net[{33F2CC8E-0AD2-4A22-B28F-4AF102F5BD63}:192.168.56.x/24:Ethernet:id=1]
[26832:7540:0407/004315.478:WARNING:tcp_port.cc(482)] Dropping connection as TCP socket bound to IP 192.168.29.x, rather than an address associated with network:Net[{EA1CA3BF-F6BE-451F-B0F9-F818341EEF42}:172.24.160.x/20:Ethernet:id=6]
[26832:7540:0407/004315.479:WARNING:tcp_port.cc(482)] Dropping connection as TCP socket bound to IP 2405:201:402b:x:x:x:x:x, rather than an address associated with network:Net[{3508985F-B00E-4209-86A8-61AB47C9083F}:2405:201:402b:x:x:x:x:x/64:Wifi:id=3]
[26832:7540:0407/004315.482:WARNING:tcp_port.cc(482)] Dropping connection as TCP socket bound to IP 192.168.29.x, rather than an address associated with network:Net[{4766BE55-B660-4781-A5A1-CC1D8B77C976}:192.168.234.x/24:Ethernet:id=5]
[18844:19884:0407/004315.537:WARNING:net_errors_win.cc(119)] Unknown error 1168 mapped to net::ERR_FAILED
[18844:19884:0407/004315.537:INFO:socket_udp.cc(477)] sendto() has failed twice returning a  transient error net::ERR_ADDRESS_UNREACHABLE. Dropping the packet.
[18844:19884:0407/004315.599:WARNING:net_errors_win.cc(119)] Unknown error 1168 mapped to net::ERR_FAILED
[18844:19884:0407/004315.599:INFO:socket_udp.cc(477)] sendto() has failed twice returning a  transient error net::ERR_ADDRESS_UNREACHABLE. Dropping the packet.
[18844:19884:0407/004315.661:WARNING:net_errors_win.cc(119)] Unknown error 1168 mapped to net::ERR_FAILED
[18844:19884:0407/004315.662:INFO:socket_udp.cc(477)] sendto() has failed twice returning a  transient error net::ERR_ADDRESS_UNREACHABLE. Dropping the packet.
[18844:19884:0407/004316.256:INFO:socket_udp.cc(477)] sendto() has failed twice returning a  transient error net::ERR_ADDRESS_UNREACHABLE. Dropping the packet.
[18844:19884:0407/004316.318:INFO:socket_udp.cc(477)] sendto() has failed twice returning a  transient error net::ERR_ADDRESS_UNREACHABLE. Dropping the packet.
[18844:19884:0407/004316.380:INFO:socket_udp.cc(477)] sendto() has failed twice returning a  transient error net::ERR_ADDRESS_UNREACHABLE. Dropping the packet.
[18844:19884:0407/004316.443:INFO:socket_udp.cc(477)] sendto() has failed twice returning a  transient error net::ERR_ADDRESS_UNREACHABLE. Dropping the packet.
[18844:19884:0407/004316.506:INFO:socket_udp.cc(477)] sendto() has failed twice returning a  transient error net::ERR_ADDRESS_UNREACHABLE. Dropping the packet.
[18844:19884:0407/004316.568:INFO:socket_udp.cc(477)] sendto() has failed twice returning a  transient error net::ERR_ADDRESS_UNREACHABLE. Dropping the packet.
[18844:19884:0407/004316.756:INFO:socket_udp.cc(477)] sendto() has failed twice returning a  transient error net::ERR_ADDRESS_UNREACHABLE. Dropping the packet.
[18844:19884:0407/004316.818:INFO:socket_udp.cc(477)] sendto() has failed twice returning a  transient error net::ERR_ADDRESS_UNREACHABLE. Dropping the packet.
[18844:19884:0407/004316.880:INFO:socket_udp.cc(477)] sendto() has failed twice returning a  transient error net::ERR_ADDRESS_UNREACHABLE. Dropping the packet.
[18844:19884:0407/004317.006:INFO:socket_udp.cc(477)] sendto() has failed twice returning a  transient error net::ERR_ADDRESS_UNREACHABLE. Dropping the packet.
[18844:19884:0407/004317.068:INFO:socket_udp.cc(477)] sendto() has failed twice returning a  transient error net::ERR_ADDRESS_UNREACHABLE. Dropping the packet.
[18844:19884:0407/004317.130:INFO:socket_udp.cc(477)] sendto() has failed twice returning a  transient error net::ERR_ADDRESS_UNREACHABLE. Dropping the packet.
[26832:27628:0407/004318.058:WARNING:sdp_munging_detector.cc(167)] SDP munging: video codecs added.
[26832:7540:0407/004318.066:WARNING:transport_description.cc(32)] '-', '=', '#' and '-' are not valid ice-char and thus not permitted in ufrag or pwd. This is a protocol violation that is permitted to allow upgrading but will be rejected in the future. See https://crbug.com/1053756
[18844:19884:0407/004318.396:INFO:socket_udp.cc(477)] sendto() has failed twice returning a  transient error net::ERR_ADDRESS_UNREACHABLE. Dropping the packet.
[18844:19884:0407/004318.944:INFO:socket_udp.cc(477)] sendto() has failed twice returning a  transient error net::ERR_ADDRESS_UNREACHABLE. Dropping the packet.
[18844:19884:0407/004319.505:INFO:socket_udp.cc(477)] sendto() has failed twice returning a  transient error net::ERR_ADDRESS_UNREACHABLE. Dropping the packet.
[23024:6888:0407/004319.759:WARNING:page_discarding_helper.cc(163)] Discarding multiple pages with target (kb): 0, discard_protected_tabs: 0
[18844:19884:0407/004320.053:INFO:socket_udp.cc(477)] sendto() has failed twice returning a  transient error net::ERR_ADDRESS_UNREACHABLE. Dropping the packet.
[18844:19884:0407/004321.147:INFO:socket_udp.cc(477)] sendto() has failed twice returning a  transient error net::ERR_ADDRESS_UNREACHABLE. Dropping the packet.
[18844:19884:0407/004321.678:INFO:socket_udp.cc(477)] sendto() has failed twice returning a  transient error net::ERR_ADDRESS_UNREACHABLE. Dropping the packet.
[23024:6888:0407/004321.932:INFO:CONSOLE(4291)] "Uncaught (in promise) DisconnectedError: DisconnectedError, EndCause = 63", source: https://meet.google.com/_/scs/mss-static/_/js/k=boq-rtc.MeetingsUi.en_GB.7yAV83krI24.2020.O/ck=boq-rtc.MeetingsUi.O5irbHNrpes.L.B1.O/am=xmoqgABoEEAAGAMGQAAAIAQAygCASAEEDgwgAOTBARDAAAAAAABLVogQAAAUNQAABAD9ANxhQoIBGA/d=1/exm=LEikZe,_b,_tp,byfTOb,lsjVmc/excm=_b,_tp,calldesktoppageview/ed=1/br=0/wt=2/ujg=1/rs=AL5CKSFuDhWmh7rsBB7ZYTZMvV5xLflxJw/ee=AM9HZd:vCak4b;BjCzpe:Yvr34d;Bnf5Lc:iPDrZd;CDC4qf:q6fE0e;CMRktf:sGrqec;DGWCxb:CgYiQ;E1tgbf:hMxPK;EAoUvb:aKikzb;EVNhjf:pw70Gc;EfKZq:QO2YB;EmZ2Bf:zr1jrb;GKUnZb:WNRENb;GmdGTd:Ct4wsb;IXc14:VZgraf;J9XQCb:ojlpPe;JLGZx:oSnDHf;JsINff:yeaFZ;JsbNhc:Xd8iUd;K5nYTd:ZDZcre;KKym4b:dTTbnb;KNpT6b:iSCite;KgXQpf:pQJdrb;LBgRLc:SdcwHb;LQJKcd:WuS5Ye;MJ6mxb:ubdYZ;Me32dd:MEeYgc;N8ehxe:AKukpf;NAHCGe:mxiOOb;NPKaK:SdcwHb;NSEoX:lazG7b;OOoYAb:Oj9pPe;PRDQhf:ux3mLc;PgXDBd:dm1dhc;Pjplud:EEDORb;QGR0gd:Mlhmy;QhhnXd:UqJYYe;RRwdt:gGRuRe;RYWUUc:anescc;Rh5nIc:JScXmc;SIjcAd:jrKD8b;SL22ab:CBRamd;SNUn3:ZwDk9d;SVOR2e:RqS4qe;SVvzme:BPB8ib;ScI3Yc:e7Hzgb;Szy1cf:nBpGQ;TB8xhd:AGa58c;ULs67c:bdUBJc;Up9aO:kY43Sc;Uvc8o:VDovNc;V7j7Sb:stsTjb;VJwZIe:q5U1uf;X6zUkd:u0z0vd;XSYl9e:GNVVIb;YBlgBf:LMo5Id;YIZmRd:A1yn5d;Ycdno:rkQZze;YfZO5c:CVuqWd;ZE1Tgd:kZF9ne;ZGeKvd:rb5w8b;ZT1aHd:g7FNPe;ZaFVgc:wOWhl;ZjyI3e:W2v6fc;a56pNe:JEfCwb;aPdIxb:F52gIc;bS8oAe:Kimhwf;brg6Gd:TlvL3b;cEt90b:ws9Tlc;cFl0Ie:PWJipc;cJj1Kd:A5k23d;cYTQve:GhXhl;cgbTHc:G8ycZ;dDPGef:IiQq4e;dIoSBb:SpsfSb;dYFttf:ZRxAzc;dowIGb:ebZ3mb;eBAeSb:zbML3c;esl3oe:Qz2vJf;fh9ycc:UUtz9d;g2wfV:DcDVld;gAClPb:ghdkwd;hgud7d:GNh0Qc;hoquJe:EjBUIf;iFQyKf:QIhFr;iKsOgb:cWjcJb;jRrT5d:EHUI2d;jg0vue:iItGlf;jtBjNe:dWHZee;kNqx7b:gzp7wb;kqpyR:oFF0ab;l4RAwd:h5Fnie;l6twR:Fvyyad;lJ7cgb:Erp0q;lOO0Vd:OTA3Ae;lx9iFf:nVFiIc;m4bwx:htQxyf;nAFL3:s39S4;oFd48c:l7VM1e;oGtAuc:sOXFj;p0iB4:VQhtq;pXdRYb:MdUzUe;qSBODf:H8X5pc;qafBPd:yDVVkb;qddgKe:xQtZb;qgOdad:vko54d;rWx8Cc:DxgUF;rarsed:Mb2qyd;rpiri:tZyrxe;sgnAWd:HkSoT;ssiZFc:BhQ85d;vKM7Jb:cWjcJb;w1T0Td:xpWMVc;wR5FRb:O1Gjze;x2i2de:zeWni;x4CZme:lCtfC;xbOSgd:e5G55;xqZiqf:wmnU7d;ye9FMd:KC9GA;yxTchf:KUM7Z;zBvUNc:fT8Mbb;zJxI2:kxz7Nb;zxnPse:GkRiKb/m=ws9Tlc,n73qwf,GkRiKb,e5qFLc,IZT63,UUJqVe,O1Gjze,xUdipf,ZDZcre,OTA3Ae,ZwDk9d,RyvaUb,mI3LFb,XU5LFb,m9oV,hl,P6sQOc,QcfBve,mzzZzc,rCcCxc,mSX26d,WO9ee,JGjVRe,en2VH,ALJJub,ncpZGe,kRDR8c,H9H6ie,sszRX,QQnX0,uHu91b,kgMFLe,hKCjub,CJeEuc,O6y8ed,PrPYRd,MpJwZc,NwH0H,V3dDOb,lazG7b,Ivl8bd,g9HNd,XVMNvd,L1AAkb,KUM7Z,Fl2dbf,s39S4,lwddkf,gychg,w9hDv,RMhBfe,SdcwHb,aW3pY,texUgd,pw70Gc,EFQ78c,Ulmmrd,A7fCU,mdR7q,wmnU7d,xQtZb,FSOnAf,gJzDyc,JNoxi,MI6k7c,kjKdXe,BVgquf,QIhFr,lfpdyf,hKSk3e,hc6Ubd,SpsfSb,Z5uLle,MdUzUe,zbML3c,zr1jrb,Uas9Hd,pjICDe?wli=MeetingsUi.N8FEULEQS-w.loadAudioAnalyzer.O%3A%3BMeetingsUi.cNsHZ9j-Kes.loadNetEqLyraWrapper.O%3A%3BMeetingsUi.ChfV7rYTfFM.loadNetEqWrapper.O%3A%3B (4291)
[23024:6888:0407/004321.933:INFO:CONSOLE(4291)] "Uncaught (in promise) DisconnectedError: DisconnectedError, EndCause = 63", source: https://meet.google.com/_/scs/mss-static/_/js/k=boq-rtc.MeetingsUi.en_GB.7yAV83krI24.2020.O/ck=boq-rtc.MeetingsUi.O5irbHNrpes.L.B1.O/am=xmoqgABoEEAAGAMGQAAAIAQAygCASAEEDgwgAOTBARDAAAAAAABLVogQAAAUNQAABAD9ANxhQoIBGA/d=1/exm=LEikZe,_b,_tp,byfTOb,lsjVmc/excm=_b,_tp,calldesktoppageview/ed=1/br=0/wt=2/ujg=1/rs=AL5CKSFuDhWmh7rsBB7ZYTZMvV5xLflxJw/ee=AM9HZd:vCak4b;BjCzpe:Yvr34d;Bnf5Lc:iPDrZd;CDC4qf:q6fE0e;CMRktf:sGrqec;DGWCxb:CgYiQ;E1tgbf:hMxPK;EAoUvb:aKikzb;EVNhjf:pw70Gc;EfKZq:QO2YB;EmZ2Bf:zr1jrb;GKUnZb:WNRENb;GmdGTd:Ct4wsb;IXc14:VZgraf;J9XQCb:ojlpPe;JLGZx:oSnDHf;JsINff:yeaFZ;JsbNhc:Xd8iUd;K5nYTd:ZDZcre;KKym4b:dTTbnb;KNpT6b:iSCite;KgXQpf:pQJdrb;LBgRLc:SdcwHb;LQJKcd:WuS5Ye;MJ6mxb:ubdYZ;Me32dd:MEeYgc;N8ehxe:AKukpf;NAHCGe:mxiOOb;NPKaK:SdcwHb;NSEoX:lazG7b;OOoYAb:Oj9pPe;PRDQhf:ux3mLc;PgXDBd:dm1dhc;Pjplud:EEDORb;QGR0gd:Mlhmy;QhhnXd:UqJYYe;RRwdt:gGRuRe;RYWUUc:anescc;Rh5nIc:JScXmc;SIjcAd:jrKD8b;SL22ab:CBRamd;SNUn3:ZwDk9d;SVOR2e:RqS4qe;SVvzme:BPB8ib;ScI3Yc:e7Hzgb;Szy1cf:nBpGQ;TB8xhd:AGa58c;ULs67c:bdUBJc;Up9aO:kY43Sc;Uvc8o:VDovNc;V7j7Sb:stsTjb;VJwZIe:q5U1uf;X6zUkd:u0z0vd;XSYl9e:GNVVIb;YBlgBf:LMo5Id;YIZmRd:A1yn5d;Ycdno:rkQZze;YfZO5c:CVuqWd;ZE1Tgd:kZF9ne;ZGeKvd:rb5w8b;ZT1aHd:g7FNPe;ZaFVgc:wOWhl;ZjyI3e:W2v6fc;a56pNe:JEfCwb;aPdIxb:F52gIc;bS8oAe:Kimhwf;brg6Gd:TlvL3b;cEt90b:ws9Tlc;cFl0Ie:PWJipc;cJj1Kd:A5k23d;cYTQve:GhXhl;cgbTHc:G8ycZ;dDPGef:IiQq4e;dIoSBb:SpsfSb;dYFttf:ZRxAzc;dowIGb:ebZ3mb;eBAeSb:zbML3c;esl3oe:Qz2vJf;fh9ycc:UUtz9d;g2wfV:DcDVld;gAClPb:ghdkwd;hgud7d:GNh0Qc;hoquJe:EjBUIf;iFQyKf:QIhFr;iKsOgb:cWjcJb;jRrT5d:EHUI2d;jg0vue:iItGlf;jtBjNe:dWHZee;kNqx7b:gzp7wb;kqpyR:oFF0ab;l4RAwd:h5Fnie;l6twR:Fvyyad;lJ7cgb:Erp0q;lOO0Vd:OTA3Ae;lx9iFf:nVFiIc;m4bwx:htQxyf;nAFL3:s39S4;oFd48c:l7VM1e;oGtAuc:sOXFj;p0iB4:VQhtq;pXdRYb:MdUzUe;qSBODf:H8X5pc;qafBPd:yDVVkb;qddgKe:xQtZb;qgOdad:vko54d;rWx8Cc:DxgUF;rarsed:Mb2qyd;rpiri:tZyrxe;sgnAWd:HkSoT;ssiZFc:BhQ85d;vKM7Jb:cWjcJb;w1T0Td:xpWMVc;wR5FRb:O1Gjze;x2i2de:zeWni;x4CZme:lCtfC;xbOSgd:e5G55;xqZiqf:wmnU7d;ye9FMd:KC9GA;yxTchf:KUM7Z;zBvUNc:fT8Mbb;zJxI2:kxz7Nb;zxnPse:GkRiKb/m=ws9Tlc,n73qwf,GkRiKb,e5qFLc,IZT63,UUJqVe,O1Gjze,xUdipf,ZDZcre,OTA3Ae,ZwDk9d,RyvaUb,mI3LFb,XU5LFb,m9oV,hl,P6sQOc,QcfBve,mzzZzc,rCcCxc,mSX26d,WO9ee,JGjVRe,en2VH,ALJJub,ncpZGe,kRDR8c,H9H6ie,sszRX,QQnX0,uHu91b,kgMFLe,hKCjub,CJeEuc,O6y8ed,PrPYRd,MpJwZc,NwH0H,V3dDOb,lazG7b,Ivl8bd,g9HNd,XVMNvd,L1AAkb,KUM7Z,Fl2dbf,s39S4,lwddkf,gychg,w9hDv,RMhBfe,SdcwHb,aW3pY,texUgd,pw70Gc,EFQ78c,Ulmmrd,A7fCU,mdR7q,wmnU7d,xQtZb,FSOnAf,gJzDyc,JNoxi,MI6k7c,kjKdXe,BVgquf,QIhFr,lfpdyf,hKSk3e,hc6Ubd,SpsfSb,Z5uLle,MdUzUe,zbML3c,zr1jrb,Uas9Hd,pjICDe?wli=MeetingsUi.N8FEULEQS-w.loadAudioAnalyzer.O%3A%3BMeetingsUi.cNsHZ9j-Kes.loadNetEqLyraWrapper.O%3A%3BMeetingsUi.ChfV7rYTfFM.loadNetEqWrapper.O%3A%3B (4291)
[23024:6888:0407/004321.933:INFO:CONSOLE(4291)] "Uncaught (in promise) DisconnectedError: DisconnectedError, EndCause = 63", source: https://meet.google.com/_/scs/mss-static/_/js/k=boq-rtc.MeetingsUi.en_GB.7yAV83krI24.2020.O/ck=boq-rtc.MeetingsUi.O5irbHNrpes.L.B1.O/am=xmoqgABoEEAAGAMGQAAAIAQAygCASAEEDgwgAOTBARDAAAAAAABLVogQAAAUNQAABAD9ANxhQoIBGA/d=1/exm=LEikZe,_b,_tp,byfTOb,lsjVmc/excm=_b,_tp,calldesktoppageview/ed=1/br=0/wt=2/ujg=1/rs=AL5CKSFuDhWmh7rsBB7ZYTZMvV5xLflxJw/ee=AM9HZd:vCak4b;BjCzpe:Yvr34d;Bnf5Lc:iPDrZd;CDC4qf:q6fE0e;CMRktf:sGrqec;DGWCxb:CgYiQ;E1tgbf:hMxPK;EAoUvb:aKikzb;EVNhjf:pw70Gc;EfKZq:QO2YB;EmZ2Bf:zr1jrb;GKUnZb:WNRENb;GmdGTd:Ct4wsb;IXc14:VZgraf;J9XQCb:ojlpPe;JLGZx:oSnDHf;JsINff:yeaFZ;JsbNhc:Xd8iUd;K5nYTd:ZDZcre;KKym4b:dTTbnb;KNpT6b:iSCite;KgXQpf:pQJdrb;LBgRLc:SdcwHb;LQJKcd:WuS5Ye;MJ6mxb:ubdYZ;Me32dd:MEeYgc;N8ehxe:AKukpf;NAHCGe:mxiOOb;NPKaK:SdcwHb;NSEoX:lazG7b;OOoYAb:Oj9pPe;PRDQhf:ux3mLc;PgXDBd:dm1dhc;Pjplud:EEDORb;QGR0gd:Mlhmy;QhhnXd:UqJYYe;RRwdt:gGRuRe;RYWUUc:anescc;Rh5nIc:JScXmc;SIjcAd:jrKD8b;SL22ab:CBRamd;SNUn3:ZwDk9d;SVOR2e:RqS4qe;SVvzme:BPB8ib;ScI3Yc:e7Hzgb;Szy1cf:nBpGQ;TB8xhd:AGa58c;ULs67c:bdUBJc;Up9aO:kY43Sc;Uvc8o:VDovNc;V7j7Sb:stsTjb;VJwZIe:q5U1uf;X6zUkd:u0z0vd;XSYl9e:GNVVIb;YBlgBf:LMo5Id;YIZmRd:A1yn5d;Ycdno:rkQZze;YfZO5c:CVuqWd;ZE1Tgd:kZF9ne;ZGeKvd:rb5w8b;ZT1aHd:g7FNPe;ZaFVgc:wOWhl;ZjyI3e:W2v6fc;a56pNe:JEfCwb;aPdIxb:F52gIc;bS8oAe:Kimhwf;brg6Gd:TlvL3b;cEt90b:ws9Tlc;cFl0Ie:PWJipc;cJj1Kd:A5k23d;cYTQve:GhXhl;cgbTHc:G8ycZ;dDPGef:IiQq4e;dIoSBb:SpsfSb;dYFttf:ZRxAzc;dowIGb:ebZ3mb;eBAeSb:zbML3c;esl3oe:Qz2vJf;fh9ycc:UUtz9d;g2wfV:DcDVld;gAClPb:ghdkwd;hgud7d:GNh0Qc;hoquJe:EjBUIf;iFQyKf:QIhFr;iKsOgb:cWjcJb;jRrT5d:EHUI2d;jg0vue:iItGlf;jtBjNe:dWHZee;kNqx7b:gzp7wb;kqpyR:oFF0ab;l4RAwd:h5Fnie;l6twR:Fvyyad;lJ7cgb:Erp0q;lOO0Vd:OTA3Ae;lx9iFf:nVFiIc;m4bwx:htQxyf;nAFL3:s39S4;oFd48c:l7VM1e;oGtAuc:sOXFj;p0iB4:VQhtq;pXdRYb:MdUzUe;qSBODf:H8X5pc;qafBPd:yDVVkb;qddgKe:xQtZb;qgOdad:vko54d;rWx8Cc:DxgUF;rarsed:Mb2qyd;rpiri:tZyrxe;sgnAWd:HkSoT;ssiZFc:BhQ85d;vKM7Jb:cWjcJb;w1T0Td:xpWMVc;wR5FRb:O1Gjze;x2i2de:zeWni;x4CZme:lCtfC;xbOSgd:e5G55;xqZiqf:wmnU7d;ye9FMd:KC9GA;yxTchf:KUM7Z;zBvUNc:fT8Mbb;zJxI2:kxz7Nb;zxnPse:GkRiKb/m=ws9Tlc,n73qwf,GkRiKb,e5qFLc,IZT63,UUJqVe,O1Gjze,xUdipf,ZDZcre,OTA3Ae,ZwDk9d,RyvaUb,mI3LFb,XU5LFb,m9oV,hl,P6sQOc,QcfBve,mzzZzc,rCcCxc,mSX26d,WO9ee,JGjVRe,en2VH,ALJJub,ncpZGe,kRDR8c,H9H6ie,sszRX,QQnX0,uHu91b,kgMFLe,hKCjub,CJeEuc,O6y8ed,PrPYRd,MpJwZc,NwH0H,V3dDOb,lazG7b,Ivl8bd,g9HNd,XVMNvd,L1AAkb,KUM7Z,Fl2dbf,s39S4,lwddkf,gychg,w9hDv,RMhBfe,SdcwHb,aW3pY,texUgd,pw70Gc,EFQ78c,Ulmmrd,A7fCU,mdR7q,wmnU7d,xQtZb,FSOnAf,gJzDyc,JNoxi,MI6k7c,kjKdXe,BVgquf,QIhFr,lfpdyf,hKSk3e,hc6Ubd,SpsfSb,Z5uLle,MdUzUe,zbML3c,zr1jrb,Uas9Hd,pjICDe?wli=MeetingsUi.N8FEULEQS-w.loadAudioAnalyzer.O%3A%3BMeetingsUi.cNsHZ9j-Kes.loadNetEqLyraWrapper.O%3A%3BMeetingsUi.ChfV7rYTfFM.loadNetEqWrapper.O%3A%3B (4291)
[23024:6888:0407/004321.934:INFO:CONSOLE(4291)] "Uncaught (in promise) DisconnectedError: DisconnectedError, EndCause = 63", source: https://meet.google.com/_/scs/mss-static/_/js/k=boq-rtc.MeetingsUi.en_GB.7yAV83krI24.2020.O/ck=boq-rtc.MeetingsUi.O5irbHNrpes.L.B1.O/am=xmoqgABoEEAAGAMGQAAAIAQAygCASAEEDgwgAOTBARDAAAAAAABLVogQAAAUNQAABAD9ANxhQoIBGA/d=1/exm=LEikZe,_b,_tp,byfTOb,lsjVmc/excm=_b,_tp,calldesktoppageview/ed=1/br=0/wt=2/ujg=1/rs=AL5CKSFuDhWmh7rsBB7ZYTZMvV5xLflxJw/ee=AM9HZd:vCak4b;BjCzpe:Yvr34d;Bnf5Lc:iPDrZd;CDC4qf:q6fE0e;CMRktf:sGrqec;DGWCxb:CgYiQ;E1tgbf:hMxPK;EAoUvb:aKikzb;EVNhjf:pw70Gc;EfKZq:QO2YB;EmZ2Bf:zr1jrb;GKUnZb:WNRENb;GmdGTd:Ct4wsb;IXc14:VZgraf;J9XQCb:ojlpPe;JLGZx:oSnDHf;JsINff:yeaFZ;JsbNhc:Xd8iUd;K5nYTd:ZDZcre;KKym4b:dTTbnb;KNpT6b:iSCite;KgXQpf:pQJdrb;LBgRLc:SdcwHb;LQJKcd:WuS5Ye;MJ6mxb:ubdYZ;Me32dd:MEeYgc;N8ehxe:AKukpf;NAHCGe:mxiOOb;NPKaK:SdcwHb;NSEoX:lazG7b;OOoYAb:Oj9pPe;PRDQhf:ux3mLc;PgXDBd:dm1dhc;Pjplud:EEDORb;QGR0gd:Mlhmy;QhhnXd:UqJYYe;RRwdt:gGRuRe;RYWUUc:anescc;Rh5nIc:JScXmc;SIjcAd:jrKD8b;SL22ab:CBRamd;SNUn3:ZwDk9d;SVOR2e:RqS4qe;SVvzme:BPB8ib;ScI3Yc:e7Hzgb;Szy1cf:nBpGQ;TB8xhd:AGa58c;ULs67c:bdUBJc;Up9aO:kY43Sc;Uvc8o:VDovNc;V7j7Sb:stsTjb;VJwZIe:q5U1uf;X6zUkd:u0z0vd;XSYl9e:GNVVIb;YBlgBf:LMo5Id;YIZmRd:A1yn5d;Ycdno:rkQZze;YfZO5c:CVuqWd;ZE1Tgd:kZF9ne;ZGeKvd:rb5w8b;ZT1aHd:g7FNPe;ZaFVgc:wOWhl;ZjyI3e:W2v6fc;a56pNe:JEfCwb;aPdIxb:F52gIc;bS8oAe:Kimhwf;brg6Gd:TlvL3b;cEt90b:ws9Tlc;cFl0Ie:PWJipc;cJj1Kd:A5k23d;cYTQve:GhXhl;cgbTHc:G8ycZ;dDPGef:IiQq4e;dIoSBb:SpsfSb;dYFttf:ZRxAzc;dowIGb:ebZ3mb;eBAeSb:zbML3c;esl3oe:Qz2vJf;fh9ycc:UUtz9d;g2wfV:DcDVld;gAClPb:ghdkwd;hgud7d:GNh0Qc;hoquJe:EjBUIf;iFQyKf:QIhFr;iKsOgb:cWjcJb;jRrT5d:EHUI2d;jg0vue:iItGlf;jtBjNe:dWHZee;kNqx7b:gzp7wb;kqpyR:oFF0ab;l4RAwd:h5Fnie;l6twR:Fvyyad;lJ7cgb:Erp0q;lOO0Vd:OTA3Ae;lx9iFf:nVFiIc;m4bwx:htQxyf;nAFL3:s39S4;oFd48c:l7VM1e;oGtAuc:sOXFj;p0iB4:VQhtq;pXdRYb:MdUzUe;qSBODf:H8X5pc;qafBPd:yDVVkb;qddgKe:xQtZb;qgOdad:vko54d;rWx8Cc:DxgUF;rarsed:Mb2qyd;rpiri:tZyrxe;sgnAWd:HkSoT;ssiZFc:BhQ85d;vKM7Jb:cWjcJb;w1T0Td:xpWMVc;wR5FRb:O1Gjze;x2i2de:zeWni;x4CZme:lCtfC;xbOSgd:e5G55;xqZiqf:wmnU7d;ye9FMd:KC9GA;yxTchf:KUM7Z;zBvUNc:fT8Mbb;zJxI2:kxz7Nb;zxnPse:GkRiKb/m=ws9Tlc,n73qwf,GkRiKb,e5qFLc,IZT63,UUJqVe,O1Gjze,xUdipf,ZDZcre,OTA3Ae,ZwDk9d,RyvaUb,mI3LFb,XU5LFb,m9oV,hl,P6sQOc,QcfBve,mzzZzc,rCcCxc,mSX26d,WO9ee,JGjVRe,en2VH,ALJJub,ncpZGe,kRDR8c,H9H6ie,sszRX,QQnX0,uHu91b,kgMFLe,hKCjub,CJeEuc,O6y8ed,PrPYRd,MpJwZc,NwH0H,V3dDOb,lazG7b,Ivl8bd,g9HNd,XVMNvd,L1AAkb,KUM7Z,Fl2dbf,s39S4,lwddkf,gychg,w9hDv,RMhBfe,SdcwHb,aW3pY,texUgd,pw70Gc,EFQ78c,Ulmmrd,A7fCU,mdR7q,wmnU7d,xQtZb,FSOnAf,gJzDyc,JNoxi,MI6k7c,kjKdXe,BVgquf,QIhFr,lfpdyf,hKSk3e,hc6Ubd,SpsfSb,Z5uLle,MdUzUe,zbML3c,zr1jrb,Uas9Hd,pjICDe?wli=MeetingsUi.N8FEULEQS-w.loadAudioAnalyzer.O%3A%3BMeetingsUi.cNsHZ9j-Kes.loadNetEqLyraWrapper.O%3A%3BMeetingsUi.ChfV7rYTfFM.loadNetEqWrapper.O%3A%3B (4291)
[23024:6888:0407/004321.934:INFO:CONSOLE(4291)] "Uncaught (in promise) DisconnectedError: DisconnectedError, EndCause = 63", source: https://meet.google.com/_/scs/mss-static/_/js/k=boq-rtc.MeetingsUi.en_GB.7yAV83krI24.2020.O/ck=boq-rtc.MeetingsUi.O5irbHNrpes.L.B1.O/am=xmoqgABoEEAAGAMGQAAAIAQAygCASAEEDgwgAOTBARDAAAAAAABLVogQAAAUNQAABAD9ANxhQoIBGA/d=1/exm=LEikZe,_b,_tp,byfTOb,lsjVmc/excm=_b,_tp,calldesktoppageview/ed=1/br=0/wt=2/ujg=1/rs=AL5CKSFuDhWmh7rsBB7ZYTZMvV5xLflxJw/ee=AM9HZd:vCak4b;BjCzpe:Yvr34d;Bnf5Lc:iPDrZd;CDC4qf:q6fE0e;CMRktf:sGrqec;DGWCxb:CgYiQ;E1tgbf:hMxPK;EAoUvb:aKikzb;EVNhjf:pw70Gc;EfKZq:QO2YB;EmZ2Bf:zr1jrb;GKUnZb:WNRENb;GmdGTd:Ct4wsb;IXc14:VZgraf;J9XQCb:ojlpPe;JLGZx:oSnDHf;JsINff:yeaFZ;JsbNhc:Xd8iUd;K5nYTd:ZDZcre;KKym4b:dTTbnb;KNpT6b:iSCite;KgXQpf:pQJdrb;LBgRLc:SdcwHb;LQJKcd:WuS5Ye;MJ6mxb:ubdYZ;Me32dd:MEeYgc;N8ehxe:AKukpf;NAHCGe:mxiOOb;NPKaK:SdcwHb;NSEoX:lazG7b;OOoYAb:Oj9pPe;PRDQhf:ux3mLc;PgXDBd:dm1dhc;Pjplud:EEDORb;QGR0gd:Mlhmy;QhhnXd:UqJYYe;RRwdt:gGRuRe;RYWUUc:anescc;Rh5nIc:JScXmc;SIjcAd:jrKD8b;SL22ab:CBRamd;SNUn3:ZwDk9d;SVOR2e:RqS4qe;SVvzme:BPB8ib;ScI3Yc:e7Hzgb;Szy1cf:nBpGQ;TB8xhd:AGa58c;ULs67c:bdUBJc;Up9aO:kY43Sc;Uvc8o:VDovNc;V7j7Sb:stsTjb;VJwZIe:q5U1uf;X6zUkd:u0z0vd;XSYl9e:GNVVIb;YBlgBf:LMo5Id;YIZmRd:A1yn5d;Ycdno:rkQZze;YfZO5c:CVuqWd;ZE1Tgd:kZF9ne;ZGeKvd:rb5w8b;ZT1aHd:g7FNPe;ZaFVgc:wOWhl;ZjyI3e:W2v6fc;a56pNe:JEfCwb;aPdIxb:F52gIc;bS8oAe:Kimhwf;brg6Gd:TlvL3b;cEt90b:ws9Tlc;cFl0Ie:PWJipc;cJj1Kd:A5k23d;cYTQve:GhXhl;cgbTHc:G8ycZ;dDPGef:IiQq4e;dIoSBb:SpsfSb;dYFttf:ZRxAzc;dowIGb:ebZ3mb;eBAeSb:zbML3c;esl3oe:Qz2vJf;fh9ycc:UUtz9d;g2wfV:DcDVld;gAClPb:ghdkwd;hgud7d:GNh0Qc;hoquJe:EjBUIf;iFQyKf:QIhFr;iKsOgb:cWjcJb;jRrT5d:EHUI2d;jg0vue:iItGlf;jtBjNe:dWHZee;kNqx7b:gzp7wb;kqpyR:oFF0ab;l4RAwd:h5Fnie;l6twR:Fvyyad;lJ7cgb:Erp0q;lOO0Vd:OTA3Ae;lx9iFf:nVFiIc;m4bwx:htQxyf;nAFL3:s39S4;oFd48c:l7VM1e;oGtAuc:sOXFj;p0iB4:VQhtq;pXdRYb:MdUzUe;qSBODf:H8X5pc;qafBPd:yDVVkb;qddgKe:xQtZb;qgOdad:vko54d;rWx8Cc:DxgUF;rarsed:Mb2qyd;rpiri:tZyrxe;sgnAWd:HkSoT;ssiZFc:BhQ85d;vKM7Jb:cWjcJb;w1T0Td:xpWMVc;wR5FRb:O1Gjze;x2i2de:zeWni;x4CZme:lCtfC;xbOSgd:e5G55;xqZiqf:wmnU7d;ye9FMd:KC9GA;yxTchf:KUM7Z;zBvUNc:fT8Mbb;zJxI2:kxz7Nb;zxnPse:GkRiKb/m=ws9Tlc,n73qwf,GkRiKb,e5qFLc,IZT63,UUJqVe,O1Gjze,xUdipf,ZDZcre,OTA3Ae,ZwDk9d,RyvaUb,mI3LFb,XU5LFb,m9oV,hl,P6sQOc,QcfBve,mzzZzc,rCcCxc,mSX26d,WO9ee,JGjVRe,en2VH,ALJJub,ncpZGe,kRDR8c,H9H6ie,sszRX,QQnX0,uHu91b,kgMFLe,hKCjub,CJeEuc,O6y8ed,PrPYRd,MpJwZc,NwH0H,V3dDOb,lazG7b,Ivl8bd,g9HNd,XVMNvd,L1AAkb,KUM7Z,Fl2dbf,s39S4,lwddkf,gychg,w9hDv,RMhBfe,SdcwHb,aW3pY,texUgd,pw70Gc,EFQ78c,Ulmmrd,A7fCU,mdR7q,wmnU7d,xQtZb,FSOnAf,gJzDyc,JNoxi,MI6k7c,kjKdXe,BVgquf,QIhFr,lfpdyf,hKSk3e,hc6Ubd,SpsfSb,Z5uLle,MdUzUe,zbML3c,zr1jrb,Uas9Hd,pjICDe?wli=MeetingsUi.N8FEULEQS-w.loadAudioAnalyzer.O%3A%3BMeetingsUi.cNsHZ9j-Kes.loadNetEqLyraWrapper.O%3A%3BMeetingsUi.ChfV7rYTfFM.loadNetEqWrapper.O%3A%3B (4291)
[23024:6888:0407/004321.934:INFO:CONSOLE(4291)] "Uncaught (in promise) DisconnectedError: DisconnectedError, EndCause = 63", source: https://meet.google.com/_/scs/mss-static/_/js/k=boq-rtc.MeetingsUi.en_GB.7yAV83krI24.2020.O/ck=boq-rtc.MeetingsUi.O5irbHNrpes.L.B1.O/am=xmoqgABoEEAAGAMGQAAAIAQAygCASAEEDgwgAOTBARDAAAAAAABLVogQAAAUNQAABAD9ANxhQoIBGA/d=1/exm=LEikZe,_b,_tp,byfTOb,lsjVmc/excm=_b,_tp,calldesktoppageview/ed=1/br=0/wt=2/ujg=1/rs=AL5CKSFuDhWmh7rsBB7ZYTZMvV5xLflxJw/ee=AM9HZd:vCak4b;BjCzpe:Yvr34d;Bnf5Lc:iPDrZd;CDC4qf:q6fE0e;CMRktf:sGrqec;DGWCxb:CgYiQ;E1tgbf:hMxPK;EAoUvb:aKikzb;EVNhjf:pw70Gc;EfKZq:QO2YB;EmZ2Bf:zr1jrb;GKUnZb:WNRENb;GmdGTd:Ct4wsb;IXc14:VZgraf;J9XQCb:ojlpPe;JLGZx:oSnDHf;JsINff:yeaFZ;JsbNhc:Xd8iUd;K5nYTd:ZDZcre;KKym4b:dTTbnb;KNpT6b:iSCite;KgXQpf:pQJdrb;LBgRLc:SdcwHb;LQJKcd:WuS5Ye;MJ6mxb:ubdYZ;Me32dd:MEeYgc;N8ehxe:AKukpf;NAHCGe:mxiOOb;NPKaK:SdcwHb;NSEoX:lazG7b;OOoYAb:Oj9pPe;PRDQhf:ux3mLc;PgXDBd:dm1dhc;Pjplud:EEDORb;QGR0gd:Mlhmy;QhhnXd:UqJYYe;RRwdt:gGRuRe;RYWUUc:anescc;Rh5nIc:JScXmc;SIjcAd:jrKD8b;SL22ab:CBRamd;SNUn3:ZwDk9d;SVOR2e:RqS4qe;SVvzme:BPB8ib;ScI3Yc:e7Hzgb;Szy1cf:nBpGQ;TB8xhd:AGa58c;ULs67c:bdUBJc;Up9aO:kY43Sc;Uvc8o:VDovNc;V7j7Sb:stsTjb;VJwZIe:q5U1uf;X6zUkd:u0z0vd;XSYl9e:GNVVIb;YBlgBf:LMo5Id;YIZmRd:A1yn5d;Ycdno:rkQZze;YfZO5c:CVuqWd;ZE1Tgd:kZF9ne;ZGeKvd:rb5w8b;ZT1aHd:g7FNPe;ZaFVgc:wOWhl;ZjyI3e:W2v6fc;a56pNe:JEfCwb;aPdIxb:F52gIc;bS8oAe:Kimhwf;brg6Gd:TlvL3b;cEt90b:ws9Tlc;cFl0Ie:PWJipc;cJj1Kd:A5k23d;cYTQve:GhXhl;cgbTHc:G8ycZ;dDPGef:IiQq4e;dIoSBb:SpsfSb;dYFttf:ZRxAzc;dowIGb:ebZ3mb;eBAeSb:zbML3c;esl3oe:Qz2vJf;fh9ycc:UUtz9d;g2wfV:DcDVld;gAClPb:ghdkwd;hgud7d:GNh0Qc;hoquJe:EjBUIf;iFQyKf:QIhFr;iKsOgb:cWjcJb;jRrT5d:EHUI2d;jg0vue:iItGlf;jtBjNe:dWHZee;kNqx7b:gzp7wb;kqpyR:oFF0ab;l4RAwd:h5Fnie;l6twR:Fvyyad;lJ7cgb:Erp0q;lOO0Vd:OTA3Ae;lx9iFf:nVFiIc;m4bwx:htQxyf;nAFL3:s39S4;oFd48c:l7VM1e;oGtAuc:sOXFj;p0iB4:VQhtq;pXdRYb:MdUzUe;qSBODf:H8X5pc;qafBPd:yDVVkb;qddgKe:xQtZb;qgOdad:vko54d;rWx8Cc:DxgUF;rarsed:Mb2qyd;rpiri:tZyrxe;sgnAWd:HkSoT;ssiZFc:BhQ85d;vKM7Jb:cWjcJb;w1T0Td:xpWMVc;wR5FRb:O1Gjze;x2i2de:zeWni;x4CZme:lCtfC;xbOSgd:e5G55;xqZiqf:wmnU7d;ye9FMd:KC9GA;yxTchf:KUM7Z;zBvUNc:fT8Mbb;zJxI2:kxz7Nb;zxnPse:GkRiKb/m=ws9Tlc,n73qwf,GkRiKb,e5qFLc,IZT63,UUJqVe,O1Gjze,xUdipf,ZDZcre,OTA3Ae,ZwDk9d,RyvaUb,mI3LFb,XU5LFb,m9oV,hl,P6sQOc,QcfBve,mzzZzc,rCcCxc,mSX26d,WO9ee,JGjVRe,en2VH,ALJJub,ncpZGe,kRDR8c,H9H6ie,sszRX,QQnX0,uHu91b,kgMFLe,hKCjub,CJeEuc,O6y8ed,PrPYRd,MpJwZc,NwH0H,V3dDOb,lazG7b,Ivl8bd,g9HNd,XVMNvd,L1AAkb,KUM7Z,Fl2dbf,s39S4,lwddkf,gychg,w9hDv,RMhBfe,SdcwHb,aW3pY,texUgd,pw70Gc,EFQ78c,Ulmmrd,A7fCU,mdR7q,wmnU7d,xQtZb,FSOnAf,gJzDyc,JNoxi,MI6k7c,kjKdXe,BVgquf,QIhFr,lfpdyf,hKSk3e,hc6Ubd,SpsfSb,Z5uLle,MdUzUe,zbML3c,zr1jrb,Uas9Hd,pjICDe?wli=MeetingsUi.N8FEULEQS-w.loadAudioAnalyzer.O%3A%3BMeetingsUi.cNsHZ9j-Kes.loadNetEqLyraWrapper.O%3A%3BMeetingsUi.ChfV7rYTfFM.loadNetEqWrapper.O%3A%3B (4291)
[23024:6888:0407/004321.934:INFO:CONSOLE(293)] "Uncaught (in promise) cancel: Signal asynchronously disposed", source: https://meet.google.com/_/scs/mss-static/_/js/k=boq-rtc.MeetingsUi.en_GB.7yAV83krI24.2020.O/am=xmoqgABoEEAAGAMGQAAAIAQAygCASAEEDgwgAOTBARDAAAAAAABLVogQAAAUNQAABAD9ANxhQoIBGA/d=1/excm=_b,_tp,calldesktoppageview/ed=1/dg=0/br=0/wt=2/ujg=1/rs=AL5CKSGNEz82KxkS4Uvv3VlIWWoIa5pF4w/m=_b,_tp?wli=MeetingsUi.N8FEULEQS-w.loadAudioAnalyzer.O%3A%3BMeetingsUi.cNsHZ9j-Kes.loadNetEqLyraWrapper.O%3A%3BMeetingsUi.ChfV7rYTfFM.loadNetEqWrapper.O%3A%3B (293)
[23024:6888:0407/004321.934:INFO:CONSOLE(293)] "Uncaught (in promise) cancel: Signal asynchronously disposed", source: https://meet.google.com/_/scs/mss-static/_/js/k=boq-rtc.MeetingsUi.en_GB.7yAV83krI24.2020.O/am=xmoqgABoEEAAGAMGQAAAIAQAygCASAEEDgwgAOTBARDAAAAAAABLVogQAAAUNQAABAD9ANxhQoIBGA/d=1/excm=_b,_tp,calldesktoppageview/ed=1/dg=0/br=0/wt=2/ujg=1/rs=AL5CKSGNEz82KxkS4Uvv3VlIWWoIa5pF4w/m=_b,_tp?wli=MeetingsUi.N8FEULEQS-w.loadAudioAnalyzer.O%3A%3BMeetingsUi.cNsHZ9j-Kes.loadNetEqLyraWrapper.O%3A%3BMeetingsUi.ChfV7rYTfFM.loadNetEqWrapper.O%3A%3B (293)
[23024:6888:0407/004321.934:INFO:CONSOLE(4291)] "Uncaught (in promise) DisconnectedError: DisconnectedError, EndCause = 63", source: https://meet.google.com/_/scs/mss-static/_/js/k=boq-rtc.MeetingsUi.en_GB.7yAV83krI24.2020.O/ck=boq-rtc.MeetingsUi.O5irbHNrpes.L.B1.O/am=xmoqgABoEEAAGAMGQAAAIAQAygCASAEEDgwgAOTBARDAAAAAAABLVogQAAAUNQAABAD9ANxhQoIBGA/d=1/exm=LEikZe,_b,_tp,byfTOb,lsjVmc/excm=_b,_tp,calldesktoppageview/ed=1/br=0/wt=2/ujg=1/rs=AL5CKSFuDhWmh7rsBB7ZYTZMvV5xLflxJw/ee=AM9HZd:vCak4b;BjCzpe:Yvr34d;Bnf5Lc:iPDrZd;CDC4qf:q6fE0e;CMRktf:sGrqec;DGWCxb:CgYiQ;E1tgbf:hMxPK;EAoUvb:aKikzb;EVNhjf:pw70Gc;EfKZq:QO2YB;EmZ2Bf:zr1jrb;GKUnZb:WNRENb;GmdGTd:Ct4wsb;IXc14:VZgraf;J9XQCb:ojlpPe;JLGZx:oSnDHf;JsINff:yeaFZ;JsbNhc:Xd8iUd;K5nYTd:ZDZcre;KKym4b:dTTbnb;KNpT6b:iSCite;KgXQpf:pQJdrb;LBgRLc:SdcwHb;LQJKcd:WuS5Ye;MJ6mxb:ubdYZ;Me32dd:MEeYgc;N8ehxe:AKukpf;NAHCGe:mxiOOb;NPKaK:SdcwHb;NSEoX:lazG7b;OOoYAb:Oj9pPe;PRDQhf:ux3mLc;PgXDBd:dm1dhc;Pjplud:EEDORb;QGR0gd:Mlhmy;QhhnXd:UqJYYe;RRwdt:gGRuRe;RYWUUc:anescc;Rh5nIc:JScXmc;SIjcAd:jrKD8b;SL22ab:CBRamd;SNUn3:ZwDk9d;SVOR2e:RqS4qe;SVvzme:BPB8ib;ScI3Yc:e7Hzgb;Szy1cf:nBpGQ;TB8xhd:AGa58c;ULs67c:bdUBJc;Up9aO:kY43Sc;Uvc8o:VDovNc;V7j7Sb:stsTjb;VJwZIe:q5U1uf;X6zUkd:u0z0vd;XSYl9e:GNVVIb;YBlgBf:LMo5Id;YIZmRd:A1yn5d;Ycdno:rkQZze;YfZO5c:CVuqWd;ZE1Tgd:kZF9ne;ZGeKvd:rb5w8b;ZT1aHd:g7FNPe;ZaFVgc:wOWhl;ZjyI3e:W2v6fc;a56pNe:JEfCwb;aPdIxb:F52gIc;bS8oAe:Kimhwf;brg6Gd:TlvL3b;cEt90b:ws9Tlc;cFl0Ie:PWJipc;cJj1Kd:A5k23d;cYTQve:GhXhl;cgbTHc:G8ycZ;dDPGef:IiQq4e;dIoSBb:SpsfSb;dYFttf:ZRxAzc;dowIGb:ebZ3mb;eBAeSb:zbML3c;esl3oe:Qz2vJf;fh9ycc:UUtz9d;g2wfV:DcDVld;gAClPb:ghdkwd;hgud7d:GNh0Qc;hoquJe:EjBUIf;iFQyKf:QIhFr;iKsOgb:cWjcJb;jRrT5d:EHUI2d;jg0vue:iItGlf;jtBjNe:dWHZee;kNqx7b:gzp7wb;kqpyR:oFF0ab;l4RAwd:h5Fnie;l6twR:Fvyyad;lJ7cgb:Erp0q;lOO0Vd:OTA3Ae;lx9iFf:nVFiIc;m4bwx:htQxyf;nAFL3:s39S4;oFd48c:l7VM1e;oGtAuc:sOXFj;p0iB4:VQhtq;pXdRYb:MdUzUe;qSBODf:H8X5pc;qafBPd:yDVVkb;qddgKe:xQtZb;qgOdad:vko54d;rWx8Cc:DxgUF;rarsed:Mb2qyd;rpiri:tZyrxe;sgnAWd:HkSoT;ssiZFc:BhQ85d;vKM7Jb:cWjcJb;w1T0Td:xpWMVc;wR5FRb:O1Gjze;x2i2de:zeWni;x4CZme:lCtfC;xbOSgd:e5G55;xqZiqf:wmnU7d;ye9FMd:KC9GA;yxTchf:KUM7Z;zBvUNc:fT8Mbb;zJxI2:kxz7Nb;zxnPse:GkRiKb/m=ws9Tlc,n73qwf,GkRiKb,e5qFLc,IZT63,UUJqVe,O1Gjze,xUdipf,ZDZcre,OTA3Ae,ZwDk9d,RyvaUb,mI3LFb,XU5LFb,m9oV,hl,P6sQOc,QcfBve,mzzZzc,rCcCxc,mSX26d,WO9ee,JGjVRe,en2VH,ALJJub,ncpZGe,kRDR8c,H9H6ie,sszRX,QQnX0,uHu91b,kgMFLe,hKCjub,CJeEuc,O6y8ed,PrPYRd,MpJwZc,NwH0H,V3dDOb,lazG7b,Ivl8bd,g9HNd,XVMNvd,L1AAkb,KUM7Z,Fl2dbf,s39S4,lwddkf,gychg,w9hDv,RMhBfe,SdcwHb,aW3pY,texUgd,pw70Gc,EFQ78c,Ulmmrd,A7fCU,mdR7q,wmnU7d,xQtZb,FSOnAf,gJzDyc,JNoxi,MI6k7c,kjKdXe,BVgquf,QIhFr,lfpdyf,hKSk3e,hc6Ubd,SpsfSb,Z5uLle,MdUzUe,zbML3c,zr1jrb,Uas9Hd,pjICDe?wli=MeetingsUi.N8FEULEQS-w.loadAudioAnalyzer.O%3A%3BMeetingsUi.cNsHZ9j-Kes.loadNetEqLyraWrapper.O%3A%3BMeetingsUi.ChfV7rYTfFM.loadNetEqWrapper.O%3A%3B (4291)
[23024:6888:0407/004321.934:INFO:CONSOLE(4291)] "Uncaught (in promise) DisconnectedError: DisconnectedError, EndCause = 63", source: https://meet.google.com/_/scs/mss-static/_/js/k=boq-rtc.MeetingsUi.en_GB.7yAV83krI24.2020.O/ck=boq-rtc.MeetingsUi.O5irbHNrpes.L.B1.O/am=xmoqgABoEEAAGAMGQAAAIAQAygCASAEEDgwgAOTBARDAAAAAAABLVogQAAAUNQAABAD9ANxhQoIBGA/d=1/exm=LEikZe,_b,_tp,byfTOb,lsjVmc/excm=_b,_tp,calldesktoppageview/ed=1/br=0/wt=2/ujg=1/rs=AL5CKSFuDhWmh7rsBB7ZYTZMvV5xLflxJw/ee=AM9HZd:vCak4b;BjCzpe:Yvr34d;Bnf5Lc:iPDrZd;CDC4qf:q6fE0e;CMRktf:sGrqec;DGWCxb:CgYiQ;E1tgbf:hMxPK;EAoUvb:aKikzb;EVNhjf:pw70Gc;EfKZq:QO2YB;EmZ2Bf:zr1jrb;GKUnZb:WNRENb;GmdGTd:Ct4wsb;IXc14:VZgraf;J9XQCb:ojlpPe;JLGZx:oSnDHf;JsINff:yeaFZ;JsbNhc:Xd8iUd;K5nYTd:ZDZcre;KKym4b:dTTbnb;KNpT6b:iSCite;KgXQpf:pQJdrb;LBgRLc:SdcwHb;LQJKcd:WuS5Ye;MJ6mxb:ubdYZ;Me32dd:MEeYgc;N8ehxe:AKukpf;NAHCGe:mxiOOb;NPKaK:SdcwHb;NSEoX:lazG7b;OOoYAb:Oj9pPe;PRDQhf:ux3mLc;PgXDBd:dm1dhc;Pjplud:EEDORb;QGR0gd:Mlhmy;QhhnXd:UqJYYe;RRwdt:gGRuRe;RYWUUc:anescc;Rh5nIc:JScXmc;SIjcAd:jrKD8b;SL22ab:CBRamd;SNUn3:ZwDk9d;SVOR2e:RqS4qe;SVvzme:BPB8ib;ScI3Yc:e7Hzgb;Szy1cf:nBpGQ;TB8xhd:AGa58c;ULs67c:bdUBJc;Up9aO:kY43Sc;Uvc8o:VDovNc;V7j7Sb:stsTjb;VJwZIe:q5U1uf;X6zUkd:u0z0vd;XSYl9e:GNVVIb;YBlgBf:LMo5Id;YIZmRd:A1yn5d;Ycdno:rkQZze;YfZO5c:CVuqWd;ZE1Tgd:kZF9ne;ZGeKvd:rb5w8b;ZT1aHd:g7FNPe;ZaFVgc:wOWhl;ZjyI3e:W2v6fc;a56pNe:JEfCwb;aPdIxb:F52gIc;bS8oAe:Kimhwf;brg6Gd:TlvL3b;cEt90b:ws9Tlc;cFl0Ie:PWJipc;cJj1Kd:A5k23d;cYTQve:GhXhl;cgbTHc:G8ycZ;dDPGef:IiQq4e;dIoSBb:SpsfSb;dYFttf:ZRxAzc;dowIGb:ebZ3mb;eBAeSb:zbML3c;esl3oe:Qz2vJf;fh9ycc:UUtz9d;g2wfV:DcDVld;gAClPb:ghdkwd;hgud7d:GNh0Qc;hoquJe:EjBUIf;iFQyKf:QIhFr;iKsOgb:cWjcJb;jRrT5d:EHUI2d;jg0vue:iItGlf;jtBjNe:dWHZee;kNqx7b:gzp7wb;kqpyR:oFF0ab;l4RAwd:h5Fnie;l6twR:Fvyyad;lJ7cgb:Erp0q;lOO0Vd:OTA3Ae;lx9iFf:nVFiIc;m4bwx:htQxyf;nAFL3:s39S4;oFd48c:l7VM1e;oGtAuc:sOXFj;p0iB4:VQhtq;pXdRYb:MdUzUe;qSBODf:H8X5pc;qafBPd:yDVVkb;qddgKe:xQtZb;qgOdad:vko54d;rWx8Cc:DxgUF;rarsed:Mb2qyd;rpiri:tZyrxe;sgnAWd:HkSoT;ssiZFc:BhQ85d;vKM7Jb:cWjcJb;w1T0Td:xpWMVc;wR5FRb:O1Gjze;x2i2de:zeWni;x4CZme:lCtfC;xbOSgd:e5G55;xqZiqf:wmnU7d;ye9FMd:KC9GA;yxTchf:KUM7Z;zBvUNc:fT8Mbb;zJxI2:kxz7Nb;zxnPse:GkRiKb/m=ws9Tlc,n73qwf,GkRiKb,e5qFLc,IZT63,UUJqVe,O1Gjze,xUdipf,ZDZcre,OTA3Ae,ZwDk9d,RyvaUb,mI3LFb,XU5LFb,m9oV,hl,P6sQOc,QcfBve,mzzZzc,rCcCxc,mSX26d,WO9ee,JGjVRe,en2VH,ALJJub,ncpZGe,kRDR8c,H9H6ie,sszRX,QQnX0,uHu91b,kgMFLe,hKCjub,CJeEuc,O6y8ed,PrPYRd,MpJwZc,NwH0H,V3dDOb,lazG7b,Ivl8bd,g9HNd,XVMNvd,L1AAkb,KUM7Z,Fl2dbf,s39S4,lwddkf,gychg,w9hDv,RMhBfe,SdcwHb,aW3pY,texUgd,pw70Gc,EFQ78c,Ulmmrd,A7fCU,mdR7q,wmnU7d,xQtZb,FSOnAf,gJzDyc,JNoxi,MI6k7c,kjKdXe,BVgquf,QIhFr,lfpdyf,hKSk3e,hc6Ubd,SpsfSb,Z5uLle,MdUzUe,zbML3c,zr1jrb,Uas9Hd,pjICDe?wli=MeetingsUi.N8FEULEQS-w.loadAudioAnalyzer.O%3A%3BMeetingsUi.cNsHZ9j-Kes.loadNetEqLyraWrapper.O%3A%3BMeetingsUi.ChfV7rYTfFM.loadNetEqWrapper.O%3A%3B (4291)
[23024:6888:0407/004321.934:INFO:CONSOLE(4291)] "Uncaught (in promise) DisconnectedError: DisconnectedError, EndCause = 63", source: https://meet.google.com/_/scs/mss-static/_/js/k=boq-rtc.MeetingsUi.en_GB.7yAV83krI24.2020.O/ck=boq-rtc.MeetingsUi.O5irbHNrpes.L.B1.O/am=xmoqgABoEEAAGAMGQAAAIAQAygCASAEEDgwgAOTBARDAAAAAAABLVogQAAAUNQAABAD9ANxhQoIBGA/d=1/exm=LEikZe,_b,_tp,byfTOb,lsjVmc/excm=_b,_tp,calldesktoppageview/ed=1/br=0/wt=2/ujg=1/rs=AL5CKSFuDhWmh7rsBB7ZYTZMvV5xLflxJw/ee=AM9HZd:vCak4b;BjCzpe:Yvr34d;Bnf5Lc:iPDrZd;CDC4qf:q6fE0e;CMRktf:sGrqec;DGWCxb:CgYiQ;E1tgbf:hMxPK;EAoUvb:aKikzb;EVNhjf:pw70Gc;EfKZq:QO2YB;EmZ2Bf:zr1jrb;GKUnZb:WNRENb;GmdGTd:Ct4wsb;IXc14:VZgraf;J9XQCb:ojlpPe;JLGZx:oSnDHf;JsINff:yeaFZ;JsbNhc:Xd8iUd;K5nYTd:ZDZcre;KKym4b:dTTbnb;KNpT6b:iSCite;KgXQpf:pQJdrb;LBgRLc:SdcwHb;LQJKcd:WuS5Ye;MJ6mxb:ubdYZ;Me32dd:MEeYgc;N8ehxe:AKukpf;NAHCGe:mxiOOb;NPKaK:SdcwHb;NSEoX:lazG7b;OOoYAb:Oj9pPe;PRDQhf:ux3mLc;PgXDBd:dm1dhc;Pjplud:EEDORb;QGR0gd:Mlhmy;QhhnXd:UqJYYe;RRwdt:gGRuRe;RYWUUc:anescc;Rh5nIc:JScXmc;SIjcAd:jrKD8b;SL22ab:CBRamd;SNUn3:ZwDk9d;SVOR2e:RqS4qe;SVvzme:BPB8ib;ScI3Yc:e7Hzgb;Szy1cf:nBpGQ;TB8xhd:AGa58c;ULs67c:bdUBJc;Up9aO:kY43Sc;Uvc8o:VDovNc;V7j7Sb:stsTjb;VJwZIe:q5U1uf;X6zUkd:u0z0vd;XSYl9e:GNVVIb;YBlgBf:LMo5Id;YIZmRd:A1yn5d;Ycdno:rkQZze;YfZO5c:CVuqWd;ZE1Tgd:kZF9ne;ZGeKvd:rb5w8b;ZT1aHd:g7FNPe;ZaFVgc:wOWhl;ZjyI3e:W2v6fc;a56pNe:JEfCwb;aPdIxb:F52gIc;bS8oAe:Kimhwf;brg6Gd:TlvL3b;cEt90b:ws9Tlc;cFl0Ie:PWJipc;cJj1Kd:A5k23d;cYTQve:GhXhl;cgbTHc:G8ycZ;dDPGef:IiQq4e;dIoSBb:SpsfSb;dYFttf:ZRxAzc;dowIGb:ebZ3mb;eBAeSb:zbML3c;esl3oe:Qz2vJf;fh9ycc:UUtz9d;g2wfV:DcDVld;gAClPb:ghdkwd;hgud7d:GNh0Qc;hoquJe:EjBUIf;iFQyKf:QIhFr;iKsOgb:cWjcJb;jRrT5d:EHUI2d;jg0vue:iItGlf;jtBjNe:dWHZee;kNqx7b:gzp7wb;kqpyR:oFF0ab;l4RAwd:h5Fnie;l6twR:Fvyyad;lJ7cgb:Erp0q;lOO0Vd:OTA3Ae;lx9iFf:nVFiIc;m4bwx:htQxyf;nAFL3:s39S4;oFd48c:l7VM1e;oGtAuc:sOXFj;p0iB4:VQhtq;pXdRYb:MdUzUe;qSBODf:H8X5pc;qafBPd:yDVVkb;qddgKe:xQtZb;qgOdad:vko54d;rWx8Cc:DxgUF;rarsed:Mb2qyd;rpiri:tZyrxe;sgnAWd:HkSoT;ssiZFc:BhQ85d;vKM7Jb:cWjcJb;w1T0Td:xpWMVc;wR5FRb:O1Gjze;x2i2de:zeWni;x4CZme:lCtfC;xbOSgd:e5G55;xqZiqf:wmnU7d;ye9FMd:KC9GA;yxTchf:KUM7Z;zBvUNc:fT8Mbb;zJxI2:kxz7Nb;zxnPse:GkRiKb/m=ws9Tlc,n73qwf,GkRiKb,e5qFLc,IZT63,UUJqVe,O1Gjze,xUdipf,ZDZcre,OTA3Ae,ZwDk9d,RyvaUb,mI3LFb,XU5LFb,m9oV,hl,P6sQOc,QcfBve,mzzZzc,rCcCxc,mSX26d,WO9ee,JGjVRe,en2VH,ALJJub,ncpZGe,kRDR8c,H9H6ie,sszRX,QQnX0,uHu91b,kgMFLe,hKCjub,CJeEuc,O6y8ed,PrPYRd,MpJwZc,NwH0H,V3dDOb,lazG7b,Ivl8bd,g9HNd,XVMNvd,L1AAkb,KUM7Z,Fl2dbf,s39S4,lwddkf,gychg,w9hDv,RMhBfe,SdcwHb,aW3pY,texUgd,pw70Gc,EFQ78c,Ulmmrd,A7fCU,mdR7q,wmnU7d,xQtZb,FSOnAf,gJzDyc,JNoxi,MI6k7c,kjKdXe,BVgquf,QIhFr,lfpdyf,hKSk3e,hc6Ubd,SpsfSb,Z5uLle,MdUzUe,zbML3c,zr1jrb,Uas9Hd,pjICDe?wli=MeetingsUi.N8FEULEQS-w.loadAudioAnalyzer.O%3A%3BMeetingsUi.cNsHZ9j-Kes.loadNetEqLyraWrapper.O%3A%3BMeetingsUi.ChfV7rYTfFM.loadNetEqWrapper.O%3A%3B (4291)
[23024:6888:0407/004321.936:INFO:CONSOLE(4291)] "Uncaught (in promise) DisconnectedError: DisconnectedError, EndCause = 63", source: https://meet.google.com/_/scs/mss-static/_/js/k=boq-rtc.MeetingsUi.en_GB.7yAV83krI24.2020.O/ck=boq-rtc.MeetingsUi.O5irbHNrpes.L.B1.O/am=xmoqgABoEEAAGAMGQAAAIAQAygCASAEEDgwgAOTBARDAAAAAAABLVogQAAAUNQAABAD9ANxhQoIBGA/d=1/exm=LEikZe,_b,_tp,byfTOb,lsjVmc/excm=_b,_tp,calldesktoppageview/ed=1/br=0/wt=2/ujg=1/rs=AL5CKSFuDhWmh7rsBB7ZYTZMvV5xLflxJw/ee=AM9HZd:vCak4b;BjCzpe:Yvr34d;Bnf5Lc:iPDrZd;CDC4qf:q6fE0e;CMRktf:sGrqec;DGWCxb:CgYiQ;E1tgbf:hMxPK;EAoUvb:aKikzb;EVNhjf:pw70Gc;EfKZq:QO2YB;EmZ2Bf:zr1jrb;GKUnZb:WNRENb;GmdGTd:Ct4wsb;IXc14:VZgraf;J9XQCb:ojlpPe;JLGZx:oSnDHf;JsINff:yeaFZ;JsbNhc:Xd8iUd;K5nYTd:ZDZcre;KKym4b:dTTbnb;KNpT6b:iSCite;KgXQpf:pQJdrb;LBgRLc:SdcwHb;LQJKcd:WuS5Ye;MJ6mxb:ubdYZ;Me32dd:MEeYgc;N8ehxe:AKukpf;NAHCGe:mxiOOb;NPKaK:SdcwHb;NSEoX:lazG7b;OOoYAb:Oj9pPe;PRDQhf:ux3mLc;PgXDBd:dm1dhc;Pjplud:EEDORb;QGR0gd:Mlhmy;QhhnXd:UqJYYe;RRwdt:gGRuRe;RYWUUc:anescc;Rh5nIc:JScXmc;SIjcAd:jrKD8b;SL22ab:CBRamd;SNUn3:ZwDk9d;SVOR2e:RqS4qe;SVvzme:BPB8ib;ScI3Yc:e7Hzgb;Szy1cf:nBpGQ;TB8xhd:AGa58c;ULs67c:bdUBJc;Up9aO:kY43Sc;Uvc8o:VDovNc;V7j7Sb:stsTjb;VJwZIe:q5U1uf;X6zUkd:u0z0vd;XSYl9e:GNVVIb;YBlgBf:LMo5Id;YIZmRd:A1yn5d;Ycdno:rkQZze;YfZO5c:CVuqWd;ZE1Tgd:kZF9ne;ZGeKvd:rb5w8b;ZT1aHd:g7FNPe;ZaFVgc:wOWhl;ZjyI3e:W2v6fc;a56pNe:JEfCwb;aPdIxb:F52gIc;bS8oAe:Kimhwf;brg6Gd:TlvL3b;cEt90b:ws9Tlc;cFl0Ie:PWJipc;cJj1Kd:A5k23d;cYTQve:GhXhl;cgbTHc:G8ycZ;dDPGef:IiQq4e;dIoSBb:SpsfSb;dYFttf:ZRxAzc;dowIGb:ebZ3mb;eBAeSb:zbML3c;esl3oe:Qz2vJf;fh9ycc:UUtz9d;g2wfV:DcDVld;gAClPb:ghdkwd;hgud7d:GNh0Qc;hoquJe:EjBUIf;iFQyKf:QIhFr;iKsOgb:cWjcJb;jRrT5d:EHUI2d;jg0vue:iItGlf;jtBjNe:dWHZee;kNqx7b:gzp7wb;kqpyR:oFF0ab;l4RAwd:h5Fnie;l6twR:Fvyyad;lJ7cgb:Erp0q;lOO0Vd:OTA3Ae;lx9iFf:nVFiIc;m4bwx:htQxyf;nAFL3:s39S4;oFd48c:l7VM1e;oGtAuc:sOXFj;p0iB4:VQhtq;pXdRYb:MdUzUe;qSBODf:H8X5pc;qafBPd:yDVVkb;qddgKe:xQtZb;qgOdad:vko54d;rWx8Cc:DxgUF;rarsed:Mb2qyd;rpiri:tZyrxe;sgnAWd:HkSoT;ssiZFc:BhQ85d;vKM7Jb:cWjcJb;w1T0Td:xpWMVc;wR5FRb:O1Gjze;x2i2de:zeWni;x4CZme:lCtfC;xbOSgd:e5G55;xqZiqf:wmnU7d;ye9FMd:KC9GA;yxTchf:KUM7Z;zBvUNc:fT8Mbb;zJxI2:kxz7Nb;zxnPse:GkRiKb/m=ws9Tlc,n73qwf,GkRiKb,e5qFLc,IZT63,UUJqVe,O1Gjze,xUdipf,ZDZcre,OTA3Ae,ZwDk9d,RyvaUb,mI3LFb,XU5LFb,m9oV,hl,P6sQOc,QcfBve,mzzZzc,rCcCxc,mSX26d,WO9ee,JGjVRe,en2VH,ALJJub,ncpZGe,kRDR8c,H9H6ie,sszRX,QQnX0,uHu91b,kgMFLe,hKCjub,CJeEuc,O6y8ed,PrPYRd,MpJwZc,NwH0H,V3dDOb,lazG7b,Ivl8bd,g9HNd,XVMNvd,L1AAkb,KUM7Z,Fl2dbf,s39S4,lwddkf,gychg,w9hDv,RMhBfe,SdcwHb,aW3pY,texUgd,pw70Gc,EFQ78c,Ulmmrd,A7fCU,mdR7q,wmnU7d,xQtZb,FSOnAf,gJzDyc,JNoxi,MI6k7c,kjKdXe,BVgquf,QIhFr,lfpdyf,hKSk3e,hc6Ubd,SpsfSb,Z5uLle,MdUzUe,zbML3c,zr1jrb,Uas9Hd,pjICDe?wli=MeetingsUi.N8FEULEQS-w.loadAudioAnalyzer.O%3A%3BMeetingsUi.cNsHZ9j-Kes.loadNetEqLyraWrapper.O%3A%3BMeetingsUi.ChfV7rYTfFM.loadNetEqWrapper.O%3A%3B (4291)
